Mon 26 May 2025 20:03:54 INFO  
General Hyper Parameters:
gpu_id = 0
use_gpu = True
seed = 2020
state = INFO
reproducibility = True
data_path = dataset/ml-1m
checkpoint_dir = saved
show_progress = True
save_dataset = False
dataset_save_path = None
save_dataloaders = False
dataloaders_save_path = None
log_wandb = False

Training Hyper Parameters:
epochs = 300
train_batch_size = 500
learner = adam
learning_rate = 0.001
train_neg_sample_args = {'distribution': 'uniform', 'sample_num': 1, 'alpha': 1.0, 'dynamic': False, 'candidate_num': 0}
eval_step = 10
stopping_step = 2
clip_grad_norm = None
weight_decay = 0.0
loss_decimal_place = 4

Evaluation Hyper Parameters:
eval_args = {'split': {'RS': [0.8, 0.1, 0.1]}, 'order': 'RO', 'group_by': 'user', 'mode': {'valid': 'full', 'test': 'full'}}
repeatable = False
metrics = ['Recall', 'NDCG', 'Hit', 'Precision']
topk = [10, 20]
valid_metric = ndcg@10
valid_metric_bigger = True
eval_batch_size = 8196
metric_decimal_place = 4

Dataset Hyper Parameters:
field_separator = 	
seq_separator =  
USER_ID_FIELD = user_id
ITEM_ID_FIELD = item_id
RATING_FIELD = rating
TIME_FIELD = timestamp
seq_len = None
LABEL_FIELD = label
threshold = None
NEG_PREFIX = neg_
load_col = {'inter': ['user_id', 'item_id']}
unload_col = None
unused_col = None
additional_feat_suffix = None
rm_dup_inter = None
val_interval = None
filter_inter_by_user_or_item = True
user_inter_num_interval = [0,inf)
item_inter_num_interval = [0,inf)
alias_of_user_id = None
alias_of_item_id = None
alias_of_entity_id = None
alias_of_relation_id = None
preload_weight = None
normalize_field = None
normalize_all = None
ITEM_LIST_LENGTH_FIELD = item_length
LIST_SUFFIX = _list
MAX_ITEM_LIST_LENGTH = 50
POSITION_FIELD = position_id
HEAD_ENTITY_ID_FIELD = head_id
TAIL_ENTITY_ID_FIELD = tail_id
RELATION_ID_FIELD = relation_id
ENTITY_ID_FIELD = entity_id
benchmark_filename = None

Other Hyper Parameters: 
worker = 0
wandb_project = recbole
shuffle = True
require_pow = True
enable_amp = False
enable_scaler = False
transform = None
embedding_size = 64
n_layers = 2
reg_weight = 0.0001
ssl_temp = 0.8
ssl_reg = 1e-07
hyper_layers = 1
alpha = 1
proto_reg = 8e-08
num_clusters = 1000
m_step = 1
warm_up_step = 20
numerical_features = []
discretization = None
kg_reverse_r = False
entity_kg_num_interval = [0,inf)
relation_kg_num_interval = [0,inf)
MODEL_TYPE = ModelType.GENERAL
lambda = 0.1
eps = 0.2
temperature = 0.2
layer_cl = 1
q = 5
MODEL_INPUT_TYPE = InputType.PAIRWISE
eval_type = EvaluatorType.RANKING
single_spec = True
local_rank = 0
device = cuda
valid_neg_sample_args = {'distribution': 'uniform', 'sample_num': 'none'}
test_neg_sample_args = {'distribution': 'uniform', 'sample_num': 'none'}


Mon 26 May 2025 20:03:57 INFO  ml-1m
The number of users: 6041
Average actions of users: 165.5975165562914
The number of items: 3707
Average actions of items: 269.88909875876953
The number of inters: 1000209
The sparsity of the dataset: 95.53358229599758%
Remain Fields: ['user_id', 'item_id']
Mon 26 May 2025 20:03:58 INFO  [Training]: train_batch_size = [500] train_neg_sample_args: [{'distribution': 'uniform', 'sample_num': 1, 'alpha': 1.0, 'dynamic': False, 'candidate_num': 0}]
Mon 26 May 2025 20:03:58 INFO  [Evaluation]: eval_batch_size = [8196] eval_args: [{'split': {'RS': [0.8, 0.1, 0.1]}, 'order': 'RO', 'group_by': 'user', 'mode': {'valid': 'full', 'test': 'full'}}]
Mon 26 May 2025 20:04:00 INFO  NCL(
  (user_embedding): Embedding(6041, 64)
  (item_embedding): Embedding(3707, 64)
  (gcn_conv): LightGCNConv(64)
  (mf_loss): BPRLoss()
  (reg_loss): EmbLoss()
)
Trainable parameters: 1247744
Mon 26 May 2025 20:04:00 INFO  Running E-step ! 
Mon 26 May 2025 20:04:00 INFO  Loading faiss with AVX2 support.
Mon 26 May 2025 20:04:00 INFO  Successfully loaded faiss with AVX2 support.
Mon 26 May 2025 20:04:21 INFO  epoch 0 training [time: 20.96s, train_loss1: 625.1008, train_loss2: 0.0047]
Mon 26 May 2025 20:04:21 INFO  Running E-step ! 
Mon 26 May 2025 20:04:43 INFO  epoch 1 training [time: 21.12s, train_loss1: 554.6516, train_loss2: 0.0049]
Mon 26 May 2025 20:04:43 INFO  Running E-step ! 
Mon 26 May 2025 20:05:04 INFO  epoch 2 training [time: 21.05s, train_loss1: 519.3200, train_loss2: 0.0047]
Mon 26 May 2025 20:05:04 INFO  Running E-step ! 
Mon 26 May 2025 20:05:26 INFO  epoch 3 training [time: 21.17s, train_loss1: 478.2244, train_loss2: 0.0045]
Mon 26 May 2025 20:05:26 INFO  Running E-step ! 
Mon 26 May 2025 20:05:47 INFO  epoch 4 training [time: 21.19s, train_loss1: 448.9108, train_loss2: 0.0045]
Mon 26 May 2025 20:05:47 INFO  Running E-step ! 
Mon 26 May 2025 20:06:09 INFO  epoch 5 training [time: 21.17s, train_loss1: 426.5837, train_loss2: 0.0044]
Mon 26 May 2025 20:06:09 INFO  Running E-step ! 
Mon 26 May 2025 20:06:30 INFO  epoch 6 training [time: 21.08s, train_loss1: 408.4370, train_loss2: 0.0044]
Mon 26 May 2025 20:06:30 INFO  Running E-step ! 
Mon 26 May 2025 20:06:52 INFO  epoch 7 training [time: 21.20s, train_loss1: 392.5408, train_loss2: 0.0044]
Mon 26 May 2025 20:06:52 INFO  Running E-step ! 
Mon 26 May 2025 20:07:13 INFO  epoch 8 training [time: 21.00s, train_loss1: 380.3881, train_loss2: 0.0043]
Mon 26 May 2025 20:07:13 INFO  Running E-step ! 
Mon 26 May 2025 20:07:35 INFO  epoch 9 training [time: 21.16s, train_loss1: 368.8101, train_loss2: 0.0043]
Mon 26 May 2025 20:07:40 INFO  valid result: 
recall@10 : 0.1169    recall@20 : 0.1829    ndcg@10 : 0.1756    ndcg@20 : 0.184    hit@10 : 0.6536    hit@20 : 0.7641    precision@10 : 0.1384    precision@20 : 0.1133
Mon 26 May 2025 20:07:40 INFO  epoch 9 evaluating [time: 4.82s, valid_score: 0.175600]
Mon 26 May 2025 20:07:40 INFO  Saving current: saved\NCL-May-26-2025_20-04-00.pth
Mon 26 May 2025 20:07:40 INFO  Saving current best: saved\NCL-May-26-2025_20-04-00.pth
Mon 26 May 2025 20:07:40 INFO  Running E-step ! 
Mon 26 May 2025 20:08:01 INFO  epoch 10 training [time: 21.28s, train_loss1: 359.9047, train_loss2: 0.0043]
Mon 26 May 2025 20:08:01 INFO  Running E-step ! 
Mon 26 May 2025 20:08:22 INFO  epoch 11 training [time: 20.19s, train_loss1: 352.7018, train_loss2: 0.0042]
Mon 26 May 2025 20:08:22 INFO  Running E-step ! 
Mon 26 May 2025 20:08:42 INFO  epoch 12 training [time: 19.99s, train_loss1: 344.9695, train_loss2: 0.0042]
Mon 26 May 2025 20:08:42 INFO  Running E-step ! 
Mon 26 May 2025 20:09:04 INFO  epoch 13 training [time: 21.48s, train_loss1: 339.6747, train_loss2: 0.0042]
Mon 26 May 2025 20:09:04 INFO  Running E-step ! 
Mon 26 May 2025 20:09:26 INFO  epoch 14 training [time: 21.62s, train_loss1: 335.3839, train_loss2: 0.0041]
Mon 26 May 2025 20:09:26 INFO  Running E-step ! 
Mon 26 May 2025 20:09:49 INFO  epoch 15 training [time: 22.69s, train_loss1: 328.9263, train_loss2: 0.0041]
Mon 26 May 2025 20:09:49 INFO  Running E-step ! 
Mon 26 May 2025 20:10:22 INFO  epoch 16 training [time: 22.82s, train_loss1: 324.8616, train_loss2: 0.0041]
Mon 26 May 2025 20:10:22 INFO  Running E-step ! 
Mon 26 May 2025 20:10:53 INFO  epoch 17 training [time: 23.01s, train_loss1: 321.8748, train_loss2: 0.0040]
Mon 26 May 2025 20:10:53 INFO  Running E-step ! 
Mon 26 May 2025 20:11:25 INFO  epoch 18 training [time: 23.06s, train_loss1: 318.7512, train_loss2: 0.0039]
Mon 26 May 2025 20:11:25 INFO  Running E-step ! 
Mon 26 May 2025 20:11:56 INFO  epoch 19 training [time: 23.18s, train_loss1: 313.2887, train_loss2: 0.0039]
Mon 26 May 2025 20:12:03 INFO  valid result: 
recall@10 : 0.1335    recall@20 : 0.2116    ndcg@10 : 0.1932    ndcg@20 : 0.2059    hit@10 : 0.6977    hit@20 : 0.8094    precision@10 : 0.1528    precision@20 : 0.1261
Mon 26 May 2025 20:12:03 INFO  epoch 19 evaluating [time: 7.11s, valid_score: 0.193200]
Mon 26 May 2025 20:12:03 INFO  Saving current: saved\NCL-May-26-2025_20-04-00.pth
Mon 26 May 2025 20:12:03 INFO  Saving current best: saved\NCL-May-26-2025_20-04-00.pth
Mon 26 May 2025 20:12:03 INFO  Running E-step ! 
Mon 26 May 2025 20:12:39 INFO  epoch 20 training [time: 27.11s, train_loss1: 323.6026, train_loss2: 0.0036, train_loss3: -3004.7583]
Mon 26 May 2025 20:12:39 INFO  Running E-step ! 
Mon 26 May 2025 20:13:15 INFO  epoch 21 training [time: 27.08s, train_loss1: 321.4175, train_loss2: 0.0037, train_loss3: -3424.8466]
Mon 26 May 2025 20:13:15 INFO  Running E-step ! 
Mon 26 May 2025 20:13:51 INFO  epoch 22 training [time: 26.76s, train_loss1: 317.8186, train_loss2: 0.0038, train_loss3: -3536.8433]
Mon 26 May 2025 20:13:51 INFO  Running E-step ! 
Mon 26 May 2025 20:14:27 INFO  epoch 23 training [time: 26.80s, train_loss1: 311.7677, train_loss2: 0.0038, train_loss3: -3584.4353]
Mon 26 May 2025 20:14:27 INFO  Running E-step ! 
Mon 26 May 2025 20:15:04 INFO  epoch 24 training [time: 27.17s, train_loss1: 307.5304, train_loss2: 0.0038, train_loss3: -3608.8079]
Mon 26 May 2025 20:15:04 INFO  Running E-step ! 
Mon 26 May 2025 20:15:40 INFO  epoch 25 training [time: 27.14s, train_loss1: 303.1465, train_loss2: 0.0037, train_loss3: -3623.1983]
Mon 26 May 2025 20:15:40 INFO  Running E-step ! 
Mon 26 May 2025 20:16:15 INFO  epoch 26 training [time: 27.14s, train_loss1: 298.8304, train_loss2: 0.0037, train_loss3: -3632.4841]
Mon 26 May 2025 20:16:15 INFO  Running E-step ! 
Mon 26 May 2025 20:16:51 INFO  epoch 27 training [time: 27.18s, train_loss1: 293.9831, train_loss2: 0.0036, train_loss3: -3638.9025]
Mon 26 May 2025 20:16:51 INFO  Running E-step ! 
Mon 26 May 2025 20:17:26 INFO  epoch 28 training [time: 27.27s, train_loss1: 290.9665, train_loss2: 0.0035, train_loss3: -3643.6211]
Mon 26 May 2025 20:17:26 INFO  Running E-step ! 
Mon 26 May 2025 20:18:02 INFO  epoch 29 training [time: 27.24s, train_loss1: 288.0052, train_loss2: 0.0035, train_loss3: -3647.3220]
Mon 26 May 2025 20:18:09 INFO  valid result: 
recall@10 : 0.1501    recall@20 : 0.2381    ndcg@10 : 0.2102    ndcg@20 : 0.2262    hit@10 : 0.7331    hit@20 : 0.8444    precision@10 : 0.164    precision@20 : 0.136
Mon 26 May 2025 20:18:09 INFO  epoch 29 evaluating [time: 7.07s, valid_score: 0.210200]
Mon 26 May 2025 20:18:09 INFO  Saving current: saved\NCL-May-26-2025_20-04-00.pth
Mon 26 May 2025 20:18:09 INFO  Saving current best: saved\NCL-May-26-2025_20-04-00.pth
Mon 26 May 2025 20:18:09 INFO  Running E-step ! 
Mon 26 May 2025 20:18:44 INFO  epoch 30 training [time: 27.13s, train_loss1: 284.3572, train_loss2: 0.0034, train_loss3: -3650.2082]
Mon 26 May 2025 20:18:44 INFO  Running E-step ! 
Mon 26 May 2025 20:19:19 INFO  epoch 31 training [time: 27.14s, train_loss1: 280.7446, train_loss2: 0.0034, train_loss3: -3652.4986]
Mon 26 May 2025 20:19:19 INFO  Running E-step ! 
Mon 26 May 2025 20:19:55 INFO  epoch 32 training [time: 27.13s, train_loss1: 277.0521, train_loss2: 0.0033, train_loss3: -3654.4437]
Mon 26 May 2025 20:19:55 INFO  Running E-step ! 
Mon 26 May 2025 20:20:30 INFO  epoch 33 training [time: 27.21s, train_loss1: 275.5413, train_loss2: 0.0033, train_loss3: -3656.2134]
Mon 26 May 2025 20:20:30 INFO  Running E-step ! 
Mon 26 May 2025 20:21:05 INFO  epoch 34 training [time: 27.14s, train_loss1: 270.5537, train_loss2: 0.0032, train_loss3: -3657.4742]
Mon 26 May 2025 20:21:05 INFO  Running E-step ! 
Mon 26 May 2025 20:21:41 INFO  epoch 35 training [time: 27.30s, train_loss1: 267.7197, train_loss2: 0.0032, train_loss3: -3658.9463]
Mon 26 May 2025 20:21:41 INFO  Running E-step ! 
Mon 26 May 2025 20:22:16 INFO  epoch 36 training [time: 27.13s, train_loss1: 266.2370, train_loss2: 0.0032, train_loss3: -3659.9381]
Mon 26 May 2025 20:22:16 INFO  Running E-step ! 
Mon 26 May 2025 20:22:52 INFO  epoch 37 training [time: 27.15s, train_loss1: 263.9232, train_loss2: 0.0031, train_loss3: -3660.8312]
Mon 26 May 2025 20:22:52 INFO  Running E-step ! 
Mon 26 May 2025 20:23:27 INFO  epoch 38 training [time: 27.22s, train_loss1: 262.3408, train_loss2: 0.0031, train_loss3: -3661.4593]
Mon 26 May 2025 20:23:27 INFO  Running E-step ! 
Mon 26 May 2025 20:24:03 INFO  epoch 39 training [time: 27.27s, train_loss1: 258.7376, train_loss2: 0.0031, train_loss3: -3662.4192]
Mon 26 May 2025 20:24:10 INFO  valid result: 
recall@10 : 0.1596    recall@20 : 0.2478    ndcg@10 : 0.2186    ndcg@20 : 0.2341    hit@10 : 0.7512    hit@20 : 0.852    precision@10 : 0.1702    precision@20 : 0.1399
Mon 26 May 2025 20:24:10 INFO  epoch 39 evaluating [time: 7.13s, valid_score: 0.218600]
Mon 26 May 2025 20:24:10 INFO  Saving current: saved\NCL-May-26-2025_20-04-00.pth
Mon 26 May 2025 20:24:10 INFO  Saving current best: saved\NCL-May-26-2025_20-04-00.pth
Mon 26 May 2025 20:24:10 INFO  Running E-step ! 
Mon 26 May 2025 20:24:45 INFO  epoch 40 training [time: 27.12s, train_loss1: 258.1258, train_loss2: 0.0030, train_loss3: -3662.9585]
Mon 26 May 2025 20:24:45 INFO  Running E-step ! 
Mon 26 May 2025 20:25:20 INFO  epoch 41 training [time: 27.16s, train_loss1: 255.7029, train_loss2: 0.0030, train_loss3: -3663.6705]
Mon 26 May 2025 20:25:20 INFO  Running E-step ! 
Mon 26 May 2025 20:25:56 INFO  epoch 42 training [time: 27.20s, train_loss1: 253.4565, train_loss2: 0.0030, train_loss3: -3663.9359]
Mon 26 May 2025 20:25:56 INFO  Running E-step ! 
Mon 26 May 2025 20:26:31 INFO  epoch 43 training [time: 27.25s, train_loss1: 252.8443, train_loss2: 0.0030, train_loss3: -3664.5587]
Mon 26 May 2025 20:26:31 INFO  Running E-step ! 
Mon 26 May 2025 20:27:07 INFO  epoch 44 training [time: 27.25s, train_loss1: 250.2313, train_loss2: 0.0029, train_loss3: -3664.9138]
Mon 26 May 2025 20:27:07 INFO  Running E-step ! 
Mon 26 May 2025 20:27:43 INFO  epoch 45 training [time: 27.15s, train_loss1: 247.7003, train_loss2: 0.0029, train_loss3: -3665.3318]
Mon 26 May 2025 20:27:43 INFO  Running E-step ! 
Mon 26 May 2025 20:28:18 INFO  epoch 46 training [time: 27.12s, train_loss1: 246.9377, train_loss2: 0.0029, train_loss3: -3665.3811]
Mon 26 May 2025 20:28:18 INFO  Running E-step ! 
Mon 26 May 2025 20:28:53 INFO  epoch 47 training [time: 27.15s, train_loss1: 243.7408, train_loss2: 0.0029, train_loss3: -3665.7911]
Mon 26 May 2025 20:28:53 INFO  Running E-step ! 
Mon 26 May 2025 20:29:29 INFO  epoch 48 training [time: 27.26s, train_loss1: 242.4003, train_loss2: 0.0029, train_loss3: -3665.9976]
Mon 26 May 2025 20:29:29 INFO  Running E-step ! 
Mon 26 May 2025 20:30:04 INFO  epoch 49 training [time: 27.28s, train_loss1: 241.3675, train_loss2: 0.0029, train_loss3: -3666.2516]
Mon 26 May 2025 20:30:11 INFO  valid result: 
recall@10 : 0.1617    recall@20 : 0.2511    ndcg@10 : 0.2202    ndcg@20 : 0.2364    hit@10 : 0.7543    hit@20 : 0.8573    precision@10 : 0.1715    precision@20 : 0.1414
Mon 26 May 2025 20:30:11 INFO  epoch 49 evaluating [time: 7.02s, valid_score: 0.220200]
Mon 26 May 2025 20:30:11 INFO  Saving current: saved\NCL-May-26-2025_20-04-00.pth
Mon 26 May 2025 20:30:11 INFO  Saving current best: saved\NCL-May-26-2025_20-04-00.pth
Mon 26 May 2025 20:30:11 INFO  Running E-step ! 
Mon 26 May 2025 20:30:47 INFO  epoch 50 training [time: 27.16s, train_loss1: 238.1061, train_loss2: 0.0028, train_loss3: -3666.3886]
Mon 26 May 2025 20:30:47 INFO  Running E-step ! 
Mon 26 May 2025 20:31:22 INFO  epoch 51 training [time: 27.21s, train_loss1: 238.0909, train_loss2: 0.0028, train_loss3: -3666.7353]
Mon 26 May 2025 20:31:22 INFO  Running E-step ! 
Mon 26 May 2025 20:31:58 INFO  epoch 52 training [time: 27.30s, train_loss1: 236.2032, train_loss2: 0.0028, train_loss3: -3666.9000]
Mon 26 May 2025 20:31:58 INFO  Running E-step ! 
Mon 26 May 2025 20:32:33 INFO  epoch 53 training [time: 27.13s, train_loss1: 235.2510, train_loss2: 0.0028, train_loss3: -3667.1461]
Mon 26 May 2025 20:32:33 INFO  Running E-step ! 
Mon 26 May 2025 20:33:09 INFO  epoch 54 training [time: 26.80s, train_loss1: 232.9655, train_loss2: 0.0028, train_loss3: -3667.3034]
Mon 26 May 2025 20:33:09 INFO  Running E-step ! 
Mon 26 May 2025 20:33:45 INFO  epoch 55 training [time: 26.89s, train_loss1: 231.7374, train_loss2: 0.0028, train_loss3: -3667.3773]
Mon 26 May 2025 20:33:45 INFO  Running E-step ! 
Mon 26 May 2025 20:34:22 INFO  epoch 56 training [time: 27.08s, train_loss1: 230.6855, train_loss2: 0.0028, train_loss3: -3667.4502]
Mon 26 May 2025 20:34:22 INFO  Running E-step ! 
Mon 26 May 2025 20:34:58 INFO  epoch 57 training [time: 27.05s, train_loss1: 228.2071, train_loss2: 0.0028, train_loss3: -3667.5033]
Mon 26 May 2025 20:34:58 INFO  Running E-step ! 
Mon 26 May 2025 20:35:35 INFO  epoch 58 training [time: 27.22s, train_loss1: 228.8305, train_loss2: 0.0027, train_loss3: -3667.5549]
Mon 26 May 2025 20:35:35 INFO  Running E-step ! 
Mon 26 May 2025 20:36:10 INFO  epoch 59 training [time: 27.12s, train_loss1: 227.7251, train_loss2: 0.0027, train_loss3: -3667.4190]
Mon 26 May 2025 20:36:17 INFO  valid result: 
recall@10 : 0.1635    recall@20 : 0.2536    ndcg@10 : 0.222    ndcg@20 : 0.2388    hit@10 : 0.757    hit@20 : 0.8584    precision@10 : 0.1723    precision@20 : 0.1427
Mon 26 May 2025 20:36:17 INFO  epoch 59 evaluating [time: 7.05s, valid_score: 0.222000]
Mon 26 May 2025 20:36:17 INFO  Saving current: saved\NCL-May-26-2025_20-04-00.pth
Mon 26 May 2025 20:36:17 INFO  Saving current best: saved\NCL-May-26-2025_20-04-00.pth
Mon 26 May 2025 20:36:17 INFO  Running E-step ! 
Mon 26 May 2025 20:36:52 INFO  epoch 60 training [time: 27.23s, train_loss1: 224.9351, train_loss2: 0.0027, train_loss3: -3667.6614]
Mon 26 May 2025 20:36:52 INFO  Running E-step ! 
Mon 26 May 2025 20:37:28 INFO  epoch 61 training [time: 27.20s, train_loss1: 224.5350, train_loss2: 0.0027, train_loss3: -3667.6242]
Mon 26 May 2025 20:37:28 INFO  Running E-step ! 
Mon 26 May 2025 20:38:03 INFO  epoch 62 training [time: 27.11s, train_loss1: 222.7523, train_loss2: 0.0027, train_loss3: -3667.9381]
Mon 26 May 2025 20:38:03 INFO  Running E-step ! 
Mon 26 May 2025 20:38:38 INFO  epoch 63 training [time: 27.16s, train_loss1: 221.7188, train_loss2: 0.0027, train_loss3: -3667.8353]
Mon 26 May 2025 20:38:38 INFO  Running E-step ! 
Mon 26 May 2025 20:39:14 INFO  epoch 64 training [time: 27.15s, train_loss1: 221.3036, train_loss2: 0.0027, train_loss3: -3667.9465]
Mon 26 May 2025 20:39:14 INFO  Running E-step ! 
Mon 26 May 2025 20:39:49 INFO  epoch 65 training [time: 27.25s, train_loss1: 220.0819, train_loss2: 0.0027, train_loss3: -3668.2351]
Mon 26 May 2025 20:39:49 INFO  Running E-step ! 
Mon 26 May 2025 20:40:24 INFO  epoch 66 training [time: 27.16s, train_loss1: 219.8925, train_loss2: 0.0027, train_loss3: -3668.0032]
Mon 26 May 2025 20:40:24 INFO  Running E-step ! 
Mon 26 May 2025 20:40:59 INFO  epoch 67 training [time: 27.26s, train_loss1: 217.4431, train_loss2: 0.0027, train_loss3: -3668.0736]
Mon 26 May 2025 20:40:59 INFO  Running E-step ! 
Mon 26 May 2025 20:41:35 INFO  epoch 68 training [time: 27.16s, train_loss1: 216.7436, train_loss2: 0.0027, train_loss3: -3668.0139]
Mon 26 May 2025 20:41:35 INFO  Running E-step ! 
Mon 26 May 2025 20:42:10 INFO  epoch 69 training [time: 27.30s, train_loss1: 216.1787, train_loss2: 0.0027, train_loss3: -3667.9195]
Mon 26 May 2025 20:42:18 INFO  valid result: 
recall@10 : 0.1641    recall@20 : 0.2548    ndcg@10 : 0.2229    ndcg@20 : 0.2398    hit@10 : 0.754    hit@20 : 0.8599    precision@10 : 0.1731    precision@20 : 0.1433
Mon 26 May 2025 20:42:18 INFO  epoch 69 evaluating [time: 7.12s, valid_score: 0.222900]
Mon 26 May 2025 20:42:18 INFO  Saving current: saved\NCL-May-26-2025_20-04-00.pth
Mon 26 May 2025 20:42:18 INFO  Saving current best: saved\NCL-May-26-2025_20-04-00.pth
Mon 26 May 2025 20:42:18 INFO  Running E-step ! 
Mon 26 May 2025 20:42:53 INFO  epoch 70 training [time: 27.22s, train_loss1: 215.4239, train_loss2: 0.0026, train_loss3: -3668.1281]
Mon 26 May 2025 20:42:53 INFO  Running E-step ! 
Mon 26 May 2025 20:43:28 INFO  epoch 71 training [time: 27.19s, train_loss1: 213.6315, train_loss2: 0.0026, train_loss3: -3667.9263]
Mon 26 May 2025 20:43:28 INFO  Running E-step ! 
Mon 26 May 2025 20:44:03 INFO  epoch 72 training [time: 27.15s, train_loss1: 213.5035, train_loss2: 0.0026, train_loss3: -3668.3388]
Mon 26 May 2025 20:44:03 INFO  Running E-step ! 
Mon 26 May 2025 20:44:39 INFO  epoch 73 training [time: 27.13s, train_loss1: 212.9328, train_loss2: 0.0026, train_loss3: -3668.1527]
Mon 26 May 2025 20:44:39 INFO  Running E-step ! 
Mon 26 May 2025 20:45:14 INFO  epoch 74 training [time: 27.26s, train_loss1: 210.8777, train_loss2: 0.0026, train_loss3: -3668.2304]
Mon 26 May 2025 20:45:14 INFO  Running E-step ! 
Mon 26 May 2025 20:45:49 INFO  epoch 75 training [time: 27.21s, train_loss1: 212.2890, train_loss2: 0.0026, train_loss3: -3668.2720]
Mon 26 May 2025 20:45:49 INFO  Running E-step ! 
Mon 26 May 2025 20:46:24 INFO  epoch 76 training [time: 27.23s, train_loss1: 212.0146, train_loss2: 0.0026, train_loss3: -3668.1265]
Mon 26 May 2025 20:46:25 INFO  Running E-step ! 
Mon 26 May 2025 20:47:00 INFO  epoch 77 training [time: 27.14s, train_loss1: 210.6925, train_loss2: 0.0026, train_loss3: -3668.1058]
Mon 26 May 2025 20:47:00 INFO  Running E-step ! 
Mon 26 May 2025 20:47:36 INFO  epoch 78 training [time: 27.20s, train_loss1: 209.7344, train_loss2: 0.0026, train_loss3: -3667.9828]
Mon 26 May 2025 20:47:36 INFO  Running E-step ! 
Mon 26 May 2025 20:48:11 INFO  epoch 79 training [time: 27.18s, train_loss1: 208.4813, train_loss2: 0.0026, train_loss3: -3668.0225]
Mon 26 May 2025 20:48:18 INFO  valid result: 
recall@10 : 0.1641    recall@20 : 0.2556    ndcg@10 : 0.2228    ndcg@20 : 0.2402    hit@10 : 0.7558    hit@20 : 0.8614    precision@10 : 0.1727    precision@20 : 0.1436
Mon 26 May 2025 20:48:18 INFO  epoch 79 evaluating [time: 7.04s, valid_score: 0.222800]
Mon 26 May 2025 20:48:18 INFO  Running E-step ! 
Mon 26 May 2025 20:48:54 INFO  epoch 80 training [time: 27.29s, train_loss1: 207.8593, train_loss2: 0.0026, train_loss3: -3668.0895]
Mon 26 May 2025 20:48:54 INFO  Running E-step ! 
Mon 26 May 2025 20:49:29 INFO  epoch 81 training [time: 27.28s, train_loss1: 208.1066, train_loss2: 0.0026, train_loss3: -3667.9705]
Mon 26 May 2025 20:49:29 INFO  Running E-step ! 
Mon 26 May 2025 20:50:04 INFO  epoch 82 training [time: 27.18s, train_loss1: 207.1684, train_loss2: 0.0026, train_loss3: -3667.9988]
Mon 26 May 2025 20:50:04 INFO  Running E-step ! 
Mon 26 May 2025 20:50:39 INFO  epoch 83 training [time: 27.25s, train_loss1: 206.1265, train_loss2: 0.0026, train_loss3: -3667.9560]
Mon 26 May 2025 20:50:39 INFO  Running E-step ! 
Mon 26 May 2025 20:51:15 INFO  epoch 84 training [time: 27.17s, train_loss1: 205.5150, train_loss2: 0.0026, train_loss3: -3667.7452]
Mon 26 May 2025 20:51:15 INFO  Running E-step ! 
Mon 26 May 2025 20:51:50 INFO  epoch 85 training [time: 27.14s, train_loss1: 204.4612, train_loss2: 0.0026, train_loss3: -3667.7740]
Mon 26 May 2025 20:51:50 INFO  Running E-step ! 
Mon 26 May 2025 20:52:25 INFO  epoch 86 training [time: 27.18s, train_loss1: 206.0090, train_loss2: 0.0026, train_loss3: -3668.1072]
Mon 26 May 2025 20:52:25 INFO  Running E-step ! 
Mon 26 May 2025 20:53:01 INFO  epoch 87 training [time: 27.26s, train_loss1: 203.1223, train_loss2: 0.0026, train_loss3: -3667.5269]
Mon 26 May 2025 20:53:01 INFO  Running E-step ! 
Mon 26 May 2025 20:53:36 INFO  epoch 88 training [time: 27.10s, train_loss1: 202.7695, train_loss2: 0.0026, train_loss3: -3667.9041]
Mon 26 May 2025 20:53:36 INFO  Running E-step ! 
Mon 26 May 2025 20:54:11 INFO  epoch 89 training [time: 27.15s, train_loss1: 201.8643, train_loss2: 0.0026, train_loss3: -3667.6369]
Mon 26 May 2025 20:54:18 INFO  valid result: 
recall@10 : 0.1658    recall@20 : 0.2543    ndcg@10 : 0.224    ndcg@20 : 0.2399    hit@10 : 0.7586    hit@20 : 0.8596    precision@10 : 0.1738    precision@20 : 0.1432
Mon 26 May 2025 20:54:18 INFO  epoch 89 evaluating [time: 7.06s, valid_score: 0.224000]
Mon 26 May 2025 20:54:18 INFO  Saving current: saved\NCL-May-26-2025_20-04-00.pth
Mon 26 May 2025 20:54:18 INFO  Saving current best: saved\NCL-May-26-2025_20-04-00.pth
Mon 26 May 2025 20:54:18 INFO  Running E-step ! 
Mon 26 May 2025 20:54:54 INFO  epoch 90 training [time: 27.18s, train_loss1: 201.7927, train_loss2: 0.0025, train_loss3: -3667.6840]
Mon 26 May 2025 20:54:54 INFO  Running E-step ! 
Mon 26 May 2025 20:55:29 INFO  epoch 91 training [time: 27.19s, train_loss1: 202.7548, train_loss2: 0.0025, train_loss3: -3667.7649]
Mon 26 May 2025 20:55:29 INFO  Running E-step ! 
Mon 26 May 2025 20:56:05 INFO  epoch 92 training [time: 27.14s, train_loss1: 201.1752, train_loss2: 0.0025, train_loss3: -3667.8200]
Mon 26 May 2025 20:56:05 INFO  Running E-step ! 
Mon 26 May 2025 20:56:40 INFO  epoch 93 training [time: 27.25s, train_loss1: 201.7117, train_loss2: 0.0025, train_loss3: -3667.5878]
Mon 26 May 2025 20:56:40 INFO  Running E-step ! 
Mon 26 May 2025 20:57:16 INFO  epoch 94 training [time: 27.26s, train_loss1: 199.8234, train_loss2: 0.0025, train_loss3: -3667.7843]
Mon 26 May 2025 20:57:16 INFO  Running E-step ! 
Mon 26 May 2025 20:57:51 INFO  epoch 95 training [time: 27.18s, train_loss1: 198.9001, train_loss2: 0.0025, train_loss3: -3667.6738]
Mon 26 May 2025 20:57:51 INFO  Running E-step ! 
Mon 26 May 2025 20:58:27 INFO  epoch 96 training [time: 27.09s, train_loss1: 198.3016, train_loss2: 0.0025, train_loss3: -3667.6980]
Mon 26 May 2025 20:58:27 INFO  Running E-step ! 
Mon 26 May 2025 20:59:03 INFO  epoch 97 training [time: 26.93s, train_loss1: 198.9332, train_loss2: 0.0025, train_loss3: -3667.5805]
Mon 26 May 2025 20:59:03 INFO  Running E-step ! 
Mon 26 May 2025 20:59:40 INFO  epoch 98 training [time: 27.06s, train_loss1: 197.6773, train_loss2: 0.0025, train_loss3: -3667.7249]
Mon 26 May 2025 20:59:40 INFO  Running E-step ! 
Mon 26 May 2025 21:00:15 INFO  epoch 99 training [time: 26.90s, train_loss1: 197.5685, train_loss2: 0.0025, train_loss3: -3667.6759]
Mon 26 May 2025 21:00:22 INFO  valid result: 
recall@10 : 0.1644    recall@20 : 0.2551    ndcg@10 : 0.223    ndcg@20 : 0.24    hit@10 : 0.7526    hit@20 : 0.8614    precision@10 : 0.1733    precision@20 : 0.1436
Mon 26 May 2025 21:00:22 INFO  epoch 99 evaluating [time: 6.98s, valid_score: 0.223000]
Mon 26 May 2025 21:00:22 INFO  Running E-step ! 
Mon 26 May 2025 21:00:59 INFO  epoch 100 training [time: 27.13s, train_loss1: 196.4536, train_loss2: 0.0025, train_loss3: -3667.4294]
Mon 26 May 2025 21:00:59 INFO  Running E-step ! 
Mon 26 May 2025 21:01:35 INFO  epoch 101 training [time: 27.22s, train_loss1: 198.0077, train_loss2: 0.0025, train_loss3: -3667.3370]
Mon 26 May 2025 21:01:35 INFO  Running E-step ! 
Mon 26 May 2025 21:02:11 INFO  epoch 102 training [time: 27.25s, train_loss1: 197.7558, train_loss2: 0.0025, train_loss3: -3667.5744]
Mon 26 May 2025 21:02:11 INFO  Running E-step ! 
Mon 26 May 2025 21:02:46 INFO  epoch 103 training [time: 27.15s, train_loss1: 195.2251, train_loss2: 0.0025, train_loss3: -3667.4051]
Mon 26 May 2025 21:02:46 INFO  Running E-step ! 
Mon 26 May 2025 21:03:22 INFO  epoch 104 training [time: 27.12s, train_loss1: 195.7163, train_loss2: 0.0025, train_loss3: -3667.6284]
Mon 26 May 2025 21:03:22 INFO  Running E-step ! 
Mon 26 May 2025 21:03:57 INFO  epoch 105 training [time: 27.23s, train_loss1: 194.8249, train_loss2: 0.0025, train_loss3: -3667.3559]
Mon 26 May 2025 21:03:57 INFO  Running E-step ! 
Mon 26 May 2025 21:04:33 INFO  epoch 106 training [time: 27.19s, train_loss1: 195.1533, train_loss2: 0.0025, train_loss3: -3667.4123]
Mon 26 May 2025 21:04:33 INFO  Running E-step ! 
Mon 26 May 2025 21:05:08 INFO  epoch 107 training [time: 27.22s, train_loss1: 195.2365, train_loss2: 0.0025, train_loss3: -3667.2504]
Mon 26 May 2025 21:05:08 INFO  Running E-step ! 
Mon 26 May 2025 21:05:44 INFO  epoch 108 training [time: 27.13s, train_loss1: 195.2186, train_loss2: 0.0025, train_loss3: -3667.2179]
Mon 26 May 2025 21:05:44 INFO  Running E-step ! 
Mon 26 May 2025 21:06:19 INFO  epoch 109 training [time: 27.12s, train_loss1: 194.0250, train_loss2: 0.0025, train_loss3: -3667.2563]
Mon 26 May 2025 21:06:26 INFO  valid result: 
recall@10 : 0.1645    recall@20 : 0.2552    ndcg@10 : 0.2232    ndcg@20 : 0.2399    hit@10 : 0.7541    hit@20 : 0.8611    precision@10 : 0.1736    precision@20 : 0.1435
Mon 26 May 2025 21:06:26 INFO  epoch 109 evaluating [time: 7.05s, valid_score: 0.223200]
Mon 26 May 2025 21:06:26 INFO  Running E-step ! 
Mon 26 May 2025 21:07:01 INFO  epoch 110 training [time: 27.16s, train_loss1: 193.6553, train_loss2: 0.0025, train_loss3: -3667.3547]
Mon 26 May 2025 21:07:01 INFO  Running E-step ! 
Mon 26 May 2025 21:07:37 INFO  epoch 111 training [time: 27.18s, train_loss1: 193.8382, train_loss2: 0.0025, train_loss3: -3667.2090]
Mon 26 May 2025 21:07:37 INFO  Running E-step ! 
Mon 26 May 2025 21:08:12 INFO  epoch 112 training [time: 27.12s, train_loss1: 194.4227, train_loss2: 0.0024, train_loss3: -3666.9927]
Mon 26 May 2025 21:08:13 INFO  Running E-step ! 
Mon 26 May 2025 21:08:48 INFO  epoch 113 training [time: 27.14s, train_loss1: 192.9736, train_loss2: 0.0024, train_loss3: -3667.0466]
Mon 26 May 2025 21:08:48 INFO  Running E-step ! 
Mon 26 May 2025 21:09:23 INFO  epoch 114 training [time: 27.19s, train_loss1: 192.8256, train_loss2: 0.0024, train_loss3: -3667.1602]
Mon 26 May 2025 21:09:23 INFO  Running E-step ! 
Mon 26 May 2025 21:09:58 INFO  epoch 115 training [time: 27.13s, train_loss1: 191.7890, train_loss2: 0.0024, train_loss3: -3667.0000]
Mon 26 May 2025 21:09:58 INFO  Running E-step ! 
Mon 26 May 2025 21:10:34 INFO  epoch 116 training [time: 27.23s, train_loss1: 191.0299, train_loss2: 0.0024, train_loss3: -3667.3252]
Mon 26 May 2025 21:10:34 INFO  Running E-step ! 
Mon 26 May 2025 21:11:10 INFO  epoch 117 training [time: 27.21s, train_loss1: 190.3664, train_loss2: 0.0024, train_loss3: -3667.3697]
Mon 26 May 2025 21:11:10 INFO  Running E-step ! 
Mon 26 May 2025 21:11:45 INFO  epoch 118 training [time: 27.28s, train_loss1: 192.2687, train_loss2: 0.0024, train_loss3: -3667.0491]
Mon 26 May 2025 21:11:45 INFO  Running E-step ! 
Mon 26 May 2025 21:12:21 INFO  epoch 119 training [time: 27.18s, train_loss1: 191.4826, train_loss2: 0.0024, train_loss3: -3667.0545]
Mon 26 May 2025 21:12:28 INFO  valid result: 
recall@10 : 0.1647    recall@20 : 0.2555    ndcg@10 : 0.223    ndcg@20 : 0.2403    hit@10 : 0.7565    hit@20 : 0.8606    precision@10 : 0.1735    precision@20 : 0.1439
Mon 26 May 2025 21:12:28 INFO  epoch 119 evaluating [time: 7.11s, valid_score: 0.223000]
Mon 26 May 2025 21:12:28 INFO  Finished training, best eval result in epoch 89
Mon 26 May 2025 21:12:28 INFO  Loading model structure and parameters from saved\NCL-May-26-2025_20-04-00.pth
Mon 26 May 2025 21:12:37 INFO  valid result: 
recall@10 : 0.1849    recall@20 : 0.2769    ndcg@10 : 0.2838    ndcg@20 : 0.2882    hit@10 : 0.779    hit@20 : 0.8667    precision@10 : 0.2196    precision@20 : 0.1724
Mon 26 May 2025 21:12:37 INFO  best valid : OrderedDict([('recall@10', 0.1658), ('recall@20', 0.2543), ('ndcg@10', 0.224), ('ndcg@20', 0.2399), ('hit@10', 0.7586), ('hit@20', 0.8596), ('precision@10', 0.1738), ('precision@20', 0.1432)])
Mon 26 May 2025 21:12:37 INFO  test result: OrderedDict([('recall@10', 0.1849), ('recall@20', 0.2769), ('ndcg@10', 0.2838), ('ndcg@20', 0.2882), ('hit@10', 0.779), ('hit@20', 0.8667), ('precision@10', 0.2196), ('precision@20', 0.1724)])
