Fri 30 May 2025 05:24:10 INFO  
General Hyper Parameters:
gpu_id = 0
use_gpu = True
seed = 2020
state = INFO
reproducibility = True
data_path = dataset/Amazon_Appliances
checkpoint_dir = saved
show_progress = True
save_dataset = False
dataset_save_path = None
save_dataloaders = False
dataloaders_save_path = None
log_wandb = False

Training Hyper Parameters:
epochs = 300
train_batch_size = 500
learner = adam
learning_rate = 0.001
train_neg_sample_args = {'distribution': 'uniform', 'sample_num': 1, 'alpha': 1.0, 'dynamic': False, 'candidate_num': 0}
eval_step = 10
stopping_step = 2
clip_grad_norm = None
weight_decay = 0.0
loss_decimal_place = 4

Evaluation Hyper Parameters:
eval_args = {'split': {'RS': [0.8, 0.1, 0.1]}, 'order': 'RO', 'group_by': 'user', 'mode': {'valid': 'full', 'test': 'full'}}
repeatable = False
metrics = ['Recall', 'NDCG', 'Hit', 'Precision']
topk = [10, 20]
valid_metric = unpopular/ndcg@10
valid_metric_bigger = True
eval_batch_size = 8196
metric_decimal_place = 4

Dataset Hyper Parameters:
field_separator = 	
seq_separator =  
USER_ID_FIELD = user_id
ITEM_ID_FIELD = item_id
RATING_FIELD = rating
TIME_FIELD = timestamp
seq_len = None
LABEL_FIELD = label
threshold = None
NEG_PREFIX = neg_
load_col = {'inter': ['user_id', 'item_id']}
unload_col = None
unused_col = None
additional_feat_suffix = None
rm_dup_inter = None
val_interval = None
filter_inter_by_user_or_item = True
user_inter_num_interval = [0,inf)
item_inter_num_interval = [0,inf)
alias_of_user_id = None
alias_of_item_id = None
alias_of_entity_id = None
alias_of_relation_id = None
preload_weight = None
normalize_field = None
normalize_all = None
ITEM_LIST_LENGTH_FIELD = item_length
LIST_SUFFIX = _list
MAX_ITEM_LIST_LENGTH = 50
POSITION_FIELD = position_id
HEAD_ENTITY_ID_FIELD = head_id
TAIL_ENTITY_ID_FIELD = tail_id
RELATION_ID_FIELD = relation_id
ENTITY_ID_FIELD = entity_id
benchmark_filename = None

Other Hyper Parameters: 
worker = 0
wandb_project = recbole
shuffle = True
require_pow = True
enable_amp = False
enable_scaler = False
transform = None
numerical_features = []
discretization = None
kg_reverse_r = False
entity_kg_num_interval = [0,inf)
relation_kg_num_interval = [0,inf)
MODEL_TYPE = ModelType.GENERAL
embedding_size = 64
n_layers = 2
reg_weight = 0.0001
lambda = 0.1
eps = 0.1
temperature = 0.8
layer_cl = 1
MODEL_INPUT_TYPE = InputType.PAIRWISE
eval_type = EvaluatorType.RANKING
single_spec = True
local_rank = 0
device = cuda
valid_neg_sample_args = {'distribution': 'uniform', 'sample_num': 'none'}
test_neg_sample_args = {'distribution': 'uniform', 'sample_num': 'none'}


Fri 30 May 2025 05:24:12 INFO  Amazon_Appliances
The number of users: 515651
Average actions of users: 1.1689653834965577
The number of items: 30253
Average actions of items: 19.925195028427872
The number of inters: 602777
The sparsity of the dataset: 99.99613604232134%
Remain Fields: ['user_id', 'item_id']
Fri 30 May 2025 05:24:18 INFO  [Training]: train_batch_size = [500] train_neg_sample_args: [{'distribution': 'uniform', 'sample_num': 1, 'alpha': 1.0, 'dynamic': False, 'candidate_num': 0}]
Fri 30 May 2025 05:24:18 INFO  [Evaluation]: eval_batch_size = [8196] eval_args: [{'split': {'RS': [0.8, 0.1, 0.1]}, 'order': 'RO', 'group_by': 'user', 'mode': {'valid': 'full', 'test': 'full'}}]
Fri 30 May 2025 05:24:18 INFO  XSimGCL(
  (user_embedding): Embedding(515651, 64)
  (item_embedding): Embedding(30253, 64)
  (gcn_conv): LightGCNConv(64)
  (mf_loss): BPRLoss()
  (reg_loss): EmbLoss()
)
Trainable parameters: 34937856
Fri 30 May 2025 05:24:50 INFO  epoch 0 training [time: 31.82s, train_loss1: 309.2263, train_loss2: 0.0994, train_loss3: 1039.7375]
Fri 30 May 2025 05:25:21 INFO  epoch 1 training [time: 30.99s, train_loss1: 96.2637, train_loss2: 0.2909, train_loss3: 1033.4140]
Fri 30 May 2025 05:25:52 INFO  epoch 2 training [time: 30.99s, train_loss1: 51.0405, train_loss2: 0.4470, train_loss3: 1032.5038]
Fri 30 May 2025 05:26:23 INFO  epoch 3 training [time: 30.99s, train_loss1: 32.7295, train_loss2: 0.5811, train_loss3: 1032.0817]
Fri 30 May 2025 05:26:54 INFO  epoch 4 training [time: 30.97s, train_loss1: 23.2089, train_loss2: 0.6950, train_loss3: 1031.8465]
Fri 30 May 2025 05:27:25 INFO  epoch 5 training [time: 30.96s, train_loss1: 17.3257, train_loss2: 0.7882, train_loss3: 1031.7598]
Fri 30 May 2025 05:27:56 INFO  epoch 6 training [time: 30.94s, train_loss1: 13.5111, train_loss2: 0.8625, train_loss3: 1031.7049]
Fri 30 May 2025 05:28:27 INFO  epoch 7 training [time: 31.00s, train_loss1: 10.5799, train_loss2: 0.9220, train_loss3: 1031.6243]
Fri 30 May 2025 05:28:58 INFO  epoch 8 training [time: 30.99s, train_loss1: 8.5088, train_loss2: 0.9717, train_loss3: 1031.4791]
Fri 30 May 2025 05:29:29 INFO  epoch 9 training [time: 30.97s, train_loss1: 7.0210, train_loss2: 1.0131, train_loss3: 1031.5003]
Fri 30 May 2025 05:29:57 INFO  epoch 9 evaluating [time: 27.94s, valid_score: 0.068500]
Fri 30 May 2025 05:29:57 INFO  valid result: 
popular : OrderedDict([('recall@10', 0.0909), ('recall@20', 0.1018), ('ndcg@10', 0.0805), ('ndcg@20', 0.0832), ('hit@10', 0.0909), ('hit@20', 0.1022), ('precision@10', 0.0095), ('precision@20', 0.0053)])    unpopular : OrderedDict([('recall@10', 0.0791), ('recall@20', 0.0904), ('ndcg@10', 0.0685), ('ndcg@20', 0.0713), ('hit@10', 0.0791), ('hit@20', 0.0904), ('precision@10', 0.0079), ('precision@20', 0.0045)])
Fri 30 May 2025 05:29:58 INFO  Saving current: saved\XSimGCL-May-30-2025_05-24-18.pth
Fri 30 May 2025 05:30:29 INFO  epoch 10 training [time: 31.30s, train_loss1: 5.7269, train_loss2: 1.0492, train_loss3: 1031.5503]
Fri 30 May 2025 05:31:00 INFO  epoch 11 training [time: 31.03s, train_loss1: 4.7028, train_loss2: 1.0784, train_loss3: 1031.4839]
Fri 30 May 2025 05:31:31 INFO  epoch 12 training [time: 31.12s, train_loss1: 3.8815, train_loss2: 1.1038, train_loss3: 1031.3975]
Fri 30 May 2025 05:32:02 INFO  epoch 13 training [time: 31.02s, train_loss1: 3.2487, train_loss2: 1.1254, train_loss3: 1031.4078]
Fri 30 May 2025 05:32:33 INFO  epoch 14 training [time: 31.06s, train_loss1: 2.7155, train_loss2: 1.1438, train_loss3: 1031.4373]
Fri 30 May 2025 05:33:04 INFO  epoch 15 training [time: 31.09s, train_loss1: 2.2732, train_loss2: 1.1601, train_loss3: 1031.4508]
Fri 30 May 2025 05:33:35 INFO  epoch 16 training [time: 31.08s, train_loss1: 1.9168, train_loss2: 1.1738, train_loss3: 1031.4392]
Fri 30 May 2025 05:34:07 INFO  epoch 17 training [time: 31.09s, train_loss1: 1.6670, train_loss2: 1.1855, train_loss3: 1031.3155]
Fri 30 May 2025 05:34:38 INFO  epoch 18 training [time: 31.05s, train_loss1: 1.4124, train_loss2: 1.1945, train_loss3: 1031.3999]
Fri 30 May 2025 05:35:09 INFO  epoch 19 training [time: 31.10s, train_loss1: 1.2370, train_loss2: 1.2006, train_loss3: 1031.3656]
Fri 30 May 2025 05:35:37 INFO  epoch 19 evaluating [time: 28.65s, valid_score: 0.069800]
Fri 30 May 2025 05:35:37 INFO  valid result: 
popular : OrderedDict([('recall@10', 0.0958), ('recall@20', 0.1043), ('ndcg@10', 0.0825), ('ndcg@20', 0.0846), ('hit@10', 0.0962), ('hit@20', 0.1052), ('precision@10', 0.01), ('precision@20', 0.0054)])    unpopular : OrderedDict([('recall@10', 0.0813), ('recall@20', 0.0909), ('ndcg@10', 0.0698), ('ndcg@20', 0.0721), ('hit@10', 0.0813), ('hit@20', 0.0909), ('precision@10', 0.0081), ('precision@20', 0.0045)])
Fri 30 May 2025 05:35:38 INFO  Saving current: saved\XSimGCL-May-30-2025_05-24-18.pth
Fri 30 May 2025 05:36:10 INFO  epoch 20 training [time: 31.38s, train_loss1: 1.0934, train_loss2: 1.2060, train_loss3: 1031.3590]
Fri 30 May 2025 05:36:41 INFO  epoch 21 training [time: 31.11s, train_loss1: 0.9318, train_loss2: 1.2107, train_loss3: 1031.4124]
Fri 30 May 2025 05:37:12 INFO  epoch 22 training [time: 30.97s, train_loss1: 0.8052, train_loss2: 1.2126, train_loss3: 1031.3299]
Fri 30 May 2025 05:37:43 INFO  epoch 23 training [time: 31.10s, train_loss1: 0.6867, train_loss2: 1.2140, train_loss3: 1031.3770]
Fri 30 May 2025 05:38:14 INFO  epoch 24 training [time: 31.04s, train_loss1: 0.6641, train_loss2: 1.2146, train_loss3: 1031.3573]
Fri 30 May 2025 05:38:45 INFO  epoch 25 training [time: 31.08s, train_loss1: 0.6123, train_loss2: 1.2132, train_loss3: 1031.3937]
Fri 30 May 2025 05:39:16 INFO  epoch 26 training [time: 31.11s, train_loss1: 0.5064, train_loss2: 1.2112, train_loss3: 1031.3833]
Fri 30 May 2025 05:39:47 INFO  epoch 27 training [time: 31.16s, train_loss1: 0.5907, train_loss2: 1.2084, train_loss3: 1031.4265]
Fri 30 May 2025 05:40:18 INFO  epoch 28 training [time: 31.11s, train_loss1: 0.5062, train_loss2: 1.2052, train_loss3: 1031.4491]
Fri 30 May 2025 05:40:50 INFO  epoch 29 training [time: 31.21s, train_loss1: 0.4101, train_loss2: 1.2022, train_loss3: 1031.4535]
Fri 30 May 2025 05:41:18 INFO  epoch 29 evaluating [time: 27.94s, valid_score: 0.069500]
Fri 30 May 2025 05:41:18 INFO  valid result: 
popular : OrderedDict([('recall@10', 0.0908), ('recall@20', 0.1009), ('ndcg@10', 0.0808), ('ndcg@20', 0.0834), ('hit@10', 0.0917), ('hit@20', 0.1022), ('precision@10', 0.0095), ('precision@20', 0.0053)])    unpopular : OrderedDict([('recall@10', 0.0818), ('recall@20', 0.101), ('ndcg@10', 0.0695), ('ndcg@20', 0.0743), ('hit@10', 0.0818), ('hit@20', 0.101), ('precision@10', 0.0082), ('precision@20', 0.0051)])
Fri 30 May 2025 05:41:49 INFO  epoch 30 training [time: 31.47s, train_loss1: 0.4773, train_loss2: 1.1987, train_loss3: 1031.4169]
Fri 30 May 2025 05:42:20 INFO  epoch 31 training [time: 31.14s, train_loss1: 0.4272, train_loss2: 1.1940, train_loss3: 1031.3889]
Fri 30 May 2025 05:42:51 INFO  epoch 32 training [time: 31.14s, train_loss1: 0.4008, train_loss2: 1.1896, train_loss3: 1031.4603]
Fri 30 May 2025 05:43:22 INFO  epoch 33 training [time: 31.00s, train_loss1: 0.4091, train_loss2: 1.1846, train_loss3: 1031.4008]
Fri 30 May 2025 05:43:53 INFO  epoch 34 training [time: 31.12s, train_loss1: 0.4784, train_loss2: 1.1801, train_loss3: 1031.4482]
Fri 30 May 2025 05:44:25 INFO  epoch 35 training [time: 31.07s, train_loss1: 0.3794, train_loss2: 1.1762, train_loss3: 1031.3593]
Fri 30 May 2025 05:44:56 INFO  epoch 36 training [time: 31.14s, train_loss1: 0.3836, train_loss2: 1.1725, train_loss3: 1031.3873]
Fri 30 May 2025 05:45:27 INFO  epoch 37 training [time: 31.10s, train_loss1: 0.4644, train_loss2: 1.1676, train_loss3: 1031.3803]
Fri 30 May 2025 05:45:58 INFO  epoch 38 training [time: 31.05s, train_loss1: 0.3482, train_loss2: 1.1637, train_loss3: 1031.4664]
Fri 30 May 2025 05:46:29 INFO  epoch 39 training [time: 31.12s, train_loss1: 0.3726, train_loss2: 1.1597, train_loss3: 1031.3839]
Fri 30 May 2025 05:46:57 INFO  epoch 39 evaluating [time: 28.39s, valid_score: 0.072500]
Fri 30 May 2025 05:46:57 INFO  valid result: 
popular : OrderedDict([('recall@10', 0.093), ('recall@20', 0.1017), ('ndcg@10', 0.0814), ('ndcg@20', 0.0835), ('hit@10', 0.0939), ('hit@20', 0.1029), ('precision@10', 0.0098), ('precision@20', 0.0053)])    unpopular : OrderedDict([('recall@10', 0.0894), ('recall@20', 0.103), ('ndcg@10', 0.0725), ('ndcg@20', 0.0759), ('hit@10', 0.0894), ('hit@20', 0.103), ('precision@10', 0.0089), ('precision@20', 0.0052)])
Fri 30 May 2025 05:46:58 INFO  Saving current: saved\XSimGCL-May-30-2025_05-24-18.pth
Fri 30 May 2025 05:47:30 INFO  epoch 40 training [time: 31.35s, train_loss1: 0.3260, train_loss2: 1.1560, train_loss3: 1031.4329]
Fri 30 May 2025 05:48:01 INFO  epoch 41 training [time: 31.08s, train_loss1: 0.3592, train_loss2: 1.1520, train_loss3: 1031.4514]
Fri 30 May 2025 05:48:32 INFO  epoch 42 training [time: 31.06s, train_loss1: 0.3731, train_loss2: 1.1483, train_loss3: 1031.4735]
Fri 30 May 2025 05:49:03 INFO  epoch 43 training [time: 31.12s, train_loss1: 0.3528, train_loss2: 1.1444, train_loss3: 1031.4365]
Fri 30 May 2025 05:49:34 INFO  epoch 44 training [time: 31.06s, train_loss1: 0.3329, train_loss2: 1.1413, train_loss3: 1031.4548]
Fri 30 May 2025 05:50:05 INFO  epoch 45 training [time: 31.10s, train_loss1: 0.3062, train_loss2: 1.1380, train_loss3: 1031.4239]
Fri 30 May 2025 05:50:36 INFO  epoch 46 training [time: 31.12s, train_loss1: 0.3742, train_loss2: 1.1346, train_loss3: 1031.3849]
Fri 30 May 2025 05:51:07 INFO  epoch 47 training [time: 31.10s, train_loss1: 0.2861, train_loss2: 1.1320, train_loss3: 1031.4296]
Fri 30 May 2025 05:51:38 INFO  epoch 48 training [time: 31.14s, train_loss1: 0.3516, train_loss2: 1.1293, train_loss3: 1031.4220]
Fri 30 May 2025 05:52:10 INFO  epoch 49 training [time: 31.10s, train_loss1: 0.2907, train_loss2: 1.1265, train_loss3: 1031.4229]
Fri 30 May 2025 05:52:37 INFO  epoch 49 evaluating [time: 27.57s, valid_score: 0.071600]
Fri 30 May 2025 05:52:37 INFO  valid result: 
popular : OrderedDict([('recall@10', 0.0953), ('recall@20', 0.1013), ('ndcg@10', 0.0814), ('ndcg@20', 0.083), ('hit@10', 0.0962), ('hit@20', 0.1022), ('precision@10', 0.01), ('precision@20', 0.0053)])    unpopular : OrderedDict([('recall@10', 0.0848), ('recall@20', 0.1057), ('ndcg@10', 0.0716), ('ndcg@20', 0.0768), ('hit@10', 0.0848), ('hit@20', 0.1057), ('precision@10', 0.0085), ('precision@20', 0.0053)])
Fri 30 May 2025 05:53:08 INFO  epoch 50 training [time: 31.29s, train_loss1: 0.3130, train_loss2: 1.1248, train_loss3: 1031.4275]
Fri 30 May 2025 05:53:39 INFO  epoch 51 training [time: 31.08s, train_loss1: 0.3135, train_loss2: 1.1225, train_loss3: 1031.4297]
Fri 30 May 2025 05:54:11 INFO  epoch 52 training [time: 31.15s, train_loss1: 0.3239, train_loss2: 1.1201, train_loss3: 1031.3761]
Fri 30 May 2025 05:54:42 INFO  epoch 53 training [time: 31.10s, train_loss1: 0.3275, train_loss2: 1.1190, train_loss3: 1031.3894]
Fri 30 May 2025 05:55:13 INFO  epoch 54 training [time: 31.11s, train_loss1: 0.2721, train_loss2: 1.1174, train_loss3: 1031.4502]
Fri 30 May 2025 05:55:44 INFO  epoch 55 training [time: 31.12s, train_loss1: 0.3058, train_loss2: 1.1149, train_loss3: 1031.4227]
Fri 30 May 2025 05:56:15 INFO  epoch 56 training [time: 31.10s, train_loss1: 0.2539, train_loss2: 1.1135, train_loss3: 1031.5017]
Fri 30 May 2025 05:56:46 INFO  epoch 57 training [time: 31.11s, train_loss1: 0.2687, train_loss2: 1.1129, train_loss3: 1031.4440]
Fri 30 May 2025 05:57:17 INFO  epoch 58 training [time: 31.11s, train_loss1: 0.2635, train_loss2: 1.1107, train_loss3: 1031.3791]
Fri 30 May 2025 05:57:48 INFO  epoch 59 training [time: 31.13s, train_loss1: 0.2809, train_loss2: 1.1089, train_loss3: 1031.4005]
Fri 30 May 2025 05:58:16 INFO  epoch 59 evaluating [time: 27.70s, valid_score: 0.076000]
Fri 30 May 2025 05:58:16 INFO  valid result: 
popular : OrderedDict([('recall@10', 0.0938), ('recall@20', 0.1036), ('ndcg@10', 0.0823), ('ndcg@20', 0.0847), ('hit@10', 0.0947), ('hit@20', 0.1044), ('precision@10', 0.0098), ('precision@20', 0.0054)])    unpopular : OrderedDict([('recall@10', 0.0944), ('recall@20', 0.107), ('ndcg@10', 0.076), ('ndcg@20', 0.0791), ('hit@10', 0.0944), ('hit@20', 0.107), ('precision@10', 0.0094), ('precision@20', 0.0054)])
Fri 30 May 2025 05:58:17 INFO  Saving current: saved\XSimGCL-May-30-2025_05-24-18.pth
Fri 30 May 2025 05:58:48 INFO  epoch 60 training [time: 31.27s, train_loss1: 0.2515, train_loss2: 1.1079, train_loss3: 1031.3970]
Fri 30 May 2025 05:59:19 INFO  epoch 61 training [time: 30.88s, train_loss1: 0.2709, train_loss2: 1.1065, train_loss3: 1031.4360]
Fri 30 May 2025 05:59:50 INFO  epoch 62 training [time: 30.99s, train_loss1: 0.2857, train_loss2: 1.1054, train_loss3: 1031.4207]
Fri 30 May 2025 06:00:21 INFO  epoch 63 training [time: 30.95s, train_loss1: 0.2934, train_loss2: 1.1042, train_loss3: 1031.4640]
Fri 30 May 2025 06:00:52 INFO  epoch 64 training [time: 30.99s, train_loss1: 0.2361, train_loss2: 1.1040, train_loss3: 1031.2959]
Fri 30 May 2025 06:01:23 INFO  epoch 65 training [time: 30.91s, train_loss1: 0.2706, train_loss2: 1.1033, train_loss3: 1031.4171]
Fri 30 May 2025 06:01:54 INFO  epoch 66 training [time: 30.99s, train_loss1: 0.3021, train_loss2: 1.1019, train_loss3: 1031.4160]
Fri 30 May 2025 06:02:25 INFO  epoch 67 training [time: 31.02s, train_loss1: 0.2343, train_loss2: 1.1011, train_loss3: 1031.4596]
Fri 30 May 2025 06:02:56 INFO  epoch 68 training [time: 31.03s, train_loss1: 0.3277, train_loss2: 1.1007, train_loss3: 1031.4404]
Fri 30 May 2025 06:03:27 INFO  epoch 69 training [time: 30.91s, train_loss1: 0.2672, train_loss2: 1.0998, train_loss3: 1031.4847]
Fri 30 May 2025 06:03:55 INFO  epoch 69 evaluating [time: 27.91s, valid_score: 0.079200]
Fri 30 May 2025 06:03:55 INFO  valid result: 
popular : OrderedDict([('recall@10', 0.0938), ('recall@20', 0.1062), ('ndcg@10', 0.0821), ('ndcg@20', 0.0852), ('hit@10', 0.0947), ('hit@20', 0.1074), ('precision@10', 0.0098), ('precision@20', 0.0056)])    unpopular : OrderedDict([('recall@10', 0.0959), ('recall@20', 0.1084), ('ndcg@10', 0.0792), ('ndcg@20', 0.0824), ('hit@10', 0.0959), ('hit@20', 0.1084), ('precision@10', 0.0096), ('precision@20', 0.0054)])
Fri 30 May 2025 06:03:56 INFO  Saving current: saved\XSimGCL-May-30-2025_05-24-18.pth
Fri 30 May 2025 06:04:27 INFO  epoch 70 training [time: 31.27s, train_loss1: 0.2371, train_loss2: 1.0992, train_loss3: 1031.4161]
Fri 30 May 2025 06:04:58 INFO  epoch 71 training [time: 31.15s, train_loss1: 0.2500, train_loss2: 1.0991, train_loss3: 1031.4104]
Fri 30 May 2025 06:05:29 INFO  epoch 72 training [time: 31.13s, train_loss1: 0.2524, train_loss2: 1.0986, train_loss3: 1031.4754]
Fri 30 May 2025 06:06:01 INFO  epoch 73 training [time: 31.17s, train_loss1: 0.2971, train_loss2: 1.0985, train_loss3: 1031.4381]
Fri 30 May 2025 06:06:32 INFO  epoch 74 training [time: 31.12s, train_loss1: 0.2503, train_loss2: 1.0975, train_loss3: 1031.3482]
Fri 30 May 2025 06:07:03 INFO  epoch 75 training [time: 31.18s, train_loss1: 0.2451, train_loss2: 1.0969, train_loss3: 1031.3845]
Fri 30 May 2025 06:07:34 INFO  epoch 76 training [time: 31.07s, train_loss1: 0.2750, train_loss2: 1.0965, train_loss3: 1031.4545]
Fri 30 May 2025 06:08:05 INFO  epoch 77 training [time: 31.12s, train_loss1: 0.1839, train_loss2: 1.0969, train_loss3: 1031.3785]
Fri 30 May 2025 06:08:36 INFO  epoch 78 training [time: 31.07s, train_loss1: 0.2134, train_loss2: 1.0960, train_loss3: 1031.4595]
Fri 30 May 2025 06:09:07 INFO  epoch 79 training [time: 31.16s, train_loss1: 0.2351, train_loss2: 1.0958, train_loss3: 1031.3828]
Fri 30 May 2025 06:09:36 INFO  epoch 79 evaluating [time: 28.16s, valid_score: 0.079300]
Fri 30 May 2025 06:09:36 INFO  valid result: 
popular : OrderedDict([('recall@10', 0.09), ('recall@20', 0.1009), ('ndcg@10', 0.0816), ('ndcg@20', 0.0844), ('hit@10', 0.0909), ('hit@20', 0.1022), ('precision@10', 0.0095), ('precision@20', 0.0053)])    unpopular : OrderedDict([('recall@10', 0.0981), ('recall@20', 0.1101), ('ndcg@10', 0.0793), ('ndcg@20', 0.0822), ('hit@10', 0.0981), ('hit@20', 0.1101), ('precision@10', 0.0098), ('precision@20', 0.0055)])
Fri 30 May 2025 06:09:36 INFO  Saving current: saved\XSimGCL-May-30-2025_05-24-18.pth
Fri 30 May 2025 06:10:08 INFO  epoch 80 training [time: 31.29s, train_loss1: 0.2140, train_loss2: 1.0953, train_loss3: 1031.4306]
Fri 30 May 2025 06:10:39 INFO  epoch 81 training [time: 30.91s, train_loss1: 0.2370, train_loss2: 1.0940, train_loss3: 1031.4310]
Fri 30 May 2025 06:11:10 INFO  epoch 82 training [time: 30.98s, train_loss1: 0.2926, train_loss2: 1.0941, train_loss3: 1031.4063]
Fri 30 May 2025 06:11:41 INFO  epoch 83 training [time: 30.97s, train_loss1: 0.2178, train_loss2: 1.0940, train_loss3: 1031.4231]
Fri 30 May 2025 06:12:12 INFO  epoch 84 training [time: 30.99s, train_loss1: 0.2421, train_loss2: 1.0939, train_loss3: 1031.4033]
Fri 30 May 2025 06:12:43 INFO  epoch 85 training [time: 30.95s, train_loss1: 0.1703, train_loss2: 1.0944, train_loss3: 1031.4976]
Fri 30 May 2025 06:13:14 INFO  epoch 86 training [time: 31.01s, train_loss1: 0.2312, train_loss2: 1.0943, train_loss3: 1031.3648]
Fri 30 May 2025 06:13:45 INFO  epoch 87 training [time: 31.02s, train_loss1: 0.2333, train_loss2: 1.0936, train_loss3: 1031.4767]
Fri 30 May 2025 06:14:16 INFO  epoch 88 training [time: 30.98s, train_loss1: 0.2521, train_loss2: 1.0932, train_loss3: 1031.4615]
Fri 30 May 2025 06:14:47 INFO  epoch 89 training [time: 30.99s, train_loss1: 0.2967, train_loss2: 1.0930, train_loss3: 1031.4552]
Fri 30 May 2025 06:15:14 INFO  epoch 89 evaluating [time: 27.80s, valid_score: 0.081200]
Fri 30 May 2025 06:15:14 INFO  valid result: 
popular : OrderedDict([('recall@10', 0.0885), ('recall@20', 0.099), ('ndcg@10', 0.0808), ('ndcg@20', 0.0835), ('hit@10', 0.0894), ('hit@20', 0.0999), ('precision@10', 0.0093), ('precision@20', 0.0052)])    unpopular : OrderedDict([('recall@10', 0.0986), ('recall@20', 0.109), ('ndcg@10', 0.0812), ('ndcg@20', 0.0838), ('hit@10', 0.0986), ('hit@20', 0.109), ('precision@10', 0.0099), ('precision@20', 0.0054)])
Fri 30 May 2025 06:15:15 INFO  Saving current: saved\XSimGCL-May-30-2025_05-24-18.pth
Fri 30 May 2025 06:15:47 INFO  epoch 90 training [time: 31.24s, train_loss1: 0.2804, train_loss2: 1.0932, train_loss3: 1031.4353]
Fri 30 May 2025 06:16:18 INFO  epoch 91 training [time: 31.03s, train_loss1: 0.2201, train_loss2: 1.0933, train_loss3: 1031.4615]
Fri 30 May 2025 06:16:49 INFO  epoch 92 training [time: 30.98s, train_loss1: 0.2208, train_loss2: 1.0931, train_loss3: 1031.4245]
Fri 30 May 2025 06:17:20 INFO  epoch 93 training [time: 31.08s, train_loss1: 0.2079, train_loss2: 1.0921, train_loss3: 1031.4154]
Fri 30 May 2025 06:17:51 INFO  epoch 94 training [time: 31.02s, train_loss1: 0.2357, train_loss2: 1.0927, train_loss3: 1031.4445]
Fri 30 May 2025 06:18:22 INFO  epoch 95 training [time: 31.04s, train_loss1: 0.2212, train_loss2: 1.0922, train_loss3: 1031.3685]
Fri 30 May 2025 06:18:53 INFO  epoch 96 training [time: 30.99s, train_loss1: 0.1915, train_loss2: 1.0929, train_loss3: 1031.5027]
Fri 30 May 2025 06:19:24 INFO  epoch 97 training [time: 31.01s, train_loss1: 0.2068, train_loss2: 1.0929, train_loss3: 1031.5396]
Fri 30 May 2025 06:19:55 INFO  epoch 98 training [time: 30.98s, train_loss1: 0.1970, train_loss2: 1.0928, train_loss3: 1031.4430]
Fri 30 May 2025 06:20:26 INFO  epoch 99 training [time: 30.93s, train_loss1: 0.1695, train_loss2: 1.0932, train_loss3: 1031.4519]
Fri 30 May 2025 06:20:53 INFO  epoch 99 evaluating [time: 27.26s, valid_score: 0.082600]
Fri 30 May 2025 06:20:53 INFO  valid result: 
popular : OrderedDict([('recall@10', 0.0938), ('recall@20', 0.1043), ('ndcg@10', 0.0821), ('ndcg@20', 0.0847), ('hit@10', 0.0947), ('hit@20', 0.1052), ('precision@10', 0.0098), ('precision@20', 0.0054)])    unpopular : OrderedDict([('recall@10', 0.0985), ('recall@20', 0.11), ('ndcg@10', 0.0826), ('ndcg@20', 0.0854), ('hit@10', 0.0985), ('hit@20', 0.11), ('precision@10', 0.0099), ('precision@20', 0.0055)])
Fri 30 May 2025 06:20:54 INFO  Saving current: saved\XSimGCL-May-30-2025_05-24-18.pth
Fri 30 May 2025 06:21:25 INFO  epoch 100 training [time: 31.37s, train_loss1: 0.2342, train_loss2: 1.0928, train_loss3: 1031.4590]
Fri 30 May 2025 06:21:56 INFO  epoch 101 training [time: 31.09s, train_loss1: 0.2124, train_loss2: 1.0920, train_loss3: 1031.4097]
Fri 30 May 2025 06:22:27 INFO  epoch 102 training [time: 31.09s, train_loss1: 0.2598, train_loss2: 1.0914, train_loss3: 1031.5079]
Fri 30 May 2025 06:22:59 INFO  epoch 103 training [time: 31.13s, train_loss1: 0.1831, train_loss2: 1.0917, train_loss3: 1031.4831]
Fri 30 May 2025 06:23:30 INFO  epoch 104 training [time: 31.10s, train_loss1: 0.2827, train_loss2: 1.0920, train_loss3: 1031.3852]
Fri 30 May 2025 06:24:01 INFO  epoch 105 training [time: 31.18s, train_loss1: 0.2481, train_loss2: 1.0921, train_loss3: 1031.4405]
Fri 30 May 2025 06:24:32 INFO  epoch 106 training [time: 31.13s, train_loss1: 0.1861, train_loss2: 1.0919, train_loss3: 1031.3931]
Fri 30 May 2025 06:25:03 INFO  epoch 107 training [time: 31.07s, train_loss1: 0.1834, train_loss2: 1.0926, train_loss3: 1031.4535]
Fri 30 May 2025 06:25:34 INFO  epoch 108 training [time: 31.12s, train_loss1: 0.1646, train_loss2: 1.0918, train_loss3: 1031.4547]
Fri 30 May 2025 06:26:05 INFO  epoch 109 training [time: 31.09s, train_loss1: 0.1767, train_loss2: 1.0917, train_loss3: 1031.4105]
Fri 30 May 2025 06:26:33 INFO  epoch 109 evaluating [time: 28.14s, valid_score: 0.081400]
Fri 30 May 2025 06:26:33 INFO  valid result: 
popular : OrderedDict([('recall@10', 0.0945), ('recall@20', 0.1028), ('ndcg@10', 0.0832), ('ndcg@20', 0.0852), ('hit@10', 0.0954), ('hit@20', 0.1037), ('precision@10', 0.0099), ('precision@20', 0.0054)])    unpopular : OrderedDict([('recall@10', 0.0987), ('recall@20', 0.1121), ('ndcg@10', 0.0814), ('ndcg@20', 0.0848), ('hit@10', 0.0987), ('hit@20', 0.1121), ('precision@10', 0.0099), ('precision@20', 0.0056)])
Fri 30 May 2025 06:27:05 INFO  epoch 110 training [time: 31.33s, train_loss1: 0.2303, train_loss2: 1.0920, train_loss3: 1031.4683]
Fri 30 May 2025 06:27:36 INFO  epoch 111 training [time: 31.10s, train_loss1: 0.1847, train_loss2: 1.0933, train_loss3: 1031.4704]
Fri 30 May 2025 06:28:07 INFO  epoch 112 training [time: 31.15s, train_loss1: 0.2007, train_loss2: 1.0923, train_loss3: 1031.4491]
Fri 30 May 2025 06:28:38 INFO  epoch 113 training [time: 31.11s, train_loss1: 0.2018, train_loss2: 1.0925, train_loss3: 1031.4167]
Fri 30 May 2025 06:29:09 INFO  epoch 114 training [time: 31.11s, train_loss1: 0.1705, train_loss2: 1.0919, train_loss3: 1031.4560]
Fri 30 May 2025 06:29:40 INFO  epoch 115 training [time: 31.15s, train_loss1: 0.1585, train_loss2: 1.0922, train_loss3: 1031.3659]
Fri 30 May 2025 06:30:12 INFO  epoch 116 training [time: 31.22s, train_loss1: 0.1850, train_loss2: 1.0924, train_loss3: 1031.4119]
Fri 30 May 2025 06:30:43 INFO  epoch 117 training [time: 31.19s, train_loss1: 0.1872, train_loss2: 1.0930, train_loss3: 1031.4326]
Fri 30 May 2025 06:31:14 INFO  epoch 118 training [time: 31.14s, train_loss1: 0.1600, train_loss2: 1.0930, train_loss3: 1031.4599]
Fri 30 May 2025 06:31:45 INFO  epoch 119 training [time: 31.15s, train_loss1: 0.2388, train_loss2: 1.0925, train_loss3: 1031.4856]
Fri 30 May 2025 06:32:13 INFO  epoch 119 evaluating [time: 28.09s, valid_score: 0.082700]
Fri 30 May 2025 06:32:13 INFO  valid result: 
popular : OrderedDict([('recall@10', 0.0968), ('recall@20', 0.1133), ('ndcg@10', 0.0863), ('ndcg@20', 0.0904), ('hit@10', 0.0977), ('hit@20', 0.1142), ('precision@10', 0.0101), ('precision@20', 0.0059)])    unpopular : OrderedDict([('recall@10', 0.0995), ('recall@20', 0.112), ('ndcg@10', 0.0827), ('ndcg@20', 0.0858), ('hit@10', 0.0995), ('hit@20', 0.112), ('precision@10', 0.01), ('precision@20', 0.0056)])
Fri 30 May 2025 06:32:14 INFO  Saving current: saved\XSimGCL-May-30-2025_05-24-18.pth
Fri 30 May 2025 06:32:45 INFO  epoch 120 training [time: 31.17s, train_loss1: 0.2051, train_loss2: 1.0928, train_loss3: 1031.4414]
Fri 30 May 2025 06:33:16 INFO  epoch 121 training [time: 30.95s, train_loss1: 0.2122, train_loss2: 1.0924, train_loss3: 1031.4715]
Fri 30 May 2025 06:33:47 INFO  epoch 122 training [time: 30.95s, train_loss1: 0.2549, train_loss2: 1.0916, train_loss3: 1031.4802]
Fri 30 May 2025 06:34:18 INFO  epoch 123 training [time: 30.98s, train_loss1: 0.2140, train_loss2: 1.0920, train_loss3: 1031.4803]
Fri 30 May 2025 06:34:49 INFO  epoch 124 training [time: 31.01s, train_loss1: 0.2079, train_loss2: 1.0924, train_loss3: 1031.4339]
Fri 30 May 2025 06:35:20 INFO  epoch 125 training [time: 31.06s, train_loss1: 0.1852, train_loss2: 1.0916, train_loss3: 1031.4647]
Fri 30 May 2025 06:35:51 INFO  epoch 126 training [time: 31.00s, train_loss1: 0.2002, train_loss2: 1.0923, train_loss3: 1031.4299]
Fri 30 May 2025 06:36:22 INFO  epoch 127 training [time: 31.03s, train_loss1: 0.1646, train_loss2: 1.0921, train_loss3: 1031.4486]
Fri 30 May 2025 06:36:53 INFO  epoch 128 training [time: 30.97s, train_loss1: 0.2187, train_loss2: 1.0925, train_loss3: 1031.4111]
Fri 30 May 2025 06:37:24 INFO  epoch 129 training [time: 30.98s, train_loss1: 0.1596, train_loss2: 1.0916, train_loss3: 1031.4099]
Fri 30 May 2025 06:37:52 INFO  epoch 129 evaluating [time: 27.70s, valid_score: 0.081500]
Fri 30 May 2025 06:37:52 INFO  valid result: 
popular : OrderedDict([('recall@10', 0.093), ('recall@20', 0.1329), ('ndcg@10', 0.0834), ('ndcg@20', 0.0935), ('hit@10', 0.0939), ('hit@20', 0.1337), ('precision@10', 0.0098), ('precision@20', 0.0069)])    unpopular : OrderedDict([('recall@10', 0.0987), ('recall@20', 0.1118), ('ndcg@10', 0.0815), ('ndcg@20', 0.0848), ('hit@10', 0.0987), ('hit@20', 0.1118), ('precision@10', 0.0099), ('precision@20', 0.0056)])
Fri 30 May 2025 06:38:23 INFO  epoch 130 training [time: 31.29s, train_loss1: 0.1806, train_loss2: 1.0930, train_loss3: 1031.4853]
Fri 30 May 2025 06:38:54 INFO  epoch 131 training [time: 30.97s, train_loss1: 0.2024, train_loss2: 1.0922, train_loss3: 1031.4447]
Fri 30 May 2025 06:39:25 INFO  epoch 132 training [time: 31.02s, train_loss1: 0.1811, train_loss2: 1.0931, train_loss3: 1031.4674]
Fri 30 May 2025 06:39:56 INFO  epoch 133 training [time: 30.97s, train_loss1: 0.1829, train_loss2: 1.0931, train_loss3: 1031.4435]
Fri 30 May 2025 06:40:27 INFO  epoch 134 training [time: 31.03s, train_loss1: 0.2475, train_loss2: 1.0935, train_loss3: 1031.4788]
Fri 30 May 2025 06:40:58 INFO  epoch 135 training [time: 30.97s, train_loss1: 0.1859, train_loss2: 1.0930, train_loss3: 1031.4452]
Fri 30 May 2025 06:41:29 INFO  epoch 136 training [time: 30.98s, train_loss1: 0.2230, train_loss2: 1.0929, train_loss3: 1031.4943]
Fri 30 May 2025 06:42:00 INFO  epoch 137 training [time: 30.93s, train_loss1: 0.1933, train_loss2: 1.0927, train_loss3: 1031.3799]
Fri 30 May 2025 06:42:31 INFO  epoch 138 training [time: 30.99s, train_loss1: 0.2045, train_loss2: 1.0927, train_loss3: 1031.3788]
Fri 30 May 2025 06:43:02 INFO  epoch 139 training [time: 30.98s, train_loss1: 0.2388, train_loss2: 1.0928, train_loss3: 1031.4399]
Fri 30 May 2025 06:43:29 INFO  epoch 139 evaluating [time: 27.25s, valid_score: 0.082400]
Fri 30 May 2025 06:43:29 INFO  valid result: 
popular : OrderedDict([('recall@10', 0.0983), ('recall@20', 0.1156), ('ndcg@10', 0.0849), ('ndcg@20', 0.0894), ('hit@10', 0.0992), ('hit@20', 0.1165), ('precision@10', 0.0103), ('precision@20', 0.006)])    unpopular : OrderedDict([('recall@10', 0.0992), ('recall@20', 0.1116), ('ndcg@10', 0.0824), ('ndcg@20', 0.0855), ('hit@10', 0.0992), ('hit@20', 0.1116), ('precision@10', 0.0099), ('precision@20', 0.0056)])
Fri 30 May 2025 06:44:01 INFO  epoch 140 training [time: 31.21s, train_loss1: 0.1810, train_loss2: 1.0931, train_loss3: 1031.3905]
Fri 30 May 2025 06:44:32 INFO  epoch 141 training [time: 30.95s, train_loss1: 0.2064, train_loss2: 1.0939, train_loss3: 1031.3704]
Fri 30 May 2025 06:45:03 INFO  epoch 142 training [time: 30.98s, train_loss1: 0.1695, train_loss2: 1.0933, train_loss3: 1031.4266]
Fri 30 May 2025 06:45:34 INFO  epoch 143 training [time: 30.99s, train_loss1: 0.2337, train_loss2: 1.0927, train_loss3: 1031.3971]
Fri 30 May 2025 06:46:05 INFO  epoch 144 training [time: 31.06s, train_loss1: 0.2162, train_loss2: 1.0931, train_loss3: 1031.4826]
Fri 30 May 2025 06:46:36 INFO  epoch 145 training [time: 31.00s, train_loss1: 0.1497, train_loss2: 1.0930, train_loss3: 1031.4568]
Fri 30 May 2025 06:47:07 INFO  epoch 146 training [time: 31.07s, train_loss1: 0.1877, train_loss2: 1.0934, train_loss3: 1031.4436]
Fri 30 May 2025 06:47:38 INFO  epoch 147 training [time: 30.92s, train_loss1: 0.1664, train_loss2: 1.0928, train_loss3: 1031.5082]
Fri 30 May 2025 06:48:09 INFO  epoch 148 training [time: 31.01s, train_loss1: 0.1610, train_loss2: 1.0930, train_loss3: 1031.3843]
Fri 30 May 2025 06:48:40 INFO  epoch 149 training [time: 30.97s, train_loss1: 0.1802, train_loss2: 1.0933, train_loss3: 1031.4635]
Fri 30 May 2025 06:49:08 INFO  epoch 149 evaluating [time: 28.40s, valid_score: 0.081900]
Fri 30 May 2025 06:49:08 INFO  valid result: 
popular : OrderedDict([('recall@10', 0.0964), ('recall@20', 0.137), ('ndcg@10', 0.0842), ('ndcg@20', 0.0941), ('hit@10', 0.0969), ('hit@20', 0.1382), ('precision@10', 0.0101), ('precision@20', 0.0071)])    unpopular : OrderedDict([('recall@10', 0.0988), ('recall@20', 0.1124), ('ndcg@10', 0.0819), ('ndcg@20', 0.0852), ('hit@10', 0.0988), ('hit@20', 0.1124), ('precision@10', 0.0099), ('precision@20', 0.0056)])
Fri 30 May 2025 06:49:08 INFO  Finished training, best eval result in epoch 119
Fri 30 May 2025 06:49:08 INFO  Loading model structure and parameters from saved\XSimGCL-May-30-2025_05-24-18.pth
Fri 30 May 2025 06:52:38 INFO  best valid : OrderedDict([('popular', OrderedDict([('recall@10', 0.0968), ('recall@20', 0.1133), ('ndcg@10', 0.0863), ('ndcg@20', 0.0904), ('hit@10', 0.0977), ('hit@20', 0.1142), ('precision@10', 0.0101), ('precision@20', 0.0059)])), ('unpopular', OrderedDict([('recall@10', 0.0995), ('recall@20', 0.112), ('ndcg@10', 0.0827), ('ndcg@20', 0.0858), ('hit@10', 0.0995), ('hit@20', 0.112), ('precision@10', 0.01), ('precision@20', 0.0056)]))])
Fri 30 May 2025 06:52:38 INFO  test result: OrderedDict([('popular', OrderedDict([('recall@10', 0.0444), ('recall@20', 0.081), ('ndcg@10', 0.038), ('ndcg@20', 0.0473), ('hit@10', 0.0446), ('hit@20', 0.0811), ('precision@10', 0.0045), ('precision@20', 0.0041)])), ('unpopular', OrderedDict([('recall@10', 0.1985), ('recall@20', 0.2083), ('ndcg@10', 0.1804), ('ndcg@20', 0.1829), ('hit@10', 0.1985), ('hit@20', 0.2083), ('precision@10', 0.0198), ('precision@20', 0.0104)]))])
