Wed 21 May 2025 01:17:19 INFO  
General Hyper Parameters:
gpu_id = 0
use_gpu = True
seed = 2020
state = INFO
reproducibility = True
data_path = dataset/Amazon_Toys_and_Games
checkpoint_dir = saved
show_progress = True
save_dataset = False
dataset_save_path = None
save_dataloaders = False
dataloaders_save_path = None
log_wandb = False

Training Hyper Parameters:
epochs = 300
train_batch_size = 500
learner = adam
learning_rate = 0.001
train_neg_sample_args = {'distribution': 'uniform', 'sample_num': 1, 'alpha': 1.0, 'dynamic': False, 'candidate_num': 0}
eval_step = 10
stopping_step = 2
clip_grad_norm = None
weight_decay = 0.0
loss_decimal_place = 4

Evaluation Hyper Parameters:
eval_args = {'split': {'RS': [0.8, 0.1, 0.1]}, 'order': 'RO', 'group_by': 'user', 'mode': {'valid': 'full', 'test': 'full'}}
repeatable = False
metrics = ['Recall', 'NDCG', 'Hit', 'Precision']
topk = [10, 20]
valid_metric = ndcg@10
valid_metric_bigger = True
eval_batch_size = 8196
metric_decimal_place = 4

Dataset Hyper Parameters:
field_separator = 	
seq_separator =  
USER_ID_FIELD = user_id
ITEM_ID_FIELD = item_id
RATING_FIELD = rating
TIME_FIELD = timestamp
seq_len = None
LABEL_FIELD = label
threshold = None
NEG_PREFIX = neg_
load_col = {'inter': ['user_id', 'item_id']}
unload_col = None
unused_col = None
additional_feat_suffix = None
rm_dup_inter = None
val_interval = None
filter_inter_by_user_or_item = True
user_inter_num_interval = [0,inf)
item_inter_num_interval = [0,inf)
alias_of_user_id = None
alias_of_item_id = None
alias_of_entity_id = None
alias_of_relation_id = None
preload_weight = None
normalize_field = None
normalize_all = None
ITEM_LIST_LENGTH_FIELD = item_length
LIST_SUFFIX = _list
MAX_ITEM_LIST_LENGTH = 50
POSITION_FIELD = position_id
HEAD_ENTITY_ID_FIELD = head_id
TAIL_ENTITY_ID_FIELD = tail_id
RELATION_ID_FIELD = relation_id
ENTITY_ID_FIELD = entity_id
benchmark_filename = None

Other Hyper Parameters: 
worker = 0
wandb_project = recbole
shuffle = True
require_pow = True
enable_amp = False
enable_scaler = False
transform = None
numerical_features = []
discretization = None
kg_reverse_r = False
entity_kg_num_interval = [0,inf)
relation_kg_num_interval = [0,inf)
MODEL_TYPE = ModelType.GENERAL
embedding_size = 64
n_layers = 2
reg_weight = 0.0001
lambda = 0.1
eps = 0.1
temperature = 0.2
layer_cl = 1
MODEL_INPUT_TYPE = InputType.PAIRWISE
eval_type = EvaluatorType.RANKING
single_spec = True
local_rank = 0
device = cuda
valid_neg_sample_args = {'distribution': 'uniform', 'sample_num': 'none'}
test_neg_sample_args = {'distribution': 'uniform', 'sample_num': 'none'}


Wed 21 May 2025 01:17:27 INFO  Amazon_Toys_and_Games
The number of users: 1342912
Average actions of users: 1.677528145945636
The number of items: 327699
Average actions of items: 6.874533869599448
The number of inters: 2252771
The sparsity of the dataset: 99.99948808910104%
Remain Fields: ['user_id', 'item_id']
Wed 21 May 2025 01:17:46 INFO  [Training]: train_batch_size = [500] train_neg_sample_args: [{'distribution': 'uniform', 'sample_num': 1, 'alpha': 1.0, 'dynamic': False, 'candidate_num': 0}]
Wed 21 May 2025 01:17:46 INFO  [Evaluation]: eval_batch_size = [8196] eval_args: [{'split': {'RS': [0.8, 0.1, 0.1]}, 'order': 'RO', 'group_by': 'user', 'mode': {'valid': 'full', 'test': 'full'}}]
Wed 21 May 2025 01:17:47 INFO  XSimGCL(
  (user_embedding): Embedding(1342912, 64)
  (item_embedding): Embedding(327699, 64)
  (gcn_conv): LightGCNConv(64)
  (mf_loss): BPRLoss()
  (reg_loss): EmbLoss()
)
Trainable parameters: 106919104
Wed 21 May 2025 01:22:22 INFO  epoch 0 training [time: 275.00s, train_loss1: 1600.3559, train_loss2: 0.3321, train_loss3: 1277.1554]
Wed 21 May 2025 01:26:56 INFO  epoch 1 training [time: 274.11s, train_loss1: 614.3780, train_loss2: 1.3434, train_loss3: 1146.8443]
Wed 21 May 2025 01:31:31 INFO  epoch 2 training [time: 274.48s, train_loss1: 269.5461, train_loss2: 2.3347, train_loss3: 1124.1903]
Wed 21 May 2025 01:36:04 INFO  epoch 3 training [time: 273.38s, train_loss1: 150.8623, train_loss2: 3.1392, train_loss3: 1118.9358]
Wed 21 May 2025 01:40:32 INFO  epoch 4 training [time: 267.31s, train_loss1: 96.3077, train_loss2: 3.7480, train_loss3: 1117.0563]
Wed 21 May 2025 01:44:59 INFO  epoch 5 training [time: 267.16s, train_loss1: 65.8694, train_loss2: 4.2028, train_loss3: 1116.0770]
Wed 21 May 2025 01:49:26 INFO  epoch 6 training [time: 266.89s, train_loss1: 46.9638, train_loss2: 4.5486, train_loss3: 1115.4728]
Wed 21 May 2025 01:53:53 INFO  epoch 7 training [time: 267.17s, train_loss1: 34.2009, train_loss2: 4.8169, train_loss3: 1115.0987]
Wed 21 May 2025 01:58:20 INFO  epoch 8 training [time: 267.18s, train_loss1: 25.0115, train_loss2: 5.0272, train_loss3: 1114.7725]
Wed 21 May 2025 02:02:48 INFO  epoch 9 training [time: 267.68s, train_loss1: 18.5982, train_loss2: 5.1933, train_loss3: 1114.5964]
Wed 21 May 2025 02:17:09 INFO  valid result: 
recall@10 : 0.0169    recall@20 : 0.0243    ndcg@10 : 0.0095    ndcg@20 : 0.0113    hit@10 : 0.0174    hit@20 : 0.0251    precision@10 : 0.0017    precision@20 : 0.0013
Wed 21 May 2025 02:17:09 INFO  epoch 9 evaluating [time: 861.21s, valid_score: 0.009500]
Wed 21 May 2025 02:17:12 INFO  Saving current: saved\XSimGCL-May-21-2025_01-17-47.pth
Wed 21 May 2025 02:21:40 INFO  epoch 10 training [time: 267.92s, train_loss1: 14.4062, train_loss2: 5.3242, train_loss3: 1114.4292]
Wed 21 May 2025 02:26:07 INFO  epoch 11 training [time: 267.62s, train_loss1: 11.1172, train_loss2: 5.4303, train_loss3: 1114.3455]
Wed 21 May 2025 02:30:35 INFO  epoch 12 training [time: 267.64s, train_loss1: 8.8612, train_loss2: 5.5142, train_loss3: 1114.2066]
Wed 21 May 2025 02:35:02 INFO  epoch 13 training [time: 267.13s, train_loss1: 7.5668, train_loss2: 5.5782, train_loss3: 1114.1834]
Wed 21 May 2025 02:39:30 INFO  epoch 14 training [time: 267.44s, train_loss1: 6.4357, train_loss2: 5.6292, train_loss3: 1114.1086]
Wed 21 May 2025 02:43:57 INFO  epoch 15 training [time: 267.43s, train_loss1: 5.5938, train_loss2: 5.6667, train_loss3: 1114.0505]
Wed 21 May 2025 02:48:24 INFO  epoch 16 training [time: 267.47s, train_loss1: 5.5520, train_loss2: 5.6954, train_loss3: 1114.0422]
Wed 21 May 2025 02:52:52 INFO  epoch 17 training [time: 267.51s, train_loss1: 5.3174, train_loss2: 5.7149, train_loss3: 1113.9782]
Wed 21 May 2025 02:57:20 INFO  epoch 18 training [time: 268.00s, train_loss1: 5.0525, train_loss2: 5.7276, train_loss3: 1113.9999]
Wed 21 May 2025 03:01:47 INFO  epoch 19 training [time: 267.37s, train_loss1: 4.7354, train_loss2: 5.7387, train_loss3: 1113.9554]
Wed 21 May 2025 03:16:11 INFO  valid result: 
recall@10 : 0.0156    recall@20 : 0.0219    ndcg@10 : 0.0089    ndcg@20 : 0.0105    hit@10 : 0.0161    hit@20 : 0.0226    precision@10 : 0.0016    precision@20 : 0.0011
Wed 21 May 2025 03:16:11 INFO  epoch 19 evaluating [time: 864.02s, valid_score: 0.008900]
Wed 21 May 2025 03:20:39 INFO  epoch 20 training [time: 267.70s, train_loss1: 4.6695, train_loss2: 5.7432, train_loss3: 1113.9208]
Wed 21 May 2025 03:25:07 INFO  epoch 21 training [time: 267.54s, train_loss1: 4.6130, train_loss2: 5.7447, train_loss3: 1113.8998]
Wed 21 May 2025 03:29:34 INFO  epoch 22 training [time: 267.58s, train_loss1: 4.4731, train_loss2: 5.7427, train_loss3: 1113.8932]
Wed 21 May 2025 03:34:02 INFO  epoch 23 training [time: 267.63s, train_loss1: 4.7731, train_loss2: 5.7398, train_loss3: 1113.8849]
Wed 21 May 2025 03:38:29 INFO  epoch 24 training [time: 267.34s, train_loss1: 4.4371, train_loss2: 5.7369, train_loss3: 1113.8675]
Wed 21 May 2025 03:42:57 INFO  epoch 25 training [time: 267.41s, train_loss1: 4.3456, train_loss2: 5.7333, train_loss3: 1113.8478]
Wed 21 May 2025 03:47:23 INFO  epoch 26 training [time: 266.94s, train_loss1: 4.1545, train_loss2: 5.7270, train_loss3: 1113.8968]
Wed 21 May 2025 03:51:51 INFO  epoch 27 training [time: 267.57s, train_loss1: 4.1995, train_loss2: 5.7204, train_loss3: 1113.8917]
Wed 21 May 2025 03:56:18 INFO  epoch 28 training [time: 267.27s, train_loss1: 4.3407, train_loss2: 5.7144, train_loss3: 1113.8723]
Wed 21 May 2025 04:00:46 INFO  epoch 29 training [time: 267.82s, train_loss1: 4.0785, train_loss2: 5.7077, train_loss3: 1113.8287]
Wed 21 May 2025 04:14:58 INFO  valid result: 
recall@10 : 0.0145    recall@20 : 0.0199    ndcg@10 : 0.0084    ndcg@20 : 0.0097    hit@10 : 0.0148    hit@20 : 0.0205    precision@10 : 0.0015    precision@20 : 0.001
Wed 21 May 2025 04:14:58 INFO  epoch 29 evaluating [time: 852.29s, valid_score: 0.008400]
Wed 21 May 2025 04:19:25 INFO  epoch 30 training [time: 266.38s, train_loss1: 4.0097, train_loss2: 5.7001, train_loss3: 1113.7901]
Wed 21 May 2025 04:23:52 INFO  epoch 31 training [time: 267.48s, train_loss1: 3.8376, train_loss2: 5.6896, train_loss3: 1113.8384]
Wed 21 May 2025 04:28:20 INFO  epoch 32 training [time: 267.61s, train_loss1: 4.1062, train_loss2: 5.6801, train_loss3: 1113.8429]
Wed 21 May 2025 04:32:48 INFO  epoch 33 training [time: 267.75s, train_loss1: 3.8951, train_loss2: 5.6718, train_loss3: 1113.8043]
Wed 21 May 2025 04:37:15 INFO  epoch 34 training [time: 267.60s, train_loss1: 4.0811, train_loss2: 5.6640, train_loss3: 1113.8535]
Wed 21 May 2025 04:41:43 INFO  epoch 35 training [time: 267.59s, train_loss1: 3.9536, train_loss2: 5.6571, train_loss3: 1113.8402]
Wed 21 May 2025 04:46:10 INFO  epoch 36 training [time: 266.89s, train_loss1: 3.9682, train_loss2: 5.6499, train_loss3: 1113.8095]
Wed 21 May 2025 04:50:37 INFO  epoch 37 training [time: 267.60s, train_loss1: 4.1159, train_loss2: 5.6425, train_loss3: 1113.8600]
Wed 21 May 2025 04:55:05 INFO  epoch 38 training [time: 267.34s, train_loss1: 3.9022, train_loss2: 5.6376, train_loss3: 1113.8179]
Wed 21 May 2025 04:59:32 INFO  epoch 39 training [time: 267.69s, train_loss1: 4.1953, train_loss2: 5.6346, train_loss3: 1113.8273]
Wed 21 May 2025 05:14:03 INFO  valid result: 
recall@10 : 0.0138    recall@20 : 0.0191    ndcg@10 : 0.008    ndcg@20 : 0.0093    hit@10 : 0.0141    hit@20 : 0.0197    precision@10 : 0.0014    precision@20 : 0.001
Wed 21 May 2025 05:14:03 INFO  epoch 39 evaluating [time: 870.57s, valid_score: 0.008000]
Wed 21 May 2025 05:14:03 INFO  Finished training, best eval result in epoch 9
Wed 21 May 2025 05:14:04 INFO  Loading model structure and parameters from saved\XSimGCL-May-21-2025_01-17-47.pth
Wed 21 May 2025 06:10:12 INFO  valid result: 
recall@10 : 0.0171    recall@20 : 0.0236    ndcg@10 : 0.0098    ndcg@20 : 0.0115    hit@10 : 0.0174    hit@20 : 0.024    precision@10 : 0.0017    precision@20 : 0.0012
Wed 21 May 2025 06:10:12 INFO  best valid : OrderedDict([('recall@10', 0.0169), ('recall@20', 0.0243), ('ndcg@10', 0.0095), ('ndcg@20', 0.0113), ('hit@10', 0.0174), ('hit@20', 0.0251), ('precision@10', 0.0017), ('precision@20', 0.0013)])
Wed 21 May 2025 06:10:12 INFO  test result: OrderedDict([('recall@10', 0.0171), ('recall@20', 0.0236), ('ndcg@10', 0.0098), ('ndcg@20', 0.0115), ('hit@10', 0.0174), ('hit@20', 0.024), ('precision@10', 0.0017), ('precision@20', 0.0012)])
