Mon 26 May 2025 02:20:10 INFO  
General Hyper Parameters:
gpu_id = 0
use_gpu = True
seed = 2020
state = INFO
reproducibility = True
data_path = dataset/Amazon_Appliances
checkpoint_dir = saved
show_progress = True
save_dataset = False
dataset_save_path = None
save_dataloaders = False
dataloaders_save_path = None
log_wandb = False

Training Hyper Parameters:
epochs = 300
train_batch_size = 500
learner = adam
learning_rate = 0.001
train_neg_sample_args = {'distribution': 'uniform', 'sample_num': 1, 'alpha': 1.0, 'dynamic': False, 'candidate_num': 0}
eval_step = 10
stopping_step = 2
clip_grad_norm = None
weight_decay = 0.0
loss_decimal_place = 4

Evaluation Hyper Parameters:
eval_args = {'split': {'RS': [0.8, 0.1, 0.1]}, 'order': 'RO', 'group_by': 'user', 'mode': {'valid': 'full', 'test': 'full'}}
repeatable = False
metrics = ['Recall', 'NDCG', 'Hit', 'Precision']
topk = [10, 20]
valid_metric = ndcg@10
valid_metric_bigger = True
eval_batch_size = 8196
metric_decimal_place = 4

Dataset Hyper Parameters:
field_separator = 	
seq_separator =  
USER_ID_FIELD = user_id
ITEM_ID_FIELD = item_id
RATING_FIELD = rating
TIME_FIELD = timestamp
seq_len = None
LABEL_FIELD = label
threshold = None
NEG_PREFIX = neg_
load_col = {'inter': ['user_id', 'item_id']}
unload_col = None
unused_col = None
additional_feat_suffix = None
rm_dup_inter = None
val_interval = None
filter_inter_by_user_or_item = True
user_inter_num_interval = [0,inf)
item_inter_num_interval = [0,inf)
alias_of_user_id = None
alias_of_item_id = None
alias_of_entity_id = None
alias_of_relation_id = None
preload_weight = None
normalize_field = None
normalize_all = None
ITEM_LIST_LENGTH_FIELD = item_length
LIST_SUFFIX = _list
MAX_ITEM_LIST_LENGTH = 50
POSITION_FIELD = position_id
HEAD_ENTITY_ID_FIELD = head_id
TAIL_ENTITY_ID_FIELD = tail_id
RELATION_ID_FIELD = relation_id
ENTITY_ID_FIELD = entity_id
benchmark_filename = None

Other Hyper Parameters: 
worker = 0
wandb_project = recbole
shuffle = True
require_pow = False
enable_amp = False
enable_scaler = False
transform = None
type = RW
n_layers = 2
ssl_tau = 0.8
reg_weight = 0.0001
ssl_weight = 1e-07
drop_ratio = 0.1
embedding_size = 64
numerical_features = []
discretization = None
kg_reverse_r = False
entity_kg_num_interval = [0,inf)
relation_kg_num_interval = [0,inf)
MODEL_TYPE = ModelType.GENERAL
MODEL_INPUT_TYPE = InputType.PAIRWISE
eval_type = EvaluatorType.RANKING
single_spec = True
local_rank = 0
device = cuda
valid_neg_sample_args = {'distribution': 'uniform', 'sample_num': 'none'}
test_neg_sample_args = {'distribution': 'uniform', 'sample_num': 'none'}


Mon 26 May 2025 02:20:12 INFO  Amazon_Appliances
The number of users: 515651
Average actions of users: 1.1689653834965577
The number of items: 30253
Average actions of items: 19.925195028427872
The number of inters: 602777
The sparsity of the dataset: 99.99613604232134%
Remain Fields: ['user_id', 'item_id']
Mon 26 May 2025 02:20:18 INFO  [Training]: train_batch_size = [500] train_neg_sample_args: [{'distribution': 'uniform', 'sample_num': 1, 'alpha': 1.0, 'dynamic': False, 'candidate_num': 0}]
Mon 26 May 2025 02:20:18 INFO  [Evaluation]: eval_batch_size = [8196] eval_args: [{'split': {'RS': [0.8, 0.1, 0.1]}, 'order': 'RO', 'group_by': 'user', 'mode': {'valid': 'full', 'test': 'full'}}]
Mon 26 May 2025 02:20:18 INFO  SGL(
  (user_embedding): Embedding(515651, 64)
  (item_embedding): Embedding(30253, 64)
  (gcn_conv): LightGCNConv(64)
  (reg_loss): EmbLoss()
)
Trainable parameters: 34937856
Mon 26 May 2025 02:21:28 INFO  epoch 0 training [time: 69.52s, train loss: 113396.2433]
Mon 26 May 2025 02:22:37 INFO  epoch 1 training [time: 68.61s, train loss: 39460.7902]
Mon 26 May 2025 02:23:45 INFO  epoch 2 training [time: 68.79s, train loss: 23934.7900]
Mon 26 May 2025 02:24:54 INFO  epoch 3 training [time: 68.60s, train loss: 16570.2121]
Mon 26 May 2025 02:26:03 INFO  epoch 4 training [time: 68.62s, train loss: 12200.9325]
Mon 26 May 2025 02:27:11 INFO  epoch 5 training [time: 68.71s, train loss: 9294.8111]
Mon 26 May 2025 02:28:20 INFO  epoch 6 training [time: 68.60s, train loss: 7242.7020]
Mon 26 May 2025 02:29:29 INFO  epoch 7 training [time: 68.69s, train loss: 5766.8963]
Mon 26 May 2025 02:30:37 INFO  epoch 8 training [time: 68.66s, train loss: 4580.8056]
Mon 26 May 2025 02:31:46 INFO  epoch 9 training [time: 68.72s, train loss: 3680.7942]
Mon 26 May 2025 02:32:14 INFO  valid result: 
recall@10 : 0.0837    recall@20 : 0.0982    ndcg@10 : 0.0713    ndcg@20 : 0.075    hit@10 : 0.0837    hit@20 : 0.0983    precision@10 : 0.0084    precision@20 : 0.0049
Mon 26 May 2025 02:32:14 INFO  epoch 9 evaluating [time: 28.21s, valid_score: 0.071300]
Mon 26 May 2025 02:32:15 INFO  Saving current: saved\SGL-May-26-2025_02-20-18.pth
Mon 26 May 2025 02:33:24 INFO  epoch 10 training [time: 68.84s, train loss: 2959.1449]
Mon 26 May 2025 02:34:32 INFO  epoch 11 training [time: 68.58s, train loss: 2423.4103]
Mon 26 May 2025 02:35:41 INFO  epoch 12 training [time: 68.61s, train loss: 1967.4158]
Mon 26 May 2025 02:36:50 INFO  epoch 13 training [time: 68.62s, train loss: 1588.5361]
Mon 26 May 2025 02:37:58 INFO  epoch 14 training [time: 68.59s, train loss: 1257.4668]
Mon 26 May 2025 02:39:07 INFO  epoch 15 training [time: 68.66s, train loss: 1072.2509]
Mon 26 May 2025 02:40:16 INFO  epoch 16 training [time: 68.65s, train loss: 833.1471]
Mon 26 May 2025 02:41:24 INFO  epoch 17 training [time: 68.65s, train loss: 699.0846]
Mon 26 May 2025 02:42:33 INFO  epoch 18 training [time: 68.63s, train loss: 562.6885]
Mon 26 May 2025 02:43:41 INFO  epoch 19 training [time: 68.62s, train loss: 437.9620]
Mon 26 May 2025 02:44:10 INFO  valid result: 
recall@10 : 0.0869    recall@20 : 0.0986    ndcg@10 : 0.0736    ndcg@20 : 0.0766    hit@10 : 0.087    hit@20 : 0.0987    precision@10 : 0.0087    precision@20 : 0.005
Mon 26 May 2025 02:44:10 INFO  epoch 19 evaluating [time: 28.50s, valid_score: 0.073600]
Mon 26 May 2025 02:44:11 INFO  Saving current: saved\SGL-May-26-2025_02-20-18.pth
Mon 26 May 2025 02:45:20 INFO  epoch 20 training [time: 68.93s, train loss: 372.1166]
Mon 26 May 2025 02:46:29 INFO  epoch 21 training [time: 68.68s, train loss: 319.9370]
Mon 26 May 2025 02:47:37 INFO  epoch 22 training [time: 68.70s, train loss: 282.3429]
Mon 26 May 2025 02:48:46 INFO  epoch 23 training [time: 68.67s, train loss: 228.8338]
Mon 26 May 2025 02:49:54 INFO  epoch 24 training [time: 68.57s, train loss: 171.9922]
Mon 26 May 2025 02:51:03 INFO  epoch 25 training [time: 68.61s, train loss: 137.8379]
Mon 26 May 2025 02:52:12 INFO  epoch 26 training [time: 68.62s, train loss: 112.1093]
Mon 26 May 2025 02:53:20 INFO  epoch 27 training [time: 68.61s, train loss: 118.7812]
Mon 26 May 2025 02:54:27 INFO  epoch 28 training [time: 66.63s, train loss: 85.7669]
Mon 26 May 2025 02:55:33 INFO  epoch 29 training [time: 65.67s, train loss: 93.1797]
Mon 26 May 2025 02:56:00 INFO  valid result: 
recall@10 : 0.0853    recall@20 : 0.1002    ndcg@10 : 0.0734    ndcg@20 : 0.0771    hit@10 : 0.0854    hit@20 : 0.1002    precision@10 : 0.0086    precision@20 : 0.005
Mon 26 May 2025 02:56:00 INFO  epoch 29 evaluating [time: 27.80s, valid_score: 0.073400]
Mon 26 May 2025 02:57:06 INFO  epoch 30 training [time: 65.81s, train loss: 83.2199]
Mon 26 May 2025 02:58:12 INFO  epoch 31 training [time: 65.62s, train loss: 48.3428]
Mon 26 May 2025 02:59:17 INFO  epoch 32 training [time: 65.57s, train loss: 49.9745]
Mon 26 May 2025 03:00:23 INFO  epoch 33 training [time: 65.61s, train loss: 58.6678]
Mon 26 May 2025 03:01:29 INFO  epoch 34 training [time: 65.66s, train loss: 47.1965]
Mon 26 May 2025 03:02:34 INFO  epoch 35 training [time: 65.66s, train loss: 37.1996]
Mon 26 May 2025 03:03:40 INFO  epoch 36 training [time: 65.66s, train loss: 38.4174]
Mon 26 May 2025 03:04:46 INFO  epoch 37 training [time: 65.70s, train loss: 26.3735]
Mon 26 May 2025 03:05:51 INFO  epoch 38 training [time: 65.59s, train loss: 33.7955]
Mon 26 May 2025 03:06:57 INFO  epoch 39 training [time: 65.51s, train loss: 35.2090]
Mon 26 May 2025 03:07:25 INFO  valid result: 
recall@10 : 0.0858    recall@20 : 0.0987    ndcg@10 : 0.074    ndcg@20 : 0.0773    hit@10 : 0.0858    hit@20 : 0.0988    precision@10 : 0.0086    precision@20 : 0.005
Mon 26 May 2025 03:07:25 INFO  epoch 39 evaluating [time: 28.01s, valid_score: 0.074000]
Mon 26 May 2025 03:07:26 INFO  Saving current: saved\SGL-May-26-2025_02-20-18.pth
Mon 26 May 2025 03:08:32 INFO  epoch 40 training [time: 65.90s, train loss: 40.0015]
Mon 26 May 2025 03:09:38 INFO  epoch 41 training [time: 65.64s, train loss: 29.1253]
Mon 26 May 2025 03:10:43 INFO  epoch 42 training [time: 65.60s, train loss: 28.1626]
Mon 26 May 2025 03:11:49 INFO  epoch 43 training [time: 65.70s, train loss: 38.5784]
Mon 26 May 2025 03:12:55 INFO  epoch 44 training [time: 65.59s, train loss: 22.1116]
Mon 26 May 2025 03:14:00 INFO  epoch 45 training [time: 65.54s, train loss: 15.9269]
Mon 26 May 2025 03:15:06 INFO  epoch 46 training [time: 65.69s, train loss: 18.7997]
Mon 26 May 2025 03:16:11 INFO  epoch 47 training [time: 65.62s, train loss: 26.4393]
Mon 26 May 2025 03:17:17 INFO  epoch 48 training [time: 65.52s, train loss: 36.0382]
Mon 26 May 2025 03:18:23 INFO  epoch 49 training [time: 65.67s, train loss: 20.9386]
Mon 26 May 2025 03:18:51 INFO  valid result: 
recall@10 : 0.0872    recall@20 : 0.0993    ndcg@10 : 0.0741    ndcg@20 : 0.0771    hit@10 : 0.0873    hit@20 : 0.0994    precision@10 : 0.0088    precision@20 : 0.005
Mon 26 May 2025 03:18:51 INFO  epoch 49 evaluating [time: 27.97s, valid_score: 0.074100]
Mon 26 May 2025 03:18:52 INFO  Saving current: saved\SGL-May-26-2025_02-20-18.pth
Mon 26 May 2025 03:19:58 INFO  epoch 50 training [time: 65.99s, train loss: 32.9559]
Mon 26 May 2025 03:21:03 INFO  epoch 51 training [time: 65.59s, train loss: 13.9184]
Mon 26 May 2025 03:22:09 INFO  epoch 52 training [time: 65.60s, train loss: 13.9466]
Mon 26 May 2025 03:23:14 INFO  epoch 53 training [time: 65.67s, train loss: 16.0755]
Mon 26 May 2025 03:24:20 INFO  epoch 54 training [time: 65.68s, train loss: 13.1049]
Mon 26 May 2025 03:25:26 INFO  epoch 55 training [time: 65.67s, train loss: 26.9315]
Mon 26 May 2025 03:26:32 INFO  epoch 56 training [time: 65.72s, train loss: 8.5487]
Mon 26 May 2025 03:27:37 INFO  epoch 57 training [time: 65.60s, train loss: 7.6470]
Mon 26 May 2025 03:28:43 INFO  epoch 58 training [time: 65.66s, train loss: 13.0076]
Mon 26 May 2025 03:29:48 INFO  epoch 59 training [time: 65.64s, train loss: 10.3320]
Mon 26 May 2025 03:30:18 INFO  valid result: 
recall@10 : 0.0921    recall@20 : 0.1052    ndcg@10 : 0.0762    ndcg@20 : 0.0795    hit@10 : 0.0922    hit@20 : 0.1054    precision@10 : 0.0093    precision@20 : 0.0053
Mon 26 May 2025 03:30:18 INFO  epoch 59 evaluating [time: 29.10s, valid_score: 0.076200]
Mon 26 May 2025 03:30:19 INFO  Saving current: saved\SGL-May-26-2025_02-20-18.pth
Mon 26 May 2025 03:31:24 INFO  epoch 60 training [time: 65.77s, train loss: 17.4192]
Mon 26 May 2025 03:32:30 INFO  epoch 61 training [time: 65.66s, train loss: 24.7241]
Mon 26 May 2025 03:33:36 INFO  epoch 62 training [time: 65.64s, train loss: 5.4222]
Mon 26 May 2025 03:34:41 INFO  epoch 63 training [time: 65.58s, train loss: 9.5771]
Mon 26 May 2025 03:35:47 INFO  epoch 64 training [time: 65.56s, train loss: 10.5067]
Mon 26 May 2025 03:36:52 INFO  epoch 65 training [time: 65.62s, train loss: 5.6398]
Mon 26 May 2025 03:37:58 INFO  epoch 66 training [time: 65.65s, train loss: 5.4507]
Mon 26 May 2025 03:39:04 INFO  epoch 67 training [time: 65.60s, train loss: 7.0644]
Mon 26 May 2025 03:40:09 INFO  epoch 68 training [time: 65.60s, train loss: 14.1789]
Mon 26 May 2025 03:41:15 INFO  epoch 69 training [time: 65.59s, train loss: 13.5717]
Mon 26 May 2025 03:41:44 INFO  valid result: 
recall@10 : 0.0958    recall@20 : 0.1119    ndcg@10 : 0.0787    ndcg@20 : 0.0827    hit@10 : 0.0959    hit@20 : 0.1121    precision@10 : 0.0096    precision@20 : 0.0056
Mon 26 May 2025 03:41:44 INFO  epoch 69 evaluating [time: 29.23s, valid_score: 0.078700]
Mon 26 May 2025 03:41:45 INFO  Saving current: saved\SGL-May-26-2025_02-20-18.pth
Mon 26 May 2025 03:42:51 INFO  epoch 70 training [time: 65.87s, train loss: 13.4910]
Mon 26 May 2025 03:43:57 INFO  epoch 71 training [time: 65.69s, train loss: 5.9250]
Mon 26 May 2025 03:45:02 INFO  epoch 72 training [time: 65.65s, train loss: 13.7971]
Mon 26 May 2025 03:46:10 INFO  epoch 73 training [time: 67.42s, train loss: 7.4408]
Mon 26 May 2025 03:47:18 INFO  epoch 74 training [time: 68.75s, train loss: 7.0466]
Mon 26 May 2025 03:48:27 INFO  epoch 75 training [time: 68.80s, train loss: 12.6425]
Mon 26 May 2025 03:49:36 INFO  epoch 76 training [time: 68.81s, train loss: 8.5468]
Mon 26 May 2025 03:50:45 INFO  epoch 77 training [time: 68.80s, train loss: 8.9404]
Mon 26 May 2025 03:51:54 INFO  epoch 78 training [time: 68.64s, train loss: 5.8389]
Mon 26 May 2025 03:53:02 INFO  epoch 79 training [time: 68.61s, train loss: 2.7720]
Mon 26 May 2025 03:53:32 INFO  valid result: 
recall@10 : 0.097    recall@20 : 0.1135    ndcg@10 : 0.0815    ndcg@20 : 0.0857    hit@10 : 0.0971    hit@20 : 0.1136    precision@10 : 0.0097    precision@20 : 0.0057
Mon 26 May 2025 03:53:32 INFO  epoch 79 evaluating [time: 30.21s, valid_score: 0.081500]
Mon 26 May 2025 03:53:33 INFO  Saving current: saved\SGL-May-26-2025_02-20-18.pth
Mon 26 May 2025 03:54:42 INFO  epoch 80 training [time: 68.75s, train loss: 21.8431]
Mon 26 May 2025 03:55:51 INFO  epoch 81 training [time: 68.54s, train loss: 11.3603]
Mon 26 May 2025 03:56:59 INFO  epoch 82 training [time: 68.59s, train loss: 26.3866]
Mon 26 May 2025 03:58:08 INFO  epoch 83 training [time: 68.64s, train loss: 10.4102]
Mon 26 May 2025 03:59:16 INFO  epoch 84 training [time: 68.64s, train loss: 7.7309]
Mon 26 May 2025 04:00:25 INFO  epoch 85 training [time: 68.61s, train loss: 16.9668]
Mon 26 May 2025 04:01:34 INFO  epoch 86 training [time: 68.61s, train loss: 11.2664]
Mon 26 May 2025 04:02:42 INFO  epoch 87 training [time: 68.65s, train loss: 10.1333]
Mon 26 May 2025 04:03:51 INFO  epoch 88 training [time: 68.63s, train loss: 16.6320]
Mon 26 May 2025 04:05:00 INFO  epoch 89 training [time: 68.68s, train loss: 18.9450]
Mon 26 May 2025 04:05:29 INFO  valid result: 
recall@10 : 0.1018    recall@20 : 0.1149    ndcg@10 : 0.0834    ndcg@20 : 0.0867    hit@10 : 0.1019    hit@20 : 0.115    precision@10 : 0.0102    precision@20 : 0.0058
Mon 26 May 2025 04:05:29 INFO  epoch 89 evaluating [time: 28.98s, valid_score: 0.083400]
Mon 26 May 2025 04:05:30 INFO  Saving current: saved\SGL-May-26-2025_02-20-18.pth
Mon 26 May 2025 04:06:39 INFO  epoch 90 training [time: 68.89s, train loss: 13.9896]
Mon 26 May 2025 04:07:47 INFO  epoch 91 training [time: 68.61s, train loss: 8.6040]
Mon 26 May 2025 04:08:56 INFO  epoch 92 training [time: 68.57s, train loss: 22.7383]
Mon 26 May 2025 04:10:04 INFO  epoch 93 training [time: 68.62s, train loss: 8.0592]
Mon 26 May 2025 04:11:13 INFO  epoch 94 training [time: 68.81s, train loss: 7.8421]
Mon 26 May 2025 04:12:22 INFO  epoch 95 training [time: 68.59s, train loss: 8.6275]
Mon 26 May 2025 04:13:29 INFO  epoch 96 training [time: 67.37s, train loss: 9.4586]
Mon 26 May 2025 04:14:35 INFO  epoch 97 training [time: 65.56s, train loss: 26.5655]
Mon 26 May 2025 04:15:40 INFO  epoch 98 training [time: 65.57s, train loss: 36.9644]
Mon 26 May 2025 04:16:46 INFO  epoch 99 training [time: 65.69s, train loss: 6.0789]
Mon 26 May 2025 04:17:15 INFO  valid result: 
recall@10 : 0.0995    recall@20 : 0.1148    ndcg@10 : 0.0809    ndcg@20 : 0.0848    hit@10 : 0.0996    hit@20 : 0.115    precision@10 : 0.01    precision@20 : 0.0058
Mon 26 May 2025 04:17:15 INFO  epoch 99 evaluating [time: 29.43s, valid_score: 0.080900]
Mon 26 May 2025 04:18:21 INFO  epoch 100 training [time: 65.91s, train loss: 25.4188]
Mon 26 May 2025 04:19:27 INFO  epoch 101 training [time: 65.55s, train loss: 18.2071]
Mon 26 May 2025 04:20:32 INFO  epoch 102 training [time: 65.52s, train loss: 28.6868]
Mon 26 May 2025 04:21:38 INFO  epoch 103 training [time: 65.57s, train loss: 2.8607]
Mon 26 May 2025 04:22:44 INFO  epoch 104 training [time: 65.65s, train loss: 15.6299]
Mon 26 May 2025 04:23:49 INFO  epoch 105 training [time: 65.68s, train loss: 15.4034]
Mon 26 May 2025 04:24:55 INFO  epoch 106 training [time: 65.71s, train loss: 15.1350]
Mon 26 May 2025 04:26:01 INFO  epoch 107 training [time: 65.57s, train loss: 5.4513]
Mon 26 May 2025 04:27:06 INFO  epoch 108 training [time: 65.57s, train loss: 18.1407]
Mon 26 May 2025 04:28:12 INFO  epoch 109 training [time: 65.66s, train loss: 14.0138]
Mon 26 May 2025 04:28:40 INFO  valid result: 
recall@10 : 0.0996    recall@20 : 0.1107    ndcg@10 : 0.0808    ndcg@20 : 0.0836    hit@10 : 0.0996    hit@20 : 0.1108    precision@10 : 0.01    precision@20 : 0.0056
Mon 26 May 2025 04:28:40 INFO  epoch 109 evaluating [time: 28.46s, valid_score: 0.080800]
Mon 26 May 2025 04:29:46 INFO  epoch 110 training [time: 65.90s, train loss: 3.7006]
Mon 26 May 2025 04:30:52 INFO  epoch 111 training [time: 65.71s, train loss: 2.7471]
Mon 26 May 2025 04:31:58 INFO  epoch 112 training [time: 65.70s, train loss: 5.1339]
Mon 26 May 2025 04:33:03 INFO  epoch 113 training [time: 65.60s, train loss: 7.5123]
Mon 26 May 2025 04:34:09 INFO  epoch 114 training [time: 65.58s, train loss: 12.1632]
Mon 26 May 2025 04:35:14 INFO  epoch 115 training [time: 65.69s, train loss: 12.7517]
Mon 26 May 2025 04:36:20 INFO  epoch 116 training [time: 65.65s, train loss: 18.0032]
Mon 26 May 2025 04:37:26 INFO  epoch 117 training [time: 65.71s, train loss: 12.8750]
Mon 26 May 2025 04:38:31 INFO  epoch 118 training [time: 65.67s, train loss: 2.1854]
Mon 26 May 2025 04:39:37 INFO  epoch 119 training [time: 65.63s, train loss: 3.9365]
Mon 26 May 2025 04:40:07 INFO  valid result: 
recall@10 : 0.0972    recall@20 : 0.1097    ndcg@10 : 0.0796    ndcg@20 : 0.0827    hit@10 : 0.0973    hit@20 : 0.1099    precision@10 : 0.0098    precision@20 : 0.0055
Mon 26 May 2025 04:40:07 INFO  epoch 119 evaluating [time: 29.70s, valid_score: 0.079600]
Mon 26 May 2025 04:40:07 INFO  Finished training, best eval result in epoch 89
Mon 26 May 2025 04:40:07 INFO  Loading model structure and parameters from saved\SGL-May-26-2025_02-20-18.pth
Mon 26 May 2025 04:43:35 INFO  valid result: 
recall@10 : 0.1919    recall@20 : 0.2066    ndcg@10 : 0.167    ndcg@20 : 0.1708    hit@10 : 0.1919    hit@20 : 0.2066    precision@10 : 0.0192    precision@20 : 0.0103
Mon 26 May 2025 04:43:35 INFO  best valid : OrderedDict([('recall@10', 0.1018), ('recall@20', 0.1149), ('ndcg@10', 0.0834), ('ndcg@20', 0.0867), ('hit@10', 0.1019), ('hit@20', 0.115), ('precision@10', 0.0102), ('precision@20', 0.0058)])
Mon 26 May 2025 04:43:35 INFO  test result: OrderedDict([('recall@10', 0.1919), ('recall@20', 0.2066), ('ndcg@10', 0.167), ('ndcg@20', 0.1708), ('hit@10', 0.1919), ('hit@20', 0.2066), ('precision@10', 0.0192), ('precision@20', 0.0103)])
