Thu 20 Mar 2025 15:20:45 INFO  
General Hyper Parameters:
gpu_id = 0
use_gpu = True
seed = 2020
state = INFO
reproducibility = True
data_path = dataset/Amazon_Toys_and_Games
checkpoint_dir = saved
show_progress = True
save_dataset = False
dataset_save_path = None
save_dataloaders = False
dataloaders_save_path = None
log_wandb = False

Training Hyper Parameters:
epochs = 500
train_batch_size = 500
learner = adam
learning_rate = 0.001
train_neg_sample_args = {'distribution': 'uniform', 'sample_num': 1, 'alpha': 1.0, 'dynamic': False, 'candidate_num': 0}
eval_step = 10
stopping_step = 2
clip_grad_norm = None
weight_decay = 0.0
loss_decimal_place = 4

Evaluation Hyper Parameters:
eval_args = {'split': {'RS': [0.8, 0.1, 0.1]}, 'order': 'RO', 'group_by': 'user', 'mode': {'valid': 'full', 'test': 'full'}}
repeatable = False
metrics = ['Recall', 'NDCG', 'Hit', 'Precision']
topk = [10, 20]
valid_metric = ndcg@10
valid_metric_bigger = True
eval_batch_size = 8196
metric_decimal_place = 4

Dataset Hyper Parameters:
field_separator = 	
seq_separator =  
USER_ID_FIELD = user_id
ITEM_ID_FIELD = item_id
RATING_FIELD = rating
TIME_FIELD = timestamp
seq_len = None
LABEL_FIELD = label
threshold = None
NEG_PREFIX = neg_
load_col = {'inter': ['user_id', 'item_id']}
unload_col = None
unused_col = None
additional_feat_suffix = None
rm_dup_inter = None
val_interval = None
filter_inter_by_user_or_item = True
user_inter_num_interval = [0,inf)
item_inter_num_interval = [0,inf)
alias_of_user_id = None
alias_of_item_id = None
alias_of_entity_id = None
alias_of_relation_id = None
preload_weight = None
normalize_field = None
normalize_all = None
ITEM_LIST_LENGTH_FIELD = item_length
LIST_SUFFIX = _list
MAX_ITEM_LIST_LENGTH = 50
POSITION_FIELD = position_id
HEAD_ENTITY_ID_FIELD = head_id
TAIL_ENTITY_ID_FIELD = tail_id
RELATION_ID_FIELD = relation_id
ENTITY_ID_FIELD = entity_id
benchmark_filename = None

Other Hyper Parameters: 
worker = 0
wandb_project = recbole
shuffle = True
require_pow = False
enable_amp = False
enable_scaler = False
transform = None
type = RW
n_layers = 2
ssl_tau = 0.8
reg_weight = 0.0001
ssl_weight = 1e-07
drop_ratio = 0.1
embedding_size = 64
numerical_features = []
discretization = None
kg_reverse_r = False
entity_kg_num_interval = [0,inf)
relation_kg_num_interval = [0,inf)
MODEL_TYPE = ModelType.GENERAL
MODEL_INPUT_TYPE = InputType.PAIRWISE
eval_type = EvaluatorType.RANKING
single_spec = True
local_rank = 0
device = cuda
valid_neg_sample_args = {'distribution': 'uniform', 'sample_num': 'none'}
test_neg_sample_args = {'distribution': 'uniform', 'sample_num': 'none'}


Thu 20 Mar 2025 15:20:53 INFO  Amazon_Toys_and_Games
The number of users: 1342912
Average actions of users: 1.677528145945636
The number of items: 327699
Average actions of items: 6.874533869599448
The number of inters: 2252771
The sparsity of the dataset: 99.99948808910104%
Remain Fields: ['user_id', 'item_id']
Thu 20 Mar 2025 15:20:55 INFO  Generated noise pairs: 20831
Thu 20 Mar 2025 15:20:55 INFO  First few noise pairs: [(7, 324885), (14, 324791), (14, 91500), (25, 241704), (25, 231988)]
Thu 20 Mar 2025 15:21:26 INFO  [Training]: train_batch_size = [500] train_neg_sample_args: [{'distribution': 'uniform', 'sample_num': 1, 'alpha': 1.0, 'dynamic': False, 'candidate_num': 0}]
Thu 20 Mar 2025 15:21:26 INFO  [Evaluation]: eval_batch_size = [8196] eval_args: [{'split': {'RS': [0.8, 0.1, 0.1]}, 'order': 'RO', 'group_by': 'user', 'mode': {'valid': 'full', 'test': 'full'}}]
Thu 20 Mar 2025 15:21:27 INFO  SGL(
  (user_embedding): Embedding(1342912, 64)
  (item_embedding): Embedding(327699, 64)
  (gcn_conv): LightGCNConv(64)
  (reg_loss): EmbLoss()
)
Trainable parameters: 106919104
Thu 20 Mar 2025 15:32:19 INFO  epoch 0 training [time: 651.76s, train loss: 543066.9798]
Thu 20 Mar 2025 15:43:02 INFO  epoch 1 training [time: 643.26s, train loss: 210591.3905]
Thu 20 Mar 2025 15:53:44 INFO  epoch 2 training [time: 641.97s, train loss: 120102.8631]
Thu 20 Mar 2025 16:04:26 INFO  epoch 3 training [time: 642.08s, train loss: 78325.7694]
Thu 20 Mar 2025 16:15:08 INFO  epoch 4 training [time: 642.10s, train loss: 54273.0109]
Thu 20 Mar 2025 16:25:50 INFO  epoch 5 training [time: 642.09s, train loss: 39601.3232]
Thu 20 Mar 2025 16:36:33 INFO  epoch 6 training [time: 642.16s, train loss: 29624.3128]
Thu 20 Mar 2025 16:47:15 INFO  epoch 7 training [time: 641.99s, train loss: 22137.7174]
Thu 20 Mar 2025 16:57:57 INFO  epoch 8 training [time: 642.01s, train loss: 16693.4098]
Thu 20 Mar 2025 17:08:39 INFO  epoch 9 training [time: 641.99s, train loss: 12343.1043]
Thu 20 Mar 2025 17:26:03 INFO  valid result: 
recall@10 : 0.0181    recall@20 : 0.0261    ndcg@10 : 0.0101    ndcg@20 : 0.0121    hit@10 : 0.0185    hit@20 : 0.0269    precision@10 : 0.0019    precision@20 : 0.0013
Thu 20 Mar 2025 17:26:03 INFO  Received 20831 noise pairs for evaluation.
Thu 20 Mar 2025 17:26:05 INFO  Alignment on noise pairs: 3.8711
Thu 20 Mar 2025 17:26:05 INFO  epoch 9 evaluating [time: 1046.32s, valid_score: 0.010100]
Thu 20 Mar 2025 17:26:08 INFO  Saving current: saved\SGL-Mar-20-2025_15-21-27.pth
Thu 20 Mar 2025 17:36:50 INFO  epoch 10 training [time: 642.26s, train loss: 9341.2264]
Thu 20 Mar 2025 17:47:32 INFO  epoch 11 training [time: 641.72s, train loss: 7161.9538]
Thu 20 Mar 2025 17:58:13 INFO  epoch 12 training [time: 641.94s, train loss: 5574.0901]
Thu 20 Mar 2025 18:08:55 INFO  epoch 13 training [time: 641.86s, train loss: 4465.1907]
Thu 20 Mar 2025 18:19:37 INFO  epoch 14 training [time: 641.88s, train loss: 3426.0178]
Thu 20 Mar 2025 18:30:19 INFO  epoch 15 training [time: 641.82s, train loss: 2794.4943]
Thu 20 Mar 2025 18:41:01 INFO  epoch 16 training [time: 641.77s, train loss: 2236.7676]
Thu 20 Mar 2025 18:51:43 INFO  epoch 17 training [time: 642.12s, train loss: 2062.6000]
Thu 20 Mar 2025 19:02:25 INFO  epoch 18 training [time: 642.01s, train loss: 1931.5691]
Thu 20 Mar 2025 19:13:07 INFO  epoch 19 training [time: 641.91s, train loss: 1695.4206]
Thu 20 Mar 2025 19:30:29 INFO  valid result: 
recall@10 : 0.0177    recall@20 : 0.0256    ndcg@10 : 0.0098    ndcg@20 : 0.0118    hit@10 : 0.0181    hit@20 : 0.0263    precision@10 : 0.0018    precision@20 : 0.0013
Thu 20 Mar 2025 19:30:29 INFO  Received 20831 noise pairs for evaluation.
Thu 20 Mar 2025 19:30:31 INFO  Alignment on noise pairs: 4.4564
Thu 20 Mar 2025 19:30:31 INFO  epoch 19 evaluating [time: 1043.88s, valid_score: 0.009800]
Thu 20 Mar 2025 19:41:13 INFO  epoch 20 training [time: 642.08s, train loss: 1265.4075]
Thu 20 Mar 2025 19:51:55 INFO  epoch 21 training [time: 642.06s, train loss: 1181.0330]
Thu 20 Mar 2025 20:02:37 INFO  epoch 22 training [time: 642.07s, train loss: 1222.3325]
Thu 20 Mar 2025 20:13:19 INFO  epoch 23 training [time: 641.83s, train loss: 1289.5153]
Thu 20 Mar 2025 20:24:01 INFO  epoch 24 training [time: 642.12s, train loss: 1034.9302]
Thu 20 Mar 2025 20:34:43 INFO  epoch 25 training [time: 641.90s, train loss: 1113.4984]
Thu 20 Mar 2025 20:45:25 INFO  epoch 26 training [time: 641.91s, train loss: 1001.6810]
Thu 20 Mar 2025 20:56:07 INFO  epoch 27 training [time: 642.04s, train loss: 1106.4933]
Thu 20 Mar 2025 21:06:49 INFO  epoch 28 training [time: 642.08s, train loss: 886.3236]
Thu 20 Mar 2025 21:17:31 INFO  epoch 29 training [time: 642.02s, train loss: 884.5019]
Thu 20 Mar 2025 21:34:49 INFO  valid result: 
recall@10 : 0.0172    recall@20 : 0.0254    ndcg@10 : 0.0095    ndcg@20 : 0.0116    hit@10 : 0.0176    hit@20 : 0.026    precision@10 : 0.0018    precision@20 : 0.0013
Thu 20 Mar 2025 21:34:49 INFO  Received 20831 noise pairs for evaluation.
Thu 20 Mar 2025 21:34:50 INFO  Alignment on noise pairs: 4.8384
Thu 20 Mar 2025 21:34:50 INFO  epoch 29 evaluating [time: 1039.53s, valid_score: 0.009500]
Thu 20 Mar 2025 21:45:32 INFO  epoch 30 training [time: 641.79s, train loss: 860.7554]
Thu 20 Mar 2025 21:56:14 INFO  epoch 31 training [time: 641.65s, train loss: 761.4217]
Thu 20 Mar 2025 22:06:56 INFO  epoch 32 training [time: 642.11s, train loss: 893.5075]
Thu 20 Mar 2025 22:17:38 INFO  epoch 33 training [time: 641.93s, train loss: 959.2845]
Thu 20 Mar 2025 22:28:20 INFO  epoch 34 training [time: 642.07s, train loss: 910.6007]
Thu 20 Mar 2025 22:39:02 INFO  epoch 35 training [time: 642.14s, train loss: 751.7407]
Thu 20 Mar 2025 22:49:44 INFO  epoch 36 training [time: 642.20s, train loss: 735.1319]
Thu 20 Mar 2025 23:00:26 INFO  epoch 37 training [time: 642.17s, train loss: 672.7174]
Thu 20 Mar 2025 23:11:08 INFO  epoch 38 training [time: 642.05s, train loss: 777.8820]
Thu 20 Mar 2025 23:21:50 INFO  epoch 39 training [time: 641.96s, train loss: 1040.6673]
Thu 20 Mar 2025 23:35:46 INFO  valid result: 
recall@10 : 0.0173    recall@20 : 0.0251    ndcg@10 : 0.0095    ndcg@20 : 0.0114    hit@10 : 0.0177    hit@20 : 0.0256    precision@10 : 0.0018    precision@20 : 0.0013
Thu 20 Mar 2025 23:35:46 INFO  Received 20831 noise pairs for evaluation.
Thu 20 Mar 2025 23:35:47 INFO  Alignment on noise pairs: 5.1048
Thu 20 Mar 2025 23:35:47 INFO  epoch 39 evaluating [time: 837.03s, valid_score: 0.009500]
Thu 20 Mar 2025 23:35:47 INFO  Finished training, best eval result in epoch 9
Thu 20 Mar 2025 23:35:48 INFO  Loading model structure and parameters from saved\SGL-Mar-20-2025_15-21-27.pth
Fri 21 Mar 2025 00:41:15 INFO  valid result: 
recall@10 : 0.0197    recall@20 : 0.0275    ndcg@10 : 0.0114    ndcg@20 : 0.0134    hit@10 : 0.0199    hit@20 : 0.0278    precision@10 : 0.002    precision@20 : 0.0014
Fri 21 Mar 2025 00:41:15 INFO  Received 20831 noise pairs for evaluation.
Fri 21 Mar 2025 00:41:17 INFO  Alignment on noise pairs: 3.8711
Fri 21 Mar 2025 00:41:17 INFO  best valid : OrderedDict([('recall@10', 0.0181), ('recall@20', 0.0261), ('ndcg@10', 0.0101), ('ndcg@20', 0.0121), ('hit@10', 0.0185), ('hit@20', 0.0269), ('precision@10', 0.0019), ('precision@20', 0.0013)])
Fri 21 Mar 2025 00:41:17 INFO  test result: OrderedDict([('recall@10', 0.0197), ('recall@20', 0.0275), ('ndcg@10', 0.0114), ('ndcg@20', 0.0134), ('hit@10', 0.0199), ('hit@20', 0.0278), ('precision@10', 0.002), ('precision@20', 0.0014)])
