Sat 31 May 2025 08:21:17 INFO  
General Hyper Parameters:
gpu_id = 0
use_gpu = True
seed = 2020
state = INFO
reproducibility = True
data_path = dataset/ml-1m
checkpoint_dir = saved
show_progress = True
save_dataset = False
dataset_save_path = None
save_dataloaders = False
dataloaders_save_path = None
log_wandb = False

Training Hyper Parameters:
epochs = 300
train_batch_size = 500
learner = adam
learning_rate = 0.001
train_neg_sample_args = {'distribution': 'uniform', 'sample_num': 1, 'alpha': 1.0, 'dynamic': False, 'candidate_num': 0}
eval_step = 10
stopping_step = 2
clip_grad_norm = None
weight_decay = 0.0
loss_decimal_place = 4

Evaluation Hyper Parameters:
eval_args = {'split': {'RS': [0.8, 0.1, 0.1]}, 'order': 'RO', 'group_by': 'user', 'mode': {'valid': 'full', 'test': 'full'}}
repeatable = False
metrics = ['Recall', 'NDCG', 'Hit', 'Precision']
topk = [10, 20]
valid_metric = ndcg@10
valid_metric_bigger = True
eval_batch_size = 8196
metric_decimal_place = 4

Dataset Hyper Parameters:
field_separator = 	
seq_separator =  
USER_ID_FIELD = user_id
ITEM_ID_FIELD = item_id
RATING_FIELD = rating
TIME_FIELD = timestamp
seq_len = None
LABEL_FIELD = label
threshold = None
NEG_PREFIX = neg_
load_col = {'inter': ['user_id', 'item_id']}
unload_col = None
unused_col = None
additional_feat_suffix = None
rm_dup_inter = None
val_interval = None
filter_inter_by_user_or_item = True
user_inter_num_interval = [0,inf)
item_inter_num_interval = [0,inf)
alias_of_user_id = None
alias_of_item_id = None
alias_of_entity_id = None
alias_of_relation_id = None
preload_weight = None
normalize_field = None
normalize_all = None
ITEM_LIST_LENGTH_FIELD = item_length
LIST_SUFFIX = _list
MAX_ITEM_LIST_LENGTH = 50
POSITION_FIELD = position_id
HEAD_ENTITY_ID_FIELD = head_id
TAIL_ENTITY_ID_FIELD = tail_id
RELATION_ID_FIELD = relation_id
ENTITY_ID_FIELD = entity_id
benchmark_filename = None

Other Hyper Parameters: 
worker = 0
wandb_project = recbole
shuffle = True
require_pow = False
enable_amp = False
enable_scaler = False
transform = None
type = RW
n_layers = 2
ssl_tau = 0.8
reg_weight = 0.0001
ssl_weight = 1e-07
drop_ratio = 0.1
embedding_size = 64
numerical_features = []
discretization = None
kg_reverse_r = False
entity_kg_num_interval = [0,inf)
relation_kg_num_interval = [0,inf)
MODEL_TYPE = ModelType.GENERAL
MODEL_INPUT_TYPE = InputType.PAIRWISE
eval_type = EvaluatorType.RANKING
single_spec = True
local_rank = 0
device = cuda
valid_neg_sample_args = {'distribution': 'uniform', 'sample_num': 'none'}
test_neg_sample_args = {'distribution': 'uniform', 'sample_num': 'none'}


Sat 31 May 2025 08:21:19 INFO  ml-1m
The number of users: 6041
Average actions of users: 165.5975165562914
The number of items: 3707
Average actions of items: 269.88909875876953
The number of inters: 1000209
The sparsity of the dataset: 95.53358229599758%
Remain Fields: ['user_id', 'item_id']
Sat 31 May 2025 08:21:20 INFO  Generated noise pairs: 47316
Sat 31 May 2025 08:21:20 INFO  First few noise pairs: [(1, 2538), (1, 2537), (2, 714), (2, 2745), (2, 3147)]
Sat 31 May 2025 08:21:31 INFO  [Training]: train_batch_size = [500] train_neg_sample_args: [{'distribution': 'uniform', 'sample_num': 1, 'alpha': 1.0, 'dynamic': False, 'candidate_num': 0}]
Sat 31 May 2025 08:21:31 INFO  [Evaluation]: eval_batch_size = [8196] eval_args: [{'split': {'RS': [0.8, 0.1, 0.1]}, 'order': 'RO', 'group_by': 'user', 'mode': {'valid': 'full', 'test': 'full'}}]
Sat 31 May 2025 08:21:31 INFO  SGL(
  (user_embedding): Embedding(6041, 64)
  (item_embedding): Embedding(3707, 64)
  (gcn_conv): LightGCNConv(64)
  (reg_loss): EmbLoss()
)
Trainable parameters: 623872
Sat 31 May 2025 08:22:28 INFO  epoch 0 training [time: 56.11s, train loss: 352615.8618]
Sat 31 May 2025 08:23:21 INFO  epoch 1 training [time: 53.84s, train loss: 323888.4662]
Sat 31 May 2025 08:24:15 INFO  epoch 2 training [time: 53.96s, train loss: 315437.8210]
Sat 31 May 2025 08:25:09 INFO  epoch 3 training [time: 53.91s, train loss: 293239.9882]
Sat 31 May 2025 08:26:03 INFO  epoch 4 training [time: 54.11s, train loss: 275282.3644]
Sat 31 May 2025 08:26:57 INFO  epoch 5 training [time: 54.09s, train loss: 262312.2740]
Sat 31 May 2025 08:27:51 INFO  epoch 6 training [time: 54.01s, train loss: 253863.6085]
Sat 31 May 2025 08:28:45 INFO  epoch 7 training [time: 53.99s, train loss: 245827.3901]
Sat 31 May 2025 08:29:39 INFO  epoch 8 training [time: 53.93s, train loss: 239207.2706]
Sat 31 May 2025 08:30:33 INFO  epoch 9 training [time: 54.01s, train loss: 233976.5704]
Sat 31 May 2025 08:30:38 INFO  valid result: 
recall@10 : 0.1069    recall@20 : 0.1699    ndcg@10 : 0.1703    ndcg@20 : 0.1776    hit@10 : 0.6377    hit@20 : 0.755    precision@10 : 0.137    precision@20 : 0.1137
Sat 31 May 2025 08:30:38 INFO  Received 47316 noise pairs for evaluation.
Sat 31 May 2025 08:30:42 INFO  Alignment on noise pairs: 2.2485
Sat 31 May 2025 08:30:42 INFO  epoch 9 evaluating [time: 8.61s, valid_score: 0.170300]
Sat 31 May 2025 08:30:42 INFO  valid result: 
recall@10 : 0.1069    recall@20 : 0.1699    ndcg@10 : 0.1703    ndcg@20 : 0.1776    hit@10 : 0.6377    hit@20 : 0.755    precision@10 : 0.137    precision@20 : 0.1137
Sat 31 May 2025 08:30:42 INFO  Saving current: saved\SGL-May-31-2025_08-21-31.pth
Sat 31 May 2025 08:31:36 INFO  epoch 10 training [time: 54.19s, train loss: 229941.2260]
Sat 31 May 2025 08:32:30 INFO  epoch 11 training [time: 54.00s, train loss: 223763.0634]
Sat 31 May 2025 08:33:24 INFO  epoch 12 training [time: 53.84s, train loss: 221623.4200]
Sat 31 May 2025 08:34:18 INFO  epoch 13 training [time: 54.09s, train loss: 218831.6829]
Sat 31 May 2025 08:35:12 INFO  epoch 14 training [time: 53.79s, train loss: 216386.8344]
Sat 31 May 2025 08:36:06 INFO  epoch 15 training [time: 54.15s, train loss: 212261.9059]
Sat 31 May 2025 08:37:00 INFO  epoch 16 training [time: 54.18s, train loss: 209915.8130]
Sat 31 May 2025 08:37:54 INFO  epoch 17 training [time: 54.22s, train loss: 208246.4529]
Sat 31 May 2025 08:38:48 INFO  epoch 18 training [time: 53.81s, train loss: 204950.7173]
Sat 31 May 2025 08:39:42 INFO  epoch 19 training [time: 54.13s, train loss: 203297.6568]
Sat 31 May 2025 08:39:48 INFO  valid result: 
recall@10 : 0.1273    recall@20 : 0.1995    ndcg@10 : 0.1912    ndcg@20 : 0.2015    hit@10 : 0.6886    hit@20 : 0.7988    precision@10 : 0.1534    precision@20 : 0.1277
Sat 31 May 2025 08:39:48 INFO  Received 47316 noise pairs for evaluation.
Sat 31 May 2025 08:39:51 INFO  Alignment on noise pairs: 2.7529
Sat 31 May 2025 08:39:51 INFO  epoch 19 evaluating [time: 8.33s, valid_score: 0.191200]
Sat 31 May 2025 08:39:51 INFO  valid result: 
recall@10 : 0.1273    recall@20 : 0.1995    ndcg@10 : 0.1912    ndcg@20 : 0.2015    hit@10 : 0.6886    hit@20 : 0.7988    precision@10 : 0.1534    precision@20 : 0.1277
Sat 31 May 2025 08:39:51 INFO  Saving current: saved\SGL-May-31-2025_08-21-31.pth
Sat 31 May 2025 08:40:45 INFO  epoch 20 training [time: 54.52s, train loss: 201847.4104]
Sat 31 May 2025 08:41:39 INFO  epoch 21 training [time: 54.19s, train loss: 199555.3886]
Sat 31 May 2025 08:42:34 INFO  epoch 22 training [time: 54.26s, train loss: 197702.3101]
Sat 31 May 2025 08:43:28 INFO  epoch 23 training [time: 54.17s, train loss: 195725.4190]
Sat 31 May 2025 08:44:22 INFO  epoch 24 training [time: 54.32s, train loss: 194369.0540]
Sat 31 May 2025 08:45:17 INFO  epoch 25 training [time: 54.26s, train loss: 193178.5728]
Sat 31 May 2025 08:46:11 INFO  epoch 26 training [time: 54.27s, train loss: 190891.0577]
Sat 31 May 2025 08:47:05 INFO  epoch 27 training [time: 54.38s, train loss: 189246.7144]
Sat 31 May 2025 08:47:59 INFO  epoch 28 training [time: 54.28s, train loss: 187105.1216]
Sat 31 May 2025 08:48:54 INFO  epoch 29 training [time: 54.53s, train loss: 184819.7248]
Sat 31 May 2025 08:48:59 INFO  valid result: 
recall@10 : 0.1341    recall@20 : 0.2101    ndcg@10 : 0.1986    ndcg@20 : 0.2101    hit@10 : 0.7065    hit@20 : 0.8132    precision@10 : 0.1589    precision@20 : 0.1322
Sat 31 May 2025 08:48:59 INFO  Received 47316 noise pairs for evaluation.
Sat 31 May 2025 08:49:03 INFO  Alignment on noise pairs: 3.0969
Sat 31 May 2025 08:49:03 INFO  epoch 29 evaluating [time: 9.37s, valid_score: 0.198600]
Sat 31 May 2025 08:49:03 INFO  valid result: 
recall@10 : 0.1341    recall@20 : 0.2101    ndcg@10 : 0.1986    ndcg@20 : 0.2101    hit@10 : 0.7065    hit@20 : 0.8132    precision@10 : 0.1589    precision@20 : 0.1322
Sat 31 May 2025 08:49:03 INFO  Saving current: saved\SGL-May-31-2025_08-21-31.pth
Sat 31 May 2025 08:49:58 INFO  epoch 30 training [time: 54.51s, train loss: 184535.6432]
Sat 31 May 2025 08:50:52 INFO  epoch 31 training [time: 54.19s, train loss: 183021.4913]
Sat 31 May 2025 08:51:46 INFO  epoch 32 training [time: 54.28s, train loss: 181047.3713]
Sat 31 May 2025 08:52:41 INFO  epoch 33 training [time: 54.23s, train loss: 179376.8834]
Sat 31 May 2025 08:53:35 INFO  epoch 34 training [time: 54.31s, train loss: 177886.2090]
Sat 31 May 2025 08:54:29 INFO  epoch 35 training [time: 54.27s, train loss: 175769.6486]
Sat 31 May 2025 08:55:24 INFO  epoch 36 training [time: 54.44s, train loss: 173998.7178]
Sat 31 May 2025 08:56:18 INFO  epoch 37 training [time: 54.38s, train loss: 172374.7345]
Sat 31 May 2025 08:57:12 INFO  epoch 38 training [time: 54.16s, train loss: 170388.0400]
Sat 31 May 2025 08:58:06 INFO  epoch 39 training [time: 54.06s, train loss: 169141.2864]
Sat 31 May 2025 08:58:11 INFO  valid result: 
recall@10 : 0.14    recall@20 : 0.2186    ndcg@10 : 0.2033    ndcg@20 : 0.216    hit@10 : 0.7224    hit@20 : 0.8255    precision@10 : 0.1618    precision@20 : 0.1354
Sat 31 May 2025 08:58:11 INFO  Received 47316 noise pairs for evaluation.
Sat 31 May 2025 08:58:14 INFO  Alignment on noise pairs: 3.4333
Sat 31 May 2025 08:58:14 INFO  epoch 39 evaluating [time: 8.19s, valid_score: 0.203300]
Sat 31 May 2025 08:58:14 INFO  valid result: 
recall@10 : 0.14    recall@20 : 0.2186    ndcg@10 : 0.2033    ndcg@20 : 0.216    hit@10 : 0.7224    hit@20 : 0.8255    precision@10 : 0.1618    precision@20 : 0.1354
Sat 31 May 2025 08:58:14 INFO  Saving current: saved\SGL-May-31-2025_08-21-31.pth
Sat 31 May 2025 08:59:08 INFO  epoch 40 training [time: 53.91s, train loss: 166210.8350]
Sat 31 May 2025 09:00:02 INFO  epoch 41 training [time: 53.76s, train loss: 164511.4552]
Sat 31 May 2025 09:00:56 INFO  epoch 42 training [time: 53.80s, train loss: 163303.2389]
Sat 31 May 2025 09:01:50 INFO  epoch 43 training [time: 53.67s, train loss: 161556.8603]
Sat 31 May 2025 09:02:43 INFO  epoch 44 training [time: 53.67s, train loss: 159344.0754]
Sat 31 May 2025 09:03:37 INFO  epoch 45 training [time: 53.88s, train loss: 158575.8241]
Sat 31 May 2025 09:04:31 INFO  epoch 46 training [time: 53.84s, train loss: 156320.2232]
Sat 31 May 2025 09:05:25 INFO  epoch 47 training [time: 53.80s, train loss: 154692.4330]
Sat 31 May 2025 09:06:19 INFO  epoch 48 training [time: 53.86s, train loss: 152529.8043]
Sat 31 May 2025 09:07:12 INFO  epoch 49 training [time: 53.78s, train loss: 151102.9850]
Sat 31 May 2025 09:07:17 INFO  valid result: 
recall@10 : 0.1425    recall@20 : 0.2243    ndcg@10 : 0.2058    ndcg@20 : 0.2198    hit@10 : 0.7247    hit@20 : 0.8354    precision@10 : 0.1636    precision@20 : 0.1374
Sat 31 May 2025 09:07:17 INFO  Received 47316 noise pairs for evaluation.
Sat 31 May 2025 09:07:21 INFO  Alignment on noise pairs: 3.8064
Sat 31 May 2025 09:07:21 INFO  epoch 49 evaluating [time: 8.93s, valid_score: 0.205800]
Sat 31 May 2025 09:07:21 INFO  valid result: 
recall@10 : 0.1425    recall@20 : 0.2243    ndcg@10 : 0.2058    ndcg@20 : 0.2198    hit@10 : 0.7247    hit@20 : 0.8354    precision@10 : 0.1636    precision@20 : 0.1374
Sat 31 May 2025 09:07:21 INFO  Saving current: saved\SGL-May-31-2025_08-21-31.pth
Sat 31 May 2025 09:08:15 INFO  epoch 50 training [time: 53.70s, train loss: 149660.1303]
Sat 31 May 2025 09:09:09 INFO  epoch 51 training [time: 53.55s, train loss: 147506.1388]
Sat 31 May 2025 09:10:02 INFO  epoch 52 training [time: 53.37s, train loss: 146428.5132]
Sat 31 May 2025 09:10:55 INFO  epoch 53 training [time: 53.47s, train loss: 144329.3640]
Sat 31 May 2025 09:11:49 INFO  epoch 54 training [time: 53.50s, train loss: 142720.6760]
Sat 31 May 2025 09:12:42 INFO  epoch 55 training [time: 53.33s, train loss: 140763.7519]
Sat 31 May 2025 09:13:36 INFO  epoch 56 training [time: 53.41s, train loss: 139133.8126]
Sat 31 May 2025 09:14:29 INFO  epoch 57 training [time: 53.46s, train loss: 138258.9853]
Sat 31 May 2025 09:15:23 INFO  epoch 58 training [time: 53.42s, train loss: 136931.4108]
Sat 31 May 2025 09:16:16 INFO  epoch 59 training [time: 53.41s, train loss: 135047.4531]
Sat 31 May 2025 09:16:21 INFO  valid result: 
recall@10 : 0.1419    recall@20 : 0.2248    ndcg@10 : 0.204    ndcg@20 : 0.2188    hit@10 : 0.7199    hit@20 : 0.8358    precision@10 : 0.1623    precision@20 : 0.1367
Sat 31 May 2025 09:16:21 INFO  Received 47316 noise pairs for evaluation.
Sat 31 May 2025 09:16:25 INFO  Alignment on noise pairs: 4.1826
Sat 31 May 2025 09:16:25 INFO  epoch 59 evaluating [time: 8.78s, valid_score: 0.204000]
Sat 31 May 2025 09:16:25 INFO  valid result: 
recall@10 : 0.1419    recall@20 : 0.2248    ndcg@10 : 0.204    ndcg@20 : 0.2188    hit@10 : 0.7199    hit@20 : 0.8358    precision@10 : 0.1623    precision@20 : 0.1367
Sat 31 May 2025 09:17:18 INFO  epoch 60 training [time: 53.69s, train loss: 133903.7616]
Sat 31 May 2025 09:18:12 INFO  epoch 61 training [time: 53.37s, train loss: 132827.6638]
Sat 31 May 2025 09:19:05 INFO  epoch 62 training [time: 53.34s, train loss: 131161.9840]
Sat 31 May 2025 09:19:59 INFO  epoch 63 training [time: 53.48s, train loss: 129850.5901]
Sat 31 May 2025 09:20:52 INFO  epoch 64 training [time: 53.46s, train loss: 128490.7595]
Sat 31 May 2025 09:21:45 INFO  epoch 65 training [time: 53.31s, train loss: 127159.3702]
Sat 31 May 2025 09:22:39 INFO  epoch 66 training [time: 53.46s, train loss: 125923.4953]
Sat 31 May 2025 09:23:32 INFO  epoch 67 training [time: 53.42s, train loss: 124356.4537]
Sat 31 May 2025 09:24:26 INFO  epoch 68 training [time: 53.45s, train loss: 123433.4178]
Sat 31 May 2025 09:25:19 INFO  epoch 69 training [time: 53.49s, train loss: 122141.9078]
Sat 31 May 2025 09:25:24 INFO  valid result: 
recall@10 : 0.1422    recall@20 : 0.2256    ndcg@10 : 0.2028    ndcg@20 : 0.2178    hit@10 : 0.726    hit@20 : 0.8389    precision@10 : 0.1617    precision@20 : 0.1358
Sat 31 May 2025 09:25:24 INFO  Received 47316 noise pairs for evaluation.
Sat 31 May 2025 09:25:28 INFO  Alignment on noise pairs: 4.5377
Sat 31 May 2025 09:25:28 INFO  epoch 69 evaluating [time: 8.56s, valid_score: 0.202800]
Sat 31 May 2025 09:25:28 INFO  valid result: 
recall@10 : 0.1422    recall@20 : 0.2256    ndcg@10 : 0.2028    ndcg@20 : 0.2178    hit@10 : 0.726    hit@20 : 0.8389    precision@10 : 0.1617    precision@20 : 0.1358
Sat 31 May 2025 09:26:22 INFO  epoch 70 training [time: 53.78s, train loss: 121136.1068]
Sat 31 May 2025 09:27:15 INFO  epoch 71 training [time: 53.43s, train loss: 121452.6713]
Sat 31 May 2025 09:28:08 INFO  epoch 72 training [time: 53.52s, train loss: 119655.8067]
Sat 31 May 2025 09:29:02 INFO  epoch 73 training [time: 53.33s, train loss: 118013.2381]
Sat 31 May 2025 09:29:55 INFO  epoch 74 training [time: 53.42s, train loss: 118332.4963]
Sat 31 May 2025 09:30:49 INFO  epoch 75 training [time: 53.46s, train loss: 116839.5034]
Sat 31 May 2025 09:31:42 INFO  epoch 76 training [time: 53.40s, train loss: 115542.6489]
Sat 31 May 2025 09:32:36 INFO  epoch 77 training [time: 53.49s, train loss: 115397.4036]
Sat 31 May 2025 09:33:29 INFO  epoch 78 training [time: 53.51s, train loss: 113891.1205]
Sat 31 May 2025 09:34:23 INFO  epoch 79 training [time: 53.50s, train loss: 113335.3067]
Sat 31 May 2025 09:34:28 INFO  valid result: 
recall@10 : 0.1424    recall@20 : 0.2233    ndcg@10 : 0.2013    ndcg@20 : 0.2154    hit@10 : 0.7245    hit@20 : 0.8354    precision@10 : 0.16    precision@20 : 0.1334
Sat 31 May 2025 09:34:28 INFO  Received 47316 noise pairs for evaluation.
Sat 31 May 2025 09:34:32 INFO  Alignment on noise pairs: 4.8540
Sat 31 May 2025 09:34:32 INFO  epoch 79 evaluating [time: 9.08s, valid_score: 0.201300]
Sat 31 May 2025 09:34:32 INFO  valid result: 
recall@10 : 0.1424    recall@20 : 0.2233    ndcg@10 : 0.2013    ndcg@20 : 0.2154    hit@10 : 0.7245    hit@20 : 0.8354    precision@10 : 0.16    precision@20 : 0.1334
Sat 31 May 2025 09:34:32 INFO  Finished training, best eval result in epoch 49
Sat 31 May 2025 09:34:32 INFO  Loading model structure and parameters from saved\SGL-May-31-2025_08-21-31.pth
Sat 31 May 2025 09:34:38 INFO  valid result: 
recall@10 : 0.16    recall@20 : 0.2449    ndcg@10 : 0.2601    ndcg@20 : 0.2625    hit@10 : 0.7503    hit@20 : 0.848    precision@10 : 0.2059    precision@20 : 0.1633
Sat 31 May 2025 09:34:38 INFO  Received 47316 noise pairs for evaluation.
Sat 31 May 2025 09:34:41 INFO  Alignment on noise pairs: 3.8064
Sat 31 May 2025 09:34:41 INFO  best valid : OrderedDict([('recall@10', 0.1425), ('recall@20', 0.2243), ('ndcg@10', 0.2058), ('ndcg@20', 0.2198), ('hit@10', 0.7247), ('hit@20', 0.8354), ('precision@10', 0.1636), ('precision@20', 0.1374)])
Sat 31 May 2025 09:34:41 INFO  test result: OrderedDict([('recall@10', 0.16), ('recall@20', 0.2449), ('ndcg@10', 0.2601), ('ndcg@20', 0.2625), ('hit@10', 0.7503), ('hit@20', 0.848), ('precision@10', 0.2059), ('precision@20', 0.1633)])
