Fri 07 Feb 2025 13:39:11 INFO  
General Hyper Parameters:
gpu_id = 0
use_gpu = True
seed = 2020
state = INFO
reproducibility = True
data_path = dataset/Amazon_Toys_and_Games
checkpoint_dir = saved
show_progress = True
save_dataset = False
dataset_save_path = None
save_dataloaders = False
dataloaders_save_path = None
log_wandb = False

Training Hyper Parameters:
epochs = 30
train_batch_size = 1000
learner = adam
learning_rate = 0.001
train_neg_sample_args = {'distribution': 'uniform', 'sample_num': 1, 'alpha': 1.0, 'dynamic': False, 'candidate_num': 0}
eval_step = 1
stopping_step = 5
clip_grad_norm = None
weight_decay = 0.0
loss_decimal_place = 4

Evaluation Hyper Parameters:
eval_args = {'split': {'RS': [0.8, 0.1, 0.1]}, 'order': 'RO', 'group_by': 'user', 'mode': {'valid': 'full', 'test': 'full'}}
repeatable = False
metrics = ['Recall', 'MRR', 'NDCG', 'Hit', 'Precision']
topk = [10]
valid_metric = tail/ndcg@10
valid_metric_bigger = True
eval_batch_size = 8196
metric_decimal_place = 4

Dataset Hyper Parameters:
field_separator = 	
seq_separator =  
USER_ID_FIELD = user_id
ITEM_ID_FIELD = item_id
RATING_FIELD = rating
TIME_FIELD = timestamp
seq_len = None
LABEL_FIELD = label
threshold = None
NEG_PREFIX = neg_
load_col = {'inter': ['user_id', 'item_id']}
unload_col = None
unused_col = None
additional_feat_suffix = None
rm_dup_inter = None
val_interval = None
filter_inter_by_user_or_item = True
user_inter_num_interval = [0,inf)
item_inter_num_interval = [0,inf)
alias_of_user_id = None
alias_of_item_id = None
alias_of_entity_id = None
alias_of_relation_id = None
preload_weight = None
normalize_field = None
normalize_all = None
ITEM_LIST_LENGTH_FIELD = item_length
LIST_SUFFIX = _list
MAX_ITEM_LIST_LENGTH = 50
POSITION_FIELD = position_id
HEAD_ENTITY_ID_FIELD = head_id
TAIL_ENTITY_ID_FIELD = tail_id
RELATION_ID_FIELD = relation_id
ENTITY_ID_FIELD = entity_id
benchmark_filename = None

Other Hyper Parameters: 
worker = 0
wandb_project = recbole
shuffle = True
require_pow = False
enable_amp = False
enable_scaler = False
transform = None
type = RW
n_layers = 2
ssl_tau = 0.8
reg_weight = 0.1
ssl_weight = 1e-07
drop_ratio = 0.1
embedding_size = 32
numerical_features = []
discretization = None
kg_reverse_r = False
entity_kg_num_interval = [0,inf)
relation_kg_num_interval = [0,inf)
MODEL_TYPE = ModelType.GENERAL
MODEL_INPUT_TYPE = InputType.PAIRWISE
eval_type = EvaluatorType.RANKING
single_spec = True
local_rank = 0
device = cuda
valid_neg_sample_args = {'distribution': 'uniform', 'sample_num': 'none'}
test_neg_sample_args = {'distribution': 'uniform', 'sample_num': 'none'}


Fri 07 Feb 2025 13:39:22 INFO  Amazon_Toys_and_Games
The number of users: 1342912
Average actions of users: 1.677528145945636
The number of items: 327699
Average actions of items: 6.874533869599448
The number of inters: 2252771
The sparsity of the dataset: 99.99948808910104%
Remain Fields: ['user_id', 'item_id']
Fri 07 Feb 2025 13:39:51 INFO  [Training]: train_batch_size = [1000] train_neg_sample_args: [{'distribution': 'uniform', 'sample_num': 1, 'alpha': 1.0, 'dynamic': False, 'candidate_num': 0}]
Fri 07 Feb 2025 13:39:51 INFO  [Evaluation]: eval_batch_size = [8196] eval_args: [{'split': {'RS': [0.8, 0.1, 0.1]}, 'order': 'RO', 'group_by': 'user', 'mode': {'valid': 'full', 'test': 'full'}}]
Fri 07 Feb 2025 13:39:51 INFO  SGL(
  (user_embedding): Embedding(1342912, 32)
  (item_embedding): Embedding(327699, 32)
  (gcn_conv): LightGCNConv(32)
  (reg_loss): EmbLoss()
)
Trainable parameters: 53459552
Fri 07 Feb 2025 14:00:05 INFO  epoch 0 training [time: 1213.47s, train loss: 730128.1022]
Fri 07 Feb 2025 14:11:02 INFO  head      : recall@10   : 0.0158 | mrr@10      : 0.0074 | ndcg@10     : 0.0090 | hit@10      : 0.0178 | precision@10: 0.0018
Fri 07 Feb 2025 14:11:02 INFO  tail      : recall@10   : 0.0102 | mrr@10      : 0.0045 | ndcg@10     : 0.0058 | hit@10      : 0.0102 | precision@10: 0.0010
Fri 07 Feb 2025 14:11:02 INFO  epoch 0 evaluating [time: 657.04s, valid_score: 0.005800]
Fri 07 Feb 2025 14:11:03 INFO  Saving current: saved\SGL-Feb-07-2025_13-39-52.pth
Fri 07 Feb 2025 14:31:29 INFO  epoch 1 training [time: 1225.57s, train loss: 372075.2892]
Fri 07 Feb 2025 14:40:51 INFO  head      : recall@10   : 0.0178 | mrr@10      : 0.0076 | ndcg@10     : 0.0096 | hit@10      : 0.0202 | precision@10: 0.0020
Fri 07 Feb 2025 14:40:51 INFO  tail      : recall@10   : 0.0116 | mrr@10      : 0.0048 | ndcg@10     : 0.0064 | hit@10      : 0.0116 | precision@10: 0.0012
Fri 07 Feb 2025 14:40:51 INFO  epoch 1 evaluating [time: 561.54s, valid_score: 0.006400]
Fri 07 Feb 2025 14:40:52 INFO  Saving current: saved\SGL-Feb-07-2025_13-39-52.pth
Fri 07 Feb 2025 15:01:10 INFO  epoch 2 training [time: 1218.43s, train loss: 240436.5831]
Fri 07 Feb 2025 15:10:30 INFO  head      : recall@10   : 0.0188 | mrr@10      : 0.0087 | ndcg@10     : 0.0106 | hit@10      : 0.0215 | precision@10: 0.0022
Fri 07 Feb 2025 15:10:30 INFO  tail      : recall@10   : 0.0119 | mrr@10      : 0.0051 | ndcg@10     : 0.0067 | hit@10      : 0.0119 | precision@10: 0.0012
Fri 07 Feb 2025 15:10:30 INFO  epoch 2 evaluating [time: 559.28s, valid_score: 0.006700]
Fri 07 Feb 2025 15:10:31 INFO  Saving current: saved\SGL-Feb-07-2025_13-39-52.pth
Fri 07 Feb 2025 15:30:48 INFO  epoch 3 training [time: 1216.88s, train loss: 171746.2637]
Fri 07 Feb 2025 15:40:16 INFO  head      : recall@10   : 0.0186 | mrr@10      : 0.0090 | ndcg@10     : 0.0107 | hit@10      : 0.0218 | precision@10: 0.0022
Fri 07 Feb 2025 15:40:16 INFO  tail      : recall@10   : 0.0125 | mrr@10      : 0.0053 | ndcg@10     : 0.0070 | hit@10      : 0.0125 | precision@10: 0.0013
Fri 07 Feb 2025 15:40:16 INFO  epoch 3 evaluating [time: 567.85s, valid_score: 0.007000]
Fri 07 Feb 2025 15:40:17 INFO  Saving current: saved\SGL-Feb-07-2025_13-39-52.pth
Fri 07 Feb 2025 16:00:35 INFO  epoch 4 training [time: 1217.19s, train loss: 130884.6757]
Fri 07 Feb 2025 16:09:52 INFO  head      : recall@10   : 0.0185 | mrr@10      : 0.0091 | ndcg@10     : 0.0108 | hit@10      : 0.0221 | precision@10: 0.0022
Fri 07 Feb 2025 16:09:52 INFO  tail      : recall@10   : 0.0127 | mrr@10      : 0.0052 | ndcg@10     : 0.0069 | hit@10      : 0.0127 | precision@10: 0.0013
Fri 07 Feb 2025 16:09:52 INFO  epoch 4 evaluating [time: 557.48s, valid_score: 0.006900]
Fri 07 Feb 2025 16:30:12 INFO  epoch 5 training [time: 1220.32s, train loss: 102874.9956]
Fri 07 Feb 2025 16:39:29 INFO  head      : recall@10   : 0.0181 | mrr@10      : 0.0088 | ndcg@10     : 0.0104 | hit@10      : 0.0216 | precision@10: 0.0022
Fri 07 Feb 2025 16:39:29 INFO  tail      : recall@10   : 0.0129 | mrr@10      : 0.0053 | ndcg@10     : 0.0070 | hit@10      : 0.0129 | precision@10: 0.0013
Fri 07 Feb 2025 16:39:29 INFO  epoch 5 evaluating [time: 556.13s, valid_score: 0.007000]
Fri 07 Feb 2025 16:39:30 INFO  Saving current: saved\SGL-Feb-07-2025_13-39-52.pth
Fri 07 Feb 2025 16:59:59 INFO  epoch 6 training [time: 1229.30s, train loss: 83169.6306]
Fri 07 Feb 2025 17:09:16 INFO  head      : recall@10   : 0.0180 | mrr@10      : 0.0086 | ndcg@10     : 0.0103 | hit@10      : 0.0214 | precision@10: 0.0022
Fri 07 Feb 2025 17:09:16 INFO  tail      : recall@10   : 0.0129 | mrr@10      : 0.0054 | ndcg@10     : 0.0072 | hit@10      : 0.0129 | precision@10: 0.0013
Fri 07 Feb 2025 17:09:16 INFO  epoch 6 evaluating [time: 556.57s, valid_score: 0.007200]
Fri 07 Feb 2025 17:09:17 INFO  Saving current: saved\SGL-Feb-07-2025_13-39-52.pth
Fri 07 Feb 2025 17:29:35 INFO  epoch 7 training [time: 1217.52s, train loss: 68554.8078]
Fri 07 Feb 2025 17:39:07 INFO  head      : recall@10   : 0.0180 | mrr@10      : 0.0086 | ndcg@10     : 0.0103 | hit@10      : 0.0213 | precision@10: 0.0022
Fri 07 Feb 2025 17:39:07 INFO  tail      : recall@10   : 0.0130 | mrr@10      : 0.0054 | ndcg@10     : 0.0072 | hit@10      : 0.0130 | precision@10: 0.0013
Fri 07 Feb 2025 17:39:07 INFO  epoch 7 evaluating [time: 572.39s, valid_score: 0.007200]
Fri 07 Feb 2025 17:39:09 INFO  Saving current: saved\SGL-Feb-07-2025_13-39-52.pth
Fri 07 Feb 2025 17:59:14 INFO  epoch 8 training [time: 1205.12s, train loss: 57195.3506]
Fri 07 Feb 2025 18:13:06 INFO  head      : recall@10   : 0.0177 | mrr@10      : 0.0089 | ndcg@10     : 0.0105 | hit@10      : 0.0210 | precision@10: 0.0021
Fri 07 Feb 2025 18:13:06 INFO  tail      : recall@10   : 0.0133 | mrr@10      : 0.0054 | ndcg@10     : 0.0072 | hit@10      : 0.0133 | precision@10: 0.0013
Fri 07 Feb 2025 18:13:06 INFO  epoch 8 evaluating [time: 832.25s, valid_score: 0.007200]
Fri 07 Feb 2025 18:13:08 INFO  Saving current: saved\SGL-Feb-07-2025_13-39-52.pth
Fri 07 Feb 2025 18:33:10 INFO  epoch 9 training [time: 1202.25s, train loss: 48285.3807]
Fri 07 Feb 2025 18:42:25 INFO  head      : recall@10   : 0.0188 | mrr@10      : 0.0090 | ndcg@10     : 0.0108 | hit@10      : 0.0224 | precision@10: 0.0023
Fri 07 Feb 2025 18:42:25 INFO  tail      : recall@10   : 0.0132 | mrr@10      : 0.0053 | ndcg@10     : 0.0071 | hit@10      : 0.0132 | precision@10: 0.0013
Fri 07 Feb 2025 18:42:25 INFO  epoch 9 evaluating [time: 555.31s, valid_score: 0.007100]
Fri 07 Feb 2025 19:02:15 INFO  epoch 10 training [time: 1190.01s, train loss: 41141.1424]
Fri 07 Feb 2025 19:11:34 INFO  head      : recall@10   : 0.0187 | mrr@10      : 0.0092 | ndcg@10     : 0.0109 | hit@10      : 0.0222 | precision@10: 0.0023
Fri 07 Feb 2025 19:11:34 INFO  tail      : recall@10   : 0.0130 | mrr@10      : 0.0052 | ndcg@10     : 0.0070 | hit@10      : 0.0130 | precision@10: 0.0013
Fri 07 Feb 2025 19:11:34 INFO  epoch 10 evaluating [time: 558.39s, valid_score: 0.007000]
Fri 07 Feb 2025 19:31:24 INFO  epoch 11 training [time: 1189.99s, train loss: 34815.7644]
Fri 07 Feb 2025 19:41:54 INFO  head      : recall@10   : 0.0190 | mrr@10      : 0.0092 | ndcg@10     : 0.0109 | hit@10      : 0.0227 | precision@10: 0.0023
Fri 07 Feb 2025 19:41:54 INFO  tail      : recall@10   : 0.0128 | mrr@10      : 0.0053 | ndcg@10     : 0.0070 | hit@10      : 0.0128 | precision@10: 0.0013
Fri 07 Feb 2025 19:41:54 INFO  epoch 11 evaluating [time: 630.07s, valid_score: 0.007000]
Fri 07 Feb 2025 20:01:43 INFO  epoch 12 training [time: 1189.80s, train loss: 30239.8621]
Fri 07 Feb 2025 20:11:13 INFO  head      : recall@10   : 0.0184 | mrr@10      : 0.0093 | ndcg@10     : 0.0108 | hit@10      : 0.0218 | precision@10: 0.0022
Fri 07 Feb 2025 20:11:13 INFO  tail      : recall@10   : 0.0129 | mrr@10      : 0.0052 | ndcg@10     : 0.0070 | hit@10      : 0.0129 | precision@10: 0.0013
Fri 07 Feb 2025 20:11:13 INFO  epoch 12 evaluating [time: 569.50s, valid_score: 0.007000]
Fri 07 Feb 2025 20:31:19 INFO  epoch 13 training [time: 1206.15s, train loss: 25859.4666]
Fri 07 Feb 2025 20:41:13 INFO  head      : recall@10   : 0.0185 | mrr@10      : 0.0096 | ndcg@10     : 0.0110 | hit@10      : 0.0222 | precision@10: 0.0023
Fri 07 Feb 2025 20:41:13 INFO  tail      : recall@10   : 0.0127 | mrr@10      : 0.0053 | ndcg@10     : 0.0070 | hit@10      : 0.0127 | precision@10: 0.0013
Fri 07 Feb 2025 20:41:13 INFO  epoch 13 evaluating [time: 594.33s, valid_score: 0.007000]
Fri 07 Feb 2025 21:01:04 INFO  epoch 14 training [time: 1190.16s, train loss: 21832.7746]
Fri 07 Feb 2025 21:11:52 INFO  head      : recall@10   : 0.0185 | mrr@10      : 0.0091 | ndcg@10     : 0.0107 | hit@10      : 0.0223 | precision@10: 0.0023
Fri 07 Feb 2025 21:11:52 INFO  tail      : recall@10   : 0.0129 | mrr@10      : 0.0053 | ndcg@10     : 0.0071 | hit@10      : 0.0129 | precision@10: 0.0013
Fri 07 Feb 2025 21:11:52 INFO  epoch 14 evaluating [time: 648.57s, valid_score: 0.007100]
Fri 07 Feb 2025 21:11:52 INFO  Finished training, best eval result in epoch 8
Fri 07 Feb 2025 21:11:53 INFO  Loading model structure and parameters from saved\SGL-Feb-07-2025_13-39-52.pth
Fri 07 Feb 2025 21:53:00 INFO  head      : recall@10   : 0.0189 | mrr@10      : 0.0095 | ndcg@10     : 0.0115 | hit@10      : 0.0205 | precision@10: 0.0021
Fri 07 Feb 2025 21:53:00 INFO  tail      : recall@10   : 0.0141 | mrr@10      : 0.0063 | ndcg@10     : 0.0081 | hit@10      : 0.0141 | precision@10: 0.0014
Fri 07 Feb 2025 21:53:00 INFO  best valid : OrderedDict([('head', OrderedDict([('recall@10', 0.0177), ('mrr@10', 0.0089), ('ndcg@10', 0.0105), ('hit@10', 0.021), ('precision@10', 0.0021)])), ('tail', OrderedDict([('recall@10', 0.0133), ('mrr@10', 0.0054), ('ndcg@10', 0.0072), ('hit@10', 0.0133), ('precision@10', 0.0013)]))])
Fri 07 Feb 2025 21:53:00 INFO  test result: OrderedDict([('head', OrderedDict([('recall@10', 0.0189), ('mrr@10', 0.0095), ('ndcg@10', 0.0115), ('hit@10', 0.0205), ('precision@10', 0.0021)])), ('tail', OrderedDict([('recall@10', 0.0141), ('mrr@10', 0.0063), ('ndcg@10', 0.0081), ('hit@10', 0.0141), ('precision@10', 0.0014)]))])
