Wed 28 May 2025 19:46:12 INFO  
General Hyper Parameters:
gpu_id = 0
use_gpu = True
seed = 2020
state = INFO
reproducibility = True
data_path = dataset/Amazon_Appliances
checkpoint_dir = saved
show_progress = True
save_dataset = False
dataset_save_path = None
save_dataloaders = False
dataloaders_save_path = None
log_wandb = False

Training Hyper Parameters:
epochs = 300
train_batch_size = 500
learner = adam
learning_rate = 0.001
train_neg_sample_args = {'distribution': 'uniform', 'sample_num': 1, 'alpha': 1.0, 'dynamic': False, 'candidate_num': 0}
eval_step = 10
stopping_step = 2
clip_grad_norm = None
weight_decay = 0.0
loss_decimal_place = 4

Evaluation Hyper Parameters:
eval_args = {'split': {'RS': [0.8, 0.1, 0.1]}, 'order': 'RO', 'group_by': 'user', 'mode': {'valid': 'full', 'test': 'full'}}
repeatable = False
metrics = ['Recall', 'NDCG', 'Hit', 'Precision']
topk = [10, 20]
valid_metric = ndcg@10
valid_metric_bigger = True
eval_batch_size = 8196
metric_decimal_place = 4

Dataset Hyper Parameters:
field_separator = 	
seq_separator =  
USER_ID_FIELD = user_id
ITEM_ID_FIELD = item_id
RATING_FIELD = rating
TIME_FIELD = timestamp
seq_len = None
LABEL_FIELD = label
threshold = None
NEG_PREFIX = neg_
load_col = {'inter': ['user_id', 'item_id']}
unload_col = None
unused_col = None
additional_feat_suffix = None
rm_dup_inter = None
val_interval = None
filter_inter_by_user_or_item = True
user_inter_num_interval = [0,inf)
item_inter_num_interval = [0,inf)
alias_of_user_id = None
alias_of_item_id = None
alias_of_entity_id = None
alias_of_relation_id = None
preload_weight = None
normalize_field = None
normalize_all = None
ITEM_LIST_LENGTH_FIELD = item_length
LIST_SUFFIX = _list
MAX_ITEM_LIST_LENGTH = 50
POSITION_FIELD = position_id
HEAD_ENTITY_ID_FIELD = head_id
TAIL_ENTITY_ID_FIELD = tail_id
RELATION_ID_FIELD = relation_id
ENTITY_ID_FIELD = entity_id
benchmark_filename = None

Other Hyper Parameters: 
worker = 0
wandb_project = recbole
shuffle = True
require_pow = False
enable_amp = False
enable_scaler = False
transform = None
type = RW
n_layers = 2
ssl_tau = 0.8
reg_weight = 0.0001
ssl_weight = 1e-07
drop_ratio = 0.1
embedding_size = 64
numerical_features = []
discretization = None
kg_reverse_r = False
entity_kg_num_interval = [0,inf)
relation_kg_num_interval = [0,inf)
MODEL_TYPE = ModelType.GENERAL
MODEL_INPUT_TYPE = InputType.PAIRWISE
eval_type = EvaluatorType.RANKING
single_spec = True
local_rank = 0
device = cuda
valid_neg_sample_args = {'distribution': 'uniform', 'sample_num': 'none'}
test_neg_sample_args = {'distribution': 'uniform', 'sample_num': 'none'}


Wed 28 May 2025 19:46:14 INFO  Amazon_Appliances
The number of users: 515651
Average actions of users: 1.1689653834965577
The number of items: 30253
Average actions of items: 19.925195028427872
The number of inters: 602777
The sparsity of the dataset: 99.99613604232134%
Remain Fields: ['user_id', 'item_id']
Wed 28 May 2025 19:46:15 INFO  Generated noise pairs: 5038
Wed 28 May 2025 19:46:15 INFO  First few noise pairs: [(1, 20305), (1, 20299), (56, 5718), (104, 21967), (121, 25181)]
Wed 28 May 2025 19:46:24 INFO  [Training]: train_batch_size = [500] train_neg_sample_args: [{'distribution': 'uniform', 'sample_num': 1, 'alpha': 1.0, 'dynamic': False, 'candidate_num': 0}]
Wed 28 May 2025 19:46:24 INFO  [Evaluation]: eval_batch_size = [8196] eval_args: [{'split': {'RS': [0.8, 0.1, 0.1]}, 'order': 'RO', 'group_by': 'user', 'mode': {'valid': 'full', 'test': 'full'}}]
Wed 28 May 2025 19:46:24 INFO  SGL(
  (user_embedding): Embedding(515651, 64)
  (item_embedding): Embedding(30253, 64)
  (gcn_conv): LightGCNConv(64)
  (reg_loss): EmbLoss()
)
Trainable parameters: 34937856
Wed 28 May 2025 19:47:34 INFO  epoch 0 training [time: 69.54s, train loss: 115465.9532]
Wed 28 May 2025 19:48:42 INFO  epoch 1 training [time: 67.76s, train loss: 40625.4842]
Wed 28 May 2025 19:49:48 INFO  epoch 2 training [time: 66.24s, train loss: 24541.3372]
Wed 28 May 2025 19:50:54 INFO  epoch 3 training [time: 66.30s, train loss: 16809.8974]
Wed 28 May 2025 19:52:01 INFO  epoch 4 training [time: 66.26s, train loss: 12243.2081]
Wed 28 May 2025 19:53:07 INFO  epoch 5 training [time: 66.34s, train loss: 9295.3423]
Wed 28 May 2025 19:54:13 INFO  epoch 6 training [time: 66.33s, train loss: 7133.2153]
Wed 28 May 2025 19:55:20 INFO  epoch 7 training [time: 66.30s, train loss: 5654.4847]
Wed 28 May 2025 19:56:26 INFO  epoch 8 training [time: 66.23s, train loss: 4515.2992]
Wed 28 May 2025 19:57:32 INFO  epoch 9 training [time: 66.24s, train loss: 3589.7699]
Wed 28 May 2025 19:58:00 INFO  valid result: 
recall@10 : 0.0984    recall@20 : 0.1112    ndcg@10 : 0.0819    ndcg@20 : 0.0851    hit@10 : 0.099    hit@20 : 0.112    precision@10 : 0.0099    precision@20 : 0.0056
Wed 28 May 2025 19:58:00 INFO  Received 5038 noise pairs for evaluation.
Wed 28 May 2025 19:58:01 INFO  Alignment on noise pairs: 2.4939
Wed 28 May 2025 19:58:01 INFO  epoch 9 evaluating [time: 28.97s, valid_score: 0.081900]
Wed 28 May 2025 19:58:02 INFO  Saving current: saved\SGL-May-28-2025_19-46-24.pth
Wed 28 May 2025 19:59:08 INFO  epoch 10 training [time: 66.29s, train loss: 2924.5729]
Wed 28 May 2025 20:00:14 INFO  epoch 11 training [time: 66.26s, train loss: 2369.6081]
Wed 28 May 2025 20:01:21 INFO  epoch 12 training [time: 66.28s, train loss: 1920.9613]
Wed 28 May 2025 20:02:27 INFO  epoch 13 training [time: 66.28s, train loss: 1567.5246]
Wed 28 May 2025 20:03:33 INFO  epoch 14 training [time: 66.34s, train loss: 1255.9109]
Wed 28 May 2025 20:04:40 INFO  epoch 15 training [time: 66.33s, train loss: 1049.1122]
Wed 28 May 2025 20:05:46 INFO  epoch 16 training [time: 66.37s, train loss: 859.1824]
Wed 28 May 2025 20:06:52 INFO  epoch 17 training [time: 66.30s, train loss: 730.7104]
Wed 28 May 2025 20:07:59 INFO  epoch 18 training [time: 66.32s, train loss: 656.3250]
Wed 28 May 2025 20:09:05 INFO  epoch 19 training [time: 66.28s, train loss: 463.0097]
Wed 28 May 2025 20:09:33 INFO  valid result: 
recall@10 : 0.0992    recall@20 : 0.1117    ndcg@10 : 0.0828    ndcg@20 : 0.0859    hit@10 : 0.0999    hit@20 : 0.1125    precision@10 : 0.01    precision@20 : 0.0056
Wed 28 May 2025 20:09:33 INFO  Received 5038 noise pairs for evaluation.
Wed 28 May 2025 20:09:34 INFO  Alignment on noise pairs: 2.9526
Wed 28 May 2025 20:09:34 INFO  epoch 19 evaluating [time: 29.10s, valid_score: 0.082800]
Wed 28 May 2025 20:09:35 INFO  Saving current: saved\SGL-May-28-2025_19-46-24.pth
Wed 28 May 2025 20:10:41 INFO  epoch 20 training [time: 66.28s, train loss: 388.0876]
Wed 28 May 2025 20:11:47 INFO  epoch 21 training [time: 66.32s, train loss: 337.8832]
Wed 28 May 2025 20:12:54 INFO  epoch 22 training [time: 66.31s, train loss: 268.5022]
Wed 28 May 2025 20:14:00 INFO  epoch 23 training [time: 66.32s, train loss: 229.3834]
Wed 28 May 2025 20:15:06 INFO  epoch 24 training [time: 66.30s, train loss: 204.1269]
Wed 28 May 2025 20:16:13 INFO  epoch 25 training [time: 66.27s, train loss: 185.1649]
Wed 28 May 2025 20:17:19 INFO  epoch 26 training [time: 66.29s, train loss: 161.2271]
Wed 28 May 2025 20:18:25 INFO  epoch 27 training [time: 66.31s, train loss: 151.4733]
Wed 28 May 2025 20:19:32 INFO  epoch 28 training [time: 66.30s, train loss: 160.7595]
Wed 28 May 2025 20:20:38 INFO  epoch 29 training [time: 66.32s, train loss: 101.7723]
Wed 28 May 2025 20:21:07 INFO  valid result: 
recall@10 : 0.0981    recall@20 : 0.1099    ndcg@10 : 0.0827    ndcg@20 : 0.0857    hit@10 : 0.0988    hit@20 : 0.1107    precision@10 : 0.0099    precision@20 : 0.0055
Wed 28 May 2025 20:21:07 INFO  Received 5038 noise pairs for evaluation.
Wed 28 May 2025 20:21:07 INFO  Alignment on noise pairs: 3.2818
Wed 28 May 2025 20:21:07 INFO  epoch 29 evaluating [time: 29.44s, valid_score: 0.082700]
Wed 28 May 2025 20:22:14 INFO  epoch 30 training [time: 66.32s, train loss: 84.9265]
Wed 28 May 2025 20:23:20 INFO  epoch 31 training [time: 66.28s, train loss: 75.0546]
Wed 28 May 2025 20:24:26 INFO  epoch 32 training [time: 66.30s, train loss: 82.7535]
Wed 28 May 2025 20:25:33 INFO  epoch 33 training [time: 66.34s, train loss: 67.8865]
Wed 28 May 2025 20:26:39 INFO  epoch 34 training [time: 66.29s, train loss: 85.9752]
Wed 28 May 2025 20:27:45 INFO  epoch 35 training [time: 66.32s, train loss: 53.8299]
Wed 28 May 2025 20:28:52 INFO  epoch 36 training [time: 66.36s, train loss: 86.8689]
Wed 28 May 2025 20:29:58 INFO  epoch 37 training [time: 66.29s, train loss: 92.2080]
Wed 28 May 2025 20:31:04 INFO  epoch 38 training [time: 66.28s, train loss: 69.2359]
Wed 28 May 2025 20:32:10 INFO  epoch 39 training [time: 66.31s, train loss: 39.2625]
Wed 28 May 2025 20:32:39 INFO  valid result: 
recall@10 : 0.0971    recall@20 : 0.1095    ndcg@10 : 0.0825    ndcg@20 : 0.0856    hit@10 : 0.0978    hit@20 : 0.1103    precision@10 : 0.0098    precision@20 : 0.0055
Wed 28 May 2025 20:32:39 INFO  Received 5038 noise pairs for evaluation.
Wed 28 May 2025 20:32:40 INFO  Alignment on noise pairs: 3.5750
Wed 28 May 2025 20:32:40 INFO  epoch 39 evaluating [time: 29.11s, valid_score: 0.082500]
Wed 28 May 2025 20:33:46 INFO  epoch 40 training [time: 66.35s, train loss: 77.6074]
Wed 28 May 2025 20:34:52 INFO  epoch 41 training [time: 66.31s, train loss: 42.4834]
Wed 28 May 2025 20:35:58 INFO  epoch 42 training [time: 66.29s, train loss: 52.3411]
Wed 28 May 2025 20:37:05 INFO  epoch 43 training [time: 66.30s, train loss: 55.1962]
Wed 28 May 2025 20:38:11 INFO  epoch 44 training [time: 66.28s, train loss: 62.6684]
Wed 28 May 2025 20:39:17 INFO  epoch 45 training [time: 66.31s, train loss: 54.2366]
Wed 28 May 2025 20:40:24 INFO  epoch 46 training [time: 66.33s, train loss: 65.1138]
Wed 28 May 2025 20:41:30 INFO  epoch 47 training [time: 66.35s, train loss: 41.5864]
Wed 28 May 2025 20:42:36 INFO  epoch 48 training [time: 66.27s, train loss: 51.8664]
Wed 28 May 2025 20:43:43 INFO  epoch 49 training [time: 66.34s, train loss: 35.8960]
Wed 28 May 2025 20:44:11 INFO  valid result: 
recall@10 : 0.0974    recall@20 : 0.11    ndcg@10 : 0.0819    ndcg@20 : 0.0851    hit@10 : 0.0981    hit@20 : 0.1108    precision@10 : 0.0098    precision@20 : 0.0055
Wed 28 May 2025 20:44:11 INFO  Received 5038 noise pairs for evaluation.
Wed 28 May 2025 20:44:12 INFO  Alignment on noise pairs: 3.8066
Wed 28 May 2025 20:44:12 INFO  epoch 49 evaluating [time: 29.02s, valid_score: 0.081900]
Wed 28 May 2025 20:44:12 INFO  Finished training, best eval result in epoch 19
Wed 28 May 2025 20:44:12 INFO  Loading model structure and parameters from saved\SGL-May-28-2025_19-46-24.pth
Wed 28 May 2025 20:47:33 INFO  valid result: 
recall@10 : 0.1892    recall@20 : 0.2006    ndcg@10 : 0.1718    ndcg@20 : 0.1747    hit@10 : 0.1894    hit@20 : 0.2007    precision@10 : 0.0189    precision@20 : 0.01
Wed 28 May 2025 20:47:33 INFO  Received 5038 noise pairs for evaluation.
Wed 28 May 2025 20:47:34 INFO  Alignment on noise pairs: 2.9526
Wed 28 May 2025 20:47:34 INFO  best valid : OrderedDict([('recall@10', 0.0992), ('recall@20', 0.1117), ('ndcg@10', 0.0828), ('ndcg@20', 0.0859), ('hit@10', 0.0999), ('hit@20', 0.1125), ('precision@10', 0.01), ('precision@20', 0.0056)])
Wed 28 May 2025 20:47:34 INFO  test result: OrderedDict([('recall@10', 0.1892), ('recall@20', 0.2006), ('ndcg@10', 0.1718), ('ndcg@20', 0.1747), ('hit@10', 0.1894), ('hit@20', 0.2007), ('precision@10', 0.0189), ('precision@20', 0.01)])
