Tue 06 May 2025 15:02:12 INFO  
General Hyper Parameters:
gpu_id = 0
use_gpu = True
seed = 2020
state = INFO
reproducibility = True
data_path = dataset/Amazon_Toys_and_Games
checkpoint_dir = saved
show_progress = True
save_dataset = False
dataset_save_path = None
save_dataloaders = False
dataloaders_save_path = None
log_wandb = False

Training Hyper Parameters:
epochs = 300
train_batch_size = 500
learner = adam
learning_rate = 0.001
train_neg_sample_args = {'distribution': 'uniform', 'sample_num': 1, 'alpha': 1.0, 'dynamic': False, 'candidate_num': 0}
eval_step = 10
stopping_step = 2
clip_grad_norm = None
weight_decay = 0.0
loss_decimal_place = 4

Evaluation Hyper Parameters:
eval_args = {'split': {'RS': [0.8, 0.1, 0.1]}, 'order': 'RO', 'group_by': 'user', 'mode': {'valid': 'full', 'test': 'full'}}
repeatable = False
metrics = ['Recall', 'NDCG', 'Hit', 'Precision']
topk = [10, 20]
valid_metric = ndcg@10
valid_metric_bigger = True
eval_batch_size = 8196
metric_decimal_place = 4

Dataset Hyper Parameters:
field_separator = 	
seq_separator =  
USER_ID_FIELD = user_id
ITEM_ID_FIELD = item_id
RATING_FIELD = rating
TIME_FIELD = timestamp
seq_len = None
LABEL_FIELD = label
threshold = None
NEG_PREFIX = neg_
load_col = {'inter': ['user_id', 'item_id']}
unload_col = None
unused_col = None
additional_feat_suffix = None
rm_dup_inter = None
val_interval = None
filter_inter_by_user_or_item = True
user_inter_num_interval = [0,inf)
item_inter_num_interval = [0,inf)
alias_of_user_id = None
alias_of_item_id = None
alias_of_entity_id = None
alias_of_relation_id = None
preload_weight = None
normalize_field = None
normalize_all = None
ITEM_LIST_LENGTH_FIELD = item_length
LIST_SUFFIX = _list
MAX_ITEM_LIST_LENGTH = 50
POSITION_FIELD = position_id
HEAD_ENTITY_ID_FIELD = head_id
TAIL_ENTITY_ID_FIELD = tail_id
RELATION_ID_FIELD = relation_id
ENTITY_ID_FIELD = entity_id
benchmark_filename = None

Other Hyper Parameters: 
worker = 0
wandb_project = recbole
shuffle = True
require_pow = True
enable_amp = False
enable_scaler = False
transform = None
embedding_size = 64
n_layers = 2
reg_weight = 0.0001
ssl_temp = 0.5
ssl_reg = 1e-07
hyper_layers = 1
alpha = 1
proto_reg = 8e-08
num_clusters = 1000
m_step = 1
warm_up_step = 20
numerical_features = []
discretization = None
kg_reverse_r = False
entity_kg_num_interval = [0,inf)
relation_kg_num_interval = [0,inf)
MODEL_TYPE = ModelType.GENERAL
lambda = 0.1
eps = 0.2
temperature = 0.2
layer_cl = 1
q = 5
MODEL_INPUT_TYPE = InputType.PAIRWISE
eval_type = EvaluatorType.RANKING
single_spec = True
local_rank = 0
device = cuda
valid_neg_sample_args = {'distribution': 'uniform', 'sample_num': 'none'}
test_neg_sample_args = {'distribution': 'uniform', 'sample_num': 'none'}


Tue 06 May 2025 15:02:20 INFO  Amazon_Toys_and_Games
The number of users: 1342912
Average actions of users: 1.677528145945636
The number of items: 327699
Average actions of items: 6.874533869599448
The number of inters: 2252771
The sparsity of the dataset: 99.99948808910104%
Remain Fields: ['user_id', 'item_id']
Tue 06 May 2025 15:02:39 INFO  [Training]: train_batch_size = [500] train_neg_sample_args: [{'distribution': 'uniform', 'sample_num': 1, 'alpha': 1.0, 'dynamic': False, 'candidate_num': 0}]
Tue 06 May 2025 15:02:40 INFO  [Evaluation]: eval_batch_size = [8196] eval_args: [{'split': {'RS': [0.8, 0.1, 0.1]}, 'order': 'RO', 'group_by': 'user', 'mode': {'valid': 'full', 'test': 'full'}}]
Tue 06 May 2025 15:02:40 INFO  NCL(
  (user_embedding): Embedding(1342912, 64)
  (item_embedding): Embedding(327699, 64)
  (gcn_conv): LightGCNConv(64)
  (mf_loss): BPRLoss()
  (reg_loss): EmbLoss()
)
Trainable parameters: 106919104
Tue 06 May 2025 15:02:40 INFO  Running E-step ! 
Tue 06 May 2025 15:02:41 INFO  Loading faiss with AVX2 support.
Tue 06 May 2025 15:02:41 INFO  Successfully loaded faiss with AVX2 support.
Tue 06 May 2025 15:09:44 INFO  epoch 0 training [time: 416.67s, train_loss1: 1143.3577, train_loss2: 3.9493]
Tue 06 May 2025 15:09:44 INFO  Running E-step ! 
Tue 06 May 2025 15:16:44 INFO  epoch 1 training [time: 414.26s, train_loss1: 419.8855, train_loss2: 3.9471]
Tue 06 May 2025 15:16:44 INFO  Running E-step ! 
Tue 06 May 2025 15:23:44 INFO  epoch 2 training [time: 414.18s, train_loss1: 231.4663, train_loss2: 3.9432]
Tue 06 May 2025 15:23:44 INFO  Running E-step ! 
Tue 06 May 2025 15:30:44 INFO  epoch 3 training [time: 414.02s, train_loss1: 147.7227, train_loss2: 3.9402]
Tue 06 May 2025 15:30:44 INFO  Running E-step ! 
Tue 06 May 2025 15:37:45 INFO  epoch 4 training [time: 414.48s, train_loss1: 101.5536, train_loss2: 3.9380]
Tue 06 May 2025 15:37:45 INFO  Running E-step ! 
Tue 06 May 2025 15:44:46 INFO  epoch 5 training [time: 413.95s, train_loss1: 72.9468, train_loss2: 3.9363]
Tue 06 May 2025 15:44:46 INFO  Running E-step ! 
Tue 06 May 2025 15:51:44 INFO  epoch 6 training [time: 410.99s, train_loss1: 53.5113, train_loss2: 3.9350]
Tue 06 May 2025 15:51:44 INFO  Running E-step ! 
Tue 06 May 2025 15:58:37 INFO  epoch 7 training [time: 406.35s, train_loss1: 39.3051, train_loss2: 3.9341]
Tue 06 May 2025 15:58:37 INFO  Running E-step ! 
Tue 06 May 2025 16:05:29 INFO  epoch 8 training [time: 406.21s, train_loss1: 28.2394, train_loss2: 3.9332]
Tue 06 May 2025 16:05:29 INFO  Running E-step ! 
Tue 06 May 2025 16:12:22 INFO  epoch 9 training [time: 406.29s, train_loss1: 20.9881, train_loss2: 3.9325]
Tue 06 May 2025 16:28:08 INFO  valid result: 
recall@10 : 0.0193    recall@20 : 0.0273    ndcg@10 : 0.011    ndcg@20 : 0.013    hit@10 : 0.0197    hit@20 : 0.028    precision@10 : 0.002    precision@20 : 0.0014
Tue 06 May 2025 16:28:08 INFO  epoch 9 evaluating [time: 945.78s, valid_score: 0.011000]
Tue 06 May 2025 16:28:11 INFO  Saving current: saved\NCL-May-06-2025_15-02-40.pth
Tue 06 May 2025 16:28:11 INFO  Saving current best: saved\NCL-May-06-2025_15-02-40.pth
Tue 06 May 2025 16:28:11 INFO  Running E-step ! 
Tue 06 May 2025 16:35:03 INFO  epoch 10 training [time: 406.03s, train_loss1: 15.3424, train_loss2: 3.9319]
Tue 06 May 2025 16:35:03 INFO  Running E-step ! 
Tue 06 May 2025 16:41:55 INFO  epoch 11 training [time: 406.43s, train_loss1: 11.1140, train_loss2: 3.9313]
Tue 06 May 2025 16:41:55 INFO  Running E-step ! 
Tue 06 May 2025 16:48:47 INFO  epoch 12 training [time: 406.01s, train_loss1: 8.0384, train_loss2: 3.9309]
Tue 06 May 2025 16:48:47 INFO  Running E-step ! 
Tue 06 May 2025 16:55:39 INFO  epoch 13 training [time: 406.16s, train_loss1: 6.0774, train_loss2: 3.9304]
Tue 06 May 2025 16:55:39 INFO  Running E-step ! 
Tue 06 May 2025 17:02:32 INFO  epoch 14 training [time: 406.49s, train_loss1: 4.6706, train_loss2: 3.9300]
Tue 06 May 2025 17:02:32 INFO  Running E-step ! 
Tue 06 May 2025 17:09:25 INFO  epoch 15 training [time: 406.25s, train_loss1: 3.8790, train_loss2: 3.9295]
Tue 06 May 2025 17:09:25 INFO  Running E-step ! 
Tue 06 May 2025 17:16:18 INFO  epoch 16 training [time: 406.32s, train_loss1: 3.1388, train_loss2: 3.9291]
Tue 06 May 2025 17:16:18 INFO  Running E-step ! 
Tue 06 May 2025 17:23:20 INFO  epoch 17 training [time: 414.70s, train_loss1: 2.8371, train_loss2: 3.9287]
Tue 06 May 2025 17:23:20 INFO  Running E-step ! 
Tue 06 May 2025 17:30:21 INFO  epoch 18 training [time: 414.68s, train_loss1: 2.2384, train_loss2: 3.9284]
Tue 06 May 2025 17:30:21 INFO  Running E-step ! 
Tue 06 May 2025 17:37:20 INFO  epoch 19 training [time: 412.02s, train_loss1: 2.3003, train_loss2: 3.9280]
Tue 06 May 2025 17:53:38 INFO  valid result: 
recall@10 : 0.0197    recall@20 : 0.0283    ndcg@10 : 0.0112    ndcg@20 : 0.0134    hit@10 : 0.0202    hit@20 : 0.0291    precision@10 : 0.002    precision@20 : 0.0015
Tue 06 May 2025 17:53:38 INFO  epoch 19 evaluating [time: 977.78s, valid_score: 0.011200]
Tue 06 May 2025 17:53:41 INFO  Saving current: saved\NCL-May-06-2025_15-02-40.pth
Tue 06 May 2025 17:53:41 INFO  Saving current best: saved\NCL-May-06-2025_15-02-40.pth
Tue 06 May 2025 17:53:41 INFO  Running E-step ! 
Tue 06 May 2025 18:00:43 INFO  epoch 20 training [time: 417.12s, train_loss1: 2.2126, train_loss2: 3.9281, train_loss3: 1.6049]
Tue 06 May 2025 18:00:43 INFO  Running E-step ! 
Tue 06 May 2025 18:07:46 INFO  epoch 21 training [time: 417.19s, train_loss1: 2.0308, train_loss2: 3.9277, train_loss3: 1.6023]
Tue 06 May 2025 18:07:46 INFO  Running E-step ! 
Tue 06 May 2025 18:14:50 INFO  epoch 22 training [time: 417.32s, train_loss1: 1.8672, train_loss2: 3.9274, train_loss3: 1.5999]
Tue 06 May 2025 18:14:50 INFO  Running E-step ! 
Tue 06 May 2025 18:21:53 INFO  epoch 23 training [time: 416.89s, train_loss1: 1.7740, train_loss2: 3.9272, train_loss3: 1.5975]
Tue 06 May 2025 18:21:53 INFO  Running E-step ! 
Tue 06 May 2025 18:28:56 INFO  epoch 24 training [time: 416.99s, train_loss1: 1.6454, train_loss2: 3.9270, train_loss3: 1.5951]
Tue 06 May 2025 18:28:56 INFO  Running E-step ! 
Tue 06 May 2025 18:36:00 INFO  epoch 25 training [time: 417.23s, train_loss1: 1.6834, train_loss2: 3.9268, train_loss3: 1.5927]
Tue 06 May 2025 18:36:00 INFO  Running E-step ! 
Tue 06 May 2025 18:43:03 INFO  epoch 26 training [time: 416.88s, train_loss1: 1.5460, train_loss2: 3.9266, train_loss3: 1.5906]
Tue 06 May 2025 18:43:03 INFO  Running E-step ! 
Tue 06 May 2025 18:50:07 INFO  epoch 27 training [time: 417.22s, train_loss1: 1.3325, train_loss2: 3.9264, train_loss3: 1.5880]
Tue 06 May 2025 18:50:07 INFO  Running E-step ! 
Tue 06 May 2025 18:57:11 INFO  epoch 28 training [time: 417.05s, train_loss1: 1.5398, train_loss2: 3.9263, train_loss3: 1.5860]
Tue 06 May 2025 18:57:11 INFO  Running E-step ! 
Tue 06 May 2025 19:04:14 INFO  epoch 29 training [time: 417.02s, train_loss1: 1.3503, train_loss2: 3.9262, train_loss3: 1.5841]
Tue 06 May 2025 19:20:37 INFO  valid result: 
recall@10 : 0.0201    recall@20 : 0.0288    ndcg@10 : 0.0112    ndcg@20 : 0.0134    hit@10 : 0.0206    hit@20 : 0.0296    precision@10 : 0.0021    precision@20 : 0.0015
Tue 06 May 2025 19:20:37 INFO  epoch 29 evaluating [time: 983.33s, valid_score: 0.011200]
Tue 06 May 2025 19:20:41 INFO  Saving current: saved\NCL-May-06-2025_15-02-40.pth
Tue 06 May 2025 19:20:41 INFO  Saving current best: saved\NCL-May-06-2025_15-02-40.pth
Tue 06 May 2025 19:20:41 INFO  Running E-step ! 
Tue 06 May 2025 19:27:43 INFO  epoch 30 training [time: 417.16s, train_loss1: 1.6342, train_loss2: 3.9261, train_loss3: 1.5823]
Tue 06 May 2025 19:27:43 INFO  Running E-step ! 
Tue 06 May 2025 19:34:46 INFO  epoch 31 training [time: 417.05s, train_loss1: 1.3764, train_loss2: 3.9261, train_loss3: 1.5804]
Tue 06 May 2025 19:34:46 INFO  Running E-step ! 
Tue 06 May 2025 19:41:48 INFO  epoch 32 training [time: 416.94s, train_loss1: 1.2849, train_loss2: 3.9260, train_loss3: 1.5785]
Tue 06 May 2025 19:41:48 INFO  Running E-step ! 
Tue 06 May 2025 19:48:51 INFO  epoch 33 training [time: 417.00s, train_loss1: 1.2167, train_loss2: 3.9259, train_loss3: 1.5768]
Tue 06 May 2025 19:48:51 INFO  Running E-step ! 
Tue 06 May 2025 19:55:54 INFO  epoch 34 training [time: 416.78s, train_loss1: 1.1295, train_loss2: 3.9258, train_loss3: 1.5747]
Tue 06 May 2025 19:55:54 INFO  Running E-step ! 
Tue 06 May 2025 20:02:57 INFO  epoch 35 training [time: 417.18s, train_loss1: 1.0986, train_loss2: 3.9256, train_loss3: 1.5730]
Tue 06 May 2025 20:02:57 INFO  Running E-step ! 
Tue 06 May 2025 20:10:00 INFO  epoch 36 training [time: 417.29s, train_loss1: 0.9993, train_loss2: 3.9255, train_loss3: 1.5717]
Tue 06 May 2025 20:10:00 INFO  Running E-step ! 
Tue 06 May 2025 20:17:04 INFO  epoch 37 training [time: 417.39s, train_loss1: 1.1671, train_loss2: 3.9255, train_loss3: 1.5702]
Tue 06 May 2025 20:17:04 INFO  Running E-step ! 
Tue 06 May 2025 20:24:07 INFO  epoch 38 training [time: 417.18s, train_loss1: 0.9770, train_loss2: 3.9254, train_loss3: 1.5683]
Tue 06 May 2025 20:24:07 INFO  Running E-step ! 
Tue 06 May 2025 20:31:10 INFO  epoch 39 training [time: 416.87s, train_loss1: 0.9902, train_loss2: 3.9253, train_loss3: 1.5668]
Tue 06 May 2025 20:49:31 INFO  valid result: 
recall@10 : 0.0201    recall@20 : 0.0289    ndcg@10 : 0.0112    ndcg@20 : 0.0135    hit@10 : 0.0206    hit@20 : 0.0297    precision@10 : 0.0021    precision@20 : 0.0015
Tue 06 May 2025 20:49:31 INFO  epoch 39 evaluating [time: 1100.55s, valid_score: 0.011200]
Tue 06 May 2025 20:49:34 INFO  Saving current: saved\NCL-May-06-2025_15-02-40.pth
Tue 06 May 2025 20:49:34 INFO  Saving current best: saved\NCL-May-06-2025_15-02-40.pth
Tue 06 May 2025 20:49:34 INFO  Running E-step ! 
Tue 06 May 2025 20:56:37 INFO  epoch 40 training [time: 417.32s, train_loss1: 0.9765, train_loss2: 3.9252, train_loss3: 1.5653]
Tue 06 May 2025 20:56:37 INFO  Running E-step ! 
Tue 06 May 2025 21:03:39 INFO  epoch 41 training [time: 417.39s, train_loss1: 0.9811, train_loss2: 3.9251, train_loss3: 1.5639]
Tue 06 May 2025 21:03:39 INFO  Running E-step ! 
Tue 06 May 2025 21:10:43 INFO  epoch 42 training [time: 417.45s, train_loss1: 1.1422, train_loss2: 3.9251, train_loss3: 1.5628]
Tue 06 May 2025 21:10:43 INFO  Running E-step ! 
Tue 06 May 2025 21:17:46 INFO  epoch 43 training [time: 417.14s, train_loss1: 0.9945, train_loss2: 3.9250, train_loss3: 1.5614]
Tue 06 May 2025 21:17:46 INFO  Running E-step ! 
Tue 06 May 2025 21:24:49 INFO  epoch 44 training [time: 417.27s, train_loss1: 0.8743, train_loss2: 3.9250, train_loss3: 1.5603]
Tue 06 May 2025 21:24:49 INFO  Running E-step ! 
Tue 06 May 2025 21:31:52 INFO  epoch 45 training [time: 417.07s, train_loss1: 0.7864, train_loss2: 3.9249, train_loss3: 1.5588]
Tue 06 May 2025 21:31:52 INFO  Running E-step ! 
Tue 06 May 2025 21:38:55 INFO  epoch 46 training [time: 417.35s, train_loss1: 0.8935, train_loss2: 3.9249, train_loss3: 1.5576]
Tue 06 May 2025 21:38:55 INFO  Running E-step ! 
Tue 06 May 2025 21:45:58 INFO  epoch 47 training [time: 417.15s, train_loss1: 0.7651, train_loss2: 3.9248, train_loss3: 1.5561]
Tue 06 May 2025 21:45:58 INFO  Running E-step ! 
Tue 06 May 2025 21:53:02 INFO  epoch 48 training [time: 417.31s, train_loss1: 1.0359, train_loss2: 3.9247, train_loss3: 1.5551]
Tue 06 May 2025 21:53:02 INFO  Running E-step ! 
Tue 06 May 2025 22:00:04 INFO  epoch 49 training [time: 416.75s, train_loss1: 0.7821, train_loss2: 3.9246, train_loss3: 1.5538]
Tue 06 May 2025 22:18:04 INFO  valid result: 
recall@10 : 0.0203    recall@20 : 0.029    ndcg@10 : 0.0114    ndcg@20 : 0.0136    hit@10 : 0.0208    hit@20 : 0.0298    precision@10 : 0.0021    precision@20 : 0.0015
Tue 06 May 2025 22:18:04 INFO  epoch 49 evaluating [time: 1079.26s, valid_score: 0.011400]
Tue 06 May 2025 22:18:07 INFO  Saving current: saved\NCL-May-06-2025_15-02-40.pth
Tue 06 May 2025 22:18:07 INFO  Saving current best: saved\NCL-May-06-2025_15-02-40.pth
Tue 06 May 2025 22:18:07 INFO  Running E-step ! 
Tue 06 May 2025 22:25:09 INFO  epoch 50 training [time: 416.95s, train_loss1: 1.0788, train_loss2: 3.9246, train_loss3: 1.5528]
Tue 06 May 2025 22:25:09 INFO  Running E-step ! 
Tue 06 May 2025 22:32:12 INFO  epoch 51 training [time: 417.13s, train_loss1: 0.9255, train_loss2: 3.9246, train_loss3: 1.5517]
Tue 06 May 2025 22:32:12 INFO  Running E-step ! 
Tue 06 May 2025 22:39:15 INFO  epoch 52 training [time: 417.30s, train_loss1: 0.7559, train_loss2: 3.9245, train_loss3: 1.5506]
Tue 06 May 2025 22:39:15 INFO  Running E-step ! 
Tue 06 May 2025 22:46:18 INFO  epoch 53 training [time: 417.32s, train_loss1: 0.9445, train_loss2: 3.9245, train_loss3: 1.5497]
Tue 06 May 2025 22:46:18 INFO  Running E-step ! 
Tue 06 May 2025 22:53:21 INFO  epoch 54 training [time: 416.86s, train_loss1: 0.7787, train_loss2: 3.9244, train_loss3: 1.5486]
Tue 06 May 2025 22:53:21 INFO  Running E-step ! 
Tue 06 May 2025 23:00:23 INFO  epoch 55 training [time: 416.83s, train_loss1: 0.8910, train_loss2: 3.9244, train_loss3: 1.5479]
Tue 06 May 2025 23:00:23 INFO  Running E-step ! 
Tue 06 May 2025 23:07:26 INFO  epoch 56 training [time: 417.02s, train_loss1: 1.0007, train_loss2: 3.9244, train_loss3: 1.5469]
Tue 06 May 2025 23:07:26 INFO  Running E-step ! 
Tue 06 May 2025 23:14:29 INFO  epoch 57 training [time: 416.69s, train_loss1: 0.7595, train_loss2: 3.9243, train_loss3: 1.5459]
Tue 06 May 2025 23:14:29 INFO  Running E-step ! 
Tue 06 May 2025 23:21:32 INFO  epoch 58 training [time: 417.21s, train_loss1: 0.8724, train_loss2: 3.9243, train_loss3: 1.5449]
Tue 06 May 2025 23:21:32 INFO  Running E-step ! 
Tue 06 May 2025 23:28:35 INFO  epoch 59 training [time: 417.05s, train_loss1: 0.7825, train_loss2: 3.9243, train_loss3: 1.5443]
Tue 06 May 2025 23:45:54 INFO  valid result: 
recall@10 : 0.0202    recall@20 : 0.0288    ndcg@10 : 0.0113    ndcg@20 : 0.0135    hit@10 : 0.0208    hit@20 : 0.0297    precision@10 : 0.0021    precision@20 : 0.0015
Tue 06 May 2025 23:45:54 INFO  epoch 59 evaluating [time: 1038.54s, valid_score: 0.011300]
Tue 06 May 2025 23:45:54 INFO  Running E-step ! 
Tue 06 May 2025 23:52:56 INFO  epoch 60 training [time: 417.11s, train_loss1: 0.7499, train_loss2: 3.9242, train_loss3: 1.5432]
Tue 06 May 2025 23:52:56 INFO  Running E-step ! 
Tue 06 May 2025 23:59:59 INFO  epoch 61 training [time: 417.32s, train_loss1: 0.8204, train_loss2: 3.9242, train_loss3: 1.5424]
Tue 06 May 2025 23:59:59 INFO  Running E-step ! 
Wed 07 May 2025 00:07:02 INFO  epoch 62 training [time: 417.16s, train_loss1: 0.7416, train_loss2: 3.9242, train_loss3: 1.5415]
Wed 07 May 2025 00:07:02 INFO  Running E-step ! 
Wed 07 May 2025 00:14:05 INFO  epoch 63 training [time: 417.01s, train_loss1: 0.9074, train_loss2: 3.9241, train_loss3: 1.5406]
Wed 07 May 2025 00:14:05 INFO  Running E-step ! 
Wed 07 May 2025 00:21:08 INFO  epoch 64 training [time: 417.13s, train_loss1: 0.7238, train_loss2: 3.9241, train_loss3: 1.5398]
Wed 07 May 2025 00:21:08 INFO  Running E-step ! 
Wed 07 May 2025 00:28:11 INFO  epoch 65 training [time: 416.99s, train_loss1: 0.7038, train_loss2: 3.9241, train_loss3: 1.5387]
Wed 07 May 2025 00:28:11 INFO  Running E-step ! 
Wed 07 May 2025 00:35:14 INFO  epoch 66 training [time: 417.27s, train_loss1: 0.9071, train_loss2: 3.9240, train_loss3: 1.5383]
Wed 07 May 2025 00:35:14 INFO  Running E-step ! 
Wed 07 May 2025 00:42:17 INFO  epoch 67 training [time: 417.09s, train_loss1: 0.8629, train_loss2: 3.9240, train_loss3: 1.5373]
Wed 07 May 2025 00:42:17 INFO  Running E-step ! 
Wed 07 May 2025 00:49:20 INFO  epoch 68 training [time: 417.16s, train_loss1: 0.6875, train_loss2: 3.9240, train_loss3: 1.5366]
Wed 07 May 2025 00:49:20 INFO  Running E-step ! 
Wed 07 May 2025 00:56:23 INFO  epoch 69 training [time: 417.22s, train_loss1: 0.5931, train_loss2: 3.9240, train_loss3: 1.5357]
Wed 07 May 2025 01:14:48 INFO  valid result: 
recall@10 : 0.0204    recall@20 : 0.0293    ndcg@10 : 0.0114    ndcg@20 : 0.0137    hit@10 : 0.0209    hit@20 : 0.0301    precision@10 : 0.0021    precision@20 : 0.0015
Wed 07 May 2025 01:14:48 INFO  epoch 69 evaluating [time: 1105.08s, valid_score: 0.011400]
Wed 07 May 2025 01:14:52 INFO  Saving current: saved\NCL-May-06-2025_15-02-40.pth
Wed 07 May 2025 01:14:52 INFO  Saving current best: saved\NCL-May-06-2025_15-02-40.pth
Wed 07 May 2025 01:14:52 INFO  Running E-step ! 
Wed 07 May 2025 01:21:54 INFO  epoch 70 training [time: 416.91s, train_loss1: 0.6812, train_loss2: 3.9239, train_loss3: 1.5351]
Wed 07 May 2025 01:21:54 INFO  Running E-step ! 
Wed 07 May 2025 01:28:56 INFO  epoch 71 training [time: 417.25s, train_loss1: 0.6720, train_loss2: 3.9239, train_loss3: 1.5344]
Wed 07 May 2025 01:28:56 INFO  Running E-step ! 
Wed 07 May 2025 01:35:59 INFO  epoch 72 training [time: 416.94s, train_loss1: 0.6729, train_loss2: 3.9240, train_loss3: 1.5339]
Wed 07 May 2025 01:35:59 INFO  Running E-step ! 
Wed 07 May 2025 01:43:02 INFO  epoch 73 training [time: 417.33s, train_loss1: 0.7892, train_loss2: 3.9240, train_loss3: 1.5329]
Wed 07 May 2025 01:43:02 INFO  Running E-step ! 
Wed 07 May 2025 01:50:06 INFO  epoch 74 training [time: 417.45s, train_loss1: 0.7560, train_loss2: 3.9239, train_loss3: 1.5321]
Wed 07 May 2025 01:50:06 INFO  Running E-step ! 
Wed 07 May 2025 01:57:08 INFO  epoch 75 training [time: 416.85s, train_loss1: 0.7403, train_loss2: 3.9239, train_loss3: 1.5313]
Wed 07 May 2025 01:57:08 INFO  Running E-step ! 
Wed 07 May 2025 02:04:11 INFO  epoch 76 training [time: 417.32s, train_loss1: 0.8229, train_loss2: 3.9239, train_loss3: 1.5306]
Wed 07 May 2025 02:04:11 INFO  Running E-step ! 
Wed 07 May 2025 02:11:14 INFO  epoch 77 training [time: 417.05s, train_loss1: 0.6829, train_loss2: 3.9238, train_loss3: 1.5298]
Wed 07 May 2025 02:11:14 INFO  Running E-step ! 
Wed 07 May 2025 02:18:17 INFO  epoch 78 training [time: 416.93s, train_loss1: 0.6936, train_loss2: 3.9238, train_loss3: 1.5290]
Wed 07 May 2025 02:18:17 INFO  Running E-step ! 
Wed 07 May 2025 02:25:21 INFO  epoch 79 training [time: 417.16s, train_loss1: 0.7987, train_loss2: 3.9237, train_loss3: 1.5286]
Wed 07 May 2025 02:43:46 INFO  valid result: 
recall@10 : 0.02    recall@20 : 0.0286    ndcg@10 : 0.0112    ndcg@20 : 0.0134    hit@10 : 0.0206    hit@20 : 0.0295    precision@10 : 0.0021    precision@20 : 0.0015
Wed 07 May 2025 02:43:47 INFO  epoch 79 evaluating [time: 1105.95s, valid_score: 0.011200]
Wed 07 May 2025 02:43:47 INFO  Running E-step ! 
Wed 07 May 2025 02:50:49 INFO  epoch 80 training [time: 417.09s, train_loss1: 0.7309, train_loss2: 3.9238, train_loss3: 1.5282]
Wed 07 May 2025 02:50:49 INFO  Running E-step ! 
Wed 07 May 2025 02:57:51 INFO  epoch 81 training [time: 416.72s, train_loss1: 0.7051, train_loss2: 3.9237, train_loss3: 1.5274]
Wed 07 May 2025 02:57:51 INFO  Running E-step ! 
Wed 07 May 2025 03:04:54 INFO  epoch 82 training [time: 417.11s, train_loss1: 0.7790, train_loss2: 3.9237, train_loss3: 1.5269]
Wed 07 May 2025 03:04:54 INFO  Running E-step ! 
Wed 07 May 2025 03:11:57 INFO  epoch 83 training [time: 417.35s, train_loss1: 0.6076, train_loss2: 3.9237, train_loss3: 1.5262]
Wed 07 May 2025 03:11:57 INFO  Running E-step ! 
Wed 07 May 2025 03:19:00 INFO  epoch 84 training [time: 416.88s, train_loss1: 0.6927, train_loss2: 3.9237, train_loss3: 1.5254]
Wed 07 May 2025 03:19:00 INFO  Running E-step ! 
Wed 07 May 2025 03:26:03 INFO  epoch 85 training [time: 417.03s, train_loss1: 0.6564, train_loss2: 3.9236, train_loss3: 1.5251]
Wed 07 May 2025 03:26:03 INFO  Running E-step ! 
Wed 07 May 2025 03:33:06 INFO  epoch 86 training [time: 417.08s, train_loss1: 0.6906, train_loss2: 3.9236, train_loss3: 1.5245]
Wed 07 May 2025 03:33:06 INFO  Running E-step ! 
Wed 07 May 2025 03:40:09 INFO  epoch 87 training [time: 416.95s, train_loss1: 0.6967, train_loss2: 3.9236, train_loss3: 1.5238]
Wed 07 May 2025 03:40:09 INFO  Running E-step ! 
Wed 07 May 2025 03:47:12 INFO  epoch 88 training [time: 417.09s, train_loss1: 0.6054, train_loss2: 3.9235, train_loss3: 1.5232]
Wed 07 May 2025 03:47:12 INFO  Running E-step ! 
Wed 07 May 2025 03:54:14 INFO  epoch 89 training [time: 416.98s, train_loss1: 0.7389, train_loss2: 3.9235, train_loss3: 1.5229]
Wed 07 May 2025 04:10:54 INFO  valid result: 
recall@10 : 0.0204    recall@20 : 0.0292    ndcg@10 : 0.0114    ndcg@20 : 0.0137    hit@10 : 0.0209    hit@20 : 0.03    precision@10 : 0.0021    precision@20 : 0.0015
Wed 07 May 2025 04:10:54 INFO  epoch 89 evaluating [time: 999.25s, valid_score: 0.011400]
Wed 07 May 2025 04:10:57 INFO  Saving current: saved\NCL-May-06-2025_15-02-40.pth
Wed 07 May 2025 04:10:57 INFO  Saving current best: saved\NCL-May-06-2025_15-02-40.pth
Wed 07 May 2025 04:10:57 INFO  Running E-step ! 
Wed 07 May 2025 04:17:59 INFO  epoch 90 training [time: 416.92s, train_loss1: 0.7249, train_loss2: 3.9235, train_loss3: 1.5223]
Wed 07 May 2025 04:17:59 INFO  Running E-step ! 
Wed 07 May 2025 04:25:02 INFO  epoch 91 training [time: 416.94s, train_loss1: 0.5938, train_loss2: 3.9235, train_loss3: 1.5216]
Wed 07 May 2025 04:25:02 INFO  Running E-step ! 
Wed 07 May 2025 04:32:05 INFO  epoch 92 training [time: 417.41s, train_loss1: 0.6015, train_loss2: 3.9234, train_loss3: 1.5208]
Wed 07 May 2025 04:32:05 INFO  Running E-step ! 
Wed 07 May 2025 04:39:08 INFO  epoch 93 training [time: 417.07s, train_loss1: 0.5657, train_loss2: 3.9235, train_loss3: 1.5205]
Wed 07 May 2025 04:39:08 INFO  Running E-step ! 
Wed 07 May 2025 04:46:24 INFO  epoch 94 training [time: 416.99s, train_loss1: 0.5666, train_loss2: 3.9235, train_loss3: 1.5198]
Wed 07 May 2025 04:46:24 INFO  Running E-step ! 
Wed 07 May 2025 04:53:27 INFO  epoch 95 training [time: 417.22s, train_loss1: 0.7215, train_loss2: 3.9235, train_loss3: 1.5194]
Wed 07 May 2025 04:53:27 INFO  Running E-step ! 
Wed 07 May 2025 05:00:30 INFO  epoch 96 training [time: 417.45s, train_loss1: 0.6953, train_loss2: 3.9235, train_loss3: 1.5188]
Wed 07 May 2025 05:00:30 INFO  Running E-step ! 
Wed 07 May 2025 05:07:33 INFO  epoch 97 training [time: 416.82s, train_loss1: 0.9094, train_loss2: 3.9235, train_loss3: 1.5184]
Wed 07 May 2025 05:07:33 INFO  Running E-step ! 
Wed 07 May 2025 05:14:36 INFO  epoch 98 training [time: 417.43s, train_loss1: 0.6152, train_loss2: 3.9235, train_loss3: 1.5181]
Wed 07 May 2025 05:14:36 INFO  Running E-step ! 
Wed 07 May 2025 05:21:40 INFO  epoch 99 training [time: 417.43s, train_loss1: 0.6995, train_loss2: 3.9236, train_loss3: 1.5176]
Wed 07 May 2025 05:35:14 INFO  valid result: 
recall@10 : 0.0205    recall@20 : 0.0286    ndcg@10 : 0.0113    ndcg@20 : 0.0134    hit@10 : 0.021    hit@20 : 0.0294    precision@10 : 0.0021    precision@20 : 0.0015
Wed 07 May 2025 05:35:14 INFO  epoch 99 evaluating [time: 814.47s, valid_score: 0.011300]
Wed 07 May 2025 05:35:14 INFO  Running E-step ! 
Wed 07 May 2025 05:42:17 INFO  epoch 100 training [time: 417.31s, train_loss1: 0.8118, train_loss2: 3.9235, train_loss3: 1.5170]
Wed 07 May 2025 05:42:17 INFO  Running E-step ! 
Wed 07 May 2025 05:49:19 INFO  epoch 101 training [time: 416.74s, train_loss1: 0.6048, train_loss2: 3.9235, train_loss3: 1.5163]
Wed 07 May 2025 05:49:19 INFO  Running E-step ! 
Wed 07 May 2025 05:56:22 INFO  epoch 102 training [time: 416.80s, train_loss1: 0.6294, train_loss2: 3.9235, train_loss3: 1.5158]
Wed 07 May 2025 05:56:22 INFO  Running E-step ! 
Wed 07 May 2025 06:03:25 INFO  epoch 103 training [time: 417.22s, train_loss1: 0.6375, train_loss2: 3.9235, train_loss3: 1.5158]
Wed 07 May 2025 06:03:25 INFO  Running E-step ! 
Wed 07 May 2025 06:10:28 INFO  epoch 104 training [time: 417.30s, train_loss1: 0.6773, train_loss2: 3.9235, train_loss3: 1.5152]
Wed 07 May 2025 06:10:28 INFO  Running E-step ! 
Wed 07 May 2025 06:17:31 INFO  epoch 105 training [time: 417.07s, train_loss1: 0.7231, train_loss2: 3.9235, train_loss3: 1.5148]
Wed 07 May 2025 06:17:31 INFO  Running E-step ! 
Wed 07 May 2025 06:24:34 INFO  epoch 106 training [time: 417.38s, train_loss1: 0.6559, train_loss2: 3.9235, train_loss3: 1.5142]
Wed 07 May 2025 06:24:34 INFO  Running E-step ! 
Wed 07 May 2025 06:31:37 INFO  epoch 107 training [time: 417.28s, train_loss1: 0.6502, train_loss2: 3.9235, train_loss3: 1.5136]
Wed 07 May 2025 06:31:37 INFO  Running E-step ! 
Wed 07 May 2025 06:38:46 INFO  epoch 108 training [time: 422.20s, train_loss1: 0.7651, train_loss2: 3.9235, train_loss3: 1.5132]
Wed 07 May 2025 06:38:46 INFO  Running E-step ! 
Wed 07 May 2025 06:45:58 INFO  epoch 109 training [time: 426.40s, train_loss1: 0.8339, train_loss2: 3.9235, train_loss3: 1.5127]
Wed 07 May 2025 06:59:27 INFO  valid result: 
recall@10 : 0.02    recall@20 : 0.0284    ndcg@10 : 0.0112    ndcg@20 : 0.0133    hit@10 : 0.0205    hit@20 : 0.0293    precision@10 : 0.0021    precision@20 : 0.0015
Wed 07 May 2025 06:59:27 INFO  epoch 109 evaluating [time: 809.03s, valid_score: 0.011200]
Wed 07 May 2025 06:59:27 INFO  Running E-step ! 
Wed 07 May 2025 07:06:30 INFO  epoch 110 training [time: 417.37s, train_loss1: 0.5974, train_loss2: 3.9235, train_loss3: 1.5122]
Wed 07 May 2025 07:06:30 INFO  Running E-step ! 
Wed 07 May 2025 07:13:33 INFO  epoch 111 training [time: 417.21s, train_loss1: 0.6978, train_loss2: 3.9234, train_loss3: 1.5119]
Wed 07 May 2025 07:13:33 INFO  Running E-step ! 
Wed 07 May 2025 07:20:35 INFO  epoch 112 training [time: 417.21s, train_loss1: 0.6004, train_loss2: 3.9234, train_loss3: 1.5114]
Wed 07 May 2025 07:20:35 INFO  Running E-step ! 
Wed 07 May 2025 07:27:38 INFO  epoch 113 training [time: 417.09s, train_loss1: 0.6177, train_loss2: 3.9234, train_loss3: 1.5109]
Wed 07 May 2025 07:27:38 INFO  Running E-step ! 
Wed 07 May 2025 07:34:41 INFO  epoch 114 training [time: 417.23s, train_loss1: 0.7371, train_loss2: 3.9234, train_loss3: 1.5107]
Wed 07 May 2025 07:34:41 INFO  Running E-step ! 
Wed 07 May 2025 07:41:44 INFO  epoch 115 training [time: 417.21s, train_loss1: 0.6047, train_loss2: 3.9234, train_loss3: 1.5103]
Wed 07 May 2025 07:41:44 INFO  Running E-step ! 
Wed 07 May 2025 07:48:47 INFO  epoch 116 training [time: 417.14s, train_loss1: 0.6620, train_loss2: 3.9234, train_loss3: 1.5100]
Wed 07 May 2025 07:48:47 INFO  Running E-step ! 
Wed 07 May 2025 07:55:51 INFO  epoch 117 training [time: 417.25s, train_loss1: 0.6797, train_loss2: 3.9234, train_loss3: 1.5096]
Wed 07 May 2025 07:55:51 INFO  Running E-step ! 
Wed 07 May 2025 08:02:54 INFO  epoch 118 training [time: 417.21s, train_loss1: 0.5530, train_loss2: 3.9234, train_loss3: 1.5093]
Wed 07 May 2025 08:02:54 INFO  Running E-step ! 
Wed 07 May 2025 08:09:57 INFO  epoch 119 training [time: 416.84s, train_loss1: 0.6407, train_loss2: 3.9234, train_loss3: 1.5088]
Wed 07 May 2025 08:27:36 INFO  valid result: 
recall@10 : 0.0203    recall@20 : 0.0287    ndcg@10 : 0.0114    ndcg@20 : 0.0135    hit@10 : 0.0209    hit@20 : 0.0295    precision@10 : 0.0021    precision@20 : 0.0015
Wed 07 May 2025 08:27:36 INFO  epoch 119 evaluating [time: 1059.11s, valid_score: 0.011400]
Wed 07 May 2025 08:27:39 INFO  Saving current: saved\NCL-May-06-2025_15-02-40.pth
Wed 07 May 2025 08:27:39 INFO  Saving current best: saved\NCL-May-06-2025_15-02-40.pth
Wed 07 May 2025 08:27:39 INFO  Running E-step ! 
Wed 07 May 2025 08:34:41 INFO  epoch 120 training [time: 416.81s, train_loss1: 0.5550, train_loss2: 3.9234, train_loss3: 1.5084]
Wed 07 May 2025 08:34:41 INFO  Running E-step ! 
Wed 07 May 2025 08:41:44 INFO  epoch 121 training [time: 416.98s, train_loss1: 0.6483, train_loss2: 3.9234, train_loss3: 1.5078]
Wed 07 May 2025 08:41:44 INFO  Running E-step ! 
Wed 07 May 2025 08:48:46 INFO  epoch 122 training [time: 417.01s, train_loss1: 0.5726, train_loss2: 3.9234, train_loss3: 1.5077]
Wed 07 May 2025 08:48:46 INFO  Running E-step ! 
Wed 07 May 2025 08:55:49 INFO  epoch 123 training [time: 416.68s, train_loss1: 0.6165, train_loss2: 3.9234, train_loss3: 1.5073]
Wed 07 May 2025 08:55:49 INFO  Running E-step ! 
Wed 07 May 2025 09:02:52 INFO  epoch 124 training [time: 417.12s, train_loss1: 0.6170, train_loss2: 3.9235, train_loss3: 1.5067]
Wed 07 May 2025 09:02:52 INFO  Running E-step ! 
Wed 07 May 2025 09:09:54 INFO  epoch 125 training [time: 416.75s, train_loss1: 0.7124, train_loss2: 3.9235, train_loss3: 1.5062]
Wed 07 May 2025 09:09:54 INFO  Running E-step ! 
Wed 07 May 2025 09:16:57 INFO  epoch 126 training [time: 416.90s, train_loss1: 0.5370, train_loss2: 3.9235, train_loss3: 1.5061]
Wed 07 May 2025 09:16:57 INFO  Running E-step ! 
Wed 07 May 2025 09:24:00 INFO  epoch 127 training [time: 417.28s, train_loss1: 0.5671, train_loss2: 3.9235, train_loss3: 1.5058]
Wed 07 May 2025 09:24:00 INFO  Running E-step ! 
Wed 07 May 2025 09:31:04 INFO  epoch 128 training [time: 417.17s, train_loss1: 0.6099, train_loss2: 3.9235, train_loss3: 1.5055]
Wed 07 May 2025 09:31:04 INFO  Running E-step ! 
Wed 07 May 2025 09:38:07 INFO  epoch 129 training [time: 417.00s, train_loss1: 0.5995, train_loss2: 3.9235, train_loss3: 1.5050]
Wed 07 May 2025 09:56:13 INFO  valid result: 
recall@10 : 0.0206    recall@20 : 0.0286    ndcg@10 : 0.0117    ndcg@20 : 0.0137    hit@10 : 0.0211    hit@20 : 0.0295    precision@10 : 0.0021    precision@20 : 0.0015
Wed 07 May 2025 09:56:13 INFO  epoch 129 evaluating [time: 1086.06s, valid_score: 0.011700]
Wed 07 May 2025 09:56:16 INFO  Saving current: saved\NCL-May-06-2025_15-02-40.pth
Wed 07 May 2025 09:56:16 INFO  Saving current best: saved\NCL-May-06-2025_15-02-40.pth
Wed 07 May 2025 09:56:16 INFO  Running E-step ! 
Wed 07 May 2025 10:03:18 INFO  epoch 130 training [time: 416.64s, train_loss1: 0.5140, train_loss2: 3.9236, train_loss3: 1.5048]
Wed 07 May 2025 10:03:18 INFO  Running E-step ! 
Wed 07 May 2025 10:10:20 INFO  epoch 131 training [time: 417.06s, train_loss1: 0.5901, train_loss2: 3.9236, train_loss3: 1.5042]
Wed 07 May 2025 10:10:20 INFO  Running E-step ! 
Wed 07 May 2025 10:17:23 INFO  epoch 132 training [time: 417.35s, train_loss1: 0.5312, train_loss2: 3.9236, train_loss3: 1.5039]
Wed 07 May 2025 10:17:23 INFO  Running E-step ! 
Wed 07 May 2025 10:24:26 INFO  epoch 133 training [time: 417.02s, train_loss1: 0.6652, train_loss2: 3.9236, train_loss3: 1.5039]
Wed 07 May 2025 10:24:26 INFO  Running E-step ! 
Wed 07 May 2025 10:31:29 INFO  epoch 134 training [time: 417.02s, train_loss1: 0.5408, train_loss2: 3.9236, train_loss3: 1.5031]
Wed 07 May 2025 10:31:29 INFO  Running E-step ! 
Wed 07 May 2025 10:38:32 INFO  epoch 135 training [time: 417.02s, train_loss1: 0.5863, train_loss2: 3.9234, train_loss3: 1.5025]
Wed 07 May 2025 10:38:32 INFO  Running E-step ! 
Wed 07 May 2025 10:45:35 INFO  epoch 136 training [time: 416.75s, train_loss1: 0.6163, train_loss2: 3.9234, train_loss3: 1.5020]
Wed 07 May 2025 10:45:35 INFO  Running E-step ! 
Wed 07 May 2025 10:52:38 INFO  epoch 137 training [time: 417.13s, train_loss1: 0.4857, train_loss2: 3.9233, train_loss3: 1.5014]
Wed 07 May 2025 10:52:38 INFO  Running E-step ! 
Wed 07 May 2025 10:59:41 INFO  epoch 138 training [time: 417.34s, train_loss1: 0.6102, train_loss2: 3.9234, train_loss3: 1.5022]
Wed 07 May 2025 10:59:41 INFO  Running E-step ! 
Wed 07 May 2025 11:06:44 INFO  epoch 139 training [time: 417.28s, train_loss1: 0.5705, train_loss2: 3.9234, train_loss3: 1.5014]
Wed 07 May 2025 11:23:46 INFO  valid result: 
recall@10 : 0.0206    recall@20 : 0.0287    ndcg@10 : 0.0117    ndcg@20 : 0.0137    hit@10 : 0.0211    hit@20 : 0.0296    precision@10 : 0.0021    precision@20 : 0.0015
Wed 07 May 2025 11:23:46 INFO  epoch 139 evaluating [time: 1021.81s, valid_score: 0.011700]
Wed 07 May 2025 11:23:49 INFO  Saving current: saved\NCL-May-06-2025_15-02-40.pth
Wed 07 May 2025 11:23:49 INFO  Saving current best: saved\NCL-May-06-2025_15-02-40.pth
Wed 07 May 2025 11:23:49 INFO  Running E-step ! 
Wed 07 May 2025 11:30:51 INFO  epoch 140 training [time: 416.78s, train_loss1: 0.5684, train_loss2: 3.9234, train_loss3: 1.5009]
Wed 07 May 2025 11:30:51 INFO  Running E-step ! 
Wed 07 May 2025 11:37:53 INFO  epoch 141 training [time: 416.70s, train_loss1: 0.6205, train_loss2: 3.9233, train_loss3: 1.5011]
Wed 07 May 2025 11:37:53 INFO  Running E-step ! 
Wed 07 May 2025 11:44:56 INFO  epoch 142 training [time: 417.21s, train_loss1: 0.5904, train_loss2: 3.9234, train_loss3: 1.5006]
Wed 07 May 2025 11:44:56 INFO  Running E-step ! 
Wed 07 May 2025 11:51:59 INFO  epoch 143 training [time: 416.75s, train_loss1: 0.5928, train_loss2: 3.9233, train_loss3: 1.5003]
Wed 07 May 2025 11:51:59 INFO  Running E-step ! 
Wed 07 May 2025 11:59:01 INFO  epoch 144 training [time: 416.87s, train_loss1: 0.6892, train_loss2: 3.9234, train_loss3: 1.4998]
Wed 07 May 2025 11:59:01 INFO  Running E-step ! 
Wed 07 May 2025 12:06:04 INFO  epoch 145 training [time: 417.08s, train_loss1: 0.5701, train_loss2: 3.9234, train_loss3: 1.4994]
Wed 07 May 2025 12:06:04 INFO  Running E-step ! 
Wed 07 May 2025 12:13:07 INFO  epoch 146 training [time: 417.04s, train_loss1: 0.6168, train_loss2: 3.9234, train_loss3: 1.4990]
Wed 07 May 2025 12:13:07 INFO  Running E-step ! 
Wed 07 May 2025 12:20:10 INFO  epoch 147 training [time: 417.11s, train_loss1: 0.5803, train_loss2: 3.9234, train_loss3: 1.4985]
Wed 07 May 2025 12:20:10 INFO  Running E-step ! 
Wed 07 May 2025 12:27:14 INFO  epoch 148 training [time: 417.36s, train_loss1: 0.5506, train_loss2: 3.9234, train_loss3: 1.4984]
Wed 07 May 2025 12:27:14 INFO  Running E-step ! 
Wed 07 May 2025 12:34:17 INFO  epoch 149 training [time: 417.49s, train_loss1: 0.5207, train_loss2: 3.9234, train_loss3: 1.4981]
Wed 07 May 2025 12:52:27 INFO  valid result: 
recall@10 : 0.0206    recall@20 : 0.0291    ndcg@10 : 0.0118    ndcg@20 : 0.014    hit@10 : 0.0211    hit@20 : 0.03    precision@10 : 0.0021    precision@20 : 0.0015
Wed 07 May 2025 12:52:27 INFO  epoch 149 evaluating [time: 1089.89s, valid_score: 0.011800]
Wed 07 May 2025 12:52:30 INFO  Saving current: saved\NCL-May-06-2025_15-02-40.pth
Wed 07 May 2025 12:52:30 INFO  Saving current best: saved\NCL-May-06-2025_15-02-40.pth
Wed 07 May 2025 12:52:30 INFO  Running E-step ! 
Wed 07 May 2025 12:59:33 INFO  epoch 150 training [time: 417.22s, train_loss1: 0.6595, train_loss2: 3.9234, train_loss3: 1.4978]
Wed 07 May 2025 12:59:33 INFO  Running E-step ! 
Wed 07 May 2025 13:06:35 INFO  epoch 151 training [time: 417.08s, train_loss1: 0.5179, train_loss2: 3.9234, train_loss3: 1.4974]
Wed 07 May 2025 13:06:35 INFO  Running E-step ! 
Wed 07 May 2025 13:13:38 INFO  epoch 152 training [time: 417.08s, train_loss1: 0.6509, train_loss2: 3.9234, train_loss3: 1.4969]
Wed 07 May 2025 13:13:38 INFO  Running E-step ! 
Wed 07 May 2025 13:20:41 INFO  epoch 153 training [time: 416.81s, train_loss1: 0.5827, train_loss2: 3.9234, train_loss3: 1.4967]
Wed 07 May 2025 13:20:41 INFO  Running E-step ! 
Wed 07 May 2025 13:27:44 INFO  epoch 154 training [time: 417.08s, train_loss1: 0.5566, train_loss2: 3.9235, train_loss3: 1.4966]
Wed 07 May 2025 13:27:44 INFO  Running E-step ! 
Wed 07 May 2025 13:34:47 INFO  epoch 155 training [time: 417.20s, train_loss1: 0.4975, train_loss2: 3.9235, train_loss3: 1.4961]
Wed 07 May 2025 13:34:47 INFO  Running E-step ! 
Wed 07 May 2025 13:41:50 INFO  epoch 156 training [time: 417.01s, train_loss1: 0.6051, train_loss2: 3.9235, train_loss3: 1.4957]
Wed 07 May 2025 13:41:50 INFO  Running E-step ! 
Wed 07 May 2025 13:48:53 INFO  epoch 157 training [time: 417.32s, train_loss1: 0.5398, train_loss2: 3.9235, train_loss3: 1.4955]
Wed 07 May 2025 13:48:53 INFO  Running E-step ! 
Wed 07 May 2025 13:55:56 INFO  epoch 158 training [time: 416.95s, train_loss1: 0.6300, train_loss2: 3.9235, train_loss3: 1.4951]
Wed 07 May 2025 13:55:56 INFO  Running E-step ! 
Wed 07 May 2025 14:03:00 INFO  epoch 159 training [time: 417.91s, train_loss1: 0.4502, train_loss2: 3.9235, train_loss3: 1.4951]
Wed 07 May 2025 14:21:12 INFO  valid result: 
recall@10 : 0.0203    recall@20 : 0.0289    ndcg@10 : 0.0115    ndcg@20 : 0.0137    hit@10 : 0.0209    hit@20 : 0.0298    precision@10 : 0.0021    precision@20 : 0.0015
Wed 07 May 2025 14:21:12 INFO  epoch 159 evaluating [time: 1091.84s, valid_score: 0.011500]
Wed 07 May 2025 14:21:12 INFO  Running E-step ! 
Wed 07 May 2025 14:28:14 INFO  epoch 160 training [time: 416.92s, train_loss1: 0.5872, train_loss2: 3.9235, train_loss3: 1.4945]
Wed 07 May 2025 14:28:14 INFO  Running E-step ! 
Wed 07 May 2025 14:35:17 INFO  epoch 161 training [time: 417.20s, train_loss1: 0.5880, train_loss2: 3.9235, train_loss3: 1.4942]
Wed 07 May 2025 14:35:17 INFO  Running E-step ! 
Wed 07 May 2025 14:42:19 INFO  epoch 162 training [time: 416.94s, train_loss1: 0.4760, train_loss2: 3.9235, train_loss3: 1.4938]
Wed 07 May 2025 14:42:19 INFO  Running E-step ! 
Wed 07 May 2025 14:49:22 INFO  epoch 163 training [time: 417.20s, train_loss1: 0.5461, train_loss2: 3.9234, train_loss3: 1.4933]
Wed 07 May 2025 14:49:22 INFO  Running E-step ! 
Wed 07 May 2025 14:56:25 INFO  epoch 164 training [time: 417.32s, train_loss1: 0.5319, train_loss2: 3.9234, train_loss3: 1.4929]
Wed 07 May 2025 14:56:25 INFO  Running E-step ! 
Wed 07 May 2025 15:03:29 INFO  epoch 165 training [time: 417.24s, train_loss1: 0.5194, train_loss2: 3.9234, train_loss3: 1.4932]
Wed 07 May 2025 15:03:29 INFO  Running E-step ! 
Wed 07 May 2025 15:10:31 INFO  epoch 166 training [time: 416.95s, train_loss1: 0.5405, train_loss2: 3.9235, train_loss3: 1.4928]
Wed 07 May 2025 15:10:31 INFO  Running E-step ! 
Wed 07 May 2025 15:17:34 INFO  epoch 167 training [time: 417.18s, train_loss1: 0.6652, train_loss2: 3.9235, train_loss3: 1.4926]
Wed 07 May 2025 15:17:34 INFO  Running E-step ! 
Wed 07 May 2025 15:24:38 INFO  epoch 168 training [time: 417.26s, train_loss1: 0.5561, train_loss2: 3.9235, train_loss3: 1.4922]
Wed 07 May 2025 15:24:38 INFO  Running E-step ! 
Wed 07 May 2025 15:31:40 INFO  epoch 169 training [time: 416.90s, train_loss1: 0.4727, train_loss2: 3.9234, train_loss3: 1.4918]
Wed 07 May 2025 15:50:01 INFO  valid result: 
recall@10 : 0.0205    recall@20 : 0.0286    ndcg@10 : 0.0116    ndcg@20 : 0.0136    hit@10 : 0.021    hit@20 : 0.0295    precision@10 : 0.0021    precision@20 : 0.0015
Wed 07 May 2025 15:50:01 INFO  epoch 169 evaluating [time: 1100.34s, valid_score: 0.011600]
Wed 07 May 2025 15:50:01 INFO  Running E-step ! 
Wed 07 May 2025 15:57:04 INFO  epoch 170 training [time: 417.53s, train_loss1: 0.5940, train_loss2: 3.9234, train_loss3: 1.4916]
Wed 07 May 2025 15:57:04 INFO  Running E-step ! 
Wed 07 May 2025 16:04:06 INFO  epoch 171 training [time: 417.21s, train_loss1: 0.4558, train_loss2: 3.9235, train_loss3: 1.4914]
Wed 07 May 2025 16:04:06 INFO  Running E-step ! 
Wed 07 May 2025 16:11:09 INFO  epoch 172 training [time: 417.38s, train_loss1: 0.6868, train_loss2: 3.9235, train_loss3: 1.4913]
Wed 07 May 2025 16:11:09 INFO  Running E-step ! 
Wed 07 May 2025 16:18:12 INFO  epoch 173 training [time: 417.02s, train_loss1: 0.5525, train_loss2: 3.9235, train_loss3: 1.4911]
Wed 07 May 2025 16:18:12 INFO  Running E-step ! 
Wed 07 May 2025 16:25:15 INFO  epoch 174 training [time: 416.74s, train_loss1: 0.6441, train_loss2: 3.9236, train_loss3: 1.4908]
Wed 07 May 2025 16:25:15 INFO  Running E-step ! 
Wed 07 May 2025 16:32:18 INFO  epoch 175 training [time: 417.52s, train_loss1: 0.6428, train_loss2: 3.9236, train_loss3: 1.4905]
Wed 07 May 2025 16:32:18 INFO  Running E-step ! 
Wed 07 May 2025 16:39:21 INFO  epoch 176 training [time: 416.95s, train_loss1: 0.5127, train_loss2: 3.9236, train_loss3: 1.4904]
Wed 07 May 2025 16:39:21 INFO  Running E-step ! 
Wed 07 May 2025 16:46:24 INFO  epoch 177 training [time: 416.97s, train_loss1: 0.5675, train_loss2: 3.9236, train_loss3: 1.4904]
Wed 07 May 2025 16:46:24 INFO  Running E-step ! 
Wed 07 May 2025 16:53:27 INFO  epoch 178 training [time: 417.09s, train_loss1: 0.5165, train_loss2: 3.9236, train_loss3: 1.4900]
Wed 07 May 2025 16:53:27 INFO  Running E-step ! 
Wed 07 May 2025 17:00:30 INFO  epoch 179 training [time: 416.88s, train_loss1: 0.6312, train_loss2: 3.9236, train_loss3: 1.4895]
Wed 07 May 2025 17:18:51 INFO  valid result: 
recall@10 : 0.0199    recall@20 : 0.0279    ndcg@10 : 0.0112    ndcg@20 : 0.0132    hit@10 : 0.0205    hit@20 : 0.0288    precision@10 : 0.0021    precision@20 : 0.0014
Wed 07 May 2025 17:18:51 INFO  epoch 179 evaluating [time: 1100.92s, valid_score: 0.011200]
Wed 07 May 2025 17:18:51 INFO  Finished training, best eval result in epoch 149
Wed 07 May 2025 17:18:52 INFO  Loading model structure and parameters from saved\NCL-May-06-2025_15-02-40.pth
Wed 07 May 2025 18:26:13 INFO  valid result: 
recall@10 : 0.0208    recall@20 : 0.0284    ndcg@10 : 0.0128    ndcg@20 : 0.0147    hit@10 : 0.0211    hit@20 : 0.0289    precision@10 : 0.0021    precision@20 : 0.0014
Wed 07 May 2025 18:26:13 INFO  best valid : OrderedDict([('recall@10', 0.0206), ('recall@20', 0.0291), ('ndcg@10', 0.0118), ('ndcg@20', 0.014), ('hit@10', 0.0211), ('hit@20', 0.03), ('precision@10', 0.0021), ('precision@20', 0.0015)])
Wed 07 May 2025 18:26:13 INFO  test result: OrderedDict([('recall@10', 0.0208), ('recall@20', 0.0284), ('ndcg@10', 0.0128), ('ndcg@20', 0.0147), ('hit@10', 0.0211), ('hit@20', 0.0289), ('precision@10', 0.0021), ('precision@20', 0.0014)])
