Mon 26 May 2025 18:52:31 INFO  
General Hyper Parameters:
gpu_id = 0
use_gpu = True
seed = 2020
state = INFO
reproducibility = True
data_path = dataset/ml-1m
checkpoint_dir = saved
show_progress = True
save_dataset = False
dataset_save_path = None
save_dataloaders = False
dataloaders_save_path = None
log_wandb = False

Training Hyper Parameters:
epochs = 300
train_batch_size = 500
learner = adam
learning_rate = 0.001
train_neg_sample_args = {'distribution': 'uniform', 'sample_num': 1, 'alpha': 1.0, 'dynamic': False, 'candidate_num': 0}
eval_step = 10
stopping_step = 2
clip_grad_norm = None
weight_decay = 0.0
loss_decimal_place = 4

Evaluation Hyper Parameters:
eval_args = {'split': {'RS': [0.8, 0.1, 0.1]}, 'order': 'RO', 'group_by': 'user', 'mode': {'valid': 'full', 'test': 'full'}}
repeatable = False
metrics = ['Recall', 'NDCG', 'Hit', 'Precision']
topk = [10, 20]
valid_metric = ndcg@10
valid_metric_bigger = True
eval_batch_size = 8196
metric_decimal_place = 4

Dataset Hyper Parameters:
field_separator = 	
seq_separator =  
USER_ID_FIELD = user_id
ITEM_ID_FIELD = item_id
RATING_FIELD = rating
TIME_FIELD = timestamp
seq_len = None
LABEL_FIELD = label
threshold = None
NEG_PREFIX = neg_
load_col = {'inter': ['user_id', 'item_id']}
unload_col = None
unused_col = None
additional_feat_suffix = None
rm_dup_inter = None
val_interval = None
filter_inter_by_user_or_item = True
user_inter_num_interval = [0,inf)
item_inter_num_interval = [0,inf)
alias_of_user_id = None
alias_of_item_id = None
alias_of_entity_id = None
alias_of_relation_id = None
preload_weight = None
normalize_field = None
normalize_all = None
ITEM_LIST_LENGTH_FIELD = item_length
LIST_SUFFIX = _list
MAX_ITEM_LIST_LENGTH = 50
POSITION_FIELD = position_id
HEAD_ENTITY_ID_FIELD = head_id
TAIL_ENTITY_ID_FIELD = tail_id
RELATION_ID_FIELD = relation_id
ENTITY_ID_FIELD = entity_id
benchmark_filename = None

Other Hyper Parameters: 
worker = 0
wandb_project = recbole
shuffle = True
require_pow = True
enable_amp = False
enable_scaler = False
transform = None
embedding_size = 64
n_layers = 2
reg_weight = 0.0001
ssl_temp = 0.5
ssl_reg = 1e-07
hyper_layers = 1
alpha = 1
proto_reg = 8e-08
num_clusters = 1000
m_step = 1
warm_up_step = 20
numerical_features = []
discretization = None
kg_reverse_r = False
entity_kg_num_interval = [0,inf)
relation_kg_num_interval = [0,inf)
MODEL_TYPE = ModelType.GENERAL
lambda = 0.1
eps = 0.2
temperature = 0.2
layer_cl = 1
q = 5
MODEL_INPUT_TYPE = InputType.PAIRWISE
eval_type = EvaluatorType.RANKING
single_spec = True
local_rank = 0
device = cuda
valid_neg_sample_args = {'distribution': 'uniform', 'sample_num': 'none'}
test_neg_sample_args = {'distribution': 'uniform', 'sample_num': 'none'}


Mon 26 May 2025 18:52:33 INFO  ml-1m
The number of users: 6041
Average actions of users: 165.5975165562914
The number of items: 3707
Average actions of items: 269.88909875876953
The number of inters: 1000209
The sparsity of the dataset: 95.53358229599758%
Remain Fields: ['user_id', 'item_id']
Mon 26 May 2025 18:52:34 INFO  [Training]: train_batch_size = [500] train_neg_sample_args: [{'distribution': 'uniform', 'sample_num': 1, 'alpha': 1.0, 'dynamic': False, 'candidate_num': 0}]
Mon 26 May 2025 18:52:34 INFO  [Evaluation]: eval_batch_size = [8196] eval_args: [{'split': {'RS': [0.8, 0.1, 0.1]}, 'order': 'RO', 'group_by': 'user', 'mode': {'valid': 'full', 'test': 'full'}}]
Mon 26 May 2025 18:52:34 INFO  NCL(
  (user_embedding): Embedding(6041, 64)
  (item_embedding): Embedding(3707, 64)
  (gcn_conv): LightGCNConv(64)
  (mf_loss): BPRLoss()
  (reg_loss): EmbLoss()
)
Trainable parameters: 623872
Mon 26 May 2025 18:52:34 INFO  Running E-step ! 
Mon 26 May 2025 18:52:34 INFO  Loading faiss with AVX2 support.
Mon 26 May 2025 18:52:34 INFO  Successfully loaded faiss with AVX2 support.
Mon 26 May 2025 18:52:58 INFO  epoch 0 training [time: 23.37s, train_loss1: 630.6057, train_loss2: 1.3293]
Mon 26 May 2025 18:52:58 INFO  Running E-step ! 
Mon 26 May 2025 18:53:20 INFO  epoch 1 training [time: 21.54s, train_loss1: 558.0538, train_loss2: 1.3474]
Mon 26 May 2025 18:53:20 INFO  Running E-step ! 
Mon 26 May 2025 18:53:42 INFO  epoch 2 training [time: 21.40s, train_loss1: 530.8954, train_loss2: 1.3657]
Mon 26 May 2025 18:53:42 INFO  Running E-step ! 
Mon 26 May 2025 18:54:04 INFO  epoch 3 training [time: 21.46s, train_loss1: 479.8908, train_loss2: 1.3521]
Mon 26 May 2025 18:54:04 INFO  Running E-step ! 
Mon 26 May 2025 18:54:26 INFO  epoch 4 training [time: 21.56s, train_loss1: 447.7444, train_loss2: 1.3349]
Mon 26 May 2025 18:54:26 INFO  Running E-step ! 
Mon 26 May 2025 18:54:48 INFO  epoch 5 training [time: 21.54s, train_loss1: 426.1502, train_loss2: 1.3224]
Mon 26 May 2025 18:54:48 INFO  Running E-step ! 
Mon 26 May 2025 18:55:10 INFO  epoch 6 training [time: 21.49s, train_loss1: 409.0225, train_loss2: 1.3137]
Mon 26 May 2025 18:55:10 INFO  Running E-step ! 
Mon 26 May 2025 18:55:31 INFO  epoch 7 training [time: 21.29s, train_loss1: 393.6127, train_loss2: 1.3071]
Mon 26 May 2025 18:55:31 INFO  Running E-step ! 
Mon 26 May 2025 18:55:53 INFO  epoch 8 training [time: 21.51s, train_loss1: 381.3678, train_loss2: 1.3012]
Mon 26 May 2025 18:55:53 INFO  Running E-step ! 
Mon 26 May 2025 18:56:15 INFO  epoch 9 training [time: 21.31s, train_loss1: 369.9925, train_loss2: 1.2966]
Mon 26 May 2025 18:56:20 INFO  valid result: 
recall@10 : 0.1174    recall@20 : 0.1819    ndcg@10 : 0.1755    ndcg@20 : 0.1834    hit@10 : 0.651    hit@20 : 0.7613    precision@10 : 0.1385    precision@20 : 0.1132
Mon 26 May 2025 18:56:20 INFO  epoch 9 evaluating [time: 4.92s, valid_score: 0.175500]
Mon 26 May 2025 18:56:20 INFO  Saving current: saved\NCL-May-26-2025_18-52-34.pth
Mon 26 May 2025 18:56:20 INFO  Saving current best: saved\NCL-May-26-2025_18-52-34.pth
Mon 26 May 2025 18:56:20 INFO  Running E-step ! 
Mon 26 May 2025 18:56:42 INFO  epoch 10 training [time: 21.85s, train_loss1: 361.0200, train_loss2: 1.2929]
Mon 26 May 2025 18:56:42 INFO  Running E-step ! 
Mon 26 May 2025 18:57:04 INFO  epoch 11 training [time: 21.37s, train_loss1: 353.5008, train_loss2: 1.2901]
Mon 26 May 2025 18:57:04 INFO  Running E-step ! 
Mon 26 May 2025 18:57:26 INFO  epoch 12 training [time: 21.51s, train_loss1: 345.4719, train_loss2: 1.2875]
Mon 26 May 2025 18:57:26 INFO  Running E-step ! 
Mon 26 May 2025 18:57:47 INFO  epoch 13 training [time: 21.50s, train_loss1: 339.8526, train_loss2: 1.2854]
Mon 26 May 2025 18:57:47 INFO  Running E-step ! 
Mon 26 May 2025 18:58:09 INFO  epoch 14 training [time: 21.20s, train_loss1: 335.3924, train_loss2: 1.2840]
Mon 26 May 2025 18:58:09 INFO  Running E-step ! 
Mon 26 May 2025 18:58:31 INFO  epoch 15 training [time: 21.51s, train_loss1: 328.7778, train_loss2: 1.2826]
Mon 26 May 2025 18:58:31 INFO  Running E-step ! 
Mon 26 May 2025 18:58:53 INFO  epoch 16 training [time: 21.51s, train_loss1: 324.6304, train_loss2: 1.2815]
Mon 26 May 2025 18:58:53 INFO  Running E-step ! 
Mon 26 May 2025 18:59:15 INFO  epoch 17 training [time: 21.55s, train_loss1: 321.5046, train_loss2: 1.2803]
Mon 26 May 2025 18:59:15 INFO  Running E-step ! 
Mon 26 May 2025 18:59:37 INFO  epoch 18 training [time: 21.57s, train_loss1: 318.2342, train_loss2: 1.2793]
Mon 26 May 2025 18:59:37 INFO  Running E-step ! 
Mon 26 May 2025 18:59:59 INFO  epoch 19 training [time: 21.52s, train_loss1: 312.7680, train_loss2: 1.2786]
Mon 26 May 2025 19:00:03 INFO  valid result: 
recall@10 : 0.1342    recall@20 : 0.2122    ndcg@10 : 0.1942    ndcg@20 : 0.2066    hit@10 : 0.6974    hit@20 : 0.8096    precision@10 : 0.1542    precision@20 : 0.1268
Mon 26 May 2025 19:00:03 INFO  epoch 19 evaluating [time: 4.68s, valid_score: 0.194200]
Mon 26 May 2025 19:00:03 INFO  Saving current: saved\NCL-May-26-2025_18-52-34.pth
Mon 26 May 2025 19:00:03 INFO  Saving current best: saved\NCL-May-26-2025_18-52-34.pth
Mon 26 May 2025 19:00:03 INFO  Running E-step ! 
Mon 26 May 2025 19:00:27 INFO  epoch 20 training [time: 22.93s, train_loss1: 310.7529, train_loss2: 1.2777, train_loss3: 0.7020]
Mon 26 May 2025 19:00:27 INFO  Running E-step ! 
Mon 26 May 2025 19:00:50 INFO  epoch 21 training [time: 22.97s, train_loss1: 306.4398, train_loss2: 1.2770, train_loss3: 0.7023]
Mon 26 May 2025 19:00:50 INFO  Running E-step ! 
Mon 26 May 2025 19:01:13 INFO  epoch 22 training [time: 22.53s, train_loss1: 303.7238, train_loss2: 1.2766, train_loss3: 0.7020]
Mon 26 May 2025 19:01:13 INFO  Running E-step ! 
Mon 26 May 2025 19:01:36 INFO  epoch 23 training [time: 22.96s, train_loss1: 299.3485, train_loss2: 1.2763, train_loss3: 0.7017]
Mon 26 May 2025 19:01:36 INFO  Running E-step ! 
Mon 26 May 2025 19:01:59 INFO  epoch 24 training [time: 22.96s, train_loss1: 296.7616, train_loss2: 1.2759, train_loss3: 0.7010]
Mon 26 May 2025 19:01:59 INFO  Running E-step ! 
Mon 26 May 2025 19:02:23 INFO  epoch 25 training [time: 22.91s, train_loss1: 294.2769, train_loss2: 1.2757, train_loss3: 0.7015]
Mon 26 May 2025 19:02:23 INFO  Running E-step ! 
Mon 26 May 2025 19:02:46 INFO  epoch 26 training [time: 22.89s, train_loss1: 291.6031, train_loss2: 1.2755, train_loss3: 0.7012]
Mon 26 May 2025 19:02:46 INFO  Running E-step ! 
Mon 26 May 2025 19:03:09 INFO  epoch 27 training [time: 22.58s, train_loss1: 288.0868, train_loss2: 1.2752, train_loss3: 0.7018]
Mon 26 May 2025 19:03:09 INFO  Running E-step ! 
Mon 26 May 2025 19:03:32 INFO  epoch 28 training [time: 22.89s, train_loss1: 286.1754, train_loss2: 1.2750, train_loss3: 0.7022]
Mon 26 May 2025 19:03:32 INFO  Running E-step ! 
Mon 26 May 2025 19:03:56 INFO  epoch 29 training [time: 22.90s, train_loss1: 284.1679, train_loss2: 1.2752, train_loss3: 0.7026]
Mon 26 May 2025 19:04:00 INFO  valid result: 
recall@10 : 0.1427    recall@20 : 0.2246    ndcg@10 : 0.202    ndcg@20 : 0.216    hit@10 : 0.7151    hit@20 : 0.8225    precision@10 : 0.1591    precision@20 : 0.1319
Mon 26 May 2025 19:04:00 INFO  epoch 29 evaluating [time: 4.66s, valid_score: 0.202000]
Mon 26 May 2025 19:04:00 INFO  Saving current: saved\NCL-May-26-2025_18-52-34.pth
Mon 26 May 2025 19:04:00 INFO  Saving current best: saved\NCL-May-26-2025_18-52-34.pth
Mon 26 May 2025 19:04:00 INFO  Running E-step ! 
Mon 26 May 2025 19:04:24 INFO  epoch 30 training [time: 22.95s, train_loss1: 281.4870, train_loss2: 1.2751, train_loss3: 0.7028]
Mon 26 May 2025 19:04:24 INFO  Running E-step ! 
Mon 26 May 2025 19:04:47 INFO  epoch 31 training [time: 22.84s, train_loss1: 278.7221, train_loss2: 1.2754, train_loss3: 0.7035]
Mon 26 May 2025 19:04:47 INFO  Running E-step ! 
Mon 26 May 2025 19:05:10 INFO  epoch 32 training [time: 22.74s, train_loss1: 275.6586, train_loss2: 1.2757, train_loss3: 0.7038]
Mon 26 May 2025 19:05:10 INFO  Running E-step ! 
Mon 26 May 2025 19:05:33 INFO  epoch 33 training [time: 23.00s, train_loss1: 274.0869, train_loss2: 1.2759, train_loss3: 0.7046]
Mon 26 May 2025 19:05:33 INFO  Running E-step ! 
Mon 26 May 2025 19:05:56 INFO  epoch 34 training [time: 22.85s, train_loss1: 269.5836, train_loss2: 1.2764, train_loss3: 0.7040]
Mon 26 May 2025 19:05:56 INFO  Running E-step ! 
Mon 26 May 2025 19:06:20 INFO  epoch 35 training [time: 22.96s, train_loss1: 266.9300, train_loss2: 1.2769, train_loss3: 0.7049]
Mon 26 May 2025 19:06:20 INFO  Running E-step ! 
Mon 26 May 2025 19:06:43 INFO  epoch 36 training [time: 22.68s, train_loss1: 265.5624, train_loss2: 1.2775, train_loss3: 0.7055]
Mon 26 May 2025 19:06:43 INFO  Running E-step ! 
Mon 26 May 2025 19:07:06 INFO  epoch 37 training [time: 22.93s, train_loss1: 263.1282, train_loss2: 1.2781, train_loss3: 0.7060]
Mon 26 May 2025 19:07:06 INFO  Running E-step ! 
Mon 26 May 2025 19:07:29 INFO  epoch 38 training [time: 22.73s, train_loss1: 261.5272, train_loss2: 1.2788, train_loss3: 0.7067]
Mon 26 May 2025 19:07:29 INFO  Running E-step ! 
Mon 26 May 2025 19:07:53 INFO  epoch 39 training [time: 23.08s, train_loss1: 258.0562, train_loss2: 1.2796, train_loss3: 0.7073]
Mon 26 May 2025 19:07:58 INFO  valid result: 
recall@10 : 0.149    recall@20 : 0.2331    ndcg@10 : 0.2076    ndcg@20 : 0.2226    hit@10 : 0.7321    hit@20 : 0.8353    precision@10 : 0.1628    precision@20 : 0.1349
Mon 26 May 2025 19:07:58 INFO  epoch 39 evaluating [time: 4.79s, valid_score: 0.207600]
Mon 26 May 2025 19:07:58 INFO  Saving current: saved\NCL-May-26-2025_18-52-34.pth
Mon 26 May 2025 19:07:58 INFO  Saving current best: saved\NCL-May-26-2025_18-52-34.pth
Mon 26 May 2025 19:07:58 INFO  Running E-step ! 
Mon 26 May 2025 19:08:21 INFO  epoch 40 training [time: 23.12s, train_loss1: 256.9278, train_loss2: 1.2803, train_loss3: 0.7072]
Mon 26 May 2025 19:08:21 INFO  Running E-step ! 
Mon 26 May 2025 19:08:44 INFO  epoch 41 training [time: 22.85s, train_loss1: 254.0003, train_loss2: 1.2811, train_loss3: 0.7081]
Mon 26 May 2025 19:08:44 INFO  Running E-step ! 
Mon 26 May 2025 19:09:08 INFO  epoch 42 training [time: 22.97s, train_loss1: 251.6680, train_loss2: 1.2820, train_loss3: 0.7087]
Mon 26 May 2025 19:09:08 INFO  Running E-step ! 
Mon 26 May 2025 19:09:30 INFO  epoch 43 training [time: 22.36s, train_loss1: 250.6695, train_loss2: 1.2829, train_loss3: 0.7090]
Mon 26 May 2025 19:09:30 INFO  Running E-step ! 
Mon 26 May 2025 19:09:54 INFO  epoch 44 training [time: 22.95s, train_loss1: 247.7902, train_loss2: 1.2839, train_loss3: 0.7096]
Mon 26 May 2025 19:09:54 INFO  Running E-step ! 
Mon 26 May 2025 19:10:17 INFO  epoch 45 training [time: 22.75s, train_loss1: 244.2868, train_loss2: 1.2848, train_loss3: 0.7105]
Mon 26 May 2025 19:10:17 INFO  Running E-step ! 
Mon 26 May 2025 19:10:40 INFO  epoch 46 training [time: 22.87s, train_loss1: 243.3599, train_loss2: 1.2859, train_loss3: 0.7110]
Mon 26 May 2025 19:10:40 INFO  Running E-step ! 
Mon 26 May 2025 19:11:03 INFO  epoch 47 training [time: 23.03s, train_loss1: 239.8572, train_loss2: 1.2872, train_loss3: 0.7115]
Mon 26 May 2025 19:11:03 INFO  Running E-step ! 
Mon 26 May 2025 19:11:26 INFO  epoch 48 training [time: 22.71s, train_loss1: 238.0014, train_loss2: 1.2881, train_loss3: 0.7128]
Mon 26 May 2025 19:11:26 INFO  Running E-step ! 
Mon 26 May 2025 19:11:50 INFO  epoch 49 training [time: 23.02s, train_loss1: 236.5051, train_loss2: 1.2890, train_loss3: 0.7132]
Mon 26 May 2025 19:11:54 INFO  valid result: 
recall@10 : 0.1513    recall@20 : 0.2408    ndcg@10 : 0.2096    ndcg@20 : 0.2274    hit@10 : 0.7382    hit@20 : 0.8462    precision@10 : 0.1633    precision@20 : 0.1373
Mon 26 May 2025 19:11:54 INFO  epoch 49 evaluating [time: 4.58s, valid_score: 0.209600]
Mon 26 May 2025 19:11:54 INFO  Saving current: saved\NCL-May-26-2025_18-52-34.pth
Mon 26 May 2025 19:11:54 INFO  Saving current best: saved\NCL-May-26-2025_18-52-34.pth
Mon 26 May 2025 19:11:54 INFO  Running E-step ! 
Mon 26 May 2025 19:12:18 INFO  epoch 50 training [time: 22.97s, train_loss1: 232.2510, train_loss2: 1.2900, train_loss3: 0.7132]
Mon 26 May 2025 19:12:18 INFO  Running E-step ! 
Mon 26 May 2025 19:12:41 INFO  epoch 51 training [time: 22.94s, train_loss1: 231.5442, train_loss2: 1.2911, train_loss3: 0.7143]
Mon 26 May 2025 19:12:41 INFO  Running E-step ! 
Mon 26 May 2025 19:13:05 INFO  epoch 52 training [time: 23.11s, train_loss1: 229.2585, train_loss2: 1.2921, train_loss3: 0.7147]
Mon 26 May 2025 19:13:05 INFO  Running E-step ! 
Mon 26 May 2025 19:13:28 INFO  epoch 53 training [time: 22.86s, train_loss1: 227.1492, train_loss2: 1.2932, train_loss3: 0.7154]
Mon 26 May 2025 19:13:28 INFO  Running E-step ! 
Mon 26 May 2025 19:13:51 INFO  epoch 54 training [time: 22.90s, train_loss1: 224.3845, train_loss2: 1.2941, train_loss3: 0.7165]
Mon 26 May 2025 19:13:51 INFO  Running E-step ! 
Mon 26 May 2025 19:14:14 INFO  epoch 55 training [time: 22.47s, train_loss1: 222.5189, train_loss2: 1.2953, train_loss3: 0.7164]
Mon 26 May 2025 19:14:14 INFO  Running E-step ! 
Mon 26 May 2025 19:14:37 INFO  epoch 56 training [time: 22.95s, train_loss1: 220.6389, train_loss2: 1.2964, train_loss3: 0.7170]
Mon 26 May 2025 19:14:37 INFO  Running E-step ! 
Mon 26 May 2025 19:15:00 INFO  epoch 57 training [time: 22.83s, train_loss1: 217.5624, train_loss2: 1.2975, train_loss3: 0.7174]
Mon 26 May 2025 19:15:00 INFO  Running E-step ! 
Mon 26 May 2025 19:15:24 INFO  epoch 58 training [time: 23.00s, train_loss1: 217.7191, train_loss2: 1.2986, train_loss3: 0.7183]
Mon 26 May 2025 19:15:24 INFO  Running E-step ! 
Mon 26 May 2025 19:15:47 INFO  epoch 59 training [time: 22.89s, train_loss1: 215.2240, train_loss2: 1.2996, train_loss3: 0.7191]
Mon 26 May 2025 19:15:52 INFO  valid result: 
recall@10 : 0.1575    recall@20 : 0.2437    ndcg@10 : 0.2143    ndcg@20 : 0.2302    hit@10 : 0.7444    hit@20 : 0.8493    precision@10 : 0.1672    precision@20 : 0.1381
Mon 26 May 2025 19:15:52 INFO  epoch 59 evaluating [time: 4.91s, valid_score: 0.214300]
Mon 26 May 2025 19:15:52 INFO  Saving current: saved\NCL-May-26-2025_18-52-34.pth
Mon 26 May 2025 19:15:52 INFO  Saving current best: saved\NCL-May-26-2025_18-52-34.pth
Mon 26 May 2025 19:15:52 INFO  Running E-step ! 
Mon 26 May 2025 19:16:15 INFO  epoch 60 training [time: 22.36s, train_loss1: 212.3841, train_loss2: 1.3006, train_loss3: 0.7195]
Mon 26 May 2025 19:16:15 INFO  Running E-step ! 
Mon 26 May 2025 19:16:38 INFO  epoch 61 training [time: 23.12s, train_loss1: 211.4875, train_loss2: 1.3017, train_loss3: 0.7201]
Mon 26 May 2025 19:16:38 INFO  Running E-step ! 
Mon 26 May 2025 19:17:01 INFO  epoch 62 training [time: 22.79s, train_loss1: 208.8224, train_loss2: 1.3025, train_loss3: 0.7201]
Mon 26 May 2025 19:17:01 INFO  Running E-step ! 
Mon 26 May 2025 19:17:25 INFO  epoch 63 training [time: 23.03s, train_loss1: 206.9170, train_loss2: 1.3036, train_loss3: 0.7206]
Mon 26 May 2025 19:17:25 INFO  Running E-step ! 
Mon 26 May 2025 19:17:48 INFO  epoch 64 training [time: 22.70s, train_loss1: 205.8174, train_loss2: 1.3044, train_loss3: 0.7217]
Mon 26 May 2025 19:17:48 INFO  Running E-step ! 
Mon 26 May 2025 19:18:11 INFO  epoch 65 training [time: 22.72s, train_loss1: 204.1522, train_loss2: 1.3052, train_loss3: 0.7225]
Mon 26 May 2025 19:18:11 INFO  Running E-step ! 
Mon 26 May 2025 19:18:34 INFO  epoch 66 training [time: 22.95s, train_loss1: 202.2358, train_loss2: 1.3064, train_loss3: 0.7227]
Mon 26 May 2025 19:18:34 INFO  Running E-step ! 
Mon 26 May 2025 19:18:57 INFO  epoch 67 training [time: 22.74s, train_loss1: 200.0102, train_loss2: 1.3073, train_loss3: 0.7236]
Mon 26 May 2025 19:18:57 INFO  Running E-step ! 
Mon 26 May 2025 19:19:21 INFO  epoch 68 training [time: 23.00s, train_loss1: 198.3023, train_loss2: 1.3082, train_loss3: 0.7246]
Mon 26 May 2025 19:19:21 INFO  Running E-step ! 
Mon 26 May 2025 19:19:44 INFO  epoch 69 training [time: 22.95s, train_loss1: 197.6305, train_loss2: 1.3089, train_loss3: 0.7248]
Mon 26 May 2025 19:19:49 INFO  valid result: 
recall@10 : 0.1573    recall@20 : 0.2463    ndcg@10 : 0.2129    ndcg@20 : 0.2303    hit@10 : 0.7467    hit@20 : 0.8546    precision@10 : 0.1665    precision@20 : 0.1386
Mon 26 May 2025 19:19:49 INFO  epoch 69 evaluating [time: 4.86s, valid_score: 0.212900]
Mon 26 May 2025 19:19:49 INFO  Running E-step ! 
Mon 26 May 2025 19:20:12 INFO  epoch 70 training [time: 23.00s, train_loss1: 195.7924, train_loss2: 1.3098, train_loss3: 0.7250]
Mon 26 May 2025 19:20:12 INFO  Running E-step ! 
Mon 26 May 2025 19:20:36 INFO  epoch 71 training [time: 22.87s, train_loss1: 193.2836, train_loss2: 1.3105, train_loss3: 0.7256]
Mon 26 May 2025 19:20:36 INFO  Running E-step ! 
Mon 26 May 2025 19:20:59 INFO  epoch 72 training [time: 22.71s, train_loss1: 192.4579, train_loss2: 1.3112, train_loss3: 0.7261]
Mon 26 May 2025 19:20:59 INFO  Running E-step ! 
Mon 26 May 2025 19:21:22 INFO  epoch 73 training [time: 22.92s, train_loss1: 191.9907, train_loss2: 1.3119, train_loss3: 0.7261]
Mon 26 May 2025 19:21:22 INFO  Running E-step ! 
Mon 26 May 2025 19:21:45 INFO  epoch 74 training [time: 22.18s, train_loss1: 188.7271, train_loss2: 1.3126, train_loss3: 0.7271]
Mon 26 May 2025 19:21:45 INFO  Running E-step ! 
Mon 26 May 2025 19:22:06 INFO  epoch 75 training [time: 21.11s, train_loss1: 189.4094, train_loss2: 1.3134, train_loss3: 0.7276]
Mon 26 May 2025 19:22:06 INFO  Running E-step ! 
Mon 26 May 2025 19:22:28 INFO  epoch 76 training [time: 21.23s, train_loss1: 188.4232, train_loss2: 1.3143, train_loss3: 0.7283]
Mon 26 May 2025 19:22:28 INFO  Running E-step ! 
Mon 26 May 2025 19:22:49 INFO  epoch 77 training [time: 21.29s, train_loss1: 186.9150, train_loss2: 1.3150, train_loss3: 0.7288]
Mon 26 May 2025 19:22:49 INFO  Running E-step ! 
Mon 26 May 2025 19:23:11 INFO  epoch 78 training [time: 21.29s, train_loss1: 185.4914, train_loss2: 1.3157, train_loss3: 0.7294]
Mon 26 May 2025 19:23:11 INFO  Running E-step ! 
Mon 26 May 2025 19:23:32 INFO  epoch 79 training [time: 21.12s, train_loss1: 183.4649, train_loss2: 1.3163, train_loss3: 0.7296]
Mon 26 May 2025 19:23:37 INFO  valid result: 
recall@10 : 0.1543    recall@20 : 0.2471    ndcg@10 : 0.2112    ndcg@20 : 0.2301    hit@10 : 0.7401    hit@20 : 0.8533    precision@10 : 0.165    precision@20 : 0.1386
Mon 26 May 2025 19:23:37 INFO  epoch 79 evaluating [time: 4.53s, valid_score: 0.211200]
Mon 26 May 2025 19:23:37 INFO  Running E-step ! 
Mon 26 May 2025 19:23:59 INFO  epoch 80 training [time: 21.77s, train_loss1: 181.7558, train_loss2: 1.3169, train_loss3: 0.7297]
Mon 26 May 2025 19:23:59 INFO  Running E-step ! 
Mon 26 May 2025 19:24:20 INFO  epoch 81 training [time: 20.89s, train_loss1: 181.2184, train_loss2: 1.3176, train_loss3: 0.7304]
Mon 26 May 2025 19:24:20 INFO  Running E-step ! 
Mon 26 May 2025 19:24:42 INFO  epoch 82 training [time: 21.38s, train_loss1: 180.0102, train_loss2: 1.3183, train_loss3: 0.7307]
Mon 26 May 2025 19:24:42 INFO  Running E-step ! 
Mon 26 May 2025 19:25:03 INFO  epoch 83 training [time: 20.95s, train_loss1: 178.6933, train_loss2: 1.3190, train_loss3: 0.7310]
Mon 26 May 2025 19:25:03 INFO  Running E-step ! 
Mon 26 May 2025 19:25:25 INFO  epoch 84 training [time: 21.33s, train_loss1: 177.0366, train_loss2: 1.3194, train_loss3: 0.7319]
Mon 26 May 2025 19:25:25 INFO  Running E-step ! 
Mon 26 May 2025 19:25:46 INFO  epoch 85 training [time: 21.20s, train_loss1: 176.0998, train_loss2: 1.3201, train_loss3: 0.7321]
Mon 26 May 2025 19:25:46 INFO  Running E-step ! 
Mon 26 May 2025 19:26:08 INFO  epoch 86 training [time: 21.31s, train_loss1: 176.8189, train_loss2: 1.3207, train_loss3: 0.7329]
Mon 26 May 2025 19:26:08 INFO  Running E-step ! 
Mon 26 May 2025 19:26:30 INFO  epoch 87 training [time: 21.40s, train_loss1: 173.9645, train_loss2: 1.3212, train_loss3: 0.7338]
Mon 26 May 2025 19:26:30 INFO  Running E-step ! 
Mon 26 May 2025 19:26:52 INFO  epoch 88 training [time: 21.39s, train_loss1: 173.5243, train_loss2: 1.3216, train_loss3: 0.7338]
Mon 26 May 2025 19:26:52 INFO  Running E-step ! 
Mon 26 May 2025 19:27:13 INFO  epoch 89 training [time: 21.47s, train_loss1: 172.3553, train_loss2: 1.3222, train_loss3: 0.7343]
Mon 26 May 2025 19:27:18 INFO  valid result: 
recall@10 : 0.1561    recall@20 : 0.245    ndcg@10 : 0.2102    ndcg@20 : 0.2276    hit@10 : 0.7449    hit@20 : 0.8507    precision@10 : 0.1642    precision@20 : 0.1364
Mon 26 May 2025 19:27:18 INFO  epoch 89 evaluating [time: 4.53s, valid_score: 0.210200]
Mon 26 May 2025 19:27:18 INFO  Finished training, best eval result in epoch 59
Mon 26 May 2025 19:27:18 INFO  Loading model structure and parameters from saved\NCL-May-26-2025_18-52-34.pth
Mon 26 May 2025 19:27:24 INFO  valid result: 
recall@10 : 0.1743    recall@20 : 0.2663    ndcg@10 : 0.266    ndcg@20 : 0.2738    hit@10 : 0.7641    hit@20 : 0.8555    precision@10 : 0.2075    precision@20 : 0.1671
Mon 26 May 2025 19:27:24 INFO  best valid : OrderedDict([('recall@10', 0.1575), ('recall@20', 0.2437), ('ndcg@10', 0.2143), ('ndcg@20', 0.2302), ('hit@10', 0.7444), ('hit@20', 0.8493), ('precision@10', 0.1672), ('precision@20', 0.1381)])
Mon 26 May 2025 19:27:24 INFO  test result: OrderedDict([('recall@10', 0.1743), ('recall@20', 0.2663), ('ndcg@10', 0.266), ('ndcg@20', 0.2738), ('hit@10', 0.7641), ('hit@20', 0.8555), ('precision@10', 0.2075), ('precision@20', 0.1671)])
