Sat 31 May 2025 00:54:09 INFO  
General Hyper Parameters:
gpu_id = 0
use_gpu = True
seed = 2020
state = INFO
reproducibility = True
data_path = dataset/ml-1m
checkpoint_dir = saved
show_progress = True
save_dataset = False
dataset_save_path = None
save_dataloaders = False
dataloaders_save_path = None
log_wandb = False

Training Hyper Parameters:
epochs = 300
train_batch_size = 500
learner = adam
learning_rate = 0.001
train_neg_sample_args = {'distribution': 'uniform', 'sample_num': 1, 'alpha': 1.0, 'dynamic': False, 'candidate_num': 0}
eval_step = 10
stopping_step = 2
clip_grad_norm = None
weight_decay = 0.0
loss_decimal_place = 4

Evaluation Hyper Parameters:
eval_args = {'split': {'RS': [0.8, 0.1, 0.1]}, 'order': 'RO', 'group_by': 'user', 'mode': {'valid': 'full', 'test': 'full'}}
repeatable = False
metrics = ['Recall', 'NDCG', 'Hit', 'Precision']
topk = [10, 20]
valid_metric = unpopular/ndcg@10
valid_metric_bigger = True
eval_batch_size = 8196
metric_decimal_place = 4

Dataset Hyper Parameters:
field_separator = 	
seq_separator =  
USER_ID_FIELD = user_id
ITEM_ID_FIELD = item_id
RATING_FIELD = rating
TIME_FIELD = timestamp
seq_len = None
LABEL_FIELD = label
threshold = None
NEG_PREFIX = neg_
load_col = {'inter': ['user_id', 'item_id']}
unload_col = None
unused_col = None
additional_feat_suffix = None
rm_dup_inter = None
val_interval = None
filter_inter_by_user_or_item = True
user_inter_num_interval = [0,inf)
item_inter_num_interval = [0,inf)
alias_of_user_id = None
alias_of_item_id = None
alias_of_entity_id = None
alias_of_relation_id = None
preload_weight = None
normalize_field = None
normalize_all = None
ITEM_LIST_LENGTH_FIELD = item_length
LIST_SUFFIX = _list
MAX_ITEM_LIST_LENGTH = 50
POSITION_FIELD = position_id
HEAD_ENTITY_ID_FIELD = head_id
TAIL_ENTITY_ID_FIELD = tail_id
RELATION_ID_FIELD = relation_id
ENTITY_ID_FIELD = entity_id
benchmark_filename = None

Other Hyper Parameters: 
worker = 0
wandb_project = recbole
shuffle = True
require_pow = True
enable_amp = False
enable_scaler = False
transform = None
embedding_size = 64
n_layers = 2
reg_weight = 0.0001
ssl_temp = 0.8
ssl_reg = 1e-07
hyper_layers = 1
alpha = 1
proto_reg = 8e-08
num_clusters = 1000
m_step = 1
warm_up_step = 20
numerical_features = []
discretization = None
kg_reverse_r = False
entity_kg_num_interval = [0,inf)
relation_kg_num_interval = [0,inf)
MODEL_TYPE = ModelType.GENERAL
lambda = 0.1
eps = 0.2
temperature = 0.2
layer_cl = 1
q = 5
MODEL_INPUT_TYPE = InputType.PAIRWISE
eval_type = EvaluatorType.RANKING
single_spec = True
local_rank = 0
device = cuda
valid_neg_sample_args = {'distribution': 'uniform', 'sample_num': 'none'}
test_neg_sample_args = {'distribution': 'uniform', 'sample_num': 'none'}


Sat 31 May 2025 00:54:11 INFO  ml-1m
The number of users: 6041
Average actions of users: 165.5975165562914
The number of items: 3707
Average actions of items: 269.88909875876953
The number of inters: 1000209
The sparsity of the dataset: 95.53358229599758%
Remain Fields: ['user_id', 'item_id']
Sat 31 May 2025 00:54:12 INFO  [Training]: train_batch_size = [500] train_neg_sample_args: [{'distribution': 'uniform', 'sample_num': 1, 'alpha': 1.0, 'dynamic': False, 'candidate_num': 0}]
Sat 31 May 2025 00:54:13 INFO  [Evaluation]: eval_batch_size = [8196] eval_args: [{'split': {'RS': [0.8, 0.1, 0.1]}, 'order': 'RO', 'group_by': 'user', 'mode': {'valid': 'full', 'test': 'full'}}]
Sat 31 May 2025 00:54:13 INFO  NCL(
  (user_embedding): Embedding(6041, 64)
  (item_embedding): Embedding(3707, 64)
  (gcn_conv): LightGCNConv(64)
  (mf_loss): BPRLoss()
  (reg_loss): EmbLoss()
)
Trainable parameters: 623872
Sat 31 May 2025 00:54:13 INFO  Running E-step ! 
Sat 31 May 2025 00:54:13 INFO  Loading faiss with AVX2 support.
Sat 31 May 2025 00:54:13 INFO  Successfully loaded faiss with AVX2 support.
Sat 31 May 2025 00:54:35 INFO  epoch 0 training [time: 21.57s, train_loss1: 630.4703, train_loss2: 1.3306]
Sat 31 May 2025 00:54:35 INFO  Running E-step ! 
Sat 31 May 2025 00:54:57 INFO  epoch 1 training [time: 21.36s, train_loss1: 558.4769, train_loss2: 1.3410]
Sat 31 May 2025 00:54:57 INFO  Running E-step ! 
Sat 31 May 2025 00:55:19 INFO  epoch 2 training [time: 21.43s, train_loss1: 534.3606, train_loss2: 1.3533]
Sat 31 May 2025 00:55:19 INFO  Running E-step ! 
Sat 31 May 2025 00:55:40 INFO  epoch 3 training [time: 21.43s, train_loss1: 482.0579, train_loss2: 1.3445]
Sat 31 May 2025 00:55:40 INFO  Running E-step ! 
Sat 31 May 2025 00:56:02 INFO  epoch 4 training [time: 21.30s, train_loss1: 447.7621, train_loss2: 1.3330]
Sat 31 May 2025 00:56:02 INFO  Running E-step ! 
Sat 31 May 2025 00:56:24 INFO  epoch 5 training [time: 21.18s, train_loss1: 426.0197, train_loss2: 1.3253]
Sat 31 May 2025 00:56:24 INFO  Running E-step ! 
Sat 31 May 2025 00:56:46 INFO  epoch 6 training [time: 21.43s, train_loss1: 408.4272, train_loss2: 1.3203]
Sat 31 May 2025 00:56:46 INFO  Running E-step ! 
Sat 31 May 2025 00:57:07 INFO  epoch 7 training [time: 21.30s, train_loss1: 392.6038, train_loss2: 1.3165]
Sat 31 May 2025 00:57:07 INFO  Running E-step ! 
Sat 31 May 2025 00:57:29 INFO  epoch 8 training [time: 21.38s, train_loss1: 380.3386, train_loss2: 1.3134]
Sat 31 May 2025 00:57:29 INFO  Running E-step ! 
Sat 31 May 2025 00:57:51 INFO  epoch 9 training [time: 21.36s, train_loss1: 368.8018, train_loss2: 1.3111]
Sat 31 May 2025 00:57:55 INFO  epoch 9 evaluating [time: 4.67s, valid_score: 0.153700]
Sat 31 May 2025 00:57:55 INFO  valid result: 
popular : OrderedDict([('recall@10', 0.06), ('recall@20', 0.1049), ('ndcg@10', 0.3727), ('ndcg@20', 0.3362), ('hit@10', 0.9752), ('hit@20', 0.9934), ('precision@10', 0.3579), ('precision@20', 0.3135)])    unpopular : OrderedDict([('recall@10', 0.1236), ('recall@20', 0.1922), ('ndcg@10', 0.1537), ('ndcg@20', 0.1672), ('hit@10', 0.6172), ('hit@20', 0.7415), ('precision@10', 0.1142), ('precision@20', 0.0913)])
Sat 31 May 2025 00:57:55 INFO  Saving current: saved\NCL-May-31-2025_00-54-13.pth
Sat 31 May 2025 00:57:55 INFO  Saving current best: saved\NCL-May-31-2025_00-54-13.pth
Sat 31 May 2025 00:57:55 INFO  Running E-step ! 
Sat 31 May 2025 00:58:17 INFO  epoch 10 training [time: 21.24s, train_loss1: 359.6814, train_loss2: 1.3094]
Sat 31 May 2025 00:58:17 INFO  Running E-step ! 
Sat 31 May 2025 00:58:39 INFO  epoch 11 training [time: 21.36s, train_loss1: 352.1878, train_loss2: 1.3081]
Sat 31 May 2025 00:58:39 INFO  Running E-step ! 
Sat 31 May 2025 00:59:01 INFO  epoch 12 training [time: 21.47s, train_loss1: 344.2407, train_loss2: 1.3068]
Sat 31 May 2025 00:59:01 INFO  Running E-step ! 
Sat 31 May 2025 00:59:23 INFO  epoch 13 training [time: 21.43s, train_loss1: 338.8151, train_loss2: 1.3059]
Sat 31 May 2025 00:59:23 INFO  Running E-step ! 
Sat 31 May 2025 00:59:44 INFO  epoch 14 training [time: 21.00s, train_loss1: 334.5026, train_loss2: 1.3054]
Sat 31 May 2025 00:59:44 INFO  Running E-step ! 
Sat 31 May 2025 01:00:05 INFO  epoch 15 training [time: 21.17s, train_loss1: 328.0342, train_loss2: 1.3049]
Sat 31 May 2025 01:00:05 INFO  Running E-step ! 
Sat 31 May 2025 01:00:27 INFO  epoch 16 training [time: 21.33s, train_loss1: 323.9626, train_loss2: 1.3045]
Sat 31 May 2025 01:00:27 INFO  Running E-step ! 
Sat 31 May 2025 01:00:49 INFO  epoch 17 training [time: 21.04s, train_loss1: 320.9025, train_loss2: 1.3040]
Sat 31 May 2025 01:00:49 INFO  Running E-step ! 
Sat 31 May 2025 01:01:11 INFO  epoch 18 training [time: 21.66s, train_loss1: 317.7428, train_loss2: 1.3036]
Sat 31 May 2025 01:01:11 INFO  Running E-step ! 
Sat 31 May 2025 01:01:32 INFO  epoch 19 training [time: 21.14s, train_loss1: 312.3228, train_loss2: 1.3034]
Sat 31 May 2025 01:01:37 INFO  epoch 19 evaluating [time: 4.75s, valid_score: 0.174500]
Sat 31 May 2025 01:01:37 INFO  valid result: 
popular : OrderedDict([('recall@10', 0.0618), ('recall@20', 0.1106), ('ndcg@10', 0.3764), ('ndcg@20', 0.346), ('hit@10', 0.9818), ('hit@20', 0.9967), ('precision@10', 0.3664), ('precision@20', 0.3283)])    unpopular : OrderedDict([('recall@10', 0.1432), ('recall@20', 0.2243), ('ndcg@10', 0.1745), ('ndcg@20', 0.1916), ('hit@10', 0.6696), ('hit@20', 0.7879), ('precision@10', 0.1308), ('precision@20', 0.1045)])
Sat 31 May 2025 01:01:37 INFO  Saving current: saved\NCL-May-31-2025_00-54-13.pth
Sat 31 May 2025 01:01:37 INFO  Saving current best: saved\NCL-May-31-2025_00-54-13.pth
Sat 31 May 2025 01:01:37 INFO  Running E-step ! 
Sat 31 May 2025 01:02:00 INFO  epoch 20 training [time: 23.21s, train_loss1: 310.3742, train_loss2: 1.3031, train_loss3: 0.7669]
Sat 31 May 2025 01:02:00 INFO  Running E-step ! 
Sat 31 May 2025 01:02:23 INFO  epoch 21 training [time: 22.09s, train_loss1: 306.1372, train_loss2: 1.3029, train_loss3: 0.7672]
Sat 31 May 2025 01:02:23 INFO  Running E-step ! 
Sat 31 May 2025 01:02:46 INFO  epoch 22 training [time: 22.93s, train_loss1: 303.5306, train_loss2: 1.3028, train_loss3: 0.7671]
Sat 31 May 2025 01:02:46 INFO  Running E-step ! 
Sat 31 May 2025 01:03:08 INFO  epoch 23 training [time: 21.77s, train_loss1: 299.1523, train_loss2: 1.3029, train_loss3: 0.7670]
Sat 31 May 2025 01:03:08 INFO  Running E-step ! 
Sat 31 May 2025 01:03:31 INFO  epoch 24 training [time: 22.42s, train_loss1: 296.6240, train_loss2: 1.3028, train_loss3: 0.7670]
Sat 31 May 2025 01:03:31 INFO  Running E-step ! 
Sat 31 May 2025 01:03:54 INFO  epoch 25 training [time: 22.44s, train_loss1: 294.1808, train_loss2: 1.3028, train_loss3: 0.7672]
Sat 31 May 2025 01:03:54 INFO  Running E-step ! 
Sat 31 May 2025 01:04:17 INFO  epoch 26 training [time: 22.53s, train_loss1: 291.5790, train_loss2: 1.3029, train_loss3: 0.7674]
Sat 31 May 2025 01:04:17 INFO  Running E-step ! 
Sat 31 May 2025 01:04:40 INFO  epoch 27 training [time: 22.70s, train_loss1: 288.1056, train_loss2: 1.3028, train_loss3: 0.7678]
Sat 31 May 2025 01:04:40 INFO  Running E-step ! 
Sat 31 May 2025 01:05:03 INFO  epoch 28 training [time: 22.67s, train_loss1: 286.2715, train_loss2: 1.3028, train_loss3: 0.7680]
Sat 31 May 2025 01:05:03 INFO  Running E-step ! 
Sat 31 May 2025 01:05:26 INFO  epoch 29 training [time: 22.59s, train_loss1: 284.3569, train_loss2: 1.3030, train_loss3: 0.7681]
Sat 31 May 2025 01:05:31 INFO  epoch 29 evaluating [time: 4.75s, valid_score: 0.182500]
Sat 31 May 2025 01:05:31 INFO  valid result: 
popular : OrderedDict([('recall@10', 0.0628), ('recall@20', 0.1135), ('ndcg@10', 0.3793), ('ndcg@20', 0.3518), ('hit@10', 0.9818), ('hit@20', 0.9983), ('precision@10', 0.3715), ('precision@20', 0.3363)])    unpopular : OrderedDict([('recall@10', 0.1517), ('recall@20', 0.238), ('ndcg@10', 0.1825), ('ndcg@20', 0.2015), ('hit@10', 0.6864), ('hit@20', 0.8045), ('precision@10', 0.1357), ('precision@20', 0.1095)])
Sat 31 May 2025 01:05:31 INFO  Saving current: saved\NCL-May-31-2025_00-54-13.pth
Sat 31 May 2025 01:05:31 INFO  Saving current best: saved\NCL-May-31-2025_00-54-13.pth
Sat 31 May 2025 01:05:31 INFO  Running E-step ! 
Sat 31 May 2025 01:05:54 INFO  epoch 30 training [time: 22.72s, train_loss1: 281.7292, train_loss2: 1.3031, train_loss3: 0.7686]
Sat 31 May 2025 01:05:54 INFO  Running E-step ! 
Sat 31 May 2025 01:06:17 INFO  epoch 31 training [time: 22.67s, train_loss1: 279.0560, train_loss2: 1.3034, train_loss3: 0.7690]
Sat 31 May 2025 01:06:17 INFO  Running E-step ! 
Sat 31 May 2025 01:06:40 INFO  epoch 32 training [time: 22.68s, train_loss1: 276.0339, train_loss2: 1.3037, train_loss3: 0.7693]
Sat 31 May 2025 01:06:40 INFO  Running E-step ! 
Sat 31 May 2025 01:07:03 INFO  epoch 33 training [time: 22.75s, train_loss1: 274.5849, train_loss2: 1.3039, train_loss3: 0.7700]
Sat 31 May 2025 01:07:03 INFO  Running E-step ! 
Sat 31 May 2025 01:07:26 INFO  epoch 34 training [time: 22.53s, train_loss1: 270.1305, train_loss2: 1.3043, train_loss3: 0.7700]
Sat 31 May 2025 01:07:26 INFO  Running E-step ! 
Sat 31 May 2025 01:07:49 INFO  epoch 35 training [time: 22.71s, train_loss1: 267.5888, train_loss2: 1.3047, train_loss3: 0.7704]
Sat 31 May 2025 01:07:49 INFO  Running E-step ! 
Sat 31 May 2025 01:08:12 INFO  epoch 36 training [time: 22.57s, train_loss1: 266.2516, train_loss2: 1.3051, train_loss3: 0.7708]
Sat 31 May 2025 01:08:12 INFO  Running E-step ! 
Sat 31 May 2025 01:08:35 INFO  epoch 37 training [time: 22.67s, train_loss1: 263.9310, train_loss2: 1.3055, train_loss3: 0.7715]
Sat 31 May 2025 01:08:35 INFO  Running E-step ! 
Sat 31 May 2025 01:08:58 INFO  epoch 38 training [time: 22.31s, train_loss1: 262.3979, train_loss2: 1.3060, train_loss3: 0.7719]
Sat 31 May 2025 01:08:58 INFO  Running E-step ! 
Sat 31 May 2025 01:09:21 INFO  epoch 39 training [time: 22.73s, train_loss1: 258.9238, train_loss2: 1.3066, train_loss3: 0.7725]
Sat 31 May 2025 01:09:25 INFO  epoch 39 evaluating [time: 4.70s, valid_score: 0.187300]
Sat 31 May 2025 01:09:25 INFO  valid result: 
popular : OrderedDict([('recall@10', 0.0627), ('recall@20', 0.1148), ('ndcg@10', 0.3788), ('ndcg@20', 0.3548), ('hit@10', 0.9934), ('hit@20', 0.9983), ('precision@10', 0.3694), ('precision@20', 0.3397)])    unpopular : OrderedDict([('recall@10', 0.157), ('recall@20', 0.2458), ('ndcg@10', 0.1873), ('ndcg@20', 0.2074), ('hit@10', 0.704), ('hit@20', 0.8159), ('precision@10', 0.1385), ('precision@20', 0.1119)])
Sat 31 May 2025 01:09:25 INFO  Saving current: saved\NCL-May-31-2025_00-54-13.pth
Sat 31 May 2025 01:09:25 INFO  Saving current best: saved\NCL-May-31-2025_00-54-13.pth
Sat 31 May 2025 01:09:25 INFO  Running E-step ! 
Sat 31 May 2025 01:09:48 INFO  epoch 40 training [time: 22.70s, train_loss1: 257.8463, train_loss2: 1.3070, train_loss3: 0.7725]
Sat 31 May 2025 01:09:48 INFO  Running E-step ! 
Sat 31 May 2025 01:10:11 INFO  epoch 41 training [time: 22.24s, train_loss1: 254.9528, train_loss2: 1.3075, train_loss3: 0.7729]
Sat 31 May 2025 01:10:11 INFO  Running E-step ! 
Sat 31 May 2025 01:10:34 INFO  epoch 42 training [time: 22.60s, train_loss1: 252.7461, train_loss2: 1.3081, train_loss3: 0.7739]
Sat 31 May 2025 01:10:34 INFO  Running E-step ! 
Sat 31 May 2025 01:10:57 INFO  epoch 43 training [time: 22.37s, train_loss1: 251.6819, train_loss2: 1.3087, train_loss3: 0.7738]
Sat 31 May 2025 01:10:57 INFO  Running E-step ! 
Sat 31 May 2025 01:11:20 INFO  epoch 44 training [time: 22.81s, train_loss1: 248.8875, train_loss2: 1.3093, train_loss3: 0.7744]
Sat 31 May 2025 01:11:20 INFO  Running E-step ! 
Sat 31 May 2025 01:11:42 INFO  epoch 45 training [time: 21.82s, train_loss1: 245.3543, train_loss2: 1.3100, train_loss3: 0.7751]
Sat 31 May 2025 01:11:42 INFO  Running E-step ! 
Sat 31 May 2025 01:12:05 INFO  epoch 46 training [time: 22.72s, train_loss1: 244.4870, train_loss2: 1.3107, train_loss3: 0.7754]
Sat 31 May 2025 01:12:05 INFO  Running E-step ! 
Sat 31 May 2025 01:12:28 INFO  epoch 47 training [time: 22.11s, train_loss1: 240.9437, train_loss2: 1.3115, train_loss3: 0.7756]
Sat 31 May 2025 01:12:28 INFO  Running E-step ! 
Sat 31 May 2025 01:12:49 INFO  epoch 48 training [time: 21.08s, train_loss1: 239.1276, train_loss2: 1.3121, train_loss3: 0.7761]
Sat 31 May 2025 01:12:49 INFO  Running E-step ! 
Sat 31 May 2025 01:13:11 INFO  epoch 49 training [time: 21.21s, train_loss1: 237.6074, train_loss2: 1.3128, train_loss3: 0.7764]
Sat 31 May 2025 01:13:15 INFO  epoch 49 evaluating [time: 4.51s, valid_score: 0.190100]
Sat 31 May 2025 01:13:15 INFO  valid result: 
popular : OrderedDict([('recall@10', 0.063), ('recall@20', 0.1144), ('ndcg@10', 0.3794), ('ndcg@20', 0.3548), ('hit@10', 0.9884), ('hit@20', 0.9983), ('precision@10', 0.3692), ('precision@20', 0.339)])    unpopular : OrderedDict([('recall@10', 0.1607), ('recall@20', 0.2554), ('ndcg@10', 0.1901), ('ndcg@20', 0.2129), ('hit@10', 0.7057), ('hit@20', 0.8287), ('precision@10', 0.14), ('precision@20', 0.1146)])
Sat 31 May 2025 01:13:15 INFO  Saving current: saved\NCL-May-31-2025_00-54-13.pth
Sat 31 May 2025 01:13:15 INFO  Saving current best: saved\NCL-May-31-2025_00-54-13.pth
Sat 31 May 2025 01:13:15 INFO  Running E-step ! 
Sat 31 May 2025 01:13:37 INFO  epoch 50 training [time: 21.38s, train_loss1: 233.3523, train_loss2: 1.3134, train_loss3: 0.7766]
Sat 31 May 2025 01:13:37 INFO  Running E-step ! 
Sat 31 May 2025 01:13:58 INFO  epoch 51 training [time: 20.82s, train_loss1: 232.7085, train_loss2: 1.3141, train_loss3: 0.7776]
Sat 31 May 2025 01:13:58 INFO  Running E-step ! 
Sat 31 May 2025 01:14:20 INFO  epoch 52 training [time: 21.13s, train_loss1: 230.3795, train_loss2: 1.3148, train_loss3: 0.7779]
Sat 31 May 2025 01:14:20 INFO  Running E-step ! 
Sat 31 May 2025 01:14:41 INFO  epoch 53 training [time: 21.14s, train_loss1: 228.3127, train_loss2: 1.3155, train_loss3: 0.7783]
Sat 31 May 2025 01:14:41 INFO  Running E-step ! 
Sat 31 May 2025 01:15:02 INFO  epoch 54 training [time: 21.06s, train_loss1: 225.5352, train_loss2: 1.3162, train_loss3: 0.7793]
Sat 31 May 2025 01:15:02 INFO  Running E-step ! 
Sat 31 May 2025 01:15:24 INFO  epoch 55 training [time: 21.13s, train_loss1: 223.6067, train_loss2: 1.3169, train_loss3: 0.7792]
Sat 31 May 2025 01:15:24 INFO  Running E-step ! 
Sat 31 May 2025 01:15:45 INFO  epoch 56 training [time: 20.78s, train_loss1: 221.7475, train_loss2: 1.3177, train_loss3: 0.7797]
Sat 31 May 2025 01:15:45 INFO  Running E-step ! 
Sat 31 May 2025 01:16:06 INFO  epoch 57 training [time: 21.18s, train_loss1: 218.6788, train_loss2: 1.3184, train_loss3: 0.7802]
Sat 31 May 2025 01:16:06 INFO  Running E-step ! 
Sat 31 May 2025 01:16:28 INFO  epoch 58 training [time: 20.94s, train_loss1: 218.9385, train_loss2: 1.3192, train_loss3: 0.7808]
Sat 31 May 2025 01:16:28 INFO  Running E-step ! 
Sat 31 May 2025 01:16:49 INFO  epoch 59 training [time: 21.05s, train_loss1: 216.3272, train_loss2: 1.3199, train_loss3: 0.7810]
Sat 31 May 2025 01:16:54 INFO  epoch 59 evaluating [time: 4.39s, valid_score: 0.194600]
Sat 31 May 2025 01:16:54 INFO  valid result: 
popular : OrderedDict([('recall@10', 0.0633), ('recall@20', 0.1146), ('ndcg@10', 0.3816), ('ndcg@20', 0.3548), ('hit@10', 0.9851), ('hit@20', 1.0), ('precision@10', 0.3707), ('precision@20', 0.3381)])    unpopular : OrderedDict([('recall@10', 0.1669), ('recall@20', 0.2591), ('ndcg@10', 0.1946), ('ndcg@20', 0.2162), ('hit@10', 0.7167), ('hit@20', 0.8355), ('precision@10', 0.1437), ('precision@20', 0.116)])
Sat 31 May 2025 01:16:54 INFO  Saving current: saved\NCL-May-31-2025_00-54-13.pth
Sat 31 May 2025 01:16:54 INFO  Saving current best: saved\NCL-May-31-2025_00-54-13.pth
Sat 31 May 2025 01:16:54 INFO  Running E-step ! 
Sat 31 May 2025 01:17:15 INFO  epoch 60 training [time: 21.09s, train_loss1: 213.4491, train_loss2: 1.3205, train_loss3: 0.7813]
Sat 31 May 2025 01:17:15 INFO  Running E-step ! 
Sat 31 May 2025 01:17:36 INFO  epoch 61 training [time: 21.03s, train_loss1: 212.5422, train_loss2: 1.3212, train_loss3: 0.7819]
Sat 31 May 2025 01:17:36 INFO  Running E-step ! 
Sat 31 May 2025 01:17:58 INFO  epoch 62 training [time: 20.96s, train_loss1: 209.8342, train_loss2: 1.3218, train_loss3: 0.7821]
Sat 31 May 2025 01:17:58 INFO  Running E-step ! 
Sat 31 May 2025 01:18:19 INFO  epoch 63 training [time: 20.69s, train_loss1: 207.9488, train_loss2: 1.3225, train_loss3: 0.7825]
Sat 31 May 2025 01:18:19 INFO  Running E-step ! 
Sat 31 May 2025 01:18:40 INFO  epoch 64 training [time: 21.07s, train_loss1: 206.8680, train_loss2: 1.3230, train_loss3: 0.7828]
Sat 31 May 2025 01:18:40 INFO  Running E-step ! 
Sat 31 May 2025 01:19:01 INFO  epoch 65 training [time: 20.96s, train_loss1: 205.0481, train_loss2: 1.3236, train_loss3: 0.7830]
Sat 31 May 2025 01:19:01 INFO  Running E-step ! 
Sat 31 May 2025 01:19:23 INFO  epoch 66 training [time: 21.16s, train_loss1: 203.2441, train_loss2: 1.3244, train_loss3: 0.7834]
Sat 31 May 2025 01:19:23 INFO  Running E-step ! 
Sat 31 May 2025 01:19:44 INFO  epoch 67 training [time: 21.13s, train_loss1: 201.0446, train_loss2: 1.3250, train_loss3: 0.7842]
Sat 31 May 2025 01:19:44 INFO  Running E-step ! 
Sat 31 May 2025 01:20:06 INFO  epoch 68 training [time: 21.20s, train_loss1: 199.3157, train_loss2: 1.3256, train_loss3: 0.7848]
Sat 31 May 2025 01:20:06 INFO  Running E-step ! 
Sat 31 May 2025 01:20:28 INFO  epoch 69 training [time: 21.15s, train_loss1: 198.5593, train_loss2: 1.3261, train_loss3: 0.7847]
Sat 31 May 2025 01:20:32 INFO  epoch 69 evaluating [time: 4.46s, valid_score: 0.194600]
Sat 31 May 2025 01:20:32 INFO  valid result: 
popular : OrderedDict([('recall@10', 0.0637), ('recall@20', 0.1138), ('ndcg@10', 0.3826), ('ndcg@20', 0.3513), ('hit@10', 0.9818), ('hit@20', 0.995), ('precision@10', 0.373), ('precision@20', 0.334)])    unpopular : OrderedDict([('recall@10', 0.1672), ('recall@20', 0.2602), ('ndcg@10', 0.1946), ('ndcg@20', 0.2168), ('hit@10', 0.7204), ('hit@20', 0.8398), ('precision@10', 0.144), ('precision@20', 0.1166)])
Sat 31 May 2025 01:20:32 INFO  Saving current: saved\NCL-May-31-2025_00-54-13.pth
Sat 31 May 2025 01:20:32 INFO  Saving current best: saved\NCL-May-31-2025_00-54-13.pth
Sat 31 May 2025 01:20:32 INFO  Running E-step ! 
Sat 31 May 2025 01:20:54 INFO  epoch 70 training [time: 21.23s, train_loss1: 196.7546, train_loss2: 1.3267, train_loss3: 0.7852]
Sat 31 May 2025 01:20:54 INFO  Running E-step ! 
Sat 31 May 2025 01:21:15 INFO  epoch 71 training [time: 20.89s, train_loss1: 194.1540, train_loss2: 1.3272, train_loss3: 0.7859]
Sat 31 May 2025 01:21:15 INFO  Running E-step ! 
Sat 31 May 2025 01:21:36 INFO  epoch 72 training [time: 21.12s, train_loss1: 193.3099, train_loss2: 1.3277, train_loss3: 0.7861]
Sat 31 May 2025 01:21:36 INFO  Running E-step ! 
Sat 31 May 2025 01:21:58 INFO  epoch 73 training [time: 21.18s, train_loss1: 192.7687, train_loss2: 1.3282, train_loss3: 0.7860]
Sat 31 May 2025 01:21:58 INFO  Running E-step ! 
Sat 31 May 2025 01:22:19 INFO  epoch 74 training [time: 21.12s, train_loss1: 189.4600, train_loss2: 1.3286, train_loss3: 0.7865]
Sat 31 May 2025 01:22:19 INFO  Running E-step ! 
Sat 31 May 2025 01:22:41 INFO  epoch 75 training [time: 21.22s, train_loss1: 190.1911, train_loss2: 1.3291, train_loss3: 0.7874]
Sat 31 May 2025 01:22:41 INFO  Running E-step ! 
Sat 31 May 2025 01:23:02 INFO  epoch 76 training [time: 21.20s, train_loss1: 189.2315, train_loss2: 1.3297, train_loss3: 0.7873]
Sat 31 May 2025 01:23:02 INFO  Running E-step ! 
Sat 31 May 2025 01:23:24 INFO  epoch 77 training [time: 21.18s, train_loss1: 187.5640, train_loss2: 1.3302, train_loss3: 0.7878]
Sat 31 May 2025 01:23:24 INFO  Running E-step ! 
Sat 31 May 2025 01:23:45 INFO  epoch 78 training [time: 20.99s, train_loss1: 186.2627, train_loss2: 1.3307, train_loss3: 0.7882]
Sat 31 May 2025 01:23:45 INFO  Running E-step ! 
Sat 31 May 2025 01:24:07 INFO  epoch 79 training [time: 21.13s, train_loss1: 184.0700, train_loss2: 1.3311, train_loss3: 0.7885]
Sat 31 May 2025 01:24:11 INFO  epoch 79 evaluating [time: 4.43s, valid_score: 0.192200]
Sat 31 May 2025 01:24:11 INFO  valid result: 
popular : OrderedDict([('recall@10', 0.0618), ('recall@20', 0.1129), ('ndcg@10', 0.3719), ('ndcg@20', 0.3473), ('hit@10', 0.9768), ('hit@20', 0.9967), ('precision@10', 0.3593), ('precision@20', 0.3305)])    unpopular : OrderedDict([('recall@10', 0.1648), ('recall@20', 0.2622), ('ndcg@10', 0.1922), ('ndcg@20', 0.2165), ('hit@10', 0.7141), ('hit@20', 0.8365), ('precision@10', 0.1426), ('precision@20', 0.1171)])
Sat 31 May 2025 01:24:11 INFO  Running E-step ! 
Sat 31 May 2025 01:24:32 INFO  epoch 80 training [time: 21.12s, train_loss1: 182.4547, train_loss2: 1.3315, train_loss3: 0.7888]
Sat 31 May 2025 01:24:32 INFO  Running E-step ! 
Sat 31 May 2025 01:24:54 INFO  epoch 81 training [time: 21.14s, train_loss1: 181.8390, train_loss2: 1.3320, train_loss3: 0.7894]
Sat 31 May 2025 01:24:54 INFO  Running E-step ! 
Sat 31 May 2025 01:25:15 INFO  epoch 82 training [time: 20.98s, train_loss1: 180.6332, train_loss2: 1.3325, train_loss3: 0.7896]
Sat 31 May 2025 01:25:15 INFO  Running E-step ! 
Sat 31 May 2025 01:25:37 INFO  epoch 83 training [time: 21.16s, train_loss1: 179.3533, train_loss2: 1.3329, train_loss3: 0.7901]
Sat 31 May 2025 01:25:37 INFO  Running E-step ! 
Sat 31 May 2025 01:25:58 INFO  epoch 84 training [time: 20.89s, train_loss1: 177.4674, train_loss2: 1.3332, train_loss3: 0.7898]
Sat 31 May 2025 01:25:58 INFO  Running E-step ! 
Sat 31 May 2025 01:26:19 INFO  epoch 85 training [time: 20.79s, train_loss1: 176.3989, train_loss2: 1.3337, train_loss3: 0.7904]
Sat 31 May 2025 01:26:19 INFO  Running E-step ! 
Sat 31 May 2025 01:26:40 INFO  epoch 86 training [time: 20.90s, train_loss1: 177.2838, train_loss2: 1.3341, train_loss3: 0.7903]
Sat 31 May 2025 01:26:40 INFO  Running E-step ! 
Sat 31 May 2025 01:27:02 INFO  epoch 87 training [time: 20.86s, train_loss1: 174.3395, train_loss2: 1.3344, train_loss3: 0.7909]
Sat 31 May 2025 01:27:02 INFO  Running E-step ! 
Sat 31 May 2025 01:27:23 INFO  epoch 88 training [time: 20.97s, train_loss1: 173.8096, train_loss2: 1.3347, train_loss3: 0.7911]
Sat 31 May 2025 01:27:23 INFO  Running E-step ! 
Sat 31 May 2025 01:27:44 INFO  epoch 89 training [time: 20.87s, train_loss1: 172.8627, train_loss2: 1.3351, train_loss3: 0.7917]
Sat 31 May 2025 01:27:49 INFO  epoch 89 evaluating [time: 4.46s, valid_score: 0.193800]
Sat 31 May 2025 01:27:49 INFO  valid result: 
popular : OrderedDict([('recall@10', 0.0606), ('recall@20', 0.1099), ('ndcg@10', 0.3646), ('ndcg@20', 0.3378), ('hit@10', 0.9768), ('hit@20', 0.9967), ('precision@10', 0.3528), ('precision@20', 0.3204)])    unpopular : OrderedDict([('recall@10', 0.1668), ('recall@20', 0.2607), ('ndcg@10', 0.1938), ('ndcg@20', 0.2162), ('hit@10', 0.7167), ('hit@20', 0.8372), ('precision@10', 0.1434), ('precision@20', 0.1161)])
Sat 31 May 2025 01:27:49 INFO  Running E-step ! 
Sat 31 May 2025 01:28:10 INFO  epoch 90 training [time: 21.30s, train_loss1: 170.9768, train_loss2: 1.3355, train_loss3: 0.7920]
Sat 31 May 2025 01:28:10 INFO  Running E-step ! 
Sat 31 May 2025 01:28:32 INFO  epoch 91 training [time: 21.04s, train_loss1: 171.7469, train_loss2: 1.3359, train_loss3: 0.7923]
Sat 31 May 2025 01:28:32 INFO  Running E-step ! 
Sat 31 May 2025 01:28:53 INFO  epoch 92 training [time: 21.05s, train_loss1: 169.7584, train_loss2: 1.3362, train_loss3: 0.7920]
Sat 31 May 2025 01:28:53 INFO  Running E-step ! 
Sat 31 May 2025 01:29:14 INFO  epoch 93 training [time: 21.07s, train_loss1: 169.8737, train_loss2: 1.3365, train_loss3: 0.7926]
Sat 31 May 2025 01:29:14 INFO  Running E-step ! 
Sat 31 May 2025 01:29:36 INFO  epoch 94 training [time: 21.17s, train_loss1: 168.0044, train_loss2: 1.3368, train_loss3: 0.7928]
Sat 31 May 2025 01:29:36 INFO  Running E-step ! 
Sat 31 May 2025 01:29:57 INFO  epoch 95 training [time: 20.93s, train_loss1: 167.2140, train_loss2: 1.3371, train_loss3: 0.7930]
Sat 31 May 2025 01:29:57 INFO  Running E-step ! 
Sat 31 May 2025 01:30:19 INFO  epoch 96 training [time: 21.12s, train_loss1: 166.2413, train_loss2: 1.3374, train_loss3: 0.7932]
Sat 31 May 2025 01:30:19 INFO  Running E-step ! 
Sat 31 May 2025 01:30:40 INFO  epoch 97 training [time: 21.17s, train_loss1: 165.2790, train_loss2: 1.3377, train_loss3: 0.7935]
Sat 31 May 2025 01:30:40 INFO  Running E-step ! 
Sat 31 May 2025 01:31:02 INFO  epoch 98 training [time: 21.13s, train_loss1: 164.6302, train_loss2: 1.3381, train_loss3: 0.7940]
Sat 31 May 2025 01:31:02 INFO  Running E-step ! 
Sat 31 May 2025 01:31:23 INFO  epoch 99 training [time: 21.18s, train_loss1: 163.8742, train_loss2: 1.3383, train_loss3: 0.7942]
Sat 31 May 2025 01:31:28 INFO  epoch 99 evaluating [time: 4.35s, valid_score: 0.190300]
Sat 31 May 2025 01:31:28 INFO  valid result: 
popular : OrderedDict([('recall@10', 0.0597), ('recall@20', 0.1075), ('ndcg@10', 0.3595), ('ndcg@20', 0.3324), ('hit@10', 0.9768), ('hit@20', 0.9967), ('precision@10', 0.3475), ('precision@20', 0.3148)])    unpopular : OrderedDict([('recall@10', 0.1647), ('recall@20', 0.2582), ('ndcg@10', 0.1903), ('ndcg@20', 0.2137), ('hit@10', 0.7097), ('hit@20', 0.8333), ('precision@10', 0.1412), ('precision@20', 0.1158)])
Sat 31 May 2025 01:31:28 INFO  Finished training, best eval result in epoch 69
Sat 31 May 2025 01:31:28 INFO  Loading model structure and parameters from saved\NCL-May-31-2025_00-54-13.pth
Sat 31 May 2025 01:31:33 INFO  best valid : OrderedDict([('popular', OrderedDict([('recall@10', 0.0637), ('recall@20', 0.1138), ('ndcg@10', 0.3826), ('ndcg@20', 0.3513), ('hit@10', 0.9818), ('hit@20', 0.995), ('precision@10', 0.373), ('precision@20', 0.334)])), ('unpopular', OrderedDict([('recall@10', 0.1672), ('recall@20', 0.2602), ('ndcg@10', 0.1946), ('ndcg@20', 0.2168), ('hit@10', 0.7204), ('hit@20', 0.8398), ('precision@10', 0.144), ('precision@20', 0.1166)]))])
Sat 31 May 2025 01:31:33 INFO  test result: OrderedDict([('popular', OrderedDict([('recall@10', 0.0944), ('recall@20', 0.1601), ('ndcg@10', 0.5951), ('ndcg@20', 0.5248), ('hit@10', 0.9983), ('hit@20', 1.0), ('precision@10', 0.5591), ('precision@20', 0.477)])), ('unpopular', OrderedDict([('recall@10', 0.1835), ('recall@20', 0.279), ('ndcg@10', 0.228), ('ndcg@20', 0.2448), ('hit@10', 0.7401), ('hit@20', 0.8464), ('precision@10', 0.1663), ('precision@20', 0.1309)]))])
