Sat 01 Feb 2025 03:50:47 INFO  
General Hyper Parameters:
gpu_id = 0
use_gpu = True
seed = 2020
state = INFO
reproducibility = True
data_path = dataset/Amazon_Toys_and_Games
checkpoint_dir = saved
show_progress = True
save_dataset = False
dataset_save_path = None
save_dataloaders = False
dataloaders_save_path = None
log_wandb = False

Training Hyper Parameters:
epochs = 20
train_batch_size = 1000
learner = adam
learning_rate = 0.001
train_neg_sample_args = {'distribution': 'uniform', 'sample_num': 1, 'alpha': 1.0, 'dynamic': False, 'candidate_num': 0}
eval_step = 1
stopping_step = 5
clip_grad_norm = None
weight_decay = 0.0
loss_decimal_place = 4

Evaluation Hyper Parameters:
eval_args = {'split': {'RS': [0.8, 0.1, 0.1]}, 'order': 'RO', 'group_by': 'user', 'mode': {'valid': 'full', 'test': 'full'}}
repeatable = False
metrics = ['Recall', 'MRR', 'NDCG', 'Hit', 'Precision']
topk = [10]
valid_metric = tail/ndcg@10
valid_metric_bigger = True
eval_batch_size = 8196
metric_decimal_place = 4

Dataset Hyper Parameters:
field_separator = 	
seq_separator =  
USER_ID_FIELD = user_id
ITEM_ID_FIELD = item_id
RATING_FIELD = rating
TIME_FIELD = timestamp
seq_len = None
LABEL_FIELD = label
threshold = None
NEG_PREFIX = neg_
load_col = {'inter': ['user_id', 'item_id']}
unload_col = None
unused_col = None
additional_feat_suffix = None
rm_dup_inter = None
val_interval = None
filter_inter_by_user_or_item = True
user_inter_num_interval = [0,inf)
item_inter_num_interval = [0,inf)
alias_of_user_id = None
alias_of_item_id = None
alias_of_entity_id = None
alias_of_relation_id = None
preload_weight = None
normalize_field = None
normalize_all = None
ITEM_LIST_LENGTH_FIELD = item_length
LIST_SUFFIX = _list
MAX_ITEM_LIST_LENGTH = 50
POSITION_FIELD = position_id
HEAD_ENTITY_ID_FIELD = head_id
TAIL_ENTITY_ID_FIELD = tail_id
RELATION_ID_FIELD = relation_id
ENTITY_ID_FIELD = entity_id
benchmark_filename = None

Other Hyper Parameters: 
worker = 0
wandb_project = recbole
shuffle = True
require_pow = True
enable_amp = False
enable_scaler = False
transform = None
embedding_size = 32
n_layers = 2
reg_weight = 0.1
ssl_temp = 0.8
ssl_reg = 1e-07
hyper_layers = 1
alpha = 1
proto_reg = 0.0001
num_clusters = 1000
m_step = 1
warm_up_step = 5
numerical_features = []
discretization = None
kg_reverse_r = False
entity_kg_num_interval = [0,inf)
relation_kg_num_interval = [0,inf)
MODEL_TYPE = ModelType.GENERAL
lambda = 0.1
eps = 0.2
temperature = 0.2
layer_cl = 1
q = 5
MODEL_INPUT_TYPE = InputType.PAIRWISE
eval_type = EvaluatorType.RANKING
single_spec = True
local_rank = 0
device = cuda
valid_neg_sample_args = {'distribution': 'uniform', 'sample_num': 'none'}
test_neg_sample_args = {'distribution': 'uniform', 'sample_num': 'none'}


Sat 01 Feb 2025 03:50:55 INFO  Amazon_Toys_and_Games
The number of users: 1342912
Average actions of users: 1.677528145945636
The number of items: 327699
Average actions of items: 6.874533869599448
The number of inters: 2252771
The sparsity of the dataset: 99.99948808910104%
Remain Fields: ['user_id', 'item_id']
Sat 01 Feb 2025 03:51:15 INFO  [Training]: train_batch_size = [1000] train_neg_sample_args: [{'distribution': 'uniform', 'sample_num': 1, 'alpha': 1.0, 'dynamic': False, 'candidate_num': 0}]
Sat 01 Feb 2025 03:51:15 INFO  [Evaluation]: eval_batch_size = [8196] eval_args: [{'split': {'RS': [0.8, 0.1, 0.1]}, 'order': 'RO', 'group_by': 'user', 'mode': {'valid': 'full', 'test': 'full'}}]
Sat 01 Feb 2025 03:51:15 INFO  NCL(
  (user_embedding): Embedding(1342912, 32)
  (item_embedding): Embedding(327699, 32)
  (gcn_conv): LightGCNConv(32)
  (mf_loss): BPRLoss()
  (reg_loss): EmbLoss()
)
Trainable parameters: 53459552
Sat 01 Feb 2025 03:51:15 INFO  Running E-step ! 
Sat 01 Feb 2025 03:51:15 INFO  Loading faiss with AVX2 support.
Sat 01 Feb 2025 03:51:15 INFO  Successfully loaded faiss with AVX2 support.
Sat 01 Feb 2025 03:56:07 INFO  epoch 0 training [time: 287.42s, train_loss1: 792.2591, train_loss2: 4.1850]
Sat 01 Feb 2025 04:06:58 INFO  head      : recall@10   : 0.0152 | mrr@10      : 0.0070 | ndcg@10     : 0.0086 | hit@10      : 0.0171 | precision@10: 0.0017
Sat 01 Feb 2025 04:06:58 INFO  tail      : recall@10   : 0.0100 | mrr@10      : 0.0047 | ndcg@10     : 0.0059 | hit@10      : 0.0100 | precision@10: 0.0010
Sat 01 Feb 2025 04:06:58 INFO  epoch 0 evaluating [time: 650.19s, valid_score: 0.005900]
Sat 01 Feb 2025 04:06:59 INFO  Saving current: saved\NCL-Feb-01-2025_03-51-15.pth
Sat 01 Feb 2025 04:06:59 INFO  Saving current best: saved\NCL-Feb-01-2025_03-51-15.pth
Sat 01 Feb 2025 04:06:59 INFO  Running E-step ! 
Sat 01 Feb 2025 04:11:43 INFO  epoch 1 training [time: 279.65s, train_loss1: 416.2444, train_loss2: 4.1834]
Sat 01 Feb 2025 04:22:41 INFO  head      : recall@10   : 0.0160 | mrr@10      : 0.0073 | ndcg@10     : 0.0089 | hit@10      : 0.0182 | precision@10: 0.0018
Sat 01 Feb 2025 04:22:41 INFO  tail      : recall@10   : 0.0112 | mrr@10      : 0.0051 | ndcg@10     : 0.0065 | hit@10      : 0.0112 | precision@10: 0.0011
Sat 01 Feb 2025 04:22:41 INFO  epoch 1 evaluating [time: 657.82s, valid_score: 0.006500]
Sat 01 Feb 2025 04:22:42 INFO  Saving current: saved\NCL-Feb-01-2025_03-51-15.pth
Sat 01 Feb 2025 04:22:42 INFO  Saving current best: saved\NCL-Feb-01-2025_03-51-15.pth
Sat 01 Feb 2025 04:22:42 INFO  Running E-step ! 
Sat 01 Feb 2025 04:29:14 INFO  epoch 2 training [time: 240.82s, train_loss1: 273.0930, train_loss2: 4.1836]
Sat 01 Feb 2025 04:46:36 INFO  head      : recall@10   : 0.0163 | mrr@10      : 0.0075 | ndcg@10     : 0.0091 | hit@10      : 0.0191 | precision@10: 0.0019
Sat 01 Feb 2025 04:46:36 INFO  tail      : recall@10   : 0.0121 | mrr@10      : 0.0053 | ndcg@10     : 0.0069 | hit@10      : 0.0121 | precision@10: 0.0012
Sat 01 Feb 2025 04:46:36 INFO  epoch 2 evaluating [time: 1041.64s, valid_score: 0.006900]
Sat 01 Feb 2025 04:46:37 INFO  Saving current: saved\NCL-Feb-01-2025_03-51-15.pth
Sat 01 Feb 2025 04:46:37 INFO  Saving current best: saved\NCL-Feb-01-2025_03-51-15.pth
Sat 01 Feb 2025 04:46:37 INFO  Running E-step ! 
Sat 01 Feb 2025 04:56:52 INFO  epoch 3 training [time: 224.91s, train_loss1: 200.4976, train_loss2: 4.1839]
Sat 01 Feb 2025 05:10:34 INFO  head      : recall@10   : 0.0166 | mrr@10      : 0.0076 | ndcg@10     : 0.0092 | hit@10      : 0.0194 | precision@10: 0.0020
Sat 01 Feb 2025 05:10:34 INFO  tail      : recall@10   : 0.0124 | mrr@10      : 0.0055 | ndcg@10     : 0.0071 | hit@10      : 0.0124 | precision@10: 0.0012
Sat 01 Feb 2025 05:10:34 INFO  epoch 3 evaluating [time: 822.23s, valid_score: 0.007100]
Sat 01 Feb 2025 05:10:36 INFO  Saving current: saved\NCL-Feb-01-2025_03-51-15.pth
Sat 01 Feb 2025 05:10:36 INFO  Saving current best: saved\NCL-Feb-01-2025_03-51-15.pth
Sat 01 Feb 2025 05:10:36 INFO  Running E-step ! 
Sat 01 Feb 2025 05:20:49 INFO  epoch 4 training [time: 225.00s, train_loss1: 158.1038, train_loss2: 4.1844]
Sat 01 Feb 2025 05:30:39 INFO  head      : recall@10   : 0.0178 | mrr@10      : 0.0081 | ndcg@10     : 0.0099 | hit@10      : 0.0204 | precision@10: 0.0021
Sat 01 Feb 2025 05:30:39 INFO  tail      : recall@10   : 0.0128 | mrr@10      : 0.0056 | ndcg@10     : 0.0073 | hit@10      : 0.0128 | precision@10: 0.0013
Sat 01 Feb 2025 05:30:39 INFO  epoch 4 evaluating [time: 589.70s, valid_score: 0.007300]
Sat 01 Feb 2025 05:30:40 INFO  Saving current: saved\NCL-Feb-01-2025_03-51-15.pth
Sat 01 Feb 2025 05:30:40 INFO  Saving current best: saved\NCL-Feb-01-2025_03-51-15.pth
Sat 01 Feb 2025 05:30:40 INFO  Running E-step ! 
Sat 01 Feb 2025 05:34:50 INFO  epoch 5 training [time: 245.52s, train_loss1: 131.1387, train_loss2: 4.1890, train_loss3: 2074.0162]
Sat 01 Feb 2025 05:43:54 INFO  head      : recall@10   : 0.0180 | mrr@10      : 0.0082 | ndcg@10     : 0.0099 | hit@10      : 0.0210 | precision@10: 0.0021
Sat 01 Feb 2025 05:43:54 INFO  tail      : recall@10   : 0.0132 | mrr@10      : 0.0058 | ndcg@10     : 0.0075 | hit@10      : 0.0132 | precision@10: 0.0013
Sat 01 Feb 2025 05:43:54 INFO  epoch 5 evaluating [time: 544.19s, valid_score: 0.007500]
Sat 01 Feb 2025 05:43:55 INFO  Saving current: saved\NCL-Feb-01-2025_03-51-15.pth
Sat 01 Feb 2025 05:43:55 INFO  Saving current best: saved\NCL-Feb-01-2025_03-51-15.pth
Sat 01 Feb 2025 05:43:55 INFO  Running E-step ! 
Sat 01 Feb 2025 05:48:04 INFO  epoch 6 training [time: 244.71s, train_loss1: 114.2902, train_loss2: 4.1898, train_loss3: 2048.6944]
Sat 01 Feb 2025 05:57:09 INFO  head      : recall@10   : 0.0175 | mrr@10      : 0.0085 | ndcg@10     : 0.0100 | hit@10      : 0.0207 | precision@10: 0.0021
Sat 01 Feb 2025 05:57:09 INFO  tail      : recall@10   : 0.0130 | mrr@10      : 0.0058 | ndcg@10     : 0.0075 | hit@10      : 0.0130 | precision@10: 0.0013
Sat 01 Feb 2025 05:57:09 INFO  epoch 6 evaluating [time: 544.60s, valid_score: 0.007500]
Sat 01 Feb 2025 05:57:10 INFO  Saving current: saved\NCL-Feb-01-2025_03-51-15.pth
Sat 01 Feb 2025 05:57:10 INFO  Saving current best: saved\NCL-Feb-01-2025_03-51-15.pth
Sat 01 Feb 2025 05:57:10 INFO  Running E-step ! 
Sat 01 Feb 2025 06:01:19 INFO  epoch 7 training [time: 244.60s, train_loss1: 101.9342, train_loss2: 4.1915, train_loss3: 2034.0367]
Sat 01 Feb 2025 06:10:38 INFO  head      : recall@10   : 0.0170 | mrr@10      : 0.0087 | ndcg@10     : 0.0099 | hit@10      : 0.0204 | precision@10: 0.0021
Sat 01 Feb 2025 06:10:38 INFO  tail      : recall@10   : 0.0130 | mrr@10      : 0.0058 | ndcg@10     : 0.0075 | hit@10      : 0.0130 | precision@10: 0.0013
Sat 01 Feb 2025 06:10:38 INFO  epoch 7 evaluating [time: 559.38s, valid_score: 0.007500]
Sat 01 Feb 2025 06:10:40 INFO  Saving current: saved\NCL-Feb-01-2025_03-51-15.pth
Sat 01 Feb 2025 06:10:40 INFO  Saving current best: saved\NCL-Feb-01-2025_03-51-15.pth
Sat 01 Feb 2025 06:10:40 INFO  Running E-step ! 
Sat 01 Feb 2025 06:14:48 INFO  epoch 8 training [time: 244.72s, train_loss1: 92.4919, train_loss2: 4.1933, train_loss3: 2023.2558]
Sat 01 Feb 2025 06:23:47 INFO  head      : recall@10   : 0.0170 | mrr@10      : 0.0083 | ndcg@10     : 0.0098 | hit@10      : 0.0200 | precision@10: 0.0020
Sat 01 Feb 2025 06:23:47 INFO  tail      : recall@10   : 0.0128 | mrr@10      : 0.0057 | ndcg@10     : 0.0073 | hit@10      : 0.0128 | precision@10: 0.0013
Sat 01 Feb 2025 06:23:47 INFO  epoch 8 evaluating [time: 538.22s, valid_score: 0.007300]
Sat 01 Feb 2025 06:23:47 INFO  Running E-step ! 
Sat 01 Feb 2025 06:27:55 INFO  epoch 9 training [time: 244.60s, train_loss1: 85.7106, train_loss2: 4.1952, train_loss3: 2014.9960]
Sat 01 Feb 2025 06:36:56 INFO  head      : recall@10   : 0.0173 | mrr@10      : 0.0084 | ndcg@10     : 0.0099 | hit@10      : 0.0202 | precision@10: 0.0021
Sat 01 Feb 2025 06:36:56 INFO  tail      : recall@10   : 0.0125 | mrr@10      : 0.0056 | ndcg@10     : 0.0072 | hit@10      : 0.0125 | precision@10: 0.0013
Sat 01 Feb 2025 06:36:56 INFO  epoch 9 evaluating [time: 540.70s, valid_score: 0.007200]
Sat 01 Feb 2025 06:36:56 INFO  Running E-step ! 
Sat 01 Feb 2025 06:41:04 INFO  epoch 10 training [time: 244.67s, train_loss1: 79.4307, train_loss2: 4.1975, train_loss3: 2008.6373]
Sat 01 Feb 2025 06:50:40 INFO  head      : recall@10   : 0.0175 | mrr@10      : 0.0084 | ndcg@10     : 0.0099 | hit@10      : 0.0205 | precision@10: 0.0021
Sat 01 Feb 2025 06:50:40 INFO  tail      : recall@10   : 0.0124 | mrr@10      : 0.0055 | ndcg@10     : 0.0071 | hit@10      : 0.0124 | precision@10: 0.0012
Sat 01 Feb 2025 06:50:40 INFO  epoch 10 evaluating [time: 575.27s, valid_score: 0.007100]
Sat 01 Feb 2025 06:50:40 INFO  Running E-step ! 
Sat 01 Feb 2025 06:54:48 INFO  epoch 11 training [time: 244.62s, train_loss1: 74.5692, train_loss2: 4.1995, train_loss3: 2003.3558]
Sat 01 Feb 2025 07:03:48 INFO  head      : recall@10   : 0.0167 | mrr@10      : 0.0082 | ndcg@10     : 0.0096 | hit@10      : 0.0197 | precision@10: 0.0020
Sat 01 Feb 2025 07:03:48 INFO  tail      : recall@10   : 0.0123 | mrr@10      : 0.0054 | ndcg@10     : 0.0070 | hit@10      : 0.0123 | precision@10: 0.0012
Sat 01 Feb 2025 07:03:48 INFO  epoch 11 evaluating [time: 539.50s, valid_score: 0.007000]
Sat 01 Feb 2025 07:03:48 INFO  Running E-step ! 
Sat 01 Feb 2025 07:07:56 INFO  epoch 12 training [time: 244.71s, train_loss1: 70.0045, train_loss2: 4.2013, train_loss3: 1998.9154]
Sat 01 Feb 2025 07:20:25 INFO  head      : recall@10   : 0.0166 | mrr@10      : 0.0081 | ndcg@10     : 0.0095 | hit@10      : 0.0199 | precision@10: 0.0020
Sat 01 Feb 2025 07:20:25 INFO  tail      : recall@10   : 0.0122 | mrr@10      : 0.0054 | ndcg@10     : 0.0070 | hit@10      : 0.0122 | precision@10: 0.0012
Sat 01 Feb 2025 07:20:25 INFO  epoch 12 evaluating [time: 748.71s, valid_score: 0.007000]
Sat 01 Feb 2025 07:20:25 INFO  Running E-step ! 
Sat 01 Feb 2025 07:31:09 INFO  epoch 13 training [time: 252.08s, train_loss1: 66.3349, train_loss2: 4.2035, train_loss3: 1995.0579]
Sat 01 Feb 2025 07:43:42 INFO  head      : recall@10   : 0.0155 | mrr@10      : 0.0078 | ndcg@10     : 0.0090 | hit@10      : 0.0185 | precision@10: 0.0019
Sat 01 Feb 2025 07:43:42 INFO  tail      : recall@10   : 0.0118 | mrr@10      : 0.0052 | ndcg@10     : 0.0068 | hit@10      : 0.0118 | precision@10: 0.0012
Sat 01 Feb 2025 07:43:42 INFO  epoch 13 evaluating [time: 752.41s, valid_score: 0.006800]
Sat 01 Feb 2025 07:43:42 INFO  Finished training, best eval result in epoch 7
Sat 01 Feb 2025 07:43:42 INFO  Loading model structure and parameters from saved\NCL-Feb-01-2025_03-51-15.pth
Sat 01 Feb 2025 08:24:51 INFO  head      : recall@10   : 0.0190 | mrr@10      : 0.0096 | ndcg@10     : 0.0115 | hit@10      : 0.0206 | precision@10: 0.0021
Sat 01 Feb 2025 08:24:51 INFO  tail      : recall@10   : 0.0145 | mrr@10      : 0.0076 | ndcg@10     : 0.0092 | hit@10      : 0.0145 | precision@10: 0.0015
Sat 01 Feb 2025 08:24:51 INFO  best valid : OrderedDict([('head', OrderedDict([('recall@10', 0.017), ('mrr@10', 0.0087), ('ndcg@10', 0.0099), ('hit@10', 0.0204), ('precision@10', 0.0021)])), ('tail', OrderedDict([('recall@10', 0.013), ('mrr@10', 0.0058), ('ndcg@10', 0.0075), ('hit@10', 0.013), ('precision@10', 0.0013)]))])
Sat 01 Feb 2025 08:24:51 INFO  test result: OrderedDict([('head', OrderedDict([('recall@10', 0.019), ('mrr@10', 0.0096), ('ndcg@10', 0.0115), ('hit@10', 0.0206), ('precision@10', 0.0021)])), ('tail', OrderedDict([('recall@10', 0.0145), ('mrr@10', 0.0076), ('ndcg@10', 0.0092), ('hit@10', 0.0145), ('precision@10', 0.0015)]))])
