Thu 29 May 2025 02:54:13 INFO  
General Hyper Parameters:
gpu_id = 0
use_gpu = True
seed = 2020
state = INFO
reproducibility = True
data_path = dataset/Amazon_Appliances
checkpoint_dir = saved
show_progress = True
save_dataset = False
dataset_save_path = None
save_dataloaders = False
dataloaders_save_path = None
log_wandb = False

Training Hyper Parameters:
epochs = 300
train_batch_size = 500
learner = adam
learning_rate = 0.001
train_neg_sample_args = {'distribution': 'uniform', 'sample_num': 1, 'alpha': 1.0, 'dynamic': False, 'candidate_num': 0}
eval_step = 10
stopping_step = 2
clip_grad_norm = None
weight_decay = 0.0
loss_decimal_place = 4

Evaluation Hyper Parameters:
eval_args = {'split': {'RS': [0.8, 0.1, 0.1]}, 'order': 'RO', 'group_by': 'user', 'mode': {'valid': 'full', 'test': 'full'}}
repeatable = False
metrics = ['Recall', 'NDCG', 'Hit', 'Precision']
topk = [10, 20]
valid_metric = unpopular/ndcg@10
valid_metric_bigger = True
eval_batch_size = 8196
metric_decimal_place = 4

Dataset Hyper Parameters:
field_separator = 	
seq_separator =  
USER_ID_FIELD = user_id
ITEM_ID_FIELD = item_id
RATING_FIELD = rating
TIME_FIELD = timestamp
seq_len = None
LABEL_FIELD = label
threshold = None
NEG_PREFIX = neg_
load_col = {'inter': ['user_id', 'item_id']}
unload_col = None
unused_col = None
additional_feat_suffix = None
rm_dup_inter = None
val_interval = None
filter_inter_by_user_or_item = True
user_inter_num_interval = [0,inf)
item_inter_num_interval = [0,inf)
alias_of_user_id = None
alias_of_item_id = None
alias_of_entity_id = None
alias_of_relation_id = None
preload_weight = None
normalize_field = None
normalize_all = None
ITEM_LIST_LENGTH_FIELD = item_length
LIST_SUFFIX = _list
MAX_ITEM_LIST_LENGTH = 50
POSITION_FIELD = position_id
HEAD_ENTITY_ID_FIELD = head_id
TAIL_ENTITY_ID_FIELD = tail_id
RELATION_ID_FIELD = relation_id
ENTITY_ID_FIELD = entity_id
benchmark_filename = None

Other Hyper Parameters: 
worker = 0
wandb_project = recbole
shuffle = True
require_pow = True
enable_amp = False
enable_scaler = False
transform = None
embedding_size = 64
n_layers = 2
reg_weight = 0.0001
ssl_temp = 0.8
ssl_reg = 1e-07
hyper_layers = 1
alpha = 1
proto_reg = 8e-08
num_clusters = 1000
m_step = 1
warm_up_step = 20
numerical_features = []
discretization = None
kg_reverse_r = False
entity_kg_num_interval = [0,inf)
relation_kg_num_interval = [0,inf)
MODEL_TYPE = ModelType.GENERAL
lambda = 0.1
eps = 0.2
temperature = 0.2
layer_cl = 1
q = 5
MODEL_INPUT_TYPE = InputType.PAIRWISE
eval_type = EvaluatorType.RANKING
single_spec = True
local_rank = 0
device = cuda
valid_neg_sample_args = {'distribution': 'uniform', 'sample_num': 'none'}
test_neg_sample_args = {'distribution': 'uniform', 'sample_num': 'none'}


Thu 29 May 2025 02:54:15 INFO  Amazon_Appliances
The number of users: 515651
Average actions of users: 1.1689653834965577
The number of items: 30253
Average actions of items: 19.925195028427872
The number of inters: 602777
The sparsity of the dataset: 99.99613604232134%
Remain Fields: ['user_id', 'item_id']
Thu 29 May 2025 02:54:21 INFO  [Training]: train_batch_size = [500] train_neg_sample_args: [{'distribution': 'uniform', 'sample_num': 1, 'alpha': 1.0, 'dynamic': False, 'candidate_num': 0}]
Thu 29 May 2025 02:54:21 INFO  [Evaluation]: eval_batch_size = [8196] eval_args: [{'split': {'RS': [0.8, 0.1, 0.1]}, 'order': 'RO', 'group_by': 'user', 'mode': {'valid': 'full', 'test': 'full'}}]
Thu 29 May 2025 02:54:22 INFO  NCL(
  (user_embedding): Embedding(515651, 64)
  (item_embedding): Embedding(30253, 64)
  (gcn_conv): LightGCNConv(64)
  (mf_loss): BPRLoss()
  (reg_loss): EmbLoss()
)
Trainable parameters: 34937856
Thu 29 May 2025 02:54:22 INFO  Running E-step ! 
Thu 29 May 2025 02:54:22 INFO  Loading faiss with AVX2 support.
Thu 29 May 2025 02:54:22 INFO  Successfully loaded faiss with AVX2 support.
Thu 29 May 2025 02:55:11 INFO  epoch 0 training [time: 45.38s, train_loss1: 234.3567, train_loss2: 1.1039]
Thu 29 May 2025 02:55:11 INFO  Running E-step ! 
Thu 29 May 2025 02:55:59 INFO  epoch 1 training [time: 45.05s, train_loss1: 80.4399, train_loss2: 1.1032]
Thu 29 May 2025 02:55:59 INFO  Running E-step ! 
Thu 29 May 2025 02:56:47 INFO  epoch 2 training [time: 45.10s, train_loss1: 48.5966, train_loss2: 1.1032]
Thu 29 May 2025 02:56:47 INFO  Running E-step ! 
Thu 29 May 2025 02:57:35 INFO  epoch 3 training [time: 45.02s, train_loss1: 33.6135, train_loss2: 1.1032]
Thu 29 May 2025 02:57:35 INFO  Running E-step ! 
Thu 29 May 2025 02:58:24 INFO  epoch 4 training [time: 45.53s, train_loss1: 24.6612, train_loss2: 1.1032]
Thu 29 May 2025 02:58:24 INFO  Running E-step ! 
Thu 29 May 2025 02:59:13 INFO  epoch 5 training [time: 46.18s, train_loss1: 18.7417, train_loss2: 1.1032]
Thu 29 May 2025 02:59:13 INFO  Running E-step ! 
Thu 29 May 2025 03:00:02 INFO  epoch 6 training [time: 45.09s, train_loss1: 14.7301, train_loss2: 1.1032]
Thu 29 May 2025 03:00:02 INFO  Running E-step ! 
Thu 29 May 2025 03:00:50 INFO  epoch 7 training [time: 45.21s, train_loss1: 11.6028, train_loss2: 1.1032]
Thu 29 May 2025 03:00:50 INFO  Running E-step ! 
Thu 29 May 2025 03:01:38 INFO  epoch 8 training [time: 45.03s, train_loss1: 9.2032, train_loss2: 1.1032]
Thu 29 May 2025 03:01:38 INFO  Running E-step ! 
Thu 29 May 2025 03:02:26 INFO  epoch 9 training [time: 45.09s, train_loss1: 7.4412, train_loss2: 1.1032]
Thu 29 May 2025 03:02:55 INFO  epoch 9 evaluating [time: 28.94s, valid_score: 0.068800]
Thu 29 May 2025 03:02:55 INFO  valid result: 
popular : OrderedDict([('recall@10', 0.0912), ('recall@20', 0.1032), ('ndcg@10', 0.081), ('ndcg@20', 0.0842), ('hit@10', 0.0924), ('hit@20', 0.1044), ('precision@10', 0.0096), ('precision@20', 0.0054)])    unpopular : OrderedDict([('recall@10', 0.0807), ('recall@20', 0.0926), ('ndcg@10', 0.0688), ('ndcg@20', 0.0718), ('hit@10', 0.0807), ('hit@20', 0.0926), ('precision@10', 0.0081), ('precision@20', 0.0046)])
Thu 29 May 2025 03:02:56 INFO  Saving current: saved\NCL-May-29-2025_02-54-22.pth
Thu 29 May 2025 03:02:56 INFO  Saving current best: saved\NCL-May-29-2025_02-54-22.pth
Thu 29 May 2025 03:02:56 INFO  Running E-step ! 
Thu 29 May 2025 03:03:45 INFO  epoch 10 training [time: 45.02s, train_loss1: 6.0392, train_loss2: 1.1032]
Thu 29 May 2025 03:03:45 INFO  Running E-step ! 
Thu 29 May 2025 03:04:33 INFO  epoch 11 training [time: 44.92s, train_loss1: 4.8561, train_loss2: 1.1032]
Thu 29 May 2025 03:04:33 INFO  Running E-step ! 
Thu 29 May 2025 03:05:21 INFO  epoch 12 training [time: 45.05s, train_loss1: 3.9687, train_loss2: 1.1032]
Thu 29 May 2025 03:05:21 INFO  Running E-step ! 
Thu 29 May 2025 03:06:09 INFO  epoch 13 training [time: 45.08s, train_loss1: 3.2219, train_loss2: 1.1032]
Thu 29 May 2025 03:06:09 INFO  Running E-step ! 
Thu 29 May 2025 03:06:57 INFO  epoch 14 training [time: 45.03s, train_loss1: 2.6358, train_loss2: 1.1032]
Thu 29 May 2025 03:06:57 INFO  Running E-step ! 
Thu 29 May 2025 03:07:46 INFO  epoch 15 training [time: 45.14s, train_loss1: 2.0744, train_loss2: 1.1032]
Thu 29 May 2025 03:07:46 INFO  Running E-step ! 
Thu 29 May 2025 03:08:34 INFO  epoch 16 training [time: 45.19s, train_loss1: 1.7128, train_loss2: 1.1032]
Thu 29 May 2025 03:08:34 INFO  Running E-step ! 
Thu 29 May 2025 03:09:23 INFO  epoch 17 training [time: 45.16s, train_loss1: 1.4063, train_loss2: 1.1032]
Thu 29 May 2025 03:09:23 INFO  Running E-step ! 
Thu 29 May 2025 03:10:11 INFO  epoch 18 training [time: 45.02s, train_loss1: 1.1236, train_loss2: 1.1032]
Thu 29 May 2025 03:10:11 INFO  Running E-step ! 
Thu 29 May 2025 03:11:00 INFO  epoch 19 training [time: 45.12s, train_loss1: 0.9376, train_loss2: 1.1032]
Thu 29 May 2025 03:11:29 INFO  epoch 19 evaluating [time: 29.10s, valid_score: 0.070300]
Thu 29 May 2025 03:11:29 INFO  valid result: 
popular : OrderedDict([('recall@10', 0.0912), ('recall@20', 0.1111), ('ndcg@10', 0.0827), ('ndcg@20', 0.0878), ('hit@10', 0.0924), ('hit@20', 0.1127), ('precision@10', 0.0096), ('precision@20', 0.0058)])    unpopular : OrderedDict([('recall@10', 0.0813), ('recall@20', 0.0944), ('ndcg@10', 0.0703), ('ndcg@20', 0.0736), ('hit@10', 0.0813), ('hit@20', 0.0944), ('precision@10', 0.0081), ('precision@20', 0.0047)])
Thu 29 May 2025 03:11:30 INFO  Saving current: saved\NCL-May-29-2025_02-54-22.pth
Thu 29 May 2025 03:11:30 INFO  Saving current best: saved\NCL-May-29-2025_02-54-22.pth
Thu 29 May 2025 03:11:30 INFO  Running E-step ! 
Thu 29 May 2025 03:12:20 INFO  epoch 20 training [time: 46.90s, train_loss1: 0.7511, train_loss2: 1.1032, train_loss3: 0.5221]
Thu 29 May 2025 03:12:20 INFO  Running E-step ! 
Thu 29 May 2025 03:13:10 INFO  epoch 21 training [time: 46.90s, train_loss1: 0.5850, train_loss2: 1.1032, train_loss3: 0.5209]
Thu 29 May 2025 03:13:10 INFO  Running E-step ! 
Thu 29 May 2025 03:14:00 INFO  epoch 22 training [time: 46.77s, train_loss1: 0.5430, train_loss2: 1.1032, train_loss3: 0.5221]
Thu 29 May 2025 03:14:00 INFO  Running E-step ! 
Thu 29 May 2025 03:14:51 INFO  epoch 23 training [time: 46.79s, train_loss1: 0.4640, train_loss2: 1.1032, train_loss3: 0.5199]
Thu 29 May 2025 03:14:51 INFO  Running E-step ! 
Thu 29 May 2025 03:15:41 INFO  epoch 24 training [time: 46.96s, train_loss1: 0.3907, train_loss2: 1.1032, train_loss3: 0.5200]
Thu 29 May 2025 03:15:41 INFO  Running E-step ! 
Thu 29 May 2025 03:16:31 INFO  epoch 25 training [time: 46.99s, train_loss1: 0.3230, train_loss2: 1.1032, train_loss3: 0.5196]
Thu 29 May 2025 03:16:31 INFO  Running E-step ! 
Thu 29 May 2025 03:17:22 INFO  epoch 26 training [time: 46.85s, train_loss1: 0.2531, train_loss2: 1.1032, train_loss3: 0.5180]
Thu 29 May 2025 03:17:22 INFO  Running E-step ! 
Thu 29 May 2025 03:18:12 INFO  epoch 27 training [time: 46.69s, train_loss1: 0.2664, train_loss2: 1.1032, train_loss3: 0.5172]
Thu 29 May 2025 03:18:12 INFO  Running E-step ! 
Thu 29 May 2025 03:19:02 INFO  epoch 28 training [time: 46.77s, train_loss1: 0.2254, train_loss2: 1.1032, train_loss3: 0.5168]
Thu 29 May 2025 03:19:02 INFO  Running E-step ! 
Thu 29 May 2025 03:19:52 INFO  epoch 29 training [time: 46.86s, train_loss1: 0.2083, train_loss2: 1.1032, train_loss3: 0.5161]
Thu 29 May 2025 03:20:21 INFO  epoch 29 evaluating [time: 28.64s, valid_score: 0.073000]
Thu 29 May 2025 03:20:21 INFO  valid result: 
popular : OrderedDict([('recall@10', 0.1059), ('recall@20', 0.1148), ('ndcg@10', 0.0877), ('ndcg@20', 0.09), ('hit@10', 0.1067), ('hit@20', 0.1165), ('precision@10', 0.011), ('precision@20', 0.006)])    unpopular : OrderedDict([('recall@10', 0.0874), ('recall@20', 0.0979), ('ndcg@10', 0.073), ('ndcg@20', 0.0757), ('hit@10', 0.0874), ('hit@20', 0.0979), ('precision@10', 0.0087), ('precision@20', 0.0049)])
Thu 29 May 2025 03:20:22 INFO  Saving current: saved\NCL-May-29-2025_02-54-22.pth
Thu 29 May 2025 03:20:22 INFO  Saving current best: saved\NCL-May-29-2025_02-54-22.pth
Thu 29 May 2025 03:20:22 INFO  Running E-step ! 
Thu 29 May 2025 03:21:12 INFO  epoch 30 training [time: 46.74s, train_loss1: 0.1678, train_loss2: 1.1032, train_loss3: 0.5150]
Thu 29 May 2025 03:21:12 INFO  Running E-step ! 
Thu 29 May 2025 03:22:02 INFO  epoch 31 training [time: 46.75s, train_loss1: 0.1499, train_loss2: 1.1032, train_loss3: 0.5141]
Thu 29 May 2025 03:22:02 INFO  Running E-step ! 
Thu 29 May 2025 03:22:53 INFO  epoch 32 training [time: 46.91s, train_loss1: 0.1603, train_loss2: 1.1032, train_loss3: 0.5131]
Thu 29 May 2025 03:22:53 INFO  Running E-step ! 
Thu 29 May 2025 03:23:43 INFO  epoch 33 training [time: 46.71s, train_loss1: 0.1380, train_loss2: 1.1032, train_loss3: 0.5128]
Thu 29 May 2025 03:23:43 INFO  Running E-step ! 
Thu 29 May 2025 03:24:33 INFO  epoch 34 training [time: 46.68s, train_loss1: 0.1143, train_loss2: 1.1032, train_loss3: 0.5112]
Thu 29 May 2025 03:24:33 INFO  Running E-step ! 
Thu 29 May 2025 03:25:23 INFO  epoch 35 training [time: 46.86s, train_loss1: 0.1356, train_loss2: 1.1032, train_loss3: 0.5106]
Thu 29 May 2025 03:25:23 INFO  Running E-step ! 
Thu 29 May 2025 03:26:14 INFO  epoch 36 training [time: 46.99s, train_loss1: 0.1061, train_loss2: 1.1032, train_loss3: 0.5095]
Thu 29 May 2025 03:26:14 INFO  Running E-step ! 
Thu 29 May 2025 03:27:04 INFO  epoch 37 training [time: 46.80s, train_loss1: 0.1655, train_loss2: 1.1032, train_loss3: 0.5087]
Thu 29 May 2025 03:27:04 INFO  Running E-step ! 
Thu 29 May 2025 03:27:55 INFO  epoch 38 training [time: 46.95s, train_loss1: 0.0956, train_loss2: 1.1032, train_loss3: 0.5078]
Thu 29 May 2025 03:27:55 INFO  Running E-step ! 
Thu 29 May 2025 03:28:45 INFO  epoch 39 training [time: 46.77s, train_loss1: 0.0859, train_loss2: 1.1032, train_loss3: 0.5069]
Thu 29 May 2025 03:29:14 INFO  epoch 39 evaluating [time: 28.95s, valid_score: 0.070700]
Thu 29 May 2025 03:29:14 INFO  valid result: 
popular : OrderedDict([('recall@10', 0.1059), ('recall@20', 0.1157), ('ndcg@10', 0.0894), ('ndcg@20', 0.0918), ('hit@10', 0.1067), ('hit@20', 0.118), ('precision@10', 0.011), ('precision@20', 0.0061)])    unpopular : OrderedDict([('recall@10', 0.0811), ('recall@20', 0.0954), ('ndcg@10', 0.0707), ('ndcg@20', 0.0744), ('hit@10', 0.0811), ('hit@20', 0.0954), ('precision@10', 0.0081), ('precision@20', 0.0048)])
Thu 29 May 2025 03:29:14 INFO  Running E-step ! 
Thu 29 May 2025 03:30:04 INFO  epoch 40 training [time: 46.94s, train_loss1: 0.0821, train_loss2: 1.1032, train_loss3: 0.5060]
Thu 29 May 2025 03:30:04 INFO  Running E-step ! 
Thu 29 May 2025 03:30:55 INFO  epoch 41 training [time: 46.71s, train_loss1: 0.0942, train_loss2: 1.1032, train_loss3: 0.5072]
Thu 29 May 2025 03:30:55 INFO  Running E-step ! 
Thu 29 May 2025 03:31:45 INFO  epoch 42 training [time: 46.69s, train_loss1: 0.0959, train_loss2: 1.1032, train_loss3: 0.5058]
Thu 29 May 2025 03:31:45 INFO  Running E-step ! 
Thu 29 May 2025 03:32:35 INFO  epoch 43 training [time: 46.79s, train_loss1: 0.1056, train_loss2: 1.1032, train_loss3: 0.5050]
Thu 29 May 2025 03:32:35 INFO  Running E-step ! 
Thu 29 May 2025 03:33:25 INFO  epoch 44 training [time: 46.69s, train_loss1: 0.0867, train_loss2: 1.1032, train_loss3: 0.5046]
Thu 29 May 2025 03:33:25 INFO  Running E-step ! 
Thu 29 May 2025 03:34:15 INFO  epoch 45 training [time: 46.93s, train_loss1: 0.0999, train_loss2: 1.1032, train_loss3: 0.5038]
Thu 29 May 2025 03:34:15 INFO  Running E-step ! 
Thu 29 May 2025 03:35:06 INFO  epoch 46 training [time: 46.95s, train_loss1: 0.0781, train_loss2: 1.1032, train_loss3: 0.5034]
Thu 29 May 2025 03:35:06 INFO  Running E-step ! 
Thu 29 May 2025 03:35:56 INFO  epoch 47 training [time: 46.81s, train_loss1: 0.0862, train_loss2: 1.1032, train_loss3: 0.5034]
Thu 29 May 2025 03:35:56 INFO  Running E-step ! 
Thu 29 May 2025 03:36:47 INFO  epoch 48 training [time: 46.90s, train_loss1: 0.0824, train_loss2: 1.1032, train_loss3: 0.5028]
Thu 29 May 2025 03:36:47 INFO  Running E-step ! 
Thu 29 May 2025 03:37:37 INFO  epoch 49 training [time: 46.76s, train_loss1: 0.0902, train_loss2: 1.1032, train_loss3: 0.5026]
Thu 29 May 2025 03:38:06 INFO  epoch 49 evaluating [time: 28.97s, valid_score: 0.070200]
Thu 29 May 2025 03:38:06 INFO  valid result: 
popular : OrderedDict([('recall@10', 0.0944), ('recall@20', 0.1135), ('ndcg@10', 0.0845), ('ndcg@20', 0.0893), ('hit@10', 0.0962), ('hit@20', 0.1157), ('precision@10', 0.01), ('precision@20', 0.006)])    unpopular : OrderedDict([('recall@10', 0.0805), ('recall@20', 0.0936), ('ndcg@10', 0.0702), ('ndcg@20', 0.0735), ('hit@10', 0.0805), ('hit@20', 0.0936), ('precision@10', 0.0081), ('precision@20', 0.0047)])
Thu 29 May 2025 03:38:06 INFO  Running E-step ! 
Thu 29 May 2025 03:38:57 INFO  epoch 50 training [time: 46.90s, train_loss1: 0.0921, train_loss2: 1.1032, train_loss3: 0.5022]
Thu 29 May 2025 03:38:57 INFO  Running E-step ! 
Thu 29 May 2025 03:39:47 INFO  epoch 51 training [time: 46.75s, train_loss1: 0.0817, train_loss2: 1.1032, train_loss3: 0.5021]
Thu 29 May 2025 03:39:47 INFO  Running E-step ! 
Thu 29 May 2025 03:40:37 INFO  epoch 52 training [time: 46.77s, train_loss1: 0.0940, train_loss2: 1.1032, train_loss3: 0.5021]
Thu 29 May 2025 03:40:37 INFO  Running E-step ! 
Thu 29 May 2025 03:41:27 INFO  epoch 53 training [time: 46.76s, train_loss1: 0.0964, train_loss2: 1.1032, train_loss3: 0.5019]
Thu 29 May 2025 03:41:27 INFO  Running E-step ! 
Thu 29 May 2025 03:42:18 INFO  epoch 54 training [time: 46.76s, train_loss1: 0.0652, train_loss2: 1.1032, train_loss3: 0.5017]
Thu 29 May 2025 03:42:18 INFO  Running E-step ! 
Thu 29 May 2025 03:43:08 INFO  epoch 55 training [time: 46.86s, train_loss1: 0.0854, train_loss2: 1.1032, train_loss3: 0.5025]
Thu 29 May 2025 03:43:08 INFO  Running E-step ! 
Thu 29 May 2025 03:43:59 INFO  epoch 56 training [time: 46.79s, train_loss1: 0.1035, train_loss2: 1.1032, train_loss3: 0.5057]
Thu 29 May 2025 03:43:59 INFO  Running E-step ! 
Thu 29 May 2025 03:44:49 INFO  epoch 57 training [time: 46.89s, train_loss1: 0.0771, train_loss2: 1.1032, train_loss3: 0.5039]
Thu 29 May 2025 03:44:49 INFO  Running E-step ! 
Thu 29 May 2025 03:45:40 INFO  epoch 58 training [time: 46.94s, train_loss1: 0.1014, train_loss2: 1.1032, train_loss3: 0.5044]
Thu 29 May 2025 03:45:40 INFO  Running E-step ! 
Thu 29 May 2025 03:46:30 INFO  epoch 59 training [time: 46.64s, train_loss1: 0.0775, train_loss2: 1.1032, train_loss3: 0.5018]
Thu 29 May 2025 03:47:00 INFO  epoch 59 evaluating [time: 29.98s, valid_score: 0.076900]
Thu 29 May 2025 03:47:00 INFO  valid result: 
popular : OrderedDict([('recall@10', 0.0934), ('recall@20', 0.1172), ('ndcg@10', 0.0834), ('ndcg@20', 0.0895), ('hit@10', 0.0947), ('hit@20', 0.1195), ('precision@10', 0.0098), ('precision@20', 0.0062)])    unpopular : OrderedDict([('recall@10', 0.0902), ('recall@20', 0.101), ('ndcg@10', 0.0769), ('ndcg@20', 0.0797), ('hit@10', 0.0902), ('hit@20', 0.101), ('precision@10', 0.009), ('precision@20', 0.0051)])
Thu 29 May 2025 03:47:01 INFO  Saving current: saved\NCL-May-29-2025_02-54-22.pth
Thu 29 May 2025 03:47:01 INFO  Saving current best: saved\NCL-May-29-2025_02-54-22.pth
Thu 29 May 2025 03:47:01 INFO  Running E-step ! 
Thu 29 May 2025 03:47:51 INFO  epoch 60 training [time: 46.92s, train_loss1: 0.1001, train_loss2: 1.1032, train_loss3: 0.5009]
Thu 29 May 2025 03:47:51 INFO  Running E-step ! 
Thu 29 May 2025 03:48:42 INFO  epoch 61 training [time: 46.75s, train_loss1: 0.0657, train_loss2: 1.1031, train_loss3: 0.5003]
Thu 29 May 2025 03:48:42 INFO  Running E-step ! 
Thu 29 May 2025 03:49:32 INFO  epoch 62 training [time: 46.79s, train_loss1: 0.0931, train_loss2: 1.1031, train_loss3: 0.5001]
Thu 29 May 2025 03:49:32 INFO  Running E-step ! 
Thu 29 May 2025 03:50:23 INFO  epoch 63 training [time: 46.97s, train_loss1: 0.0804, train_loss2: 1.1031, train_loss3: 0.4996]
Thu 29 May 2025 03:50:23 INFO  Running E-step ! 
Thu 29 May 2025 03:51:13 INFO  epoch 64 training [time: 46.77s, train_loss1: 0.0918, train_loss2: 1.1032, train_loss3: 0.4995]
Thu 29 May 2025 03:51:13 INFO  Running E-step ! 
Thu 29 May 2025 03:52:03 INFO  epoch 65 training [time: 46.80s, train_loss1: 0.0954, train_loss2: 1.1032, train_loss3: 0.4994]
Thu 29 May 2025 03:52:03 INFO  Running E-step ! 
Thu 29 May 2025 03:52:54 INFO  epoch 66 training [time: 46.79s, train_loss1: 0.1007, train_loss2: 1.1032, train_loss3: 0.4993]
Thu 29 May 2025 03:52:54 INFO  Running E-step ! 
Thu 29 May 2025 03:53:44 INFO  epoch 67 training [time: 46.72s, train_loss1: 0.0750, train_loss2: 1.1033, train_loss3: 0.5069]
Thu 29 May 2025 03:53:44 INFO  Running E-step ! 
Thu 29 May 2025 03:54:34 INFO  epoch 68 training [time: 46.82s, train_loss1: 0.0807, train_loss2: 1.1034, train_loss3: 0.5039]
Thu 29 May 2025 03:54:34 INFO  Running E-step ! 
Thu 29 May 2025 03:55:25 INFO  epoch 69 training [time: 46.77s, train_loss1: 0.1216, train_loss2: 1.1034, train_loss3: 0.5020]
Thu 29 May 2025 03:55:54 INFO  epoch 69 evaluating [time: 29.53s, valid_score: 0.079200]
Thu 29 May 2025 03:55:54 INFO  valid result: 
popular : OrderedDict([('recall@10', 0.1006), ('recall@20', 0.118), ('ndcg@10', 0.0865), ('ndcg@20', 0.0908), ('hit@10', 0.1022), ('hit@20', 0.1202), ('precision@10', 0.0106), ('precision@20', 0.0062)])    unpopular : OrderedDict([('recall@10', 0.0901), ('recall@20', 0.1015), ('ndcg@10', 0.0792), ('ndcg@20', 0.082), ('hit@10', 0.0901), ('hit@20', 0.1015), ('precision@10', 0.009), ('precision@20', 0.0051)])
Thu 29 May 2025 03:55:55 INFO  Saving current: saved\NCL-May-29-2025_02-54-22.pth
Thu 29 May 2025 03:55:55 INFO  Saving current best: saved\NCL-May-29-2025_02-54-22.pth
Thu 29 May 2025 03:55:55 INFO  Running E-step ! 
Thu 29 May 2025 03:56:46 INFO  epoch 70 training [time: 46.86s, train_loss1: 0.0575, train_loss2: 1.1034, train_loss3: 0.5009]
Thu 29 May 2025 03:56:46 INFO  Running E-step ! 
Thu 29 May 2025 03:57:36 INFO  epoch 71 training [time: 46.79s, train_loss1: 0.0880, train_loss2: 1.1034, train_loss3: 0.5025]
Thu 29 May 2025 03:57:36 INFO  Running E-step ! 
Thu 29 May 2025 03:58:26 INFO  epoch 72 training [time: 46.96s, train_loss1: 0.0924, train_loss2: 1.1033, train_loss3: 0.5024]
Thu 29 May 2025 03:58:26 INFO  Running E-step ! 
Thu 29 May 2025 03:59:17 INFO  epoch 73 training [time: 46.80s, train_loss1: 0.0932, train_loss2: 1.1032, train_loss3: 0.5005]
Thu 29 May 2025 03:59:17 INFO  Running E-step ! 
Thu 29 May 2025 04:00:07 INFO  epoch 74 training [time: 46.78s, train_loss1: 0.0778, train_loss2: 1.1031, train_loss3: 0.4997]
Thu 29 May 2025 04:00:07 INFO  Running E-step ! 
Thu 29 May 2025 04:00:58 INFO  epoch 75 training [time: 46.78s, train_loss1: 0.0668, train_loss2: 1.1031, train_loss3: 0.4989]
Thu 29 May 2025 04:00:58 INFO  Running E-step ! 
Thu 29 May 2025 04:01:48 INFO  epoch 76 training [time: 46.81s, train_loss1: 0.0745, train_loss2: 1.1030, train_loss3: 0.4982]
Thu 29 May 2025 04:01:48 INFO  Running E-step ! 
Thu 29 May 2025 04:02:39 INFO  epoch 77 training [time: 46.92s, train_loss1: 0.0807, train_loss2: 1.1030, train_loss3: 0.4990]
Thu 29 May 2025 04:02:39 INFO  Running E-step ! 
Thu 29 May 2025 04:03:29 INFO  epoch 78 training [time: 46.73s, train_loss1: 0.0804, train_loss2: 1.1030, train_loss3: 0.4979]
Thu 29 May 2025 04:03:29 INFO  Running E-step ! 
Thu 29 May 2025 04:04:19 INFO  epoch 79 training [time: 46.68s, train_loss1: 0.0676, train_loss2: 1.1030, train_loss3: 0.4982]
Thu 29 May 2025 04:04:49 INFO  epoch 79 evaluating [time: 30.16s, valid_score: 0.076900]
Thu 29 May 2025 04:04:49 INFO  valid result: 
popular : OrderedDict([('recall@10', 0.099), ('recall@20', 0.121), ('ndcg@10', 0.0849), ('ndcg@20', 0.0903), ('hit@10', 0.1007), ('hit@20', 0.1232), ('precision@10', 0.0104), ('precision@20', 0.0063)])    unpopular : OrderedDict([('recall@10', 0.0901), ('recall@20', 0.1024), ('ndcg@10', 0.0769), ('ndcg@20', 0.08), ('hit@10', 0.0901), ('hit@20', 0.1024), ('precision@10', 0.009), ('precision@20', 0.0051)])
Thu 29 May 2025 04:04:49 INFO  Running E-step ! 
Thu 29 May 2025 04:05:40 INFO  epoch 80 training [time: 46.89s, train_loss1: 0.0760, train_loss2: 1.1030, train_loss3: 0.4977]
Thu 29 May 2025 04:05:40 INFO  Running E-step ! 
Thu 29 May 2025 04:06:30 INFO  epoch 81 training [time: 46.89s, train_loss1: 0.0726, train_loss2: 1.1030, train_loss3: 0.4976]
Thu 29 May 2025 04:06:30 INFO  Running E-step ! 
Thu 29 May 2025 04:07:21 INFO  epoch 82 training [time: 46.82s, train_loss1: 0.0876, train_loss2: 1.1030, train_loss3: 0.4973]
Thu 29 May 2025 04:07:21 INFO  Running E-step ! 
Thu 29 May 2025 04:08:11 INFO  epoch 83 training [time: 46.67s, train_loss1: 0.1090, train_loss2: 1.1030, train_loss3: 0.4972]
Thu 29 May 2025 04:08:11 INFO  Running E-step ! 
Thu 29 May 2025 04:09:01 INFO  epoch 84 training [time: 46.78s, train_loss1: 0.0652, train_loss2: 1.1030, train_loss3: 0.4971]
Thu 29 May 2025 04:09:01 INFO  Running E-step ! 
Thu 29 May 2025 04:09:51 INFO  epoch 85 training [time: 46.77s, train_loss1: 0.0636, train_loss2: 1.1029, train_loss3: 0.4969]
Thu 29 May 2025 04:09:51 INFO  Running E-step ! 
Thu 29 May 2025 04:10:42 INFO  epoch 86 training [time: 46.86s, train_loss1: 0.0920, train_loss2: 1.1029, train_loss3: 0.4969]
Thu 29 May 2025 04:10:42 INFO  Running E-step ! 
Thu 29 May 2025 04:11:32 INFO  epoch 87 training [time: 46.78s, train_loss1: 0.0738, train_loss2: 1.1029, train_loss3: 0.4966]
Thu 29 May 2025 04:11:32 INFO  Running E-step ! 
Thu 29 May 2025 04:12:23 INFO  epoch 88 training [time: 46.88s, train_loss1: 0.0732, train_loss2: 1.1029, train_loss3: 0.4968]
Thu 29 May 2025 04:12:23 INFO  Running E-step ! 
Thu 29 May 2025 04:13:13 INFO  epoch 89 training [time: 46.77s, train_loss1: 0.0801, train_loss2: 1.1029, train_loss3: 0.4966]
Thu 29 May 2025 04:13:43 INFO  epoch 89 evaluating [time: 29.90s, valid_score: 0.076300]
Thu 29 May 2025 04:13:43 INFO  valid result: 
popular : OrderedDict([('recall@10', 0.0979), ('recall@20', 0.1118), ('ndcg@10', 0.0857), ('ndcg@20', 0.0891), ('hit@10', 0.0992), ('hit@20', 0.1134), ('precision@10', 0.0103), ('precision@20', 0.0059)])    unpopular : OrderedDict([('recall@10', 0.0896), ('recall@20', 0.1015), ('ndcg@10', 0.0763), ('ndcg@20', 0.0793), ('hit@10', 0.0896), ('hit@20', 0.1015), ('precision@10', 0.009), ('precision@20', 0.0051)])
Thu 29 May 2025 04:13:43 INFO  Running E-step ! 
Thu 29 May 2025 04:14:34 INFO  epoch 90 training [time: 46.98s, train_loss1: 0.1262, train_loss2: 1.1028, train_loss3: 0.4966]
Thu 29 May 2025 04:14:34 INFO  Running E-step ! 
Thu 29 May 2025 04:15:24 INFO  epoch 91 training [time: 46.74s, train_loss1: 0.0827, train_loss2: 1.1028, train_loss3: 0.4964]
Thu 29 May 2025 04:15:24 INFO  Running E-step ! 
Thu 29 May 2025 04:16:14 INFO  epoch 92 training [time: 46.85s, train_loss1: 0.0738, train_loss2: 1.1028, train_loss3: 0.4964]
Thu 29 May 2025 04:16:14 INFO  Running E-step ! 
Thu 29 May 2025 04:17:04 INFO  epoch 93 training [time: 46.84s, train_loss1: 0.0637, train_loss2: 1.1028, train_loss3: 0.4963]
Thu 29 May 2025 04:17:04 INFO  Running E-step ! 
Thu 29 May 2025 04:17:58 INFO  epoch 94 training [time: 46.81s, train_loss1: 0.0694, train_loss2: 1.1027, train_loss3: 0.4962]
Thu 29 May 2025 04:17:58 INFO  Running E-step ! 
Thu 29 May 2025 04:18:52 INFO  epoch 95 training [time: 47.07s, train_loss1: 0.0701, train_loss2: 1.1027, train_loss3: 0.4961]
Thu 29 May 2025 04:18:52 INFO  Running E-step ! 
Thu 29 May 2025 04:19:47 INFO  epoch 96 training [time: 46.83s, train_loss1: 0.0780, train_loss2: 1.1026, train_loss3: 0.4961]
Thu 29 May 2025 04:19:47 INFO  Running E-step ! 
Thu 29 May 2025 04:20:42 INFO  epoch 97 training [time: 47.00s, train_loss1: 0.0945, train_loss2: 1.1025, train_loss3: 0.4958]
Thu 29 May 2025 04:20:42 INFO  Running E-step ! 
Thu 29 May 2025 04:21:42 INFO  epoch 98 training [time: 47.06s, train_loss1: 0.0523, train_loss2: 1.1025, train_loss3: 0.4957]
Thu 29 May 2025 04:21:42 INFO  Running E-step ! 
Thu 29 May 2025 04:22:32 INFO  epoch 99 training [time: 46.84s, train_loss1: 0.0667, train_loss2: 1.1024, train_loss3: 0.4956]
Thu 29 May 2025 04:23:02 INFO  epoch 99 evaluating [time: 29.89s, valid_score: 0.078600]
Thu 29 May 2025 04:23:02 INFO  valid result: 
popular : OrderedDict([('recall@10', 0.096), ('recall@20', 0.1096), ('ndcg@10', 0.0849), ('ndcg@20', 0.0882), ('hit@10', 0.0977), ('hit@20', 0.1112), ('precision@10', 0.0101), ('precision@20', 0.0057)])    unpopular : OrderedDict([('recall@10', 0.0902), ('recall@20', 0.1014), ('ndcg@10', 0.0786), ('ndcg@20', 0.0814), ('hit@10', 0.0902), ('hit@20', 0.1014), ('precision@10', 0.009), ('precision@20', 0.0051)])
Thu 29 May 2025 04:23:02 INFO  Finished training, best eval result in epoch 69
Thu 29 May 2025 04:23:02 INFO  Loading model structure and parameters from saved\NCL-May-29-2025_02-54-22.pth
Thu 29 May 2025 04:26:41 INFO  best valid : OrderedDict([('popular', OrderedDict([('recall@10', 0.1006), ('recall@20', 0.118), ('ndcg@10', 0.0865), ('ndcg@20', 0.0908), ('hit@10', 0.1022), ('hit@20', 0.1202), ('precision@10', 0.0106), ('precision@20', 0.0062)])), ('unpopular', OrderedDict([('recall@10', 0.0901), ('recall@20', 0.1015), ('ndcg@10', 0.0792), ('ndcg@20', 0.082), ('hit@10', 0.0901), ('hit@20', 0.1015), ('precision@10', 0.009), ('precision@20', 0.0051)]))])
Thu 29 May 2025 04:26:41 INFO  test result: OrderedDict([('popular', OrderedDict([('recall@10', 0.0546), ('recall@20', 0.0696), ('ndcg@10', 0.0444), ('ndcg@20', 0.0481), ('hit@10', 0.0549), ('hit@20', 0.07), ('precision@10', 0.0055), ('precision@20', 0.0035)])), ('unpopular', OrderedDict([('recall@10', 0.1845), ('recall@20', 0.1939), ('ndcg@10', 0.1761), ('ndcg@20', 0.1785), ('hit@10', 0.1845), ('hit@20', 0.1939), ('precision@10', 0.0185), ('precision@20', 0.0097)]))])
