Sat 31 May 2025 07:49:44 INFO  
General Hyper Parameters:
gpu_id = 0
use_gpu = True
seed = 2020
state = INFO
reproducibility = True
data_path = dataset/ml-1m
checkpoint_dir = saved
show_progress = True
save_dataset = False
dataset_save_path = None
save_dataloaders = False
dataloaders_save_path = None
log_wandb = False

Training Hyper Parameters:
epochs = 300
train_batch_size = 500
learner = adam
learning_rate = 0.001
train_neg_sample_args = {'distribution': 'uniform', 'sample_num': 1, 'alpha': 1.0, 'dynamic': False, 'candidate_num': 0}
eval_step = 10
stopping_step = 2
clip_grad_norm = None
weight_decay = 0.0
loss_decimal_place = 4

Evaluation Hyper Parameters:
eval_args = {'split': {'RS': [0.8, 0.1, 0.1]}, 'order': 'RO', 'group_by': 'user', 'mode': {'valid': 'full', 'test': 'full'}}
repeatable = False
metrics = ['Recall', 'NDCG', 'Hit', 'Precision']
topk = [10, 20]
valid_metric = ndcg@10
valid_metric_bigger = True
eval_batch_size = 8196
metric_decimal_place = 4

Dataset Hyper Parameters:
field_separator = 	
seq_separator =  
USER_ID_FIELD = user_id
ITEM_ID_FIELD = item_id
RATING_FIELD = rating
TIME_FIELD = timestamp
seq_len = None
LABEL_FIELD = label
threshold = None
NEG_PREFIX = neg_
load_col = {'inter': ['user_id', 'item_id']}
unload_col = None
unused_col = None
additional_feat_suffix = None
rm_dup_inter = None
val_interval = None
filter_inter_by_user_or_item = True
user_inter_num_interval = [0,inf)
item_inter_num_interval = [0,inf)
alias_of_user_id = None
alias_of_item_id = None
alias_of_entity_id = None
alias_of_relation_id = None
preload_weight = None
normalize_field = None
normalize_all = None
ITEM_LIST_LENGTH_FIELD = item_length
LIST_SUFFIX = _list
MAX_ITEM_LIST_LENGTH = 50
POSITION_FIELD = position_id
HEAD_ENTITY_ID_FIELD = head_id
TAIL_ENTITY_ID_FIELD = tail_id
RELATION_ID_FIELD = relation_id
ENTITY_ID_FIELD = entity_id
benchmark_filename = None

Other Hyper Parameters: 
worker = 0
wandb_project = recbole
shuffle = True
require_pow = False
enable_amp = False
enable_scaler = False
transform = None
embedding_size = 64
hidden_size_list = [64, 64, 64]
node_dropout = 0.1
message_dropout = 0.1
reg_weight = 0.0001
numerical_features = []
discretization = None
kg_reverse_r = False
entity_kg_num_interval = [0,inf)
relation_kg_num_interval = [0,inf)
MODEL_TYPE = ModelType.GENERAL
MODEL_INPUT_TYPE = InputType.PAIRWISE
eval_type = EvaluatorType.RANKING
single_spec = True
local_rank = 0
device = cuda
valid_neg_sample_args = {'distribution': 'uniform', 'sample_num': 'none'}
test_neg_sample_args = {'distribution': 'uniform', 'sample_num': 'none'}


Sat 31 May 2025 07:49:46 INFO  ml-1m
The number of users: 6041
Average actions of users: 165.5975165562914
The number of items: 3707
Average actions of items: 269.88909875876953
The number of inters: 1000209
The sparsity of the dataset: 95.53358229599758%
Remain Fields: ['user_id', 'item_id']
Sat 31 May 2025 07:49:47 INFO  Generated noise pairs: 47316
Sat 31 May 2025 07:49:47 INFO  First few noise pairs: [(1, 2538), (1, 2537), (2, 714), (2, 2745), (2, 3147)]
Sat 31 May 2025 07:49:53 INFO  [Training]: train_batch_size = [500] train_neg_sample_args: [{'distribution': 'uniform', 'sample_num': 1, 'alpha': 1.0, 'dynamic': False, 'candidate_num': 0}]
Sat 31 May 2025 07:49:53 INFO  [Evaluation]: eval_batch_size = [8196] eval_args: [{'split': {'RS': [0.8, 0.1, 0.1]}, 'order': 'RO', 'group_by': 'user', 'mode': {'valid': 'full', 'test': 'full'}}]
Sat 31 May 2025 07:49:53 INFO  NGCF(
  (user_embedding): Embedding(6041, 64)
  (item_embedding): Embedding(3707, 64)
  (GNNlayers): ModuleList(
    (0): BiGNNConv(64,64)
    (1): BiGNNConv(64,64)
    (2): BiGNNConv(64,64)
  )
  (mf_loss): BPRLoss()
  (reg_loss): EmbLoss()
)
Trainable parameters: 648832
Sat 31 May 2025 07:50:24 INFO  epoch 0 training [time: 30.32s, train loss: 629.0666]
Sat 31 May 2025 07:50:52 INFO  epoch 1 training [time: 28.16s, train loss: 538.1868]
Sat 31 May 2025 07:51:20 INFO  epoch 2 training [time: 28.19s, train loss: 509.6007]
Sat 31 May 2025 07:51:48 INFO  epoch 3 training [time: 28.18s, train loss: 483.8629]
Sat 31 May 2025 07:52:17 INFO  epoch 4 training [time: 28.17s, train loss: 464.9146]
Sat 31 May 2025 07:52:45 INFO  epoch 5 training [time: 28.16s, train loss: 448.5676]
Sat 31 May 2025 07:53:13 INFO  epoch 6 training [time: 28.17s, train loss: 436.0978]
Sat 31 May 2025 07:53:41 INFO  epoch 7 training [time: 28.22s, train loss: 424.5185]
Sat 31 May 2025 07:54:09 INFO  epoch 8 training [time: 28.18s, train loss: 414.3605]
Sat 31 May 2025 07:54:37 INFO  epoch 9 training [time: 28.17s, train loss: 405.3820]
Sat 31 May 2025 07:54:42 INFO  valid result: 
recall@10 : 0.1203    recall@20 : 0.1929    ndcg@10 : 0.1852    ndcg@20 : 0.1962    hit@10 : 0.6732    hit@20 : 0.7907    precision@10 : 0.1505    precision@20 : 0.1265
Sat 31 May 2025 07:54:42 INFO  Received 47316 noise pairs for evaluation.
Sat 31 May 2025 07:54:45 INFO  Alignment on noise pairs: 3.2226
Sat 31 May 2025 07:54:45 INFO  epoch 9 evaluating [time: 7.62s, valid_score: 0.185200]
Sat 31 May 2025 07:54:45 INFO  valid result: 
recall@10 : 0.1203    recall@20 : 0.1929    ndcg@10 : 0.1852    ndcg@20 : 0.1962    hit@10 : 0.6732    hit@20 : 0.7907    precision@10 : 0.1505    precision@20 : 0.1265
Sat 31 May 2025 07:54:45 INFO  Saving current: saved\NGCF-May-31-2025_07-49-53.pth
Sat 31 May 2025 07:55:13 INFO  epoch 10 training [time: 28.24s, train loss: 396.8887]
Sat 31 May 2025 07:55:41 INFO  epoch 11 training [time: 28.18s, train loss: 389.0703]
Sat 31 May 2025 07:56:10 INFO  epoch 12 training [time: 28.17s, train loss: 378.6566]
Sat 31 May 2025 07:56:38 INFO  epoch 13 training [time: 28.19s, train loss: 369.8506]
Sat 31 May 2025 07:57:06 INFO  epoch 14 training [time: 28.18s, train loss: 360.4584]
Sat 31 May 2025 07:57:34 INFO  epoch 15 training [time: 28.22s, train loss: 353.8637]
Sat 31 May 2025 07:58:02 INFO  epoch 16 training [time: 28.16s, train loss: 346.1077]
Sat 31 May 2025 07:58:31 INFO  epoch 17 training [time: 28.17s, train loss: 337.8711]
Sat 31 May 2025 07:58:59 INFO  epoch 18 training [time: 28.16s, train loss: 330.3373]
Sat 31 May 2025 07:59:27 INFO  epoch 19 training [time: 28.16s, train loss: 323.4419]
Sat 31 May 2025 07:59:32 INFO  valid result: 
recall@10 : 0.1297    recall@20 : 0.208    ndcg@10 : 0.1929    ndcg@20 : 0.2055    hit@10 : 0.6972    hit@20 : 0.8104    precision@10 : 0.1556    precision@20 : 0.1306
Sat 31 May 2025 07:59:32 INFO  Received 47316 noise pairs for evaluation.
Sat 31 May 2025 07:59:35 INFO  Alignment on noise pairs: 4.0131
Sat 31 May 2025 07:59:35 INFO  epoch 19 evaluating [time: 8.33s, valid_score: 0.192900]
Sat 31 May 2025 07:59:35 INFO  valid result: 
recall@10 : 0.1297    recall@20 : 0.208    ndcg@10 : 0.1929    ndcg@20 : 0.2055    hit@10 : 0.6972    hit@20 : 0.8104    precision@10 : 0.1556    precision@20 : 0.1306
Sat 31 May 2025 07:59:35 INFO  Saving current: saved\NGCF-May-31-2025_07-49-53.pth
Sat 31 May 2025 08:00:04 INFO  epoch 20 training [time: 28.39s, train loss: 315.5032]
Sat 31 May 2025 08:00:32 INFO  epoch 21 training [time: 28.16s, train loss: 309.3312]
Sat 31 May 2025 08:01:00 INFO  epoch 22 training [time: 28.21s, train loss: 302.6752]
Sat 31 May 2025 08:01:28 INFO  epoch 23 training [time: 28.17s, train loss: 294.9685]
Sat 31 May 2025 08:01:56 INFO  epoch 24 training [time: 28.16s, train loss: 289.8582]
Sat 31 May 2025 08:02:25 INFO  epoch 25 training [time: 28.16s, train loss: 284.3272]
Sat 31 May 2025 08:02:53 INFO  epoch 26 training [time: 28.17s, train loss: 278.5302]
Sat 31 May 2025 08:03:21 INFO  epoch 27 training [time: 28.18s, train loss: 273.1855]
Sat 31 May 2025 08:03:49 INFO  epoch 28 training [time: 28.16s, train loss: 268.5589]
Sat 31 May 2025 08:04:17 INFO  epoch 29 training [time: 28.17s, train loss: 265.3448]
Sat 31 May 2025 08:04:22 INFO  valid result: 
recall@10 : 0.1314    recall@20 : 0.2104    ndcg@10 : 0.1902    ndcg@20 : 0.2042    hit@10 : 0.7007    hit@20 : 0.8179    precision@10 : 0.1522    precision@20 : 0.1282
Sat 31 May 2025 08:04:22 INFO  Received 47316 noise pairs for evaluation.
Sat 31 May 2025 08:04:26 INFO  Alignment on noise pairs: 4.7605
Sat 31 May 2025 08:04:26 INFO  epoch 29 evaluating [time: 8.35s, valid_score: 0.190200]
Sat 31 May 2025 08:04:26 INFO  valid result: 
recall@10 : 0.1314    recall@20 : 0.2104    ndcg@10 : 0.1902    ndcg@20 : 0.2042    hit@10 : 0.7007    hit@20 : 0.8179    precision@10 : 0.1522    precision@20 : 0.1282
Sat 31 May 2025 08:04:54 INFO  epoch 30 training [time: 28.37s, train loss: 259.8846]
Sat 31 May 2025 08:05:22 INFO  epoch 31 training [time: 28.19s, train loss: 255.4749]
Sat 31 May 2025 08:05:50 INFO  epoch 32 training [time: 28.18s, train loss: 253.0310]
Sat 31 May 2025 08:06:18 INFO  epoch 33 training [time: 28.17s, train loss: 249.1025]
Sat 31 May 2025 08:06:47 INFO  epoch 34 training [time: 28.20s, train loss: 244.4443]
Sat 31 May 2025 08:07:15 INFO  epoch 35 training [time: 28.17s, train loss: 242.3316]
Sat 31 May 2025 08:07:43 INFO  epoch 36 training [time: 28.17s, train loss: 239.5206]
Sat 31 May 2025 08:08:11 INFO  epoch 37 training [time: 28.18s, train loss: 237.6248]
Sat 31 May 2025 08:08:39 INFO  epoch 38 training [time: 28.17s, train loss: 234.3568]
Sat 31 May 2025 08:09:08 INFO  epoch 39 training [time: 28.16s, train loss: 232.2012]
Sat 31 May 2025 08:09:12 INFO  valid result: 
recall@10 : 0.1313    recall@20 : 0.2059    ndcg@10 : 0.187    ndcg@20 : 0.1999    hit@10 : 0.7038    hit@20 : 0.8139    precision@10 : 0.1493    precision@20 : 0.125
Sat 31 May 2025 08:09:12 INFO  Received 47316 noise pairs for evaluation.
Sat 31 May 2025 08:09:16 INFO  Alignment on noise pairs: 5.3376
Sat 31 May 2025 08:09:16 INFO  epoch 39 evaluating [time: 8.03s, valid_score: 0.187000]
Sat 31 May 2025 08:09:16 INFO  valid result: 
recall@10 : 0.1313    recall@20 : 0.2059    ndcg@10 : 0.187    ndcg@20 : 0.1999    hit@10 : 0.7038    hit@20 : 0.8139    precision@10 : 0.1493    precision@20 : 0.125
Sat 31 May 2025 08:09:44 INFO  epoch 40 training [time: 28.51s, train loss: 231.4370]
Sat 31 May 2025 08:10:12 INFO  epoch 41 training [time: 28.17s, train loss: 227.8378]
Sat 31 May 2025 08:10:40 INFO  epoch 42 training [time: 28.19s, train loss: 226.2598]
Sat 31 May 2025 08:11:09 INFO  epoch 43 training [time: 28.17s, train loss: 225.6537]
Sat 31 May 2025 08:11:37 INFO  epoch 44 training [time: 28.17s, train loss: 223.1636]
Sat 31 May 2025 08:12:05 INFO  epoch 45 training [time: 28.19s, train loss: 223.9434]
Sat 31 May 2025 08:12:33 INFO  epoch 46 training [time: 28.16s, train loss: 221.6565]
Sat 31 May 2025 08:13:01 INFO  epoch 47 training [time: 28.17s, train loss: 219.8077]
Sat 31 May 2025 08:13:29 INFO  epoch 48 training [time: 28.17s, train loss: 218.2569]
Sat 31 May 2025 08:13:58 INFO  epoch 49 training [time: 28.17s, train loss: 216.8661]
Sat 31 May 2025 08:14:02 INFO  valid result: 
recall@10 : 0.1262    recall@20 : 0.2023    ndcg@10 : 0.1779    ndcg@20 : 0.1927    hit@10 : 0.6864    hit@20 : 0.805    precision@10 : 0.1423    precision@20 : 0.1208
Sat 31 May 2025 08:14:02 INFO  Received 47316 noise pairs for evaluation.
Sat 31 May 2025 08:14:06 INFO  Alignment on noise pairs: 5.7749
Sat 31 May 2025 08:14:06 INFO  epoch 49 evaluating [time: 7.98s, valid_score: 0.177900]
Sat 31 May 2025 08:14:06 INFO  valid result: 
recall@10 : 0.1262    recall@20 : 0.2023    ndcg@10 : 0.1779    ndcg@20 : 0.1927    hit@10 : 0.6864    hit@20 : 0.805    precision@10 : 0.1423    precision@20 : 0.1208
Sat 31 May 2025 08:14:06 INFO  Finished training, best eval result in epoch 19
Sat 31 May 2025 08:14:06 INFO  Loading model structure and parameters from saved\NGCF-May-31-2025_07-49-53.pth
Sat 31 May 2025 08:14:12 INFO  valid result: 
recall@10 : 0.1461    recall@20 : 0.2274    ndcg@10 : 0.2416    ndcg@20 : 0.2447    hit@10 : 0.7255    hit@20 : 0.8323    precision@10 : 0.1926    precision@20 : 0.1539
Sat 31 May 2025 08:14:12 INFO  Received 47316 noise pairs for evaluation.
Sat 31 May 2025 08:14:15 INFO  Alignment on noise pairs: 4.0135
Sat 31 May 2025 08:14:15 INFO  best valid : OrderedDict([('recall@10', 0.1297), ('recall@20', 0.208), ('ndcg@10', 0.1929), ('ndcg@20', 0.2055), ('hit@10', 0.6972), ('hit@20', 0.8104), ('precision@10', 0.1556), ('precision@20', 0.1306)])
Sat 31 May 2025 08:14:15 INFO  test result: OrderedDict([('recall@10', 0.1461), ('recall@20', 0.2274), ('ndcg@10', 0.2416), ('ndcg@20', 0.2447), ('hit@10', 0.7255), ('hit@20', 0.8323), ('precision@10', 0.1926), ('precision@20', 0.1539)])
