Sat 24 May 2025 18:15:03 INFO  
General Hyper Parameters:
gpu_id = 0
use_gpu = True
seed = 2020
state = INFO
reproducibility = True
data_path = dataset/Amazon_Appliances
checkpoint_dir = saved
show_progress = True
save_dataset = False
dataset_save_path = None
save_dataloaders = False
dataloaders_save_path = None
log_wandb = False

Training Hyper Parameters:
epochs = 300
train_batch_size = 500
learner = adam
learning_rate = 0.001
train_neg_sample_args = {'distribution': 'uniform', 'sample_num': 1, 'alpha': 1.0, 'dynamic': False, 'candidate_num': 0}
eval_step = 10
stopping_step = 2
clip_grad_norm = None
weight_decay = 0.0
loss_decimal_place = 4

Evaluation Hyper Parameters:
eval_args = {'split': {'RS': [0.8, 0.1, 0.1]}, 'order': 'RO', 'group_by': 'user', 'mode': {'valid': 'full', 'test': 'full'}}
repeatable = False
metrics = ['Recall', 'NDCG', 'Hit', 'Precision']
topk = [10, 20]
valid_metric = ndcg@10
valid_metric_bigger = True
eval_batch_size = 8196
metric_decimal_place = 4

Dataset Hyper Parameters:
field_separator = 	
seq_separator =  
USER_ID_FIELD = user_id
ITEM_ID_FIELD = item_id
RATING_FIELD = rating
TIME_FIELD = timestamp
seq_len = None
LABEL_FIELD = label
threshold = None
NEG_PREFIX = neg_
load_col = {'inter': ['user_id', 'item_id']}
unload_col = None
unused_col = None
additional_feat_suffix = None
rm_dup_inter = None
val_interval = None
filter_inter_by_user_or_item = True
user_inter_num_interval = [0,inf)
item_inter_num_interval = [0,inf)
alias_of_user_id = None
alias_of_item_id = None
alias_of_entity_id = None
alias_of_relation_id = None
preload_weight = None
normalize_field = None
normalize_all = None
ITEM_LIST_LENGTH_FIELD = item_length
LIST_SUFFIX = _list
MAX_ITEM_LIST_LENGTH = 50
POSITION_FIELD = position_id
HEAD_ENTITY_ID_FIELD = head_id
TAIL_ENTITY_ID_FIELD = tail_id
RELATION_ID_FIELD = relation_id
ENTITY_ID_FIELD = entity_id
benchmark_filename = None

Other Hyper Parameters: 
worker = 0
wandb_project = recbole
shuffle = True
require_pow = False
enable_amp = False
enable_scaler = False
transform = None
embedding_size = 64
hidden_size_list = [64, 64, 64]
node_dropout = 0.1
message_dropout = 0.1
reg_weight = 0.0001
numerical_features = []
discretization = None
kg_reverse_r = False
entity_kg_num_interval = [0,inf)
relation_kg_num_interval = [0,inf)
MODEL_TYPE = ModelType.GENERAL
MODEL_INPUT_TYPE = InputType.PAIRWISE
eval_type = EvaluatorType.RANKING
single_spec = True
local_rank = 0
device = cuda
valid_neg_sample_args = {'distribution': 'uniform', 'sample_num': 'none'}
test_neg_sample_args = {'distribution': 'uniform', 'sample_num': 'none'}


Sat 24 May 2025 18:15:05 INFO  Amazon_Appliances
The number of users: 515651
Average actions of users: 1.1689653834965577
The number of items: 30253
Average actions of items: 19.925195028427872
The number of inters: 602777
The sparsity of the dataset: 99.99613604232134%
Remain Fields: ['user_id', 'item_id']
Sat 24 May 2025 18:15:11 INFO  [Training]: train_batch_size = [500] train_neg_sample_args: [{'distribution': 'uniform', 'sample_num': 1, 'alpha': 1.0, 'dynamic': False, 'candidate_num': 0}]
Sat 24 May 2025 18:15:11 INFO  [Evaluation]: eval_batch_size = [8196] eval_args: [{'split': {'RS': [0.8, 0.1, 0.1]}, 'order': 'RO', 'group_by': 'user', 'mode': {'valid': 'full', 'test': 'full'}}]
Sat 24 May 2025 18:15:11 INFO  NGCF(
  (user_embedding): Embedding(515651, 64)
  (item_embedding): Embedding(30253, 64)
  (GNNlayers): ModuleList(
    (0): BiGNNConv(64,64)
    (1): BiGNNConv(64,64)
    (2): BiGNNConv(64,64)
  )
  (mf_loss): BPRLoss()
  (reg_loss): EmbLoss()
)
Trainable parameters: 34962816
Sat 24 May 2025 18:16:14 INFO  epoch 0 training [time: 62.81s, train loss: 106.7882]
Sat 24 May 2025 18:17:16 INFO  epoch 1 training [time: 61.91s, train loss: 93.7912]
Sat 24 May 2025 18:18:18 INFO  epoch 2 training [time: 61.91s, train loss: 74.9222]
Sat 24 May 2025 18:19:20 INFO  epoch 3 training [time: 61.85s, train loss: 66.0229]
Sat 24 May 2025 18:20:22 INFO  epoch 4 training [time: 61.89s, train loss: 59.6511]
Sat 24 May 2025 18:21:24 INFO  epoch 5 training [time: 61.91s, train loss: 53.3510]
Sat 24 May 2025 18:22:25 INFO  epoch 6 training [time: 61.91s, train loss: 46.8201]
Sat 24 May 2025 18:23:27 INFO  epoch 7 training [time: 61.95s, train loss: 40.1785]
Sat 24 May 2025 18:24:29 INFO  epoch 8 training [time: 61.91s, train loss: 33.5316]
Sat 24 May 2025 18:25:31 INFO  epoch 9 training [time: 61.94s, train loss: 27.1543]
Sat 24 May 2025 18:26:01 INFO  valid result: 
recall@10 : 0.0727    recall@20 : 0.0896    ndcg@10 : 0.0469    ndcg@20 : 0.0512    hit@10 : 0.0728    hit@20 : 0.0897    precision@10 : 0.0073    precision@20 : 0.0045
Sat 24 May 2025 18:26:01 INFO  epoch 9 evaluating [time: 29.33s, valid_score: 0.046900]
Sat 24 May 2025 18:26:02 INFO  Saving current: saved\NGCF-May-24-2025_18-15-11.pth
Sat 24 May 2025 18:27:04 INFO  epoch 10 training [time: 62.17s, train loss: 21.7344]
Sat 24 May 2025 18:28:07 INFO  epoch 11 training [time: 62.05s, train loss: 17.0857]
Sat 24 May 2025 18:29:09 INFO  epoch 12 training [time: 62.05s, train loss: 13.4672]
Sat 24 May 2025 18:30:11 INFO  epoch 13 training [time: 62.00s, train loss: 10.5906]
Sat 24 May 2025 18:31:13 INFO  epoch 14 training [time: 62.02s, train loss: 8.4042]
Sat 24 May 2025 18:32:15 INFO  epoch 15 training [time: 62.00s, train loss: 6.7695]
Sat 24 May 2025 18:33:17 INFO  epoch 16 training [time: 61.96s, train loss: 5.4377]
Sat 24 May 2025 18:34:19 INFO  epoch 17 training [time: 61.96s, train loss: 4.4915]
Sat 24 May 2025 18:35:20 INFO  epoch 18 training [time: 61.93s, train loss: 3.7157]
Sat 24 May 2025 18:36:22 INFO  epoch 19 training [time: 61.92s, train loss: 3.1167]
Sat 24 May 2025 18:36:52 INFO  valid result: 
recall@10 : 0.0747    recall@20 : 0.0917    ndcg@10 : 0.0603    ndcg@20 : 0.0646    hit@10 : 0.075    hit@20 : 0.092    precision@10 : 0.0075    precision@20 : 0.0046
Sat 24 May 2025 18:36:52 INFO  epoch 19 evaluating [time: 29.48s, valid_score: 0.060300]
Sat 24 May 2025 18:36:54 INFO  Saving current: saved\NGCF-May-24-2025_18-15-11.pth
Sat 24 May 2025 18:37:56 INFO  epoch 20 training [time: 62.14s, train loss: 2.6315]
Sat 24 May 2025 18:38:58 INFO  epoch 21 training [time: 61.98s, train loss: 2.2338]
Sat 24 May 2025 18:40:00 INFO  epoch 22 training [time: 61.95s, train loss: 1.9286]
Sat 24 May 2025 18:41:02 INFO  epoch 23 training [time: 62.02s, train loss: 1.6511]
Sat 24 May 2025 18:42:04 INFO  epoch 24 training [time: 62.00s, train loss: 1.4170]
Sat 24 May 2025 18:43:06 INFO  epoch 25 training [time: 61.91s, train loss: 1.2198]
Sat 24 May 2025 18:44:08 INFO  epoch 26 training [time: 61.98s, train loss: 1.0762]
Sat 24 May 2025 18:45:10 INFO  epoch 27 training [time: 62.01s, train loss: 0.9425]
Sat 24 May 2025 18:46:12 INFO  epoch 28 training [time: 62.05s, train loss: 0.8276]
Sat 24 May 2025 18:47:14 INFO  epoch 29 training [time: 62.07s, train loss: 0.7251]
Sat 24 May 2025 18:47:44 INFO  valid result: 
recall@10 : 0.0775    recall@20 : 0.0913    ndcg@10 : 0.0639    ndcg@20 : 0.0674    hit@10 : 0.0777    hit@20 : 0.0915    precision@10 : 0.0078    precision@20 : 0.0046
Sat 24 May 2025 18:47:44 INFO  epoch 29 evaluating [time: 30.05s, valid_score: 0.063900]
Sat 24 May 2025 18:47:46 INFO  Saving current: saved\NGCF-May-24-2025_18-15-11.pth
Sat 24 May 2025 18:48:48 INFO  epoch 30 training [time: 62.21s, train loss: 0.5977]
Sat 24 May 2025 18:49:49 INFO  epoch 31 training [time: 61.14s, train loss: 0.5623]
Sat 24 May 2025 18:50:49 INFO  epoch 32 training [time: 59.77s, train loss: 0.4934]
Sat 24 May 2025 18:51:49 INFO  epoch 33 training [time: 59.75s, train loss: 0.4327]
Sat 24 May 2025 18:52:48 INFO  epoch 34 training [time: 59.88s, train loss: 0.4059]
Sat 24 May 2025 18:53:48 INFO  epoch 35 training [time: 59.83s, train loss: 0.3646]
Sat 24 May 2025 18:54:48 INFO  epoch 36 training [time: 59.85s, train loss: 0.3396]
Sat 24 May 2025 18:55:48 INFO  epoch 37 training [time: 59.93s, train loss: 0.3011]
Sat 24 May 2025 18:56:48 INFO  epoch 38 training [time: 59.98s, train loss: 0.2633]
Sat 24 May 2025 18:57:48 INFO  epoch 39 training [time: 59.91s, train loss: 0.2523]
Sat 24 May 2025 18:58:17 INFO  valid result: 
recall@10 : 0.0794    recall@20 : 0.0949    ndcg@10 : 0.0657    ndcg@20 : 0.0695    hit@10 : 0.0795    hit@20 : 0.0951    precision@10 : 0.008    precision@20 : 0.0048
Sat 24 May 2025 18:58:17 INFO  epoch 39 evaluating [time: 28.63s, valid_score: 0.065700]
Sat 24 May 2025 18:58:18 INFO  Saving current: saved\NGCF-May-24-2025_18-15-11.pth
Sat 24 May 2025 18:59:18 INFO  epoch 40 training [time: 59.93s, train loss: 0.2553]
Sat 24 May 2025 19:00:18 INFO  epoch 41 training [time: 59.78s, train loss: 0.2043]
Sat 24 May 2025 19:01:18 INFO  epoch 42 training [time: 59.93s, train loss: 0.2115]
Sat 24 May 2025 19:02:18 INFO  epoch 43 training [time: 59.93s, train loss: 0.1968]
Sat 24 May 2025 19:03:18 INFO  epoch 44 training [time: 59.95s, train loss: 0.1776]
Sat 24 May 2025 19:04:18 INFO  epoch 45 training [time: 59.92s, train loss: 0.1864]
Sat 24 May 2025 19:05:18 INFO  epoch 46 training [time: 59.84s, train loss: 0.1707]
Sat 24 May 2025 19:06:17 INFO  epoch 47 training [time: 59.83s, train loss: 0.1656]
Sat 24 May 2025 19:07:17 INFO  epoch 48 training [time: 59.82s, train loss: 0.1630]
Sat 24 May 2025 19:08:17 INFO  epoch 49 training [time: 59.85s, train loss: 0.1409]
Sat 24 May 2025 19:08:45 INFO  valid result: 
recall@10 : 0.0797    recall@20 : 0.0935    ndcg@10 : 0.0669    ndcg@20 : 0.0703    hit@10 : 0.0798    hit@20 : 0.0936    precision@10 : 0.008    precision@20 : 0.0047
Sat 24 May 2025 19:08:45 INFO  epoch 49 evaluating [time: 28.22s, valid_score: 0.066900]
Sat 24 May 2025 19:08:47 INFO  Saving current: saved\NGCF-May-24-2025_18-15-11.pth
Sat 24 May 2025 19:09:47 INFO  epoch 50 training [time: 60.11s, train loss: 0.1332]
Sat 24 May 2025 19:10:47 INFO  epoch 51 training [time: 59.95s, train loss: 0.1383]
Sat 24 May 2025 19:11:47 INFO  epoch 52 training [time: 59.95s, train loss: 0.1530]
Sat 24 May 2025 19:12:47 INFO  epoch 53 training [time: 59.95s, train loss: 0.1398]
Sat 24 May 2025 19:13:47 INFO  epoch 54 training [time: 59.95s, train loss: 0.1250]
Sat 24 May 2025 19:14:47 INFO  epoch 55 training [time: 59.86s, train loss: 0.1250]
Sat 24 May 2025 19:15:47 INFO  epoch 56 training [time: 59.86s, train loss: 0.1201]
Sat 24 May 2025 19:16:47 INFO  epoch 57 training [time: 59.83s, train loss: 0.1414]
Sat 24 May 2025 19:17:46 INFO  epoch 58 training [time: 59.78s, train loss: 0.1413]
Sat 24 May 2025 19:18:46 INFO  epoch 59 training [time: 59.88s, train loss: 0.1107]
Sat 24 May 2025 19:19:15 INFO  valid result: 
recall@10 : 0.0819    recall@20 : 0.096    ndcg@10 : 0.0691    ndcg@20 : 0.0726    hit@10 : 0.082    hit@20 : 0.0963    precision@10 : 0.0082    precision@20 : 0.0048
Sat 24 May 2025 19:19:15 INFO  epoch 59 evaluating [time: 28.85s, valid_score: 0.069100]
Sat 24 May 2025 19:19:17 INFO  Saving current: saved\NGCF-May-24-2025_18-15-11.pth
Sat 24 May 2025 19:20:17 INFO  epoch 60 training [time: 60.08s, train loss: 0.1071]
Sat 24 May 2025 19:21:17 INFO  epoch 61 training [time: 59.92s, train loss: 0.1190]
Sat 24 May 2025 19:22:17 INFO  epoch 62 training [time: 59.93s, train loss: 0.1130]
Sat 24 May 2025 19:23:17 INFO  epoch 63 training [time: 59.82s, train loss: 0.1117]
Sat 24 May 2025 19:24:16 INFO  epoch 64 training [time: 59.78s, train loss: 0.1222]
Sat 24 May 2025 19:25:16 INFO  epoch 65 training [time: 59.75s, train loss: 0.1405]
Sat 24 May 2025 19:26:16 INFO  epoch 66 training [time: 59.99s, train loss: 0.1152]
Sat 24 May 2025 19:27:16 INFO  epoch 67 training [time: 59.83s, train loss: 0.1016]
Sat 24 May 2025 19:28:16 INFO  epoch 68 training [time: 59.96s, train loss: 0.1089]
Sat 24 May 2025 19:29:16 INFO  epoch 69 training [time: 59.95s, train loss: 0.0973]
Sat 24 May 2025 19:29:45 INFO  valid result: 
recall@10 : 0.0814    recall@20 : 0.0946    ndcg@10 : 0.069    ndcg@20 : 0.0723    hit@10 : 0.0815    hit@20 : 0.0948    precision@10 : 0.0082    precision@20 : 0.0048
Sat 24 May 2025 19:29:45 INFO  epoch 69 evaluating [time: 28.56s, valid_score: 0.069000]
Sat 24 May 2025 19:30:45 INFO  epoch 70 training [time: 60.18s, train loss: 0.1078]
Sat 24 May 2025 19:31:45 INFO  epoch 71 training [time: 59.80s, train loss: 0.1006]
Sat 24 May 2025 19:32:44 INFO  epoch 72 training [time: 59.72s, train loss: 0.1118]
Sat 24 May 2025 19:33:44 INFO  epoch 73 training [time: 59.87s, train loss: 0.1060]
Sat 24 May 2025 19:34:44 INFO  epoch 74 training [time: 59.99s, train loss: 0.1064]
Sat 24 May 2025 19:35:44 INFO  epoch 75 training [time: 59.99s, train loss: 0.1022]
Sat 24 May 2025 19:36:44 INFO  epoch 76 training [time: 59.94s, train loss: 0.1043]
Sat 24 May 2025 19:37:44 INFO  epoch 77 training [time: 59.94s, train loss: 0.0979]
Sat 24 May 2025 19:38:44 INFO  epoch 78 training [time: 59.80s, train loss: 0.1046]
Sat 24 May 2025 19:39:43 INFO  epoch 79 training [time: 59.73s, train loss: 0.0986]
Sat 24 May 2025 19:40:12 INFO  valid result: 
recall@10 : 0.0816    recall@20 : 0.0964    ndcg@10 : 0.069    ndcg@20 : 0.0727    hit@10 : 0.0817    hit@20 : 0.0966    precision@10 : 0.0082    precision@20 : 0.0049
Sat 24 May 2025 19:40:12 INFO  epoch 79 evaluating [time: 28.94s, valid_score: 0.069000]
Sat 24 May 2025 19:41:12 INFO  epoch 80 training [time: 60.01s, train loss: 0.0895]
Sat 24 May 2025 19:42:12 INFO  epoch 81 training [time: 59.75s, train loss: 0.0950]
Sat 24 May 2025 19:43:12 INFO  epoch 82 training [time: 59.92s, train loss: 0.1032]
Sat 24 May 2025 19:44:12 INFO  epoch 83 training [time: 60.23s, train loss: 0.0895]
Sat 24 May 2025 19:45:12 INFO  epoch 84 training [time: 59.97s, train loss: 0.1016]
Sat 24 May 2025 19:46:12 INFO  epoch 85 training [time: 59.96s, train loss: 0.1179]
Sat 24 May 2025 19:47:12 INFO  epoch 86 training [time: 59.96s, train loss: 0.0962]
Sat 24 May 2025 19:48:12 INFO  epoch 87 training [time: 59.76s, train loss: 0.1113]
Sat 24 May 2025 19:49:12 INFO  epoch 88 training [time: 59.72s, train loss: 0.1007]
Sat 24 May 2025 19:50:12 INFO  epoch 89 training [time: 59.85s, train loss: 0.0872]
Sat 24 May 2025 19:50:40 INFO  valid result: 
recall@10 : 0.0823    recall@20 : 0.095    ndcg@10 : 0.0702    ndcg@20 : 0.0734    hit@10 : 0.0824    hit@20 : 0.0951    precision@10 : 0.0083    precision@20 : 0.0048
Sat 24 May 2025 19:50:40 INFO  epoch 89 evaluating [time: 28.80s, valid_score: 0.070200]
Sat 24 May 2025 19:50:42 INFO  Saving current: saved\NGCF-May-24-2025_18-15-11.pth
Sat 24 May 2025 19:51:42 INFO  epoch 90 training [time: 59.83s, train loss: 0.1041]
Sat 24 May 2025 19:52:44 INFO  epoch 91 training [time: 62.03s, train loss: 0.0960]
Sat 24 May 2025 19:53:44 INFO  epoch 92 training [time: 60.49s, train loss: 0.0963]
Sat 24 May 2025 19:54:44 INFO  epoch 93 training [time: 59.97s, train loss: 0.0868]
Sat 24 May 2025 19:55:44 INFO  epoch 94 training [time: 59.92s, train loss: 0.0855]
Sat 24 May 2025 19:56:44 INFO  epoch 95 training [time: 59.71s, train loss: 0.0882]
Sat 24 May 2025 19:57:44 INFO  epoch 96 training [time: 59.69s, train loss: 0.0924]
Sat 24 May 2025 19:58:44 INFO  epoch 97 training [time: 60.17s, train loss: 0.0878]
Sat 24 May 2025 19:59:46 INFO  epoch 98 training [time: 61.95s, train loss: 0.0887]
Sat 24 May 2025 20:00:48 INFO  epoch 99 training [time: 62.01s, train loss: 0.0876]
Sat 24 May 2025 20:01:22 INFO  valid result: 
recall@10 : 0.0824    recall@20 : 0.097    ndcg@10 : 0.0702    ndcg@20 : 0.0739    hit@10 : 0.0825    hit@20 : 0.0972    precision@10 : 0.0083    precision@20 : 0.0049
Sat 24 May 2025 20:01:22 INFO  epoch 99 evaluating [time: 34.45s, valid_score: 0.070200]
Sat 24 May 2025 20:01:24 INFO  Saving current: saved\NGCF-May-24-2025_18-15-11.pth
Sat 24 May 2025 20:02:26 INFO  epoch 100 training [time: 61.54s, train loss: 0.0855]
Sat 24 May 2025 20:03:27 INFO  epoch 101 training [time: 61.03s, train loss: 0.0884]
Sat 24 May 2025 20:04:28 INFO  epoch 102 training [time: 61.00s, train loss: 0.0890]
Sat 24 May 2025 20:05:29 INFO  epoch 103 training [time: 60.93s, train loss: 0.1010]
Sat 24 May 2025 20:06:32 INFO  epoch 104 training [time: 63.09s, train loss: 0.0911]
Sat 24 May 2025 20:07:34 INFO  epoch 105 training [time: 62.07s, train loss: 0.0862]
Sat 24 May 2025 20:08:35 INFO  epoch 106 training [time: 60.80s, train loss: 0.0873]
Sat 24 May 2025 20:09:36 INFO  epoch 107 training [time: 60.81s, train loss: 0.0830]
Sat 24 May 2025 20:10:36 INFO  epoch 108 training [time: 60.79s, train loss: 0.0864]
Sat 24 May 2025 20:11:37 INFO  epoch 109 training [time: 60.80s, train loss: 0.0825]
Sat 24 May 2025 20:12:17 INFO  valid result: 
recall@10 : 0.0838    recall@20 : 0.0957    ndcg@10 : 0.0714    ndcg@20 : 0.0744    hit@10 : 0.0839    hit@20 : 0.0958    precision@10 : 0.0084    precision@20 : 0.0048
Sat 24 May 2025 20:12:17 INFO  epoch 109 evaluating [time: 39.80s, valid_score: 0.071400]
Sat 24 May 2025 20:12:19 INFO  Saving current: saved\NGCF-May-24-2025_18-15-11.pth
Sat 24 May 2025 20:13:20 INFO  epoch 110 training [time: 61.06s, train loss: 0.0838]
Sat 24 May 2025 20:14:21 INFO  epoch 111 training [time: 60.82s, train loss: 0.0817]
Sat 24 May 2025 20:15:22 INFO  epoch 112 training [time: 60.80s, train loss: 0.0843]
Sat 24 May 2025 20:16:23 INFO  epoch 113 training [time: 60.83s, train loss: 0.0905]
Sat 24 May 2025 20:17:23 INFO  epoch 114 training [time: 60.78s, train loss: 0.0798]
Sat 24 May 2025 20:18:24 INFO  epoch 115 training [time: 60.80s, train loss: 0.0821]
Sat 24 May 2025 20:19:25 INFO  epoch 116 training [time: 60.81s, train loss: 0.0809]
Sat 24 May 2025 20:20:26 INFO  epoch 117 training [time: 60.79s, train loss: 0.0889]
Sat 24 May 2025 20:21:26 INFO  epoch 118 training [time: 60.61s, train loss: 0.0849]
Sat 24 May 2025 20:22:27 INFO  epoch 119 training [time: 60.61s, train loss: 0.0861]
Sat 24 May 2025 20:23:07 INFO  valid result: 
recall@10 : 0.0843    recall@20 : 0.097    ndcg@10 : 0.072    ndcg@20 : 0.0752    hit@10 : 0.0845    hit@20 : 0.0972    precision@10 : 0.0085    precision@20 : 0.0049
Sat 24 May 2025 20:23:07 INFO  epoch 119 evaluating [time: 39.98s, valid_score: 0.072000]
Sat 24 May 2025 20:23:09 INFO  Saving current: saved\NGCF-May-24-2025_18-15-11.pth
Sat 24 May 2025 20:24:10 INFO  epoch 120 training [time: 61.05s, train loss: 0.0850]
Sat 24 May 2025 20:25:12 INFO  epoch 121 training [time: 61.98s, train loss: 0.0859]
Sat 24 May 2025 20:26:14 INFO  epoch 122 training [time: 61.96s, train loss: 0.0839]
Sat 24 May 2025 20:27:15 INFO  epoch 123 training [time: 60.59s, train loss: 0.0832]
Sat 24 May 2025 20:28:15 INFO  epoch 124 training [time: 60.58s, train loss: 0.0814]
Sat 24 May 2025 20:29:17 INFO  epoch 125 training [time: 61.99s, train loss: 0.0856]
Sat 24 May 2025 20:30:19 INFO  epoch 126 training [time: 61.93s, train loss: 0.0798]
Sat 24 May 2025 20:31:21 INFO  epoch 127 training [time: 61.93s, train loss: 0.0792]
Sat 24 May 2025 20:32:23 INFO  epoch 128 training [time: 61.95s, train loss: 0.0817]
Sat 24 May 2025 20:33:25 INFO  epoch 129 training [time: 61.95s, train loss: 0.0791]
Sat 24 May 2025 20:33:55 INFO  valid result: 
recall@10 : 0.0836    recall@20 : 0.0962    ndcg@10 : 0.072    ndcg@20 : 0.0752    hit@10 : 0.0837    hit@20 : 0.0963    precision@10 : 0.0084    precision@20 : 0.0048
Sat 24 May 2025 20:33:55 INFO  epoch 129 evaluating [time: 30.25s, valid_score: 0.072000]
Sat 24 May 2025 20:33:57 INFO  Saving current: saved\NGCF-May-24-2025_18-15-11.pth
Sat 24 May 2025 20:34:58 INFO  epoch 130 training [time: 61.25s, train loss: 0.0849]
Sat 24 May 2025 20:35:59 INFO  epoch 131 training [time: 60.81s, train loss: 0.0844]
Sat 24 May 2025 20:37:00 INFO  epoch 132 training [time: 60.92s, train loss: 0.0792]
Sat 24 May 2025 20:37:59 INFO  epoch 133 training [time: 59.40s, train loss: 0.0788]
Sat 24 May 2025 20:38:58 INFO  epoch 134 training [time: 58.75s, train loss: 0.0771]
Sat 24 May 2025 20:39:57 INFO  epoch 135 training [time: 58.72s, train loss: 0.0830]
Sat 24 May 2025 20:40:56 INFO  epoch 136 training [time: 58.79s, train loss: 0.0866]
Sat 24 May 2025 20:41:54 INFO  epoch 137 training [time: 58.77s, train loss: 0.0791]
Sat 24 May 2025 20:42:53 INFO  epoch 138 training [time: 58.81s, train loss: 0.0794]
Sat 24 May 2025 20:43:52 INFO  epoch 139 training [time: 58.78s, train loss: 0.0820]
Sat 24 May 2025 20:44:19 INFO  valid result: 
recall@10 : 0.0834    recall@20 : 0.0955    ndcg@10 : 0.0722    ndcg@20 : 0.0752    hit@10 : 0.0835    hit@20 : 0.0957    precision@10 : 0.0084    precision@20 : 0.0048
Sat 24 May 2025 20:44:19 INFO  epoch 139 evaluating [time: 26.88s, valid_score: 0.072200]
Sat 24 May 2025 20:44:21 INFO  Saving current: saved\NGCF-May-24-2025_18-15-11.pth
Sat 24 May 2025 20:45:20 INFO  epoch 140 training [time: 58.93s, train loss: 0.0812]
Sat 24 May 2025 20:46:18 INFO  epoch 141 training [time: 58.75s, train loss: 0.0791]
Sat 24 May 2025 20:47:17 INFO  epoch 142 training [time: 58.70s, train loss: 0.0811]
Sat 24 May 2025 20:48:16 INFO  epoch 143 training [time: 58.74s, train loss: 0.0830]
Sat 24 May 2025 20:49:15 INFO  epoch 144 training [time: 58.79s, train loss: 0.0826]
Sat 24 May 2025 20:50:13 INFO  epoch 145 training [time: 58.88s, train loss: 0.0792]
Sat 24 May 2025 20:51:12 INFO  epoch 146 training [time: 58.87s, train loss: 0.0787]
Sat 24 May 2025 20:52:11 INFO  epoch 147 training [time: 58.91s, train loss: 0.0806]
Sat 24 May 2025 20:53:10 INFO  epoch 148 training [time: 58.87s, train loss: 0.0775]
Sat 24 May 2025 20:54:09 INFO  epoch 149 training [time: 58.73s, train loss: 0.0836]
Sat 24 May 2025 20:54:35 INFO  valid result: 
recall@10 : 0.0837    recall@20 : 0.0957    ndcg@10 : 0.0718    ndcg@20 : 0.0748    hit@10 : 0.0838    hit@20 : 0.0959    precision@10 : 0.0084    precision@20 : 0.0048
Sat 24 May 2025 20:54:35 INFO  epoch 149 evaluating [time: 26.62s, valid_score: 0.071800]
Sat 24 May 2025 20:55:35 INFO  epoch 150 training [time: 59.05s, train loss: 0.0780]
Sat 24 May 2025 20:56:33 INFO  epoch 151 training [time: 58.76s, train loss: 0.0807]
Sat 24 May 2025 20:57:32 INFO  epoch 152 training [time: 58.85s, train loss: 0.0780]
Sat 24 May 2025 20:58:31 INFO  epoch 153 training [time: 58.62s, train loss: 0.0778]
Sat 24 May 2025 20:59:29 INFO  epoch 154 training [time: 58.50s, train loss: 0.0757]
Sat 24 May 2025 21:00:28 INFO  epoch 155 training [time: 58.46s, train loss: 0.0753]
Sat 24 May 2025 21:01:26 INFO  epoch 156 training [time: 58.59s, train loss: 0.0765]
Sat 24 May 2025 21:02:25 INFO  epoch 157 training [time: 58.57s, train loss: 0.0818]
Sat 24 May 2025 21:03:23 INFO  epoch 158 training [time: 58.53s, train loss: 0.0823]
Sat 24 May 2025 21:04:22 INFO  epoch 159 training [time: 58.59s, train loss: 0.0799]
Sat 24 May 2025 21:04:49 INFO  valid result: 
recall@10 : 0.085    recall@20 : 0.097    ndcg@10 : 0.0727    ndcg@20 : 0.0757    hit@10 : 0.0851    hit@20 : 0.0971    precision@10 : 0.0085    precision@20 : 0.0049
Sat 24 May 2025 21:04:49 INFO  epoch 159 evaluating [time: 27.26s, valid_score: 0.072700]
Sat 24 May 2025 21:04:51 INFO  Saving current: saved\NGCF-May-24-2025_18-15-11.pth
Sat 24 May 2025 21:05:50 INFO  epoch 160 training [time: 58.79s, train loss: 0.0790]
Sat 24 May 2025 21:06:48 INFO  epoch 161 training [time: 58.52s, train loss: 0.0812]
Sat 24 May 2025 21:07:47 INFO  epoch 162 training [time: 58.53s, train loss: 0.0808]
Sat 24 May 2025 21:08:45 INFO  epoch 163 training [time: 58.52s, train loss: 0.0806]
Sat 24 May 2025 21:09:44 INFO  epoch 164 training [time: 58.60s, train loss: 0.0746]
Sat 24 May 2025 21:10:43 INFO  epoch 165 training [time: 58.59s, train loss: 0.0741]
Sat 24 May 2025 21:11:41 INFO  epoch 166 training [time: 58.43s, train loss: 0.0754]
Sat 24 May 2025 21:12:39 INFO  epoch 167 training [time: 58.43s, train loss: 0.0832]
Sat 24 May 2025 21:13:38 INFO  epoch 168 training [time: 58.55s, train loss: 0.0803]
Sat 24 May 2025 21:14:37 INFO  epoch 169 training [time: 58.46s, train loss: 0.0744]
Sat 24 May 2025 21:15:03 INFO  valid result: 
recall@10 : 0.085    recall@20 : 0.0972    ndcg@10 : 0.0726    ndcg@20 : 0.0756    hit@10 : 0.0851    hit@20 : 0.0973    precision@10 : 0.0085    precision@20 : 0.0049
Sat 24 May 2025 21:15:03 INFO  epoch 169 evaluating [time: 26.84s, valid_score: 0.072600]
Sat 24 May 2025 21:16:02 INFO  epoch 170 training [time: 58.84s, train loss: 0.0776]
Sat 24 May 2025 21:17:01 INFO  epoch 171 training [time: 58.74s, train loss: 0.0747]
Sat 24 May 2025 21:18:00 INFO  epoch 172 training [time: 58.75s, train loss: 0.0767]
Sat 24 May 2025 21:18:58 INFO  epoch 173 training [time: 58.75s, train loss: 0.0761]
Sat 24 May 2025 21:19:57 INFO  epoch 174 training [time: 58.70s, train loss: 0.0757]
Sat 24 May 2025 21:20:56 INFO  epoch 175 training [time: 58.68s, train loss: 0.0755]
Sat 24 May 2025 21:21:55 INFO  epoch 176 training [time: 58.75s, train loss: 0.0778]
Sat 24 May 2025 21:22:53 INFO  epoch 177 training [time: 58.60s, train loss: 0.0827]
Sat 24 May 2025 21:23:52 INFO  epoch 178 training [time: 58.78s, train loss: 0.0740]
Sat 24 May 2025 21:24:51 INFO  epoch 179 training [time: 58.63s, train loss: 0.0785]
Sat 24 May 2025 21:25:17 INFO  valid result: 
recall@10 : 0.0841    recall@20 : 0.0975    ndcg@10 : 0.0722    ndcg@20 : 0.0755    hit@10 : 0.0842    hit@20 : 0.0976    precision@10 : 0.0085    precision@20 : 0.0049
Sat 24 May 2025 21:25:17 INFO  epoch 179 evaluating [time: 26.75s, valid_score: 0.072200]
Sat 24 May 2025 21:26:16 INFO  epoch 180 training [time: 58.85s, train loss: 0.0753]
Sat 24 May 2025 21:27:15 INFO  epoch 181 training [time: 58.57s, train loss: 0.0802]
Sat 24 May 2025 21:28:13 INFO  epoch 182 training [time: 58.48s, train loss: 0.0816]
Sat 24 May 2025 21:29:12 INFO  epoch 183 training [time: 58.45s, train loss: 0.0735]
Sat 24 May 2025 21:30:10 INFO  epoch 184 training [time: 58.55s, train loss: 0.0757]
Sat 24 May 2025 21:31:09 INFO  epoch 185 training [time: 58.57s, train loss: 0.0772]
Sat 24 May 2025 21:32:07 INFO  epoch 186 training [time: 58.55s, train loss: 0.0794]
Sat 24 May 2025 21:33:06 INFO  epoch 187 training [time: 58.56s, train loss: 0.0759]
Sat 24 May 2025 21:34:04 INFO  epoch 188 training [time: 58.53s, train loss: 0.0795]
Sat 24 May 2025 21:35:03 INFO  epoch 189 training [time: 58.51s, train loss: 0.0754]
Sat 24 May 2025 21:35:30 INFO  valid result: 
recall@10 : 0.0841    recall@20 : 0.0969    ndcg@10 : 0.0719    ndcg@20 : 0.0751    hit@10 : 0.0842    hit@20 : 0.0971    precision@10 : 0.0085    precision@20 : 0.0049
Sat 24 May 2025 21:35:30 INFO  epoch 189 evaluating [time: 26.68s, valid_score: 0.071900]
Sat 24 May 2025 21:35:30 INFO  Finished training, best eval result in epoch 159
Sat 24 May 2025 21:35:30 INFO  Loading model structure and parameters from saved\NGCF-May-24-2025_18-15-11.pth
Sat 24 May 2025 21:38:19 INFO  valid result: 
recall@10 : 0.1541    recall@20 : 0.165    ndcg@10 : 0.1446    ndcg@20 : 0.1473    hit@10 : 0.1542    hit@20 : 0.1651    precision@10 : 0.0154    precision@20 : 0.0083
Sat 24 May 2025 21:38:19 INFO  best valid : OrderedDict([('recall@10', 0.085), ('recall@20', 0.097), ('ndcg@10', 0.0727), ('ndcg@20', 0.0757), ('hit@10', 0.0851), ('hit@20', 0.0971), ('precision@10', 0.0085), ('precision@20', 0.0049)])
Sat 24 May 2025 21:38:19 INFO  test result: OrderedDict([('recall@10', 0.1541), ('recall@20', 0.165), ('ndcg@10', 0.1446), ('ndcg@20', 0.1473), ('hit@10', 0.1542), ('hit@20', 0.1651), ('precision@10', 0.0154), ('precision@20', 0.0083)])
