Thu 29 May 2025 23:10:07 INFO  
General Hyper Parameters:
gpu_id = 0
use_gpu = True
seed = 2020
state = INFO
reproducibility = True
data_path = dataset/Amazon_Appliances
checkpoint_dir = saved
show_progress = True
save_dataset = False
dataset_save_path = None
save_dataloaders = False
dataloaders_save_path = None
log_wandb = False

Training Hyper Parameters:
epochs = 300
train_batch_size = 500
learner = adam
learning_rate = 0.001
train_neg_sample_args = {'distribution': 'uniform', 'sample_num': 1, 'alpha': 1.0, 'dynamic': False, 'candidate_num': 0}
eval_step = 10
stopping_step = 2
clip_grad_norm = None
weight_decay = 0.0
loss_decimal_place = 4

Evaluation Hyper Parameters:
eval_args = {'split': {'RS': [0.8, 0.1, 0.1]}, 'order': 'RO', 'group_by': 'user', 'mode': {'valid': 'full', 'test': 'full'}}
repeatable = False
metrics = ['Recall', 'NDCG', 'Hit', 'Precision']
topk = [10, 20]
valid_metric = unpopular/ndcg@10
valid_metric_bigger = True
eval_batch_size = 8196
metric_decimal_place = 4

Dataset Hyper Parameters:
field_separator = 	
seq_separator =  
USER_ID_FIELD = user_id
ITEM_ID_FIELD = item_id
RATING_FIELD = rating
TIME_FIELD = timestamp
seq_len = None
LABEL_FIELD = label
threshold = None
NEG_PREFIX = neg_
load_col = {'inter': ['user_id', 'item_id']}
unload_col = None
unused_col = None
additional_feat_suffix = None
rm_dup_inter = None
val_interval = None
filter_inter_by_user_or_item = True
user_inter_num_interval = [0,inf)
item_inter_num_interval = [0,inf)
alias_of_user_id = None
alias_of_item_id = None
alias_of_entity_id = None
alias_of_relation_id = None
preload_weight = None
normalize_field = None
normalize_all = None
ITEM_LIST_LENGTH_FIELD = item_length
LIST_SUFFIX = _list
MAX_ITEM_LIST_LENGTH = 50
POSITION_FIELD = position_id
HEAD_ENTITY_ID_FIELD = head_id
TAIL_ENTITY_ID_FIELD = tail_id
RELATION_ID_FIELD = relation_id
ENTITY_ID_FIELD = entity_id
benchmark_filename = None

Other Hyper Parameters: 
worker = 0
wandb_project = recbole
shuffle = True
require_pow = False
enable_amp = False
enable_scaler = False
transform = None
embedding_size = 64
hidden_size_list = [64, 64, 64]
node_dropout = 0.1
message_dropout = 0.1
reg_weight = 0.0001
numerical_features = []
discretization = None
kg_reverse_r = False
entity_kg_num_interval = [0,inf)
relation_kg_num_interval = [0,inf)
MODEL_TYPE = ModelType.GENERAL
MODEL_INPUT_TYPE = InputType.PAIRWISE
eval_type = EvaluatorType.RANKING
single_spec = True
local_rank = 0
device = cuda
valid_neg_sample_args = {'distribution': 'uniform', 'sample_num': 'none'}
test_neg_sample_args = {'distribution': 'uniform', 'sample_num': 'none'}


Thu 29 May 2025 23:10:09 INFO  Amazon_Appliances
The number of users: 515651
Average actions of users: 1.1689653834965577
The number of items: 30253
Average actions of items: 19.925195028427872
The number of inters: 602777
The sparsity of the dataset: 99.99613604232134%
Remain Fields: ['user_id', 'item_id']
Thu 29 May 2025 23:10:18 INFO  [Training]: train_batch_size = [500] train_neg_sample_args: [{'distribution': 'uniform', 'sample_num': 1, 'alpha': 1.0, 'dynamic': False, 'candidate_num': 0}]
Thu 29 May 2025 23:10:18 INFO  [Evaluation]: eval_batch_size = [8196] eval_args: [{'split': {'RS': [0.8, 0.1, 0.1]}, 'order': 'RO', 'group_by': 'user', 'mode': {'valid': 'full', 'test': 'full'}}]
Thu 29 May 2025 23:10:19 INFO  NGCF(
  (user_embedding): Embedding(515651, 64)
  (item_embedding): Embedding(30253, 64)
  (GNNlayers): ModuleList(
    (0): BiGNNConv(64,64)
    (1): BiGNNConv(64,64)
    (2): BiGNNConv(64,64)
  )
  (mf_loss): BPRLoss()
  (reg_loss): EmbLoss()
)
Trainable parameters: 34962816
Thu 29 May 2025 23:11:28 INFO  epoch 0 training [time: 69.07s, train loss: 106.6234]
Thu 29 May 2025 23:12:35 INFO  epoch 1 training [time: 67.49s, train loss: 93.7218]
Thu 29 May 2025 23:13:42 INFO  epoch 2 training [time: 66.47s, train loss: 74.9972]
Thu 29 May 2025 23:14:48 INFO  epoch 3 training [time: 66.51s, train loss: 66.2121]
Thu 29 May 2025 23:15:55 INFO  epoch 4 training [time: 66.45s, train loss: 59.7796]
Thu 29 May 2025 23:17:01 INFO  epoch 5 training [time: 66.53s, train loss: 53.4721]
Thu 29 May 2025 23:18:06 INFO  epoch 6 training [time: 64.82s, train loss: 46.9894]
Thu 29 May 2025 23:19:10 INFO  epoch 7 training [time: 64.18s, train loss: 40.2820]
Thu 29 May 2025 23:20:14 INFO  epoch 8 training [time: 64.20s, train loss: 33.5991]
Thu 29 May 2025 23:21:19 INFO  epoch 9 training [time: 64.16s, train loss: 27.2304]
Thu 29 May 2025 23:21:48 INFO  epoch 9 evaluating [time: 29.31s, valid_score: 0.050600]
Thu 29 May 2025 23:21:48 INFO  valid result: 
popular : OrderedDict([('recall@10', 0.074), ('recall@20', 0.0959), ('ndcg@10', 0.0541), ('ndcg@20', 0.0598), ('hit@10', 0.0744), ('hit@20', 0.0977), ('precision@10', 0.0078), ('precision@20', 0.0051)])    unpopular : OrderedDict([('recall@10', 0.0722), ('recall@20', 0.0894), ('ndcg@10', 0.0506), ('ndcg@20', 0.0549), ('hit@10', 0.0722), ('hit@20', 0.0894), ('precision@10', 0.0072), ('precision@20', 0.0045)])
Thu 29 May 2025 23:21:50 INFO  Saving current: saved\NGCF-May-29-2025_23-10-19.pth
Thu 29 May 2025 23:22:54 INFO  epoch 10 training [time: 64.20s, train loss: 21.7577]
Thu 29 May 2025 23:23:58 INFO  epoch 11 training [time: 64.19s, train loss: 17.1814]
Thu 29 May 2025 23:25:02 INFO  epoch 12 training [time: 64.23s, train loss: 13.4300]
Thu 29 May 2025 23:26:06 INFO  epoch 13 training [time: 64.21s, train loss: 10.5879]
Thu 29 May 2025 23:27:11 INFO  epoch 14 training [time: 64.24s, train loss: 8.4501]
Thu 29 May 2025 23:28:15 INFO  epoch 15 training [time: 64.26s, train loss: 6.7785]
Thu 29 May 2025 23:29:19 INFO  epoch 16 training [time: 64.27s, train loss: 5.4706]
Thu 29 May 2025 23:30:23 INFO  epoch 17 training [time: 64.25s, train loss: 4.5136]
Thu 29 May 2025 23:31:28 INFO  epoch 18 training [time: 64.24s, train loss: 3.7435]
Thu 29 May 2025 23:32:32 INFO  epoch 19 training [time: 64.17s, train loss: 3.1462]
Thu 29 May 2025 23:33:01 INFO  epoch 19 evaluating [time: 28.98s, valid_score: 0.061200]
Thu 29 May 2025 23:33:01 INFO  valid result: 
popular : OrderedDict([('recall@10', 0.0853), ('recall@20', 0.1007), ('ndcg@10', 0.0708), ('ndcg@20', 0.0748), ('hit@10', 0.0872), ('hit@20', 0.1022), ('precision@10', 0.0088), ('precision@20', 0.0053)])    unpopular : OrderedDict([('recall@10', 0.0785), ('recall@20', 0.0947), ('ndcg@10', 0.0612), ('ndcg@20', 0.0653), ('hit@10', 0.0785), ('hit@20', 0.0947), ('precision@10', 0.0079), ('precision@20', 0.0047)])
Thu 29 May 2025 23:33:03 INFO  Saving current: saved\NGCF-May-29-2025_23-10-19.pth
Thu 29 May 2025 23:34:07 INFO  epoch 20 training [time: 64.56s, train loss: 2.6787]
Thu 29 May 2025 23:35:11 INFO  epoch 21 training [time: 64.21s, train loss: 2.2385]
Thu 29 May 2025 23:36:16 INFO  epoch 22 training [time: 64.20s, train loss: 1.9202]
Thu 29 May 2025 23:37:20 INFO  epoch 23 training [time: 64.23s, train loss: 1.5978]
Thu 29 May 2025 23:38:24 INFO  epoch 24 training [time: 64.23s, train loss: 1.4234]
Thu 29 May 2025 23:39:28 INFO  epoch 25 training [time: 64.23s, train loss: 1.2109]
Thu 29 May 2025 23:40:33 INFO  epoch 26 training [time: 64.22s, train loss: 1.0849]
Thu 29 May 2025 23:41:37 INFO  epoch 27 training [time: 64.24s, train loss: 0.9363]
Thu 29 May 2025 23:42:41 INFO  epoch 28 training [time: 64.24s, train loss: 0.8377]
Thu 29 May 2025 23:43:45 INFO  epoch 29 training [time: 64.26s, train loss: 0.7194]
Thu 29 May 2025 23:44:15 INFO  epoch 29 evaluating [time: 29.83s, valid_score: 0.065300]
Thu 29 May 2025 23:44:15 INFO  valid result: 
popular : OrderedDict([('recall@10', 0.0965), ('recall@20', 0.1104), ('ndcg@10', 0.0788), ('ndcg@20', 0.0824), ('hit@10', 0.0984), ('hit@20', 0.1127), ('precision@10', 0.0102), ('precision@20', 0.0058)])    unpopular : OrderedDict([('recall@10', 0.0816), ('recall@20', 0.0994), ('ndcg@10', 0.0653), ('ndcg@20', 0.0698), ('hit@10', 0.0816), ('hit@20', 0.0994), ('precision@10', 0.0082), ('precision@20', 0.005)])
Thu 29 May 2025 23:44:17 INFO  Saving current: saved\NGCF-May-29-2025_23-10-19.pth
Thu 29 May 2025 23:45:21 INFO  epoch 30 training [time: 64.41s, train loss: 0.6307]
Thu 29 May 2025 23:46:26 INFO  epoch 31 training [time: 64.20s, train loss: 0.5881]
Thu 29 May 2025 23:47:30 INFO  epoch 32 training [time: 64.24s, train loss: 0.4922]
Thu 29 May 2025 23:48:34 INFO  epoch 33 training [time: 64.20s, train loss: 0.4377]
Thu 29 May 2025 23:49:38 INFO  epoch 34 training [time: 64.20s, train loss: 0.4024]
Thu 29 May 2025 23:50:42 INFO  epoch 35 training [time: 64.21s, train loss: 0.3899]
Thu 29 May 2025 23:51:47 INFO  epoch 36 training [time: 64.24s, train loss: 0.3181]
Thu 29 May 2025 23:52:51 INFO  epoch 37 training [time: 64.24s, train loss: 0.2930]
Thu 29 May 2025 23:53:55 INFO  epoch 38 training [time: 64.29s, train loss: 0.2711]
Thu 29 May 2025 23:54:59 INFO  epoch 39 training [time: 64.28s, train loss: 0.2480]
Thu 29 May 2025 23:55:29 INFO  epoch 39 evaluating [time: 29.05s, valid_score: 0.066300]
Thu 29 May 2025 23:55:29 INFO  valid result: 
popular : OrderedDict([('recall@10', 0.0949), ('recall@20', 0.1131), ('ndcg@10', 0.0778), ('ndcg@20', 0.0824), ('hit@10', 0.0962), ('hit@20', 0.115), ('precision@10', 0.01), ('precision@20', 0.0059)])    unpopular : OrderedDict([('recall@10', 0.0812), ('recall@20', 0.0973), ('ndcg@10', 0.0663), ('ndcg@20', 0.0703), ('hit@10', 0.0812), ('hit@20', 0.0973), ('precision@10', 0.0081), ('precision@20', 0.0049)])
Thu 29 May 2025 23:55:30 INFO  Saving current: saved\NGCF-May-29-2025_23-10-19.pth
Thu 29 May 2025 23:56:35 INFO  epoch 40 training [time: 64.45s, train loss: 0.2368]
Thu 29 May 2025 23:57:39 INFO  epoch 41 training [time: 64.28s, train loss: 0.2108]
Thu 29 May 2025 23:58:43 INFO  epoch 42 training [time: 64.26s, train loss: 0.2033]
Thu 29 May 2025 23:59:48 INFO  epoch 43 training [time: 64.22s, train loss: 0.1850]
Fri 30 May 2025 00:00:52 INFO  epoch 44 training [time: 64.28s, train loss: 0.1833]
Fri 30 May 2025 00:01:56 INFO  epoch 45 training [time: 64.25s, train loss: 0.1809]
Fri 30 May 2025 00:03:00 INFO  epoch 46 training [time: 64.27s, train loss: 0.1584]
Fri 30 May 2025 00:04:05 INFO  epoch 47 training [time: 64.24s, train loss: 0.1692]
Fri 30 May 2025 00:05:09 INFO  epoch 48 training [time: 64.27s, train loss: 0.1403]
Fri 30 May 2025 00:06:13 INFO  epoch 49 training [time: 64.30s, train loss: 0.1412]
Fri 30 May 2025 00:06:43 INFO  epoch 49 evaluating [time: 30.29s, valid_score: 0.066700]
Fri 30 May 2025 00:06:43 INFO  valid result: 
popular : OrderedDict([('recall@10', 0.0987), ('recall@20', 0.1114), ('ndcg@10', 0.0806), ('ndcg@20', 0.0838), ('hit@10', 0.0999), ('hit@20', 0.1127), ('precision@10', 0.0104), ('precision@20', 0.0058)])    unpopular : OrderedDict([('recall@10', 0.0815), ('recall@20', 0.0987), ('ndcg@10', 0.0667), ('ndcg@20', 0.071), ('hit@10', 0.0815), ('hit@20', 0.0987), ('precision@10', 0.0082), ('precision@20', 0.0049)])
Fri 30 May 2025 00:06:45 INFO  Saving current: saved\NGCF-May-29-2025_23-10-19.pth
Fri 30 May 2025 00:07:50 INFO  epoch 50 training [time: 64.46s, train loss: 0.1334]
Fri 30 May 2025 00:08:54 INFO  epoch 51 training [time: 64.24s, train loss: 0.1559]
Fri 30 May 2025 00:09:58 INFO  epoch 52 training [time: 64.28s, train loss: 0.1339]
Fri 30 May 2025 00:11:03 INFO  epoch 53 training [time: 64.27s, train loss: 0.1417]
Fri 30 May 2025 00:12:07 INFO  epoch 54 training [time: 64.26s, train loss: 0.1241]
Fri 30 May 2025 00:13:11 INFO  epoch 55 training [time: 64.25s, train loss: 0.1260]
Fri 30 May 2025 00:14:15 INFO  epoch 56 training [time: 64.28s, train loss: 0.1151]
Fri 30 May 2025 00:15:20 INFO  epoch 57 training [time: 64.25s, train loss: 0.1295]
Fri 30 May 2025 00:16:24 INFO  epoch 58 training [time: 64.24s, train loss: 0.1300]
Fri 30 May 2025 00:17:28 INFO  epoch 59 training [time: 64.24s, train loss: 0.1076]
Fri 30 May 2025 00:17:58 INFO  epoch 59 evaluating [time: 29.60s, valid_score: 0.067200]
Fri 30 May 2025 00:17:58 INFO  valid result: 
popular : OrderedDict([('recall@10', 0.0964), ('recall@20', 0.1134), ('ndcg@10', 0.0816), ('ndcg@20', 0.086), ('hit@10', 0.0977), ('hit@20', 0.1157), ('precision@10', 0.0101), ('precision@20', 0.006)])    unpopular : OrderedDict([('recall@10', 0.0828), ('recall@20', 0.0981), ('ndcg@10', 0.0672), ('ndcg@20', 0.071), ('hit@10', 0.0828), ('hit@20', 0.0981), ('precision@10', 0.0083), ('precision@20', 0.0049)])
Fri 30 May 2025 00:17:59 INFO  Saving current: saved\NGCF-May-29-2025_23-10-19.pth
Fri 30 May 2025 00:19:04 INFO  epoch 60 training [time: 64.47s, train loss: 0.1275]
Fri 30 May 2025 00:20:08 INFO  epoch 61 training [time: 64.23s, train loss: 0.1213]
Fri 30 May 2025 00:21:12 INFO  epoch 62 training [time: 64.26s, train loss: 0.1252]
Fri 30 May 2025 00:22:17 INFO  epoch 63 training [time: 64.29s, train loss: 0.1085]
Fri 30 May 2025 00:23:21 INFO  epoch 64 training [time: 64.27s, train loss: 0.1229]
Fri 30 May 2025 00:24:25 INFO  epoch 65 training [time: 64.28s, train loss: 0.1323]
Fri 30 May 2025 00:25:30 INFO  epoch 66 training [time: 64.27s, train loss: 0.1170]
Fri 30 May 2025 00:26:34 INFO  epoch 67 training [time: 64.23s, train loss: 0.1038]
Fri 30 May 2025 00:27:38 INFO  epoch 68 training [time: 64.25s, train loss: 0.1122]
Fri 30 May 2025 00:28:42 INFO  epoch 69 training [time: 64.25s, train loss: 0.1041]
Fri 30 May 2025 00:29:13 INFO  epoch 69 evaluating [time: 30.57s, valid_score: 0.067800]
Fri 30 May 2025 00:29:13 INFO  valid result: 
popular : OrderedDict([('recall@10', 0.096), ('recall@20', 0.1149), ('ndcg@10', 0.0827), ('ndcg@20', 0.0876), ('hit@10', 0.0969), ('hit@20', 0.1165), ('precision@10', 0.0101), ('precision@20', 0.006)])    unpopular : OrderedDict([('recall@10', 0.0828), ('recall@20', 0.099), ('ndcg@10', 0.0678), ('ndcg@20', 0.0719), ('hit@10', 0.0828), ('hit@20', 0.099), ('precision@10', 0.0083), ('precision@20', 0.005)])
Fri 30 May 2025 00:29:15 INFO  Saving current: saved\NGCF-May-29-2025_23-10-19.pth
Fri 30 May 2025 00:30:19 INFO  epoch 70 training [time: 64.48s, train loss: 0.1034]
Fri 30 May 2025 00:31:23 INFO  epoch 71 training [time: 64.26s, train loss: 0.1173]
Fri 30 May 2025 00:32:28 INFO  epoch 72 training [time: 64.23s, train loss: 0.1006]
Fri 30 May 2025 00:33:32 INFO  epoch 73 training [time: 64.26s, train loss: 0.1023]
Fri 30 May 2025 00:34:36 INFO  epoch 74 training [time: 64.25s, train loss: 0.0999]
Fri 30 May 2025 00:35:40 INFO  epoch 75 training [time: 64.26s, train loss: 0.0948]
Fri 30 May 2025 00:36:45 INFO  epoch 76 training [time: 64.26s, train loss: 0.0932]
Fri 30 May 2025 00:37:49 INFO  epoch 77 training [time: 64.27s, train loss: 0.0998]
Fri 30 May 2025 00:38:53 INFO  epoch 78 training [time: 64.30s, train loss: 0.1071]
Fri 30 May 2025 00:39:57 INFO  epoch 79 training [time: 64.25s, train loss: 0.0936]
Fri 30 May 2025 00:40:27 INFO  epoch 79 evaluating [time: 29.30s, valid_score: 0.067700]
Fri 30 May 2025 00:40:27 INFO  valid result: 
popular : OrderedDict([('recall@10', 0.0965), ('recall@20', 0.1108), ('ndcg@10', 0.0821), ('ndcg@20', 0.0857), ('hit@10', 0.0984), ('hit@20', 0.1127), ('precision@10', 0.0102), ('precision@20', 0.0059)])    unpopular : OrderedDict([('recall@10', 0.0812), ('recall@20', 0.0964), ('ndcg@10', 0.0677), ('ndcg@20', 0.0715), ('hit@10', 0.0812), ('hit@20', 0.0964), ('precision@10', 0.0081), ('precision@20', 0.0048)])
Fri 30 May 2025 00:41:31 INFO  epoch 80 training [time: 64.49s, train loss: 0.0953]
Fri 30 May 2025 00:42:36 INFO  epoch 81 training [time: 64.26s, train loss: 0.0953]
Fri 30 May 2025 00:43:40 INFO  epoch 82 training [time: 64.25s, train loss: 0.1009]
Fri 30 May 2025 00:44:44 INFO  epoch 83 training [time: 64.51s, train loss: 0.0891]
Fri 30 May 2025 00:45:49 INFO  epoch 84 training [time: 64.26s, train loss: 0.0899]
Fri 30 May 2025 00:46:53 INFO  epoch 85 training [time: 64.27s, train loss: 0.1006]
Fri 30 May 2025 00:47:57 INFO  epoch 86 training [time: 64.22s, train loss: 0.0907]
Fri 30 May 2025 00:49:01 INFO  epoch 87 training [time: 64.25s, train loss: 0.1071]
Fri 30 May 2025 00:50:06 INFO  epoch 88 training [time: 64.27s, train loss: 0.0980]
Fri 30 May 2025 00:51:10 INFO  epoch 89 training [time: 64.24s, train loss: 0.0933]
Fri 30 May 2025 00:51:40 INFO  epoch 89 evaluating [time: 30.28s, valid_score: 0.069500]
Fri 30 May 2025 00:51:40 INFO  valid result: 
popular : OrderedDict([('recall@10', 0.0973), ('recall@20', 0.1078), ('ndcg@10', 0.0842), ('ndcg@20', 0.0868), ('hit@10', 0.0992), ('hit@20', 0.1097), ('precision@10', 0.0103), ('precision@20', 0.0057)])    unpopular : OrderedDict([('recall@10', 0.0827), ('recall@20', 0.1005), ('ndcg@10', 0.0695), ('ndcg@20', 0.074), ('hit@10', 0.0827), ('hit@20', 0.1005), ('precision@10', 0.0083), ('precision@20', 0.005)])
Fri 30 May 2025 00:51:42 INFO  Saving current: saved\NGCF-May-29-2025_23-10-19.pth
Fri 30 May 2025 00:52:46 INFO  epoch 90 training [time: 64.24s, train loss: 0.0955]
Fri 30 May 2025 00:53:50 INFO  epoch 91 training [time: 64.26s, train loss: 0.1007]
Fri 30 May 2025 00:54:55 INFO  epoch 92 training [time: 64.26s, train loss: 0.0905]
Fri 30 May 2025 00:55:59 INFO  epoch 93 training [time: 64.28s, train loss: 0.0988]
Fri 30 May 2025 00:57:03 INFO  epoch 94 training [time: 64.25s, train loss: 0.0858]
Fri 30 May 2025 00:58:07 INFO  epoch 95 training [time: 64.24s, train loss: 0.0850]
Fri 30 May 2025 00:59:12 INFO  epoch 96 training [time: 64.26s, train loss: 0.0867]
Fri 30 May 2025 01:00:16 INFO  epoch 97 training [time: 64.25s, train loss: 0.0933]
Fri 30 May 2025 01:01:20 INFO  epoch 98 training [time: 64.25s, train loss: 0.0852]
Fri 30 May 2025 01:02:24 INFO  epoch 99 training [time: 64.23s, train loss: 0.0852]
Fri 30 May 2025 01:02:54 INFO  epoch 99 evaluating [time: 29.97s, valid_score: 0.068800]
Fri 30 May 2025 01:02:54 INFO  valid result: 
popular : OrderedDict([('recall@10', 0.0957), ('recall@20', 0.1082), ('ndcg@10', 0.0829), ('ndcg@20', 0.0861), ('hit@10', 0.0969), ('hit@20', 0.1097), ('precision@10', 0.0101), ('precision@20', 0.0057)])    unpopular : OrderedDict([('recall@10', 0.0816), ('recall@20', 0.0959), ('ndcg@10', 0.0688), ('ndcg@20', 0.0724), ('hit@10', 0.0816), ('hit@20', 0.0959), ('precision@10', 0.0082), ('precision@20', 0.0048)])
Fri 30 May 2025 01:03:59 INFO  epoch 100 training [time: 64.46s, train loss: 0.0911]
Fri 30 May 2025 01:05:03 INFO  epoch 101 training [time: 64.28s, train loss: 0.0837]
Fri 30 May 2025 01:06:07 INFO  epoch 102 training [time: 64.25s, train loss: 0.0943]
Fri 30 May 2025 01:07:12 INFO  epoch 103 training [time: 64.24s, train loss: 0.0918]
Fri 30 May 2025 01:08:16 INFO  epoch 104 training [time: 64.25s, train loss: 0.0974]
Fri 30 May 2025 01:09:20 INFO  epoch 105 training [time: 64.25s, train loss: 0.0844]
Fri 30 May 2025 01:10:24 INFO  epoch 106 training [time: 64.27s, train loss: 0.0839]
Fri 30 May 2025 01:11:29 INFO  epoch 107 training [time: 64.27s, train loss: 0.0836]
Fri 30 May 2025 01:12:33 INFO  epoch 108 training [time: 64.22s, train loss: 0.0907]
Fri 30 May 2025 01:13:37 INFO  epoch 109 training [time: 64.25s, train loss: 0.0837]
Fri 30 May 2025 01:14:08 INFO  epoch 109 evaluating [time: 30.69s, valid_score: 0.068700]
Fri 30 May 2025 01:14:08 INFO  valid result: 
popular : OrderedDict([('recall@10', 0.0942), ('recall@20', 0.11), ('ndcg@10', 0.0827), ('ndcg@20', 0.0867), ('hit@10', 0.0954), ('hit@20', 0.1119), ('precision@10', 0.0099), ('precision@20', 0.0058)])    unpopular : OrderedDict([('recall@10', 0.0813), ('recall@20', 0.0984), ('ndcg@10', 0.0687), ('ndcg@20', 0.0729), ('hit@10', 0.0813), ('hit@20', 0.0984), ('precision@10', 0.0081), ('precision@20', 0.0049)])
Fri 30 May 2025 01:15:12 INFO  epoch 110 training [time: 64.41s, train loss: 0.0826]
Fri 30 May 2025 01:16:17 INFO  epoch 111 training [time: 64.24s, train loss: 0.0869]
Fri 30 May 2025 01:17:21 INFO  epoch 112 training [time: 64.29s, train loss: 0.0829]
Fri 30 May 2025 01:18:25 INFO  epoch 113 training [time: 64.23s, train loss: 0.0864]
Fri 30 May 2025 01:19:29 INFO  epoch 114 training [time: 64.28s, train loss: 0.0848]
Fri 30 May 2025 01:20:34 INFO  epoch 115 training [time: 64.23s, train loss: 0.0842]
Fri 30 May 2025 01:21:38 INFO  epoch 116 training [time: 64.24s, train loss: 0.0819]
Fri 30 May 2025 01:22:42 INFO  epoch 117 training [time: 64.21s, train loss: 0.0887]
Fri 30 May 2025 01:23:46 INFO  epoch 118 training [time: 64.26s, train loss: 0.0822]
Fri 30 May 2025 01:24:51 INFO  epoch 119 training [time: 64.23s, train loss: 0.0842]
Fri 30 May 2025 01:25:21 INFO  epoch 119 evaluating [time: 30.11s, valid_score: 0.069100]
Fri 30 May 2025 01:25:21 INFO  valid result: 
popular : OrderedDict([('recall@10', 0.0927), ('recall@20', 0.1112), ('ndcg@10', 0.0827), ('ndcg@20', 0.0874), ('hit@10', 0.0939), ('hit@20', 0.1127), ('precision@10', 0.0098), ('precision@20', 0.0059)])    unpopular : OrderedDict([('recall@10', 0.0819), ('recall@20', 0.0992), ('ndcg@10', 0.0691), ('ndcg@20', 0.0735), ('hit@10', 0.0819), ('hit@20', 0.0992), ('precision@10', 0.0082), ('precision@20', 0.005)])
Fri 30 May 2025 01:25:21 INFO  Finished training, best eval result in epoch 89
Fri 30 May 2025 01:25:21 INFO  Loading model structure and parameters from saved\NGCF-May-29-2025_23-10-19.pth
Fri 30 May 2025 01:28:59 INFO  best valid : OrderedDict([('popular', OrderedDict([('recall@10', 0.0973), ('recall@20', 0.1078), ('ndcg@10', 0.0842), ('ndcg@20', 0.0868), ('hit@10', 0.0992), ('hit@20', 0.1097), ('precision@10', 0.0103), ('precision@20', 0.0057)])), ('unpopular', OrderedDict([('recall@10', 0.0827), ('recall@20', 0.1005), ('ndcg@10', 0.0695), ('ndcg@20', 0.074), ('hit@10', 0.0827), ('hit@20', 0.1005), ('precision@10', 0.0083), ('precision@20', 0.005)]))])
Fri 30 May 2025 01:28:59 INFO  test result: OrderedDict([('popular', OrderedDict([('recall@10', 0.0643), ('recall@20', 0.0845), ('ndcg@10', 0.0476), ('ndcg@20', 0.0527), ('hit@10', 0.0645), ('hit@20', 0.085), ('precision@10', 0.0065), ('precision@20', 0.0043)])), ('unpopular', OrderedDict([('recall@10', 0.1652), ('recall@20', 0.1902), ('ndcg@10', 0.1532), ('ndcg@20', 0.1594), ('hit@10', 0.1652), ('hit@20', 0.1902), ('precision@10', 0.0165), ('precision@20', 0.0095)]))])
