Wed 28 May 2025 05:55:24 INFO  
General Hyper Parameters:
gpu_id = 0
use_gpu = True
seed = 2020
state = INFO
reproducibility = True
data_path = dataset/Amazon_Appliances
checkpoint_dir = saved
show_progress = True
save_dataset = False
dataset_save_path = None
save_dataloaders = False
dataloaders_save_path = None
log_wandb = False

Training Hyper Parameters:
epochs = 300
train_batch_size = 500
learner = adam
learning_rate = 0.001
train_neg_sample_args = {'distribution': 'uniform', 'sample_num': 1, 'alpha': 1.0, 'dynamic': False, 'candidate_num': 0}
eval_step = 10
stopping_step = 2
clip_grad_norm = None
weight_decay = 0.0
loss_decimal_place = 4

Evaluation Hyper Parameters:
eval_args = {'split': {'RS': [0.8, 0.1, 0.1]}, 'order': 'RO', 'group_by': 'user', 'mode': {'valid': 'full', 'test': 'full'}}
repeatable = False
metrics = ['Recall', 'NDCG', 'Hit', 'Precision']
topk = [10, 20]
valid_metric = ndcg@10
valid_metric_bigger = True
eval_batch_size = 8196
metric_decimal_place = 4

Dataset Hyper Parameters:
field_separator = 	
seq_separator =  
USER_ID_FIELD = user_id
ITEM_ID_FIELD = item_id
RATING_FIELD = rating
TIME_FIELD = timestamp
seq_len = None
LABEL_FIELD = label
threshold = None
NEG_PREFIX = neg_
load_col = {'inter': ['user_id', 'item_id']}
unload_col = None
unused_col = None
additional_feat_suffix = None
rm_dup_inter = None
val_interval = None
filter_inter_by_user_or_item = True
user_inter_num_interval = [0,inf)
item_inter_num_interval = [0,inf)
alias_of_user_id = None
alias_of_item_id = None
alias_of_entity_id = None
alias_of_relation_id = None
preload_weight = None
normalize_field = None
normalize_all = None
ITEM_LIST_LENGTH_FIELD = item_length
LIST_SUFFIX = _list
MAX_ITEM_LIST_LENGTH = 50
POSITION_FIELD = position_id
HEAD_ENTITY_ID_FIELD = head_id
TAIL_ENTITY_ID_FIELD = tail_id
RELATION_ID_FIELD = relation_id
ENTITY_ID_FIELD = entity_id
benchmark_filename = None

Other Hyper Parameters: 
worker = 0
wandb_project = recbole
shuffle = True
require_pow = False
enable_amp = False
enable_scaler = False
transform = None
embedding_size = 64
hidden_size_list = [64, 64, 64]
node_dropout = 0.1
message_dropout = 0.1
reg_weight = 0.0001
numerical_features = []
discretization = None
kg_reverse_r = False
entity_kg_num_interval = [0,inf)
relation_kg_num_interval = [0,inf)
MODEL_TYPE = ModelType.GENERAL
MODEL_INPUT_TYPE = InputType.PAIRWISE
eval_type = EvaluatorType.RANKING
single_spec = True
local_rank = 0
device = cuda
valid_neg_sample_args = {'distribution': 'uniform', 'sample_num': 'none'}
test_neg_sample_args = {'distribution': 'uniform', 'sample_num': 'none'}


Wed 28 May 2025 05:55:26 INFO  Amazon_Appliances
The number of users: 515651
Average actions of users: 1.1689653834965577
The number of items: 30253
Average actions of items: 19.925195028427872
The number of inters: 602777
The sparsity of the dataset: 99.99613604232134%
Remain Fields: ['user_id', 'item_id']
Wed 28 May 2025 05:55:27 INFO  Generated noise pairs: 5038
Wed 28 May 2025 05:55:27 INFO  First few noise pairs: [(1, 20305), (1, 20299), (56, 5718), (104, 21967), (121, 25181)]
Wed 28 May 2025 05:55:36 INFO  [Training]: train_batch_size = [500] train_neg_sample_args: [{'distribution': 'uniform', 'sample_num': 1, 'alpha': 1.0, 'dynamic': False, 'candidate_num': 0}]
Wed 28 May 2025 05:55:36 INFO  [Evaluation]: eval_batch_size = [8196] eval_args: [{'split': {'RS': [0.8, 0.1, 0.1]}, 'order': 'RO', 'group_by': 'user', 'mode': {'valid': 'full', 'test': 'full'}}]
Wed 28 May 2025 05:55:36 INFO  NGCF(
  (user_embedding): Embedding(515651, 64)
  (item_embedding): Embedding(30253, 64)
  (GNNlayers): ModuleList(
    (0): BiGNNConv(64,64)
    (1): BiGNNConv(64,64)
    (2): BiGNNConv(64,64)
  )
  (mf_loss): BPRLoss()
  (reg_loss): EmbLoss()
)
Trainable parameters: 34962816
Wed 28 May 2025 05:56:41 INFO  epoch 0 training [time: 65.02s, train loss: 114.1468]
Wed 28 May 2025 05:57:46 INFO  epoch 1 training [time: 64.25s, train loss: 100.5918]
Wed 28 May 2025 05:58:50 INFO  epoch 2 training [time: 64.18s, train loss: 79.4018]
Wed 28 May 2025 05:59:54 INFO  epoch 3 training [time: 64.21s, train loss: 69.5769]
Wed 28 May 2025 06:00:58 INFO  epoch 4 training [time: 64.22s, train loss: 62.2210]
Wed 28 May 2025 06:02:03 INFO  epoch 5 training [time: 64.18s, train loss: 55.4703]
Wed 28 May 2025 06:03:07 INFO  epoch 6 training [time: 64.25s, train loss: 48.3937]
Wed 28 May 2025 06:04:11 INFO  epoch 7 training [time: 64.25s, train loss: 41.1422]
Wed 28 May 2025 06:05:15 INFO  epoch 8 training [time: 64.22s, train loss: 34.0597]
Wed 28 May 2025 06:06:19 INFO  epoch 9 training [time: 64.21s, train loss: 27.5722]
Wed 28 May 2025 06:06:49 INFO  valid result: 
recall@10 : 0.0743    recall@20 : 0.0921    ndcg@10 : 0.0546    ndcg@20 : 0.0591    hit@10 : 0.0749    hit@20 : 0.0928    precision@10 : 0.0075    precision@20 : 0.0047
Wed 28 May 2025 06:06:49 INFO  Received 5038 noise pairs for evaluation.
Wed 28 May 2025 06:06:50 INFO  Alignment on noise pairs: 2.1421
Wed 28 May 2025 06:06:50 INFO  epoch 9 evaluating [time: 30.42s, valid_score: 0.054600]
Wed 28 May 2025 06:06:51 INFO  Saving current: saved\NGCF-May-28-2025_05-55-36.pth
Wed 28 May 2025 06:07:56 INFO  epoch 10 training [time: 64.27s, train loss: 21.8833]
Wed 28 May 2025 06:09:00 INFO  epoch 11 training [time: 64.24s, train loss: 17.1694]
Wed 28 May 2025 06:10:04 INFO  epoch 12 training [time: 64.17s, train loss: 13.5897]
Wed 28 May 2025 06:11:08 INFO  epoch 13 training [time: 64.20s, train loss: 10.7468]
Wed 28 May 2025 06:12:13 INFO  epoch 14 training [time: 64.25s, train loss: 8.5634]
Wed 28 May 2025 06:13:17 INFO  epoch 15 training [time: 64.24s, train loss: 6.9518]
Wed 28 May 2025 06:14:21 INFO  epoch 16 training [time: 64.25s, train loss: 5.6151]
Wed 28 May 2025 06:15:25 INFO  epoch 17 training [time: 64.17s, train loss: 4.6864]
Wed 28 May 2025 06:16:29 INFO  epoch 18 training [time: 64.17s, train loss: 3.9026]
Wed 28 May 2025 06:17:34 INFO  epoch 19 training [time: 64.18s, train loss: 3.3359]
Wed 28 May 2025 06:18:04 INFO  valid result: 
recall@10 : 0.0782    recall@20 : 0.0969    ndcg@10 : 0.0618    ndcg@20 : 0.0665    hit@10 : 0.079    hit@20 : 0.0977    precision@10 : 0.0079    precision@20 : 0.0049
Wed 28 May 2025 06:18:04 INFO  Received 5038 noise pairs for evaluation.
Wed 28 May 2025 06:18:04 INFO  Alignment on noise pairs: 2.6545
Wed 28 May 2025 06:18:04 INFO  epoch 19 evaluating [time: 30.60s, valid_score: 0.061800]
Wed 28 May 2025 06:18:06 INFO  Saving current: saved\NGCF-May-28-2025_05-55-36.pth
Wed 28 May 2025 06:19:10 INFO  epoch 20 training [time: 64.35s, train loss: 2.8530]
Wed 28 May 2025 06:20:14 INFO  epoch 21 training [time: 64.20s, train loss: 2.3642]
Wed 28 May 2025 06:21:19 INFO  epoch 22 training [time: 64.17s, train loss: 2.0325]
Wed 28 May 2025 06:22:23 INFO  epoch 23 training [time: 64.26s, train loss: 1.7585]
Wed 28 May 2025 06:23:27 INFO  epoch 24 training [time: 64.21s, train loss: 1.5409]
Wed 28 May 2025 06:24:31 INFO  epoch 25 training [time: 64.26s, train loss: 1.3371]
Wed 28 May 2025 06:25:36 INFO  epoch 26 training [time: 64.25s, train loss: 1.1772]
Wed 28 May 2025 06:26:40 INFO  epoch 27 training [time: 64.22s, train loss: 1.0668]
Wed 28 May 2025 06:27:44 INFO  epoch 28 training [time: 64.25s, train loss: 0.9321]
Wed 28 May 2025 06:28:48 INFO  epoch 29 training [time: 64.21s, train loss: 0.8317]
Wed 28 May 2025 06:29:18 INFO  valid result: 
recall@10 : 0.0822    recall@20 : 0.0995    ndcg@10 : 0.0666    ndcg@20 : 0.071    hit@10 : 0.083    hit@20 : 0.1003    precision@10 : 0.0083    precision@20 : 0.005
Wed 28 May 2025 06:29:18 INFO  Received 5038 noise pairs for evaluation.
Wed 28 May 2025 06:29:19 INFO  Alignment on noise pairs: 3.0616
Wed 28 May 2025 06:29:19 INFO  epoch 29 evaluating [time: 30.78s, valid_score: 0.066600]
Wed 28 May 2025 06:29:21 INFO  Saving current: saved\NGCF-May-28-2025_05-55-36.pth
Wed 28 May 2025 06:30:25 INFO  epoch 30 training [time: 64.42s, train loss: 0.6990]
Wed 28 May 2025 06:31:29 INFO  epoch 31 training [time: 64.20s, train loss: 0.6432]
Wed 28 May 2025 06:32:34 INFO  epoch 32 training [time: 64.17s, train loss: 0.5550]
Wed 28 May 2025 06:33:38 INFO  epoch 33 training [time: 64.17s, train loss: 0.5248]
Wed 28 May 2025 06:34:42 INFO  epoch 34 training [time: 64.22s, train loss: 0.4658]
Wed 28 May 2025 06:35:46 INFO  epoch 35 training [time: 64.31s, train loss: 0.3985]
Wed 28 May 2025 06:36:50 INFO  epoch 36 training [time: 64.24s, train loss: 0.3503]
Wed 28 May 2025 06:37:55 INFO  epoch 37 training [time: 64.25s, train loss: 0.3216]
Wed 28 May 2025 06:38:59 INFO  epoch 38 training [time: 64.23s, train loss: 0.3307]
Wed 28 May 2025 06:40:03 INFO  epoch 39 training [time: 64.25s, train loss: 0.2976]
Wed 28 May 2025 06:40:34 INFO  valid result: 
recall@10 : 0.0866    recall@20 : 0.1015    ndcg@10 : 0.0692    ndcg@20 : 0.073    hit@10 : 0.0873    hit@20 : 0.1023    precision@10 : 0.0087    precision@20 : 0.0051
Wed 28 May 2025 06:40:34 INFO  Received 5038 noise pairs for evaluation.
Wed 28 May 2025 06:40:34 INFO  Alignment on noise pairs: 3.3395
Wed 28 May 2025 06:40:34 INFO  epoch 39 evaluating [time: 31.01s, valid_score: 0.069200]
Wed 28 May 2025 06:40:36 INFO  Saving current: saved\NGCF-May-28-2025_05-55-36.pth
Wed 28 May 2025 06:41:41 INFO  epoch 40 training [time: 65.31s, train loss: 0.2924]
Wed 28 May 2025 06:42:45 INFO  epoch 41 training [time: 64.23s, train loss: 0.2782]
Wed 28 May 2025 06:43:50 INFO  epoch 42 training [time: 64.19s, train loss: 0.2565]
Wed 28 May 2025 06:44:54 INFO  epoch 43 training [time: 64.18s, train loss: 0.2230]
Wed 28 May 2025 06:45:58 INFO  epoch 44 training [time: 63.85s, train loss: 0.2163]
Wed 28 May 2025 06:47:00 INFO  epoch 45 training [time: 61.90s, train loss: 0.1887]
Wed 28 May 2025 06:48:01 INFO  epoch 46 training [time: 61.88s, train loss: 0.1849]
Wed 28 May 2025 06:49:03 INFO  epoch 47 training [time: 61.88s, train loss: 0.2125]
Wed 28 May 2025 06:50:05 INFO  epoch 48 training [time: 61.89s, train loss: 0.1806]
Wed 28 May 2025 06:51:07 INFO  epoch 49 training [time: 61.89s, train loss: 0.1739]
Wed 28 May 2025 06:51:35 INFO  valid result: 
recall@10 : 0.0861    recall@20 : 0.1015    ndcg@10 : 0.0695    ndcg@20 : 0.0734    hit@10 : 0.0868    hit@20 : 0.1023    precision@10 : 0.0087    precision@20 : 0.0051
Wed 28 May 2025 06:51:35 INFO  Received 5038 noise pairs for evaluation.
Wed 28 May 2025 06:51:36 INFO  Alignment on noise pairs: 3.5422
Wed 28 May 2025 06:51:36 INFO  epoch 49 evaluating [time: 28.90s, valid_score: 0.069500]
Wed 28 May 2025 06:51:38 INFO  Saving current: saved\NGCF-May-28-2025_05-55-36.pth
Wed 28 May 2025 06:52:40 INFO  epoch 50 training [time: 61.95s, train loss: 0.1669]
Wed 28 May 2025 06:53:42 INFO  epoch 51 training [time: 61.88s, train loss: 0.1803]
Wed 28 May 2025 06:54:43 INFO  epoch 52 training [time: 61.89s, train loss: 0.1576]
Wed 28 May 2025 06:55:45 INFO  epoch 53 training [time: 61.89s, train loss: 0.1670]
Wed 28 May 2025 06:56:47 INFO  epoch 54 training [time: 61.90s, train loss: 0.1579]
Wed 28 May 2025 06:57:49 INFO  epoch 55 training [time: 61.89s, train loss: 0.1555]
Wed 28 May 2025 06:58:51 INFO  epoch 56 training [time: 61.89s, train loss: 0.1443]
Wed 28 May 2025 06:59:53 INFO  epoch 57 training [time: 61.90s, train loss: 0.1417]
Wed 28 May 2025 07:00:55 INFO  epoch 58 training [time: 61.90s, train loss: 0.1307]
Wed 28 May 2025 07:01:57 INFO  epoch 59 training [time: 61.89s, train loss: 0.1331]
Wed 28 May 2025 07:02:26 INFO  valid result: 
recall@10 : 0.0871    recall@20 : 0.1012    ndcg@10 : 0.0708    ndcg@20 : 0.0743    hit@10 : 0.0877    hit@20 : 0.102    precision@10 : 0.0088    precision@20 : 0.0051
Wed 28 May 2025 07:02:26 INFO  Received 5038 noise pairs for evaluation.
Wed 28 May 2025 07:02:26 INFO  Alignment on noise pairs: 3.6643
Wed 28 May 2025 07:02:26 INFO  epoch 59 evaluating [time: 29.60s, valid_score: 0.070800]
Wed 28 May 2025 07:02:28 INFO  Saving current: saved\NGCF-May-28-2025_05-55-36.pth
Wed 28 May 2025 07:03:30 INFO  epoch 60 training [time: 62.04s, train loss: 0.1349]
Wed 28 May 2025 07:04:32 INFO  epoch 61 training [time: 61.88s, train loss: 0.1445]
Wed 28 May 2025 07:05:34 INFO  epoch 62 training [time: 61.89s, train loss: 0.1415]
Wed 28 May 2025 07:06:36 INFO  epoch 63 training [time: 61.88s, train loss: 0.1534]
Wed 28 May 2025 07:07:38 INFO  epoch 64 training [time: 61.90s, train loss: 0.1172]
Wed 28 May 2025 07:08:39 INFO  epoch 65 training [time: 61.89s, train loss: 0.1260]
Wed 28 May 2025 07:09:41 INFO  epoch 66 training [time: 61.90s, train loss: 0.1156]
Wed 28 May 2025 07:10:43 INFO  epoch 67 training [time: 61.90s, train loss: 0.1176]
Wed 28 May 2025 07:11:45 INFO  epoch 68 training [time: 61.91s, train loss: 0.1328]
Wed 28 May 2025 07:12:47 INFO  epoch 69 training [time: 61.89s, train loss: 0.1220]
Wed 28 May 2025 07:13:16 INFO  valid result: 
recall@10 : 0.0876    recall@20 : 0.1026    ndcg@10 : 0.0704    ndcg@20 : 0.0742    hit@10 : 0.0882    hit@20 : 0.1034    precision@10 : 0.0088    precision@20 : 0.0052
Wed 28 May 2025 07:13:16 INFO  Received 5038 noise pairs for evaluation.
Wed 28 May 2025 07:13:16 INFO  Alignment on noise pairs: 3.7433
Wed 28 May 2025 07:13:16 INFO  epoch 69 evaluating [time: 29.36s, valid_score: 0.070400]
Wed 28 May 2025 07:14:18 INFO  epoch 70 training [time: 61.88s, train loss: 0.1227]
Wed 28 May 2025 07:15:20 INFO  epoch 71 training [time: 61.89s, train loss: 0.1163]
Wed 28 May 2025 07:16:22 INFO  epoch 72 training [time: 61.89s, train loss: 0.1188]
Wed 28 May 2025 07:17:24 INFO  epoch 73 training [time: 61.89s, train loss: 0.1181]
Wed 28 May 2025 07:18:26 INFO  epoch 74 training [time: 61.89s, train loss: 0.1202]
Wed 28 May 2025 07:19:28 INFO  epoch 75 training [time: 61.89s, train loss: 0.1027]
Wed 28 May 2025 07:20:30 INFO  epoch 76 training [time: 61.89s, train loss: 0.1091]
Wed 28 May 2025 07:21:32 INFO  epoch 77 training [time: 61.89s, train loss: 0.1037]
Wed 28 May 2025 07:22:33 INFO  epoch 78 training [time: 61.89s, train loss: 0.1206]
Wed 28 May 2025 07:23:35 INFO  epoch 79 training [time: 61.89s, train loss: 0.1094]
Wed 28 May 2025 07:24:03 INFO  valid result: 
recall@10 : 0.087    recall@20 : 0.1016    ndcg@10 : 0.0705    ndcg@20 : 0.0742    hit@10 : 0.0877    hit@20 : 0.1024    precision@10 : 0.0088    precision@20 : 0.0051
Wed 28 May 2025 07:24:03 INFO  Received 5038 noise pairs for evaluation.
Wed 28 May 2025 07:24:04 INFO  Alignment on noise pairs: 3.7891
Wed 28 May 2025 07:24:04 INFO  epoch 79 evaluating [time: 28.76s, valid_score: 0.070500]
Wed 28 May 2025 07:25:06 INFO  epoch 80 training [time: 61.87s, train loss: 0.1183]
Wed 28 May 2025 07:26:08 INFO  epoch 81 training [time: 61.91s, train loss: 0.1092]
Wed 28 May 2025 07:27:10 INFO  epoch 82 training [time: 61.89s, train loss: 0.1072]
Wed 28 May 2025 07:28:12 INFO  epoch 83 training [time: 61.90s, train loss: 0.1002]
Wed 28 May 2025 07:29:14 INFO  epoch 84 training [time: 61.89s, train loss: 0.0985]
Wed 28 May 2025 07:30:15 INFO  epoch 85 training [time: 61.89s, train loss: 0.1039]
Wed 28 May 2025 07:31:17 INFO  epoch 86 training [time: 61.89s, train loss: 0.0985]
Wed 28 May 2025 07:32:19 INFO  epoch 87 training [time: 61.89s, train loss: 0.1101]
Wed 28 May 2025 07:33:21 INFO  epoch 88 training [time: 61.90s, train loss: 0.0999]
Wed 28 May 2025 07:34:23 INFO  epoch 89 training [time: 61.90s, train loss: 0.1048]
Wed 28 May 2025 07:34:52 INFO  valid result: 
recall@10 : 0.0912    recall@20 : 0.1037    ndcg@10 : 0.074    ndcg@20 : 0.0772    hit@10 : 0.0918    hit@20 : 0.1044    precision@10 : 0.0092    precision@20 : 0.0052
Wed 28 May 2025 07:34:52 INFO  Received 5038 noise pairs for evaluation.
Wed 28 May 2025 07:34:52 INFO  Alignment on noise pairs: 3.8153
Wed 28 May 2025 07:34:52 INFO  epoch 89 evaluating [time: 29.46s, valid_score: 0.074000]
Wed 28 May 2025 07:34:54 INFO  Saving current: saved\NGCF-May-28-2025_05-55-36.pth
Wed 28 May 2025 07:35:56 INFO  epoch 90 training [time: 61.97s, train loss: 0.1155]
Wed 28 May 2025 07:36:58 INFO  epoch 91 training [time: 61.89s, train loss: 0.1091]
Wed 28 May 2025 07:38:00 INFO  epoch 92 training [time: 61.89s, train loss: 0.0975]
Wed 28 May 2025 07:39:02 INFO  epoch 93 training [time: 61.89s, train loss: 0.1010]
Wed 28 May 2025 07:40:04 INFO  epoch 94 training [time: 61.88s, train loss: 0.1022]
Wed 28 May 2025 07:41:05 INFO  epoch 95 training [time: 61.88s, train loss: 0.0978]
Wed 28 May 2025 07:42:07 INFO  epoch 96 training [time: 61.88s, train loss: 0.1184]
Wed 28 May 2025 07:43:09 INFO  epoch 97 training [time: 61.90s, train loss: 0.0941]
Wed 28 May 2025 07:44:11 INFO  epoch 98 training [time: 61.90s, train loss: 0.0943]
Wed 28 May 2025 07:45:13 INFO  epoch 99 training [time: 61.89s, train loss: 0.0885]
Wed 28 May 2025 07:45:42 INFO  valid result: 
recall@10 : 0.0913    recall@20 : 0.1041    ndcg@10 : 0.0755    ndcg@20 : 0.0787    hit@10 : 0.092    hit@20 : 0.1048    precision@10 : 0.0092    precision@20 : 0.0053
Wed 28 May 2025 07:45:42 INFO  Received 5038 noise pairs for evaluation.
Wed 28 May 2025 07:45:43 INFO  Alignment on noise pairs: 3.8319
Wed 28 May 2025 07:45:43 INFO  epoch 99 evaluating [time: 29.60s, valid_score: 0.075500]
Wed 28 May 2025 07:45:44 INFO  Saving current: saved\NGCF-May-28-2025_05-55-36.pth
Wed 28 May 2025 07:46:46 INFO  epoch 100 training [time: 61.96s, train loss: 0.0919]
Wed 28 May 2025 07:47:48 INFO  epoch 101 training [time: 61.89s, train loss: 0.0943]
Wed 28 May 2025 07:48:50 INFO  epoch 102 training [time: 61.89s, train loss: 0.0964]
Wed 28 May 2025 07:49:52 INFO  epoch 103 training [time: 61.88s, train loss: 0.1094]
Wed 28 May 2025 07:50:54 INFO  epoch 104 training [time: 61.87s, train loss: 0.0931]
Wed 28 May 2025 07:51:56 INFO  epoch 105 training [time: 61.89s, train loss: 0.0971]
Wed 28 May 2025 07:52:58 INFO  epoch 106 training [time: 61.89s, train loss: 0.0980]
Wed 28 May 2025 07:53:59 INFO  epoch 107 training [time: 61.89s, train loss: 0.0980]
Wed 28 May 2025 07:55:01 INFO  epoch 108 training [time: 61.88s, train loss: 0.0893]
Wed 28 May 2025 07:56:03 INFO  epoch 109 training [time: 61.88s, train loss: 0.0989]
Wed 28 May 2025 07:56:32 INFO  valid result: 
recall@10 : 0.0907    recall@20 : 0.1036    ndcg@10 : 0.0766    ndcg@20 : 0.0798    hit@10 : 0.0914    hit@20 : 0.1044    precision@10 : 0.0092    precision@20 : 0.0052
Wed 28 May 2025 07:56:32 INFO  Received 5038 noise pairs for evaluation.
Wed 28 May 2025 07:56:32 INFO  Alignment on noise pairs: 3.8276
Wed 28 May 2025 07:56:32 INFO  epoch 109 evaluating [time: 29.02s, valid_score: 0.076600]
Wed 28 May 2025 07:56:34 INFO  Saving current: saved\NGCF-May-28-2025_05-55-36.pth
Wed 28 May 2025 07:57:36 INFO  epoch 110 training [time: 61.96s, train loss: 0.0872]
Wed 28 May 2025 07:58:38 INFO  epoch 111 training [time: 61.90s, train loss: 0.0875]
Wed 28 May 2025 07:59:40 INFO  epoch 112 training [time: 61.90s, train loss: 0.0924]
Wed 28 May 2025 08:00:42 INFO  epoch 113 training [time: 61.89s, train loss: 0.0938]
Wed 28 May 2025 08:01:43 INFO  epoch 114 training [time: 61.90s, train loss: 0.0878]
Wed 28 May 2025 08:02:45 INFO  epoch 115 training [time: 61.89s, train loss: 0.0909]
Wed 28 May 2025 08:03:47 INFO  epoch 116 training [time: 61.88s, train loss: 0.0876]
Wed 28 May 2025 08:04:49 INFO  epoch 117 training [time: 61.88s, train loss: 0.1007]
Wed 28 May 2025 08:05:51 INFO  epoch 118 training [time: 61.90s, train loss: 0.0850]
Wed 28 May 2025 08:06:53 INFO  epoch 119 training [time: 61.89s, train loss: 0.0874]
Wed 28 May 2025 08:07:21 INFO  valid result: 
recall@10 : 0.0891    recall@20 : 0.1052    ndcg@10 : 0.0733    ndcg@20 : 0.0774    hit@10 : 0.0898    hit@20 : 0.106    precision@10 : 0.009    precision@20 : 0.0053
Wed 28 May 2025 08:07:21 INFO  Received 5038 noise pairs for evaluation.
Wed 28 May 2025 08:07:22 INFO  Alignment on noise pairs: 3.8204
Wed 28 May 2025 08:07:22 INFO  epoch 119 evaluating [time: 29.19s, valid_score: 0.073300]
Wed 28 May 2025 08:08:24 INFO  epoch 120 training [time: 61.93s, train loss: 0.0899]
Wed 28 May 2025 08:09:26 INFO  epoch 121 training [time: 61.90s, train loss: 0.0857]
Wed 28 May 2025 08:10:28 INFO  epoch 122 training [time: 61.92s, train loss: 0.0912]
Wed 28 May 2025 08:11:30 INFO  epoch 123 training [time: 61.89s, train loss: 0.0946]
Wed 28 May 2025 08:12:32 INFO  epoch 124 training [time: 61.88s, train loss: 0.0889]
Wed 28 May 2025 08:13:33 INFO  epoch 125 training [time: 61.89s, train loss: 0.0954]
Wed 28 May 2025 08:14:35 INFO  epoch 126 training [time: 61.89s, train loss: 0.0895]
Wed 28 May 2025 08:15:37 INFO  epoch 127 training [time: 61.88s, train loss: 0.0972]
Wed 28 May 2025 08:16:39 INFO  epoch 128 training [time: 61.91s, train loss: 0.0865]
Wed 28 May 2025 08:17:41 INFO  epoch 129 training [time: 61.89s, train loss: 0.0922]
Wed 28 May 2025 08:18:10 INFO  valid result: 
recall@10 : 0.0904    recall@20 : 0.1036    ndcg@10 : 0.0733    ndcg@20 : 0.0766    hit@10 : 0.0911    hit@20 : 0.1043    precision@10 : 0.0091    precision@20 : 0.0052
Wed 28 May 2025 08:18:10 INFO  Received 5038 noise pairs for evaluation.
Wed 28 May 2025 08:18:11 INFO  Alignment on noise pairs: 3.8128
Wed 28 May 2025 08:18:11 INFO  epoch 129 evaluating [time: 29.94s, valid_score: 0.073300]
Wed 28 May 2025 08:19:13 INFO  epoch 130 training [time: 61.87s, train loss: 0.0833]
Wed 28 May 2025 08:20:15 INFO  epoch 131 training [time: 61.89s, train loss: 0.0837]
Wed 28 May 2025 08:21:17 INFO  epoch 132 training [time: 61.89s, train loss: 0.0962]
Wed 28 May 2025 08:22:19 INFO  epoch 133 training [time: 61.89s, train loss: 0.0914]
Wed 28 May 2025 08:23:20 INFO  epoch 134 training [time: 61.90s, train loss: 0.0896]
Wed 28 May 2025 08:24:22 INFO  epoch 135 training [time: 61.97s, train loss: 0.0862]
Wed 28 May 2025 08:25:24 INFO  epoch 136 training [time: 61.90s, train loss: 0.0923]
Wed 28 May 2025 08:26:26 INFO  epoch 137 training [time: 61.89s, train loss: 0.0876]
Wed 28 May 2025 08:27:28 INFO  epoch 138 training [time: 61.89s, train loss: 0.0873]
Wed 28 May 2025 08:28:30 INFO  epoch 139 training [time: 61.89s, train loss: 0.0795]
Wed 28 May 2025 08:28:59 INFO  valid result: 
recall@10 : 0.0895    recall@20 : 0.1035    ndcg@10 : 0.0749    ndcg@20 : 0.0784    hit@10 : 0.0902    hit@20 : 0.1042    precision@10 : 0.009    precision@20 : 0.0052
Wed 28 May 2025 08:28:59 INFO  Received 5038 noise pairs for evaluation.
Wed 28 May 2025 08:29:00 INFO  Alignment on noise pairs: 3.8017
Wed 28 May 2025 08:29:00 INFO  epoch 139 evaluating [time: 30.06s, valid_score: 0.074900]
Wed 28 May 2025 08:29:00 INFO  Finished training, best eval result in epoch 109
Wed 28 May 2025 08:29:00 INFO  Loading model structure and parameters from saved\NGCF-May-28-2025_05-55-36.pth
Wed 28 May 2025 08:32:28 INFO  valid result: 
recall@10 : 0.1786    recall@20 : 0.1915    ndcg@10 : 0.1676    ndcg@20 : 0.1708    hit@10 : 0.1787    hit@20 : 0.1917    precision@10 : 0.0179    precision@20 : 0.0096
Wed 28 May 2025 08:32:28 INFO  Received 5038 noise pairs for evaluation.
Wed 28 May 2025 08:32:28 INFO  Alignment on noise pairs: 3.8279
Wed 28 May 2025 08:32:28 INFO  best valid : OrderedDict([('recall@10', 0.0907), ('recall@20', 0.1036), ('ndcg@10', 0.0766), ('ndcg@20', 0.0798), ('hit@10', 0.0914), ('hit@20', 0.1044), ('precision@10', 0.0092), ('precision@20', 0.0052)])
Wed 28 May 2025 08:32:28 INFO  test result: OrderedDict([('recall@10', 0.1786), ('recall@20', 0.1915), ('ndcg@10', 0.1676), ('ndcg@20', 0.1708), ('hit@10', 0.1787), ('hit@20', 0.1917), ('precision@10', 0.0179), ('precision@20', 0.0096)])
