Sat 05 Apr 2025 02:24:44 INFO  
General Hyper Parameters:
gpu_id = 0
use_gpu = True
seed = 2020
state = INFO
reproducibility = True
data_path = dataset/ml-1m
checkpoint_dir = saved
show_progress = True
save_dataset = False
dataset_save_path = None
save_dataloaders = False
dataloaders_save_path = None
log_wandb = False

Training Hyper Parameters:
epochs = 500
train_batch_size = 500
learner = adam
learning_rate = 0.001
train_neg_sample_args = {'distribution': 'uniform', 'sample_num': 1, 'alpha': 1.0, 'dynamic': False, 'candidate_num': 0}
eval_step = 10
stopping_step = 2
clip_grad_norm = None
weight_decay = 0.0
loss_decimal_place = 4

Evaluation Hyper Parameters:
eval_args = {'split': {'RS': [0.8, 0.1, 0.1]}, 'order': 'RO', 'group_by': 'user', 'mode': {'valid': 'full', 'test': 'full'}}
repeatable = False
metrics = ['Recall', 'NDCG', 'Hit', 'Precision']
topk = [10, 20]
valid_metric = ndcg@10
valid_metric_bigger = True
eval_batch_size = 8196
metric_decimal_place = 4

Dataset Hyper Parameters:
field_separator = 	
seq_separator =  
USER_ID_FIELD = user_id
ITEM_ID_FIELD = item_id
RATING_FIELD = rating
TIME_FIELD = timestamp
seq_len = None
LABEL_FIELD = label
threshold = None
NEG_PREFIX = neg_
load_col = {'inter': ['user_id', 'item_id']}
unload_col = None
unused_col = None
additional_feat_suffix = None
rm_dup_inter = None
val_interval = None
filter_inter_by_user_or_item = True
user_inter_num_interval = [0,inf)
item_inter_num_interval = [0,inf)
alias_of_user_id = None
alias_of_item_id = None
alias_of_entity_id = None
alias_of_relation_id = None
preload_weight = None
normalize_field = None
normalize_all = None
ITEM_LIST_LENGTH_FIELD = item_length
LIST_SUFFIX = _list
MAX_ITEM_LIST_LENGTH = 50
POSITION_FIELD = position_id
HEAD_ENTITY_ID_FIELD = head_id
TAIL_ENTITY_ID_FIELD = tail_id
RELATION_ID_FIELD = relation_id
ENTITY_ID_FIELD = entity_id
benchmark_filename = None

Other Hyper Parameters: 
worker = 0
wandb_project = recbole
shuffle = True
require_pow = False
enable_amp = False
enable_scaler = False
transform = None
numerical_features = []
discretization = None
kg_reverse_r = False
entity_kg_num_interval = [0,inf)
relation_kg_num_interval = [0,inf)
MODEL_TYPE = ModelType.GENERAL
embedding_size = 64
n_layers = 2
dropout = 0.1
temp = 0.5
lambda1 = 0.01
lambda2 = 0.0001
q = 5
eps = 0.2
MODEL_INPUT_TYPE = InputType.PAIRWISE
eval_type = EvaluatorType.RANKING
single_spec = True
local_rank = 0
device = cuda
valid_neg_sample_args = {'distribution': 'uniform', 'sample_num': 'none'}
test_neg_sample_args = {'distribution': 'uniform', 'sample_num': 'none'}


Sat 05 Apr 2025 02:24:46 INFO  ml-1m
The number of users: 6041
Average actions of users: 165.5975165562914
The number of items: 3707
Average actions of items: 269.88909875876953
The number of inters: 1000209
The sparsity of the dataset: 95.53358229599758%
Remain Fields: ['user_id', 'item_id']
Sat 05 Apr 2025 02:24:47 INFO  Generated noise pairs: 47316
Sat 05 Apr 2025 02:24:47 INFO  First few noise pairs: [(1, 2538), (1, 2537), (2, 714), (2, 2745), (2, 3147)]
Sat 05 Apr 2025 02:24:53 INFO  [Training]: train_batch_size = [500] train_neg_sample_args: [{'distribution': 'uniform', 'sample_num': 1, 'alpha': 1.0, 'dynamic': False, 'candidate_num': 0}]
Sat 05 Apr 2025 02:24:53 INFO  [Evaluation]: eval_batch_size = [8196] eval_args: [{'split': {'RS': [0.8, 0.1, 0.1]}, 'order': 'RO', 'group_by': 'user', 'mode': {'valid': 'full', 'test': 'full'}}]
Sat 05 Apr 2025 02:24:55 INFO  LightGCL(
  (act): LeakyReLU(negative_slope=0.5)
  (reg_loss): EmbLoss()
)
Trainable parameters: 623872
Sat 05 Apr 2025 02:25:18 INFO  epoch 0 training [time: 22.20s, train loss: 1199.9177]
Sat 05 Apr 2025 02:25:40 INFO  epoch 1 training [time: 22.60s, train loss: 1186.8482]
Sat 05 Apr 2025 02:26:03 INFO  epoch 2 training [time: 22.46s, train loss: 1187.1755]
Sat 05 Apr 2025 02:26:25 INFO  epoch 3 training [time: 22.64s, train loss: 1185.3724]
Sat 05 Apr 2025 02:26:48 INFO  epoch 4 training [time: 23.03s, train loss: 1186.4450]
Sat 05 Apr 2025 02:27:11 INFO  epoch 5 training [time: 22.52s, train loss: 1185.4232]
Sat 05 Apr 2025 02:27:33 INFO  epoch 6 training [time: 22.07s, train loss: 1186.3069]
Sat 05 Apr 2025 02:27:56 INFO  epoch 7 training [time: 22.72s, train loss: 1185.9845]
Sat 05 Apr 2025 02:28:18 INFO  epoch 8 training [time: 22.29s, train loss: 1185.9676]
Sat 05 Apr 2025 02:28:40 INFO  epoch 9 training [time: 22.54s, train loss: 1186.3011]
Sat 05 Apr 2025 02:28:45 INFO  valid result: 
recall@10 : 0.0638    recall@20 : 0.1103    ndcg@10 : 0.1067    ndcg@20 : 0.1129    hit@10 : 0.4838    hit@20 : 0.6265    precision@10 : 0.0894    precision@20 : 0.0763
Sat 05 Apr 2025 02:28:45 INFO  Received 47316 noise pairs for evaluation.
Sat 05 Apr 2025 02:28:51 INFO  Alignment on noise pairs: 0.7657
Sat 05 Apr 2025 02:28:51 INFO  epoch 9 evaluating [time: 10.13s, valid_score: 0.106700]
Sat 05 Apr 2025 02:28:51 INFO  Saving current: saved\LightGCL-Apr-05-2025_02-24-55.pth
Sat 05 Apr 2025 02:29:14 INFO  epoch 10 training [time: 23.12s, train loss: 1185.7305]
Sat 05 Apr 2025 02:29:36 INFO  epoch 11 training [time: 22.71s, train loss: 1186.0234]
Sat 05 Apr 2025 02:30:00 INFO  epoch 12 training [time: 23.10s, train loss: 1185.1547]
Sat 05 Apr 2025 02:30:23 INFO  epoch 13 training [time: 23.15s, train loss: 1185.3373]
Sat 05 Apr 2025 02:30:46 INFO  epoch 14 training [time: 23.43s, train loss: 1184.7429]
Sat 05 Apr 2025 02:31:09 INFO  epoch 15 training [time: 22.77s, train loss: 1184.3538]
Sat 05 Apr 2025 02:31:32 INFO  epoch 16 training [time: 22.78s, train loss: 1185.3101]
Sat 05 Apr 2025 02:31:55 INFO  epoch 17 training [time: 23.42s, train loss: 1186.0138]
Sat 05 Apr 2025 02:32:18 INFO  epoch 18 training [time: 22.67s, train loss: 1184.8919]
Sat 05 Apr 2025 02:32:41 INFO  epoch 19 training [time: 23.34s, train loss: 1184.4400]
Sat 05 Apr 2025 02:32:46 INFO  valid result: 
recall@10 : 0.0647    recall@20 : 0.1091    ndcg@10 : 0.1067    ndcg@20 : 0.1125    hit@10 : 0.4884    hit@20 : 0.6233    precision@10 : 0.0902    precision@20 : 0.0766
Sat 05 Apr 2025 02:32:46 INFO  Received 47316 noise pairs for evaluation.
Sat 05 Apr 2025 02:32:51 INFO  Alignment on noise pairs: 0.7649
Sat 05 Apr 2025 02:32:51 INFO  epoch 19 evaluating [time: 10.29s, valid_score: 0.106700]
Sat 05 Apr 2025 02:32:51 INFO  Saving current: saved\LightGCL-Apr-05-2025_02-24-55.pth
Sat 05 Apr 2025 02:33:14 INFO  epoch 20 training [time: 22.84s, train loss: 1184.5236]
Sat 05 Apr 2025 02:33:38 INFO  epoch 21 training [time: 23.35s, train loss: 1184.5371]
Sat 05 Apr 2025 02:34:01 INFO  epoch 22 training [time: 23.30s, train loss: 1184.5659]
Sat 05 Apr 2025 02:34:24 INFO  epoch 23 training [time: 23.25s, train loss: 1184.4181]
Sat 05 Apr 2025 02:34:47 INFO  epoch 24 training [time: 22.79s, train loss: 1183.3832]
Sat 05 Apr 2025 02:35:10 INFO  epoch 25 training [time: 23.31s, train loss: 1183.4802]
Sat 05 Apr 2025 02:35:33 INFO  epoch 26 training [time: 22.90s, train loss: 1184.0933]
Sat 05 Apr 2025 02:35:56 INFO  epoch 27 training [time: 22.58s, train loss: 1184.1760]
Sat 05 Apr 2025 02:36:19 INFO  epoch 28 training [time: 23.02s, train loss: 1184.2038]
Sat 05 Apr 2025 02:36:42 INFO  epoch 29 training [time: 23.41s, train loss: 1183.6571]
Sat 05 Apr 2025 02:36:47 INFO  valid result: 
recall@10 : 0.0668    recall@20 : 0.1084    ndcg@10 : 0.109    ndcg@20 : 0.114    hit@10 : 0.4909    hit@20 : 0.6225    precision@10 : 0.0909    precision@20 : 0.0768
Sat 05 Apr 2025 02:36:47 INFO  Received 47316 noise pairs for evaluation.
Sat 05 Apr 2025 02:36:52 INFO  Alignment on noise pairs: 0.7659
Sat 05 Apr 2025 02:36:52 INFO  epoch 29 evaluating [time: 10.20s, valid_score: 0.109000]
Sat 05 Apr 2025 02:36:52 INFO  Saving current: saved\LightGCL-Apr-05-2025_02-24-55.pth
Sat 05 Apr 2025 02:37:15 INFO  epoch 30 training [time: 22.84s, train loss: 1183.6251]
Sat 05 Apr 2025 02:37:38 INFO  epoch 31 training [time: 22.97s, train loss: 1183.3064]
Sat 05 Apr 2025 02:38:01 INFO  epoch 32 training [time: 23.08s, train loss: 1183.0459]
Sat 05 Apr 2025 02:38:25 INFO  epoch 33 training [time: 23.43s, train loss: 1183.6200]
Sat 05 Apr 2025 02:38:48 INFO  epoch 34 training [time: 23.40s, train loss: 1183.2577]
Sat 05 Apr 2025 02:39:11 INFO  epoch 35 training [time: 22.68s, train loss: 1183.0632]
Sat 05 Apr 2025 02:39:34 INFO  epoch 36 training [time: 23.46s, train loss: 1182.4614]
Sat 05 Apr 2025 02:39:58 INFO  epoch 37 training [time: 23.45s, train loss: 1183.2133]
Sat 05 Apr 2025 02:40:21 INFO  epoch 38 training [time: 23.18s, train loss: 1183.0786]
Sat 05 Apr 2025 02:40:44 INFO  epoch 39 training [time: 23.29s, train loss: 1182.8997]
Sat 05 Apr 2025 02:40:49 INFO  valid result: 
recall@10 : 0.0652    recall@20 : 0.1085    ndcg@10 : 0.1078    ndcg@20 : 0.1128    hit@10 : 0.4899    hit@20 : 0.619    precision@10 : 0.0906    precision@20 : 0.0762
Sat 05 Apr 2025 02:40:49 INFO  Received 47316 noise pairs for evaluation.
Sat 05 Apr 2025 02:40:54 INFO  Alignment on noise pairs: 0.7656
Sat 05 Apr 2025 02:40:54 INFO  epoch 39 evaluating [time: 9.92s, valid_score: 0.107800]
Sat 05 Apr 2025 02:41:17 INFO  epoch 40 training [time: 23.15s, train loss: 1182.9366]
Sat 05 Apr 2025 02:41:41 INFO  epoch 41 training [time: 23.31s, train loss: 1182.9829]
Sat 05 Apr 2025 02:42:04 INFO  epoch 42 training [time: 22.90s, train loss: 1183.0078]
Sat 05 Apr 2025 02:42:27 INFO  epoch 43 training [time: 23.04s, train loss: 1182.7708]
Sat 05 Apr 2025 02:42:50 INFO  epoch 44 training [time: 23.50s, train loss: 1182.5385]
Sat 05 Apr 2025 02:43:13 INFO  epoch 45 training [time: 23.44s, train loss: 1183.0678]
Sat 05 Apr 2025 02:43:37 INFO  epoch 46 training [time: 23.55s, train loss: 1183.3926]
Sat 05 Apr 2025 02:44:01 INFO  epoch 47 training [time: 23.58s, train loss: 1182.6037]
Sat 05 Apr 2025 02:44:24 INFO  epoch 48 training [time: 22.97s, train loss: 1182.5622]
Sat 05 Apr 2025 02:44:47 INFO  epoch 49 training [time: 23.53s, train loss: 1182.1286]
Sat 05 Apr 2025 02:44:52 INFO  valid result: 
recall@10 : 0.0639    recall@20 : 0.1114    ndcg@10 : 0.1086    ndcg@20 : 0.1154    hit@10 : 0.4856    hit@20 : 0.6272    precision@10 : 0.0893    precision@20 : 0.0768
Sat 05 Apr 2025 02:44:52 INFO  Received 47316 noise pairs for evaluation.
Sat 05 Apr 2025 02:44:57 INFO  Alignment on noise pairs: 0.7635
Sat 05 Apr 2025 02:44:57 INFO  epoch 49 evaluating [time: 10.10s, valid_score: 0.108600]
Sat 05 Apr 2025 02:45:21 INFO  epoch 50 training [time: 23.78s, train loss: 1181.8971]
Sat 05 Apr 2025 02:45:44 INFO  epoch 51 training [time: 23.41s, train loss: 1182.4057]
Sat 05 Apr 2025 02:46:07 INFO  epoch 52 training [time: 22.75s, train loss: 1182.1425]
Sat 05 Apr 2025 02:46:30 INFO  epoch 53 training [time: 23.31s, train loss: 1182.5743]
Sat 05 Apr 2025 02:46:54 INFO  epoch 54 training [time: 23.44s, train loss: 1182.3824]
Sat 05 Apr 2025 02:47:17 INFO  epoch 55 training [time: 23.32s, train loss: 1181.7313]
Sat 05 Apr 2025 02:47:41 INFO  epoch 56 training [time: 23.46s, train loss: 1182.8733]
Sat 05 Apr 2025 02:48:03 INFO  epoch 57 training [time: 21.94s, train loss: 1182.3834]
Sat 05 Apr 2025 02:48:25 INFO  epoch 58 training [time: 22.14s, train loss: 1181.5643]
Sat 05 Apr 2025 02:48:47 INFO  epoch 59 training [time: 22.30s, train loss: 1182.3819]
Sat 05 Apr 2025 02:48:52 INFO  valid result: 
recall@10 : 0.0656    recall@20 : 0.1111    ndcg@10 : 0.1091    ndcg@20 : 0.1149    hit@10 : 0.4882    hit@20 : 0.6276    precision@10 : 0.0904    precision@20 : 0.0767
Sat 05 Apr 2025 02:48:52 INFO  Received 47316 noise pairs for evaluation.
Sat 05 Apr 2025 02:48:58 INFO  Alignment on noise pairs: 0.7627
Sat 05 Apr 2025 02:48:58 INFO  epoch 59 evaluating [time: 10.46s, valid_score: 0.109100]
Sat 05 Apr 2025 02:48:58 INFO  Saving current: saved\LightGCL-Apr-05-2025_02-24-55.pth
Sat 05 Apr 2025 02:49:20 INFO  epoch 60 training [time: 21.97s, train loss: 1181.9183]
Sat 05 Apr 2025 02:49:42 INFO  epoch 61 training [time: 22.30s, train loss: 1181.7755]
Sat 05 Apr 2025 02:50:04 INFO  epoch 62 training [time: 21.73s, train loss: 1181.6210]
Sat 05 Apr 2025 02:50:26 INFO  epoch 63 training [time: 22.25s, train loss: 1182.9504]
Sat 05 Apr 2025 02:50:48 INFO  epoch 64 training [time: 22.29s, train loss: 1182.2789]
Sat 05 Apr 2025 02:51:10 INFO  epoch 65 training [time: 21.92s, train loss: 1181.7162]
Sat 05 Apr 2025 02:51:32 INFO  epoch 66 training [time: 21.76s, train loss: 1182.3719]
Sat 05 Apr 2025 02:51:54 INFO  epoch 67 training [time: 22.03s, train loss: 1181.4170]
Sat 05 Apr 2025 02:52:16 INFO  epoch 68 training [time: 22.13s, train loss: 1181.1958]
Sat 05 Apr 2025 02:52:38 INFO  epoch 69 training [time: 22.08s, train loss: 1181.3177]
Sat 05 Apr 2025 02:52:43 INFO  valid result: 
recall@10 : 0.0651    recall@20 : 0.1079    ndcg@10 : 0.1086    ndcg@20 : 0.1132    hit@10 : 0.4889    hit@20 : 0.6225    precision@10 : 0.0905    precision@20 : 0.0759
Sat 05 Apr 2025 02:52:43 INFO  Received 47316 noise pairs for evaluation.
Sat 05 Apr 2025 02:52:49 INFO  Alignment on noise pairs: 0.7644
Sat 05 Apr 2025 02:52:49 INFO  epoch 69 evaluating [time: 10.64s, valid_score: 0.108600]
Sat 05 Apr 2025 02:53:11 INFO  epoch 70 training [time: 22.43s, train loss: 1181.5572]
Sat 05 Apr 2025 02:53:33 INFO  epoch 71 training [time: 22.08s, train loss: 1181.2010]
Sat 05 Apr 2025 02:53:55 INFO  epoch 72 training [time: 21.97s, train loss: 1181.7181]
Sat 05 Apr 2025 02:54:17 INFO  epoch 73 training [time: 21.99s, train loss: 1182.0349]
Sat 05 Apr 2025 02:54:39 INFO  epoch 74 training [time: 21.96s, train loss: 1181.8133]
Sat 05 Apr 2025 02:55:01 INFO  epoch 75 training [time: 22.01s, train loss: 1181.4977]
Sat 05 Apr 2025 02:55:23 INFO  epoch 76 training [time: 21.99s, train loss: 1181.4666]
Sat 05 Apr 2025 02:55:45 INFO  epoch 77 training [time: 22.05s, train loss: 1182.1153]
Sat 05 Apr 2025 02:56:07 INFO  epoch 78 training [time: 21.66s, train loss: 1182.6636]
Sat 05 Apr 2025 02:56:28 INFO  epoch 79 training [time: 21.45s, train loss: 1181.6572]
Sat 05 Apr 2025 02:56:33 INFO  valid result: 
recall@10 : 0.0649    recall@20 : 0.1099    ndcg@10 : 0.1078    ndcg@20 : 0.1137    hit@10 : 0.4859    hit@20 : 0.6253    precision@10 : 0.0897    precision@20 : 0.0769
Sat 05 Apr 2025 02:56:33 INFO  Received 47316 noise pairs for evaluation.
Sat 05 Apr 2025 02:56:39 INFO  Alignment on noise pairs: 0.7645
Sat 05 Apr 2025 02:56:39 INFO  epoch 79 evaluating [time: 10.31s, valid_score: 0.107800]
Sat 05 Apr 2025 02:57:01 INFO  epoch 80 training [time: 22.23s, train loss: 1181.6416]
Sat 05 Apr 2025 02:57:22 INFO  epoch 81 training [time: 21.50s, train loss: 1181.6618]
Sat 05 Apr 2025 02:57:44 INFO  epoch 82 training [time: 21.92s, train loss: 1182.0348]
Sat 05 Apr 2025 02:58:06 INFO  epoch 83 training [time: 21.57s, train loss: 1182.5743]
Sat 05 Apr 2025 02:58:28 INFO  epoch 84 training [time: 22.09s, train loss: 1182.1528]
Sat 05 Apr 2025 02:58:50 INFO  epoch 85 training [time: 22.11s, train loss: 1181.3858]
Sat 05 Apr 2025 02:59:12 INFO  epoch 86 training [time: 22.11s, train loss: 1181.5881]
Sat 05 Apr 2025 02:59:34 INFO  epoch 87 training [time: 22.16s, train loss: 1181.6227]
Sat 05 Apr 2025 02:59:56 INFO  epoch 88 training [time: 22.13s, train loss: 1181.2668]
Sat 05 Apr 2025 03:00:19 INFO  epoch 89 training [time: 22.19s, train loss: 1182.2834]
Sat 05 Apr 2025 03:00:23 INFO  valid result: 
recall@10 : 0.0661    recall@20 : 0.1099    ndcg@10 : 0.1099    ndcg@20 : 0.1147    hit@10 : 0.4952    hit@20 : 0.6233    precision@10 : 0.0916    precision@20 : 0.0768
Sat 05 Apr 2025 03:00:23 INFO  Received 47316 noise pairs for evaluation.
Sat 05 Apr 2025 03:00:29 INFO  Alignment on noise pairs: 0.7629
Sat 05 Apr 2025 03:00:29 INFO  epoch 89 evaluating [time: 10.06s, valid_score: 0.109900]
Sat 05 Apr 2025 03:00:29 INFO  Saving current: saved\LightGCL-Apr-05-2025_02-24-55.pth
Sat 05 Apr 2025 03:00:51 INFO  epoch 90 training [time: 21.88s, train loss: 1181.6962]
Sat 05 Apr 2025 03:01:13 INFO  epoch 91 training [time: 22.06s, train loss: 1180.7397]
Sat 05 Apr 2025 03:01:35 INFO  epoch 92 training [time: 22.08s, train loss: 1181.2482]
Sat 05 Apr 2025 03:01:57 INFO  epoch 93 training [time: 22.05s, train loss: 1181.2553]
Sat 05 Apr 2025 03:02:18 INFO  epoch 94 training [time: 21.60s, train loss: 1181.8053]
Sat 05 Apr 2025 03:02:40 INFO  epoch 95 training [time: 22.07s, train loss: 1180.6939]
Sat 05 Apr 2025 03:03:02 INFO  epoch 96 training [time: 22.04s, train loss: 1181.7747]
Sat 05 Apr 2025 03:03:25 INFO  epoch 97 training [time: 22.03s, train loss: 1182.0933]
Sat 05 Apr 2025 03:03:47 INFO  epoch 98 training [time: 22.13s, train loss: 1180.9355]
Sat 05 Apr 2025 03:04:09 INFO  epoch 99 training [time: 22.00s, train loss: 1180.7299]
Sat 05 Apr 2025 03:04:13 INFO  valid result: 
recall@10 : 0.0647    recall@20 : 0.1117    ndcg@10 : 0.1085    ndcg@20 : 0.1149    hit@10 : 0.4904    hit@20 : 0.6295    precision@10 : 0.0905    precision@20 : 0.0774
Sat 05 Apr 2025 03:04:13 INFO  Received 47316 noise pairs for evaluation.
Sat 05 Apr 2025 03:04:19 INFO  Alignment on noise pairs: 0.7619
Sat 05 Apr 2025 03:04:19 INFO  epoch 99 evaluating [time: 10.09s, valid_score: 0.108500]
Sat 05 Apr 2025 03:04:41 INFO  epoch 100 training [time: 22.26s, train loss: 1181.5898]
Sat 05 Apr 2025 03:05:03 INFO  epoch 101 training [time: 22.08s, train loss: 1181.5050]
Sat 05 Apr 2025 03:05:25 INFO  epoch 102 training [time: 22.06s, train loss: 1182.2559]
Sat 05 Apr 2025 03:05:47 INFO  epoch 103 training [time: 21.73s, train loss: 1181.0577]
Sat 05 Apr 2025 03:06:08 INFO  epoch 104 training [time: 21.44s, train loss: 1181.3253]
Sat 05 Apr 2025 03:06:30 INFO  epoch 105 training [time: 21.94s, train loss: 1181.7170]
Sat 05 Apr 2025 03:06:52 INFO  epoch 106 training [time: 21.65s, train loss: 1182.0518]
Sat 05 Apr 2025 03:07:14 INFO  epoch 107 training [time: 21.75s, train loss: 1181.4115]
Sat 05 Apr 2025 03:07:35 INFO  epoch 108 training [time: 21.48s, train loss: 1181.4102]
Sat 05 Apr 2025 03:07:57 INFO  epoch 109 training [time: 21.86s, train loss: 1180.3881]
Sat 05 Apr 2025 03:08:02 INFO  valid result: 
recall@10 : 0.0657    recall@20 : 0.1093    ndcg@10 : 0.1091    ndcg@20 : 0.1138    hit@10 : 0.4924    hit@20 : 0.6217    precision@10 : 0.0911    precision@20 : 0.0764
Sat 05 Apr 2025 03:08:02 INFO  Received 47316 noise pairs for evaluation.
Sat 05 Apr 2025 03:08:07 INFO  Alignment on noise pairs: 0.7630
Sat 05 Apr 2025 03:08:07 INFO  epoch 109 evaluating [time: 10.39s, valid_score: 0.109100]
Sat 05 Apr 2025 03:08:30 INFO  epoch 110 training [time: 22.31s, train loss: 1180.8174]
Sat 05 Apr 2025 03:08:52 INFO  epoch 111 training [time: 22.05s, train loss: 1181.3525]
Sat 05 Apr 2025 03:09:14 INFO  epoch 112 training [time: 21.87s, train loss: 1180.7835]
Sat 05 Apr 2025 03:09:36 INFO  epoch 113 training [time: 22.11s, train loss: 1180.7850]
Sat 05 Apr 2025 03:09:58 INFO  epoch 114 training [time: 22.03s, train loss: 1180.9522]
Sat 05 Apr 2025 03:10:20 INFO  epoch 115 training [time: 21.76s, train loss: 1181.2077]
Sat 05 Apr 2025 03:10:42 INFO  epoch 116 training [time: 22.09s, train loss: 1181.6259]
Sat 05 Apr 2025 03:11:04 INFO  epoch 117 training [time: 22.17s, train loss: 1180.8459]
Sat 05 Apr 2025 03:11:26 INFO  epoch 118 training [time: 21.84s, train loss: 1180.9847]
Sat 05 Apr 2025 03:11:48 INFO  epoch 119 training [time: 22.20s, train loss: 1180.9223]
Sat 05 Apr 2025 03:11:52 INFO  valid result: 
recall@10 : 0.0666    recall@20 : 0.1108    ndcg@10 : 0.1097    ndcg@20 : 0.1151    hit@10 : 0.4912    hit@20 : 0.6253    precision@10 : 0.091    precision@20 : 0.0768
Sat 05 Apr 2025 03:11:52 INFO  Received 47316 noise pairs for evaluation.
Sat 05 Apr 2025 03:11:58 INFO  Alignment on noise pairs: 0.7626
Sat 05 Apr 2025 03:11:58 INFO  epoch 119 evaluating [time: 10.05s, valid_score: 0.109700]
Sat 05 Apr 2025 03:11:58 INFO  Finished training, best eval result in epoch 89
Sat 05 Apr 2025 03:11:58 INFO  Loading model structure and parameters from saved\LightGCL-Apr-05-2025_02-24-55.pth
Sat 05 Apr 2025 03:12:04 INFO  valid result: 
recall@10 : 0.0721    recall@20 : 0.1168    ndcg@10 : 0.1321    ndcg@20 : 0.1314    hit@10 : 0.5119    hit@20 : 0.6361    precision@10 : 0.1083    precision@20 : 0.0869
Sat 05 Apr 2025 03:12:04 INFO  Received 47316 noise pairs for evaluation.
Sat 05 Apr 2025 03:12:10 INFO  Alignment on noise pairs: 0.7629
Sat 05 Apr 2025 03:12:10 INFO  best valid : OrderedDict([('recall@10', 0.0661), ('recall@20', 0.1099), ('ndcg@10', 0.1099), ('ndcg@20', 0.1147), ('hit@10', 0.4952), ('hit@20', 0.6233), ('precision@10', 0.0916), ('precision@20', 0.0768)])
Sat 05 Apr 2025 03:12:10 INFO  test result: OrderedDict([('recall@10', 0.0721), ('recall@20', 0.1168), ('ndcg@10', 0.1321), ('ndcg@20', 0.1314), ('hit@10', 0.5119), ('hit@20', 0.6361), ('precision@10', 0.1083), ('precision@20', 0.0869)])
