Fri 30 May 2025 06:58:46 INFO  
General Hyper Parameters:
gpu_id = 0
use_gpu = True
seed = 2020
state = INFO
reproducibility = True
data_path = dataset/ml-1m
checkpoint_dir = saved
show_progress = True
save_dataset = False
dataset_save_path = None
save_dataloaders = False
dataloaders_save_path = None
log_wandb = False

Training Hyper Parameters:
epochs = 500
train_batch_size = 500
learner = adam
learning_rate = 0.001
train_neg_sample_args = {'distribution': 'uniform', 'sample_num': 1, 'alpha': 1.0, 'dynamic': False, 'candidate_num': 0}
eval_step = 10
stopping_step = 2
clip_grad_norm = None
weight_decay = 0.0
loss_decimal_place = 4

Evaluation Hyper Parameters:
eval_args = {'split': {'RS': [0.8, 0.1, 0.1]}, 'order': 'RO', 'group_by': 'user', 'mode': {'valid': 'full', 'test': 'full'}}
repeatable = False
metrics = ['Recall', 'NDCG', 'Hit', 'Precision']
topk = [10, 20]
valid_metric = unpopular/ndcg@10
valid_metric_bigger = True
eval_batch_size = 8196
metric_decimal_place = 4

Dataset Hyper Parameters:
field_separator = 	
seq_separator =  
USER_ID_FIELD = user_id
ITEM_ID_FIELD = item_id
RATING_FIELD = rating
TIME_FIELD = timestamp
seq_len = None
LABEL_FIELD = label
threshold = None
NEG_PREFIX = neg_
load_col = {'inter': ['user_id', 'item_id']}
unload_col = None
unused_col = None
additional_feat_suffix = None
rm_dup_inter = None
val_interval = None
filter_inter_by_user_or_item = True
user_inter_num_interval = [0,inf)
item_inter_num_interval = [0,inf)
alias_of_user_id = None
alias_of_item_id = None
alias_of_entity_id = None
alias_of_relation_id = None
preload_weight = None
normalize_field = None
normalize_all = None
ITEM_LIST_LENGTH_FIELD = item_length
LIST_SUFFIX = _list
MAX_ITEM_LIST_LENGTH = 50
POSITION_FIELD = position_id
HEAD_ENTITY_ID_FIELD = head_id
TAIL_ENTITY_ID_FIELD = tail_id
RELATION_ID_FIELD = relation_id
ENTITY_ID_FIELD = entity_id
benchmark_filename = None

Other Hyper Parameters: 
worker = 0
wandb_project = recbole
shuffle = True
require_pow = False
enable_amp = False
enable_scaler = False
transform = None
numerical_features = []
discretization = None
kg_reverse_r = False
entity_kg_num_interval = [0,inf)
relation_kg_num_interval = [0,inf)
MODEL_TYPE = ModelType.GENERAL
embedding_size = 64
n_layers = 2
dropout = 0.1
temp = 0.8
lambda1 = 0.01
lambda2 = 0.0001
q = 5
eps = 0.2
MODEL_INPUT_TYPE = InputType.PAIRWISE
eval_type = EvaluatorType.RANKING
single_spec = True
local_rank = 0
device = cuda
valid_neg_sample_args = {'distribution': 'uniform', 'sample_num': 'none'}
test_neg_sample_args = {'distribution': 'uniform', 'sample_num': 'none'}


Fri 30 May 2025 06:58:48 INFO  ml-1m
The number of users: 6041
Average actions of users: 165.5975165562914
The number of items: 3707
Average actions of items: 269.88909875876953
The number of inters: 1000209
The sparsity of the dataset: 95.53358229599758%
Remain Fields: ['user_id', 'item_id']
Fri 30 May 2025 06:58:49 INFO  [Training]: train_batch_size = [500] train_neg_sample_args: [{'distribution': 'uniform', 'sample_num': 1, 'alpha': 1.0, 'dynamic': False, 'candidate_num': 0}]
Fri 30 May 2025 06:58:49 INFO  [Evaluation]: eval_batch_size = [8196] eval_args: [{'split': {'RS': [0.8, 0.1, 0.1]}, 'order': 'RO', 'group_by': 'user', 'mode': {'valid': 'full', 'test': 'full'}}]
Fri 30 May 2025 06:58:51 INFO  LightGCL(
  (act): LeakyReLU(negative_slope=0.5)
  (reg_loss): EmbLoss()
)
Trainable parameters: 623872
Fri 30 May 2025 06:59:17 INFO  epoch 0 training [time: 25.13s, train loss: 1092.6783]
Fri 30 May 2025 06:59:46 INFO  epoch 1 training [time: 29.49s, train loss: 1076.1634]
Fri 30 May 2025 07:00:15 INFO  epoch 2 training [time: 29.39s, train loss: 1077.2801]
Fri 30 May 2025 07:00:45 INFO  epoch 3 training [time: 29.45s, train loss: 1076.2046]
Fri 30 May 2025 07:01:14 INFO  epoch 4 training [time: 29.49s, train loss: 1076.7957]
Fri 30 May 2025 07:01:44 INFO  epoch 5 training [time: 29.29s, train loss: 1076.2453]
Fri 30 May 2025 07:02:07 INFO  epoch 6 training [time: 23.09s, train loss: 1075.4264]
Fri 30 May 2025 07:02:28 INFO  epoch 7 training [time: 21.31s, train loss: 1076.2961]
Fri 30 May 2025 07:02:50 INFO  epoch 8 training [time: 21.78s, train loss: 1076.0525]
Fri 30 May 2025 07:03:12 INFO  epoch 9 training [time: 21.66s, train loss: 1076.0004]
Fri 30 May 2025 07:03:16 INFO  epoch 9 evaluating [time: 4.79s, valid_score: 0.085600]
Fri 30 May 2025 07:03:16 INFO  valid result: 
popular : OrderedDict([('recall@10', 0.0447), ('recall@20', 0.0765), ('ndcg@10', 0.2798), ('ndcg@20', 0.2514), ('hit@10', 0.9371), ('hit@20', 0.9851), ('precision@10', 0.2677), ('precision@20', 0.2329)])    unpopular : OrderedDict([('recall@10', 0.071), ('recall@20', 0.1171), ('ndcg@10', 0.0856), ('ndcg@20', 0.0959), ('hit@10', 0.4408), ('hit@20', 0.5868), ('precision@10', 0.0675), ('precision@20', 0.056)])
Fri 30 May 2025 07:03:16 INFO  Saving current: saved\LightGCL-May-30-2025_06-58-51.pth
Fri 30 May 2025 07:03:38 INFO  epoch 10 training [time: 21.99s, train loss: 1076.1294]
Fri 30 May 2025 07:04:00 INFO  epoch 11 training [time: 21.98s, train loss: 1075.9397]
Fri 30 May 2025 07:04:22 INFO  epoch 12 training [time: 21.87s, train loss: 1075.5928]
Fri 30 May 2025 07:04:44 INFO  epoch 13 training [time: 21.70s, train loss: 1075.4213]
Fri 30 May 2025 07:05:06 INFO  epoch 14 training [time: 22.01s, train loss: 1075.8813]
Fri 30 May 2025 07:05:28 INFO  epoch 15 training [time: 22.04s, train loss: 1074.9940]
Fri 30 May 2025 07:05:49 INFO  epoch 16 training [time: 21.42s, train loss: 1074.9098]
Fri 30 May 2025 07:06:11 INFO  epoch 17 training [time: 21.73s, train loss: 1075.0777]
Fri 30 May 2025 07:06:33 INFO  epoch 18 training [time: 21.62s, train loss: 1077.0347]
Fri 30 May 2025 07:06:54 INFO  epoch 19 training [time: 21.68s, train loss: 1075.8751]
Fri 30 May 2025 07:06:59 INFO  epoch 19 evaluating [time: 5.00s, valid_score: 0.087000]
Fri 30 May 2025 07:06:59 INFO  valid result: 
popular : OrderedDict([('recall@10', 0.0443), ('recall@20', 0.0779), ('ndcg@10', 0.2771), ('ndcg@20', 0.252), ('hit@10', 0.9238), ('hit@20', 0.9801), ('precision@10', 0.2661), ('precision@20', 0.2359)])    unpopular : OrderedDict([('recall@10', 0.0694), ('recall@20', 0.1179), ('ndcg@10', 0.087), ('ndcg@20', 0.0981), ('hit@10', 0.4336), ('hit@20', 0.5865), ('precision@10', 0.0669), ('precision@20', 0.0565)])
Fri 30 May 2025 07:06:59 INFO  Saving current: saved\LightGCL-May-30-2025_06-58-51.pth
Fri 30 May 2025 07:07:21 INFO  epoch 20 training [time: 21.50s, train loss: 1076.2757]
Fri 30 May 2025 07:07:43 INFO  epoch 21 training [time: 21.98s, train loss: 1075.9013]
Fri 30 May 2025 07:08:04 INFO  epoch 22 training [time: 21.45s, train loss: 1076.1858]
Fri 30 May 2025 07:08:26 INFO  epoch 23 training [time: 21.45s, train loss: 1074.3981]
Fri 30 May 2025 07:08:48 INFO  epoch 24 training [time: 21.74s, train loss: 1075.0253]
Fri 30 May 2025 07:09:09 INFO  epoch 25 training [time: 21.29s, train loss: 1074.3342]
Fri 30 May 2025 07:09:31 INFO  epoch 26 training [time: 21.96s, train loss: 1074.8114]
Fri 30 May 2025 07:09:52 INFO  epoch 27 training [time: 21.54s, train loss: 1074.6745]
Fri 30 May 2025 07:10:14 INFO  epoch 28 training [time: 21.60s, train loss: 1074.9669]
Fri 30 May 2025 07:10:36 INFO  epoch 29 training [time: 21.65s, train loss: 1075.3835]
Fri 30 May 2025 07:10:41 INFO  epoch 29 evaluating [time: 4.96s, valid_score: 0.087600]
Fri 30 May 2025 07:10:41 INFO  valid result: 
popular : OrderedDict([('recall@10', 0.0446), ('recall@20', 0.0781), ('ndcg@10', 0.2779), ('ndcg@20', 0.2526), ('hit@10', 0.9371), ('hit@20', 0.9801), ('precision@10', 0.2685), ('precision@20', 0.2368)])    unpopular : OrderedDict([('recall@10', 0.069), ('recall@20', 0.118), ('ndcg@10', 0.0876), ('ndcg@20', 0.0989), ('hit@10', 0.4286), ('hit@20', 0.5876), ('precision@10', 0.0669), ('precision@20', 0.0568)])
Fri 30 May 2025 07:10:41 INFO  Saving current: saved\LightGCL-May-30-2025_06-58-51.pth
Fri 30 May 2025 07:11:02 INFO  epoch 30 training [time: 21.85s, train loss: 1075.2416]
Fri 30 May 2025 07:11:24 INFO  epoch 31 training [time: 21.64s, train loss: 1074.0544]
Fri 30 May 2025 07:11:46 INFO  epoch 32 training [time: 21.71s, train loss: 1074.4858]
Fri 30 May 2025 07:12:08 INFO  epoch 33 training [time: 22.10s, train loss: 1074.7926]
Fri 30 May 2025 07:12:29 INFO  epoch 34 training [time: 21.53s, train loss: 1073.8521]
Fri 30 May 2025 07:12:51 INFO  epoch 35 training [time: 21.80s, train loss: 1073.5832]
Fri 30 May 2025 07:13:13 INFO  epoch 36 training [time: 21.66s, train loss: 1074.4361]
Fri 30 May 2025 07:13:34 INFO  epoch 37 training [time: 21.61s, train loss: 1073.6884]
Fri 30 May 2025 07:13:57 INFO  epoch 38 training [time: 22.06s, train loss: 1073.2885]
Fri 30 May 2025 07:14:18 INFO  epoch 39 training [time: 21.63s, train loss: 1073.0440]
Fri 30 May 2025 07:14:23 INFO  epoch 39 evaluating [time: 4.96s, valid_score: 0.088300]
Fri 30 May 2025 07:14:23 INFO  valid result: 
popular : OrderedDict([('recall@10', 0.0449), ('recall@20', 0.0783), ('ndcg@10', 0.2818), ('ndcg@20', 0.2546), ('hit@10', 0.9305), ('hit@20', 0.9818), ('precision@10', 0.2702), ('precision@20', 0.2373)])    unpopular : OrderedDict([('recall@10', 0.0693), ('recall@20', 0.1146), ('ndcg@10', 0.0883), ('ndcg@20', 0.098), ('hit@10', 0.4352), ('hit@20', 0.5791), ('precision@10', 0.0673), ('precision@20', 0.0561)])
Fri 30 May 2025 07:14:23 INFO  Saving current: saved\LightGCL-May-30-2025_06-58-51.pth
Fri 30 May 2025 07:14:45 INFO  epoch 40 training [time: 22.00s, train loss: 1074.4844]
Fri 30 May 2025 07:15:07 INFO  epoch 41 training [time: 21.39s, train loss: 1073.4902]
Fri 30 May 2025 07:15:28 INFO  epoch 42 training [time: 21.84s, train loss: 1073.6800]
Fri 30 May 2025 07:15:50 INFO  epoch 43 training [time: 21.95s, train loss: 1074.1278]
Fri 30 May 2025 07:16:12 INFO  epoch 44 training [time: 21.86s, train loss: 1074.3849]
Fri 30 May 2025 07:16:34 INFO  epoch 45 training [time: 21.76s, train loss: 1073.2783]
Fri 30 May 2025 07:16:55 INFO  epoch 46 training [time: 21.42s, train loss: 1073.4903]
Fri 30 May 2025 07:17:17 INFO  epoch 47 training [time: 21.86s, train loss: 1073.6492]
Fri 30 May 2025 07:17:39 INFO  epoch 48 training [time: 21.67s, train loss: 1073.9940]
Fri 30 May 2025 07:18:01 INFO  epoch 49 training [time: 22.13s, train loss: 1073.9384]
Fri 30 May 2025 07:18:06 INFO  epoch 49 evaluating [time: 5.02s, valid_score: 0.086800]
Fri 30 May 2025 07:18:06 INFO  valid result: 
popular : OrderedDict([('recall@10', 0.0452), ('recall@20', 0.0782), ('ndcg@10', 0.284), ('ndcg@20', 0.2547), ('hit@10', 0.9371), ('hit@20', 0.9851), ('precision@10', 0.2717), ('precision@20', 0.2362)])    unpopular : OrderedDict([('recall@10', 0.0702), ('recall@20', 0.1169), ('ndcg@10', 0.0868), ('ndcg@20', 0.0972), ('hit@10', 0.4352), ('hit@20', 0.5848), ('precision@10', 0.0676), ('precision@20', 0.0567)])
Fri 30 May 2025 07:18:28 INFO  epoch 50 training [time: 21.73s, train loss: 1073.3488]
Fri 30 May 2025 07:18:50 INFO  epoch 51 training [time: 22.29s, train loss: 1074.0902]
Fri 30 May 2025 07:19:12 INFO  epoch 52 training [time: 21.62s, train loss: 1073.1446]
Fri 30 May 2025 07:19:33 INFO  epoch 53 training [time: 21.28s, train loss: 1073.6550]
Fri 30 May 2025 07:19:55 INFO  epoch 54 training [time: 21.81s, train loss: 1072.6956]
Fri 30 May 2025 07:20:16 INFO  epoch 55 training [time: 21.38s, train loss: 1073.1330]
Fri 30 May 2025 07:20:38 INFO  epoch 56 training [time: 21.81s, train loss: 1073.0278]
Fri 30 May 2025 07:21:00 INFO  epoch 57 training [time: 21.78s, train loss: 1073.0258]
Fri 30 May 2025 07:21:21 INFO  epoch 58 training [time: 21.19s, train loss: 1073.2824]
Fri 30 May 2025 07:21:43 INFO  epoch 59 training [time: 21.80s, train loss: 1073.7726]
Fri 30 May 2025 07:21:48 INFO  epoch 59 evaluating [time: 4.79s, valid_score: 0.087800]
Fri 30 May 2025 07:21:48 INFO  valid result: 
popular : OrderedDict([('recall@10', 0.0447), ('recall@20', 0.078), ('ndcg@10', 0.2808), ('ndcg@20', 0.2544), ('hit@10', 0.9321), ('hit@20', 0.9818), ('precision@10', 0.2677), ('precision@20', 0.2363)])    unpopular : OrderedDict([('recall@10', 0.0703), ('recall@20', 0.1162), ('ndcg@10', 0.0878), ('ndcg@20', 0.0976), ('hit@10', 0.4336), ('hit@20', 0.583), ('precision@10', 0.0678), ('precision@20', 0.0562)])
Fri 30 May 2025 07:22:10 INFO  epoch 60 training [time: 22.00s, train loss: 1072.9075]
Fri 30 May 2025 07:22:31 INFO  epoch 61 training [time: 21.93s, train loss: 1073.0205]
Fri 30 May 2025 07:22:53 INFO  epoch 62 training [time: 21.32s, train loss: 1072.7843]
Fri 30 May 2025 07:23:15 INFO  epoch 63 training [time: 21.75s, train loss: 1072.8027]
Fri 30 May 2025 07:23:36 INFO  epoch 64 training [time: 21.51s, train loss: 1072.4771]
Fri 30 May 2025 07:23:58 INFO  epoch 65 training [time: 21.75s, train loss: 1072.7359]
Fri 30 May 2025 07:24:20 INFO  epoch 66 training [time: 21.70s, train loss: 1073.3965]
Fri 30 May 2025 07:24:41 INFO  epoch 67 training [time: 21.86s, train loss: 1072.1900]
Fri 30 May 2025 07:25:03 INFO  epoch 68 training [time: 21.92s, train loss: 1073.2492]
Fri 30 May 2025 07:25:25 INFO  epoch 69 training [time: 21.50s, train loss: 1072.8622]
Fri 30 May 2025 07:25:30 INFO  epoch 69 evaluating [time: 5.15s, valid_score: 0.085700]
Fri 30 May 2025 07:25:30 INFO  valid result: 
popular : OrderedDict([('recall@10', 0.0442), ('recall@20', 0.0783), ('ndcg@10', 0.2803), ('ndcg@20', 0.255), ('hit@10', 0.9338), ('hit@20', 0.9834), ('precision@10', 0.2656), ('precision@20', 0.2366)])    unpopular : OrderedDict([('recall@10', 0.0693), ('recall@20', 0.1182), ('ndcg@10', 0.0857), ('ndcg@20', 0.0969), ('hit@10', 0.4338), ('hit@20', 0.5881), ('precision@10', 0.0669), ('precision@20', 0.0568)])
Fri 30 May 2025 07:25:30 INFO  Finished training, best eval result in epoch 39
Fri 30 May 2025 07:25:30 INFO  Loading model structure and parameters from saved\LightGCL-May-30-2025_06-58-51.pth
Fri 30 May 2025 07:25:36 INFO  best valid : OrderedDict([('popular', OrderedDict([('recall@10', 0.0449), ('recall@20', 0.0783), ('ndcg@10', 0.2818), ('ndcg@20', 0.2546), ('hit@10', 0.9305), ('hit@20', 0.9818), ('precision@10', 0.2702), ('precision@20', 0.2373)])), ('unpopular', OrderedDict([('recall@10', 0.0693), ('recall@20', 0.1146), ('ndcg@10', 0.0883), ('ndcg@20', 0.098), ('hit@10', 0.4352), ('hit@20', 0.5791), ('precision@10', 0.0673), ('precision@20', 0.0561)]))])
Fri 30 May 2025 07:25:36 INFO  test result: OrderedDict([('popular', OrderedDict([('recall@10', 0.0594), ('recall@20', 0.0966), ('ndcg@10', 0.4), ('ndcg@20', 0.3406), ('hit@10', 0.9503), ('hit@20', 0.9851), ('precision@10', 0.3654), ('precision@20', 0.2984)])), ('unpopular', OrderedDict([('recall@10', 0.0713), ('recall@20', 0.1173), ('ndcg@10', 0.0978), ('ndcg@20', 0.1051), ('hit@10', 0.443), ('hit@20', 0.5826), ('precision@10', 0.0747), ('precision@20', 0.0607)]))])
