Thu 29 May 2025 02:00:35 INFO  
General Hyper Parameters:
gpu_id = 0
use_gpu = True
seed = 2020
state = INFO
reproducibility = True
data_path = dataset/Amazon_Appliances
checkpoint_dir = saved
show_progress = True
save_dataset = False
dataset_save_path = None
save_dataloaders = False
dataloaders_save_path = None
log_wandb = False

Training Hyper Parameters:
epochs = 500
train_batch_size = 500
learner = adam
learning_rate = 0.001
train_neg_sample_args = {'distribution': 'uniform', 'sample_num': 1, 'alpha': 1.0, 'dynamic': False, 'candidate_num': 0}
eval_step = 10
stopping_step = 2
clip_grad_norm = None
weight_decay = 0.0
loss_decimal_place = 4

Evaluation Hyper Parameters:
eval_args = {'split': {'RS': [0.8, 0.1, 0.1]}, 'order': 'RO', 'group_by': 'user', 'mode': {'valid': 'full', 'test': 'full'}}
repeatable = False
metrics = ['Recall', 'NDCG', 'Hit', 'Precision']
topk = [10, 20]
valid_metric = unpopular/ndcg@10
valid_metric_bigger = True
eval_batch_size = 8196
metric_decimal_place = 4

Dataset Hyper Parameters:
field_separator = 	
seq_separator =  
USER_ID_FIELD = user_id
ITEM_ID_FIELD = item_id
RATING_FIELD = rating
TIME_FIELD = timestamp
seq_len = None
LABEL_FIELD = label
threshold = None
NEG_PREFIX = neg_
load_col = {'inter': ['user_id', 'item_id']}
unload_col = None
unused_col = None
additional_feat_suffix = None
rm_dup_inter = None
val_interval = None
filter_inter_by_user_or_item = True
user_inter_num_interval = [0,inf)
item_inter_num_interval = [0,inf)
alias_of_user_id = None
alias_of_item_id = None
alias_of_entity_id = None
alias_of_relation_id = None
preload_weight = None
normalize_field = None
normalize_all = None
ITEM_LIST_LENGTH_FIELD = item_length
LIST_SUFFIX = _list
MAX_ITEM_LIST_LENGTH = 50
POSITION_FIELD = position_id
HEAD_ENTITY_ID_FIELD = head_id
TAIL_ENTITY_ID_FIELD = tail_id
RELATION_ID_FIELD = relation_id
ENTITY_ID_FIELD = entity_id
benchmark_filename = None

Other Hyper Parameters: 
worker = 0
wandb_project = recbole
shuffle = True
require_pow = True
enable_amp = False
enable_scaler = False
transform = None
embedding_size = 64
n_layers = 2
reg_weight = 0.0001
numerical_features = []
discretization = None
kg_reverse_r = False
entity_kg_num_interval = [0,inf)
relation_kg_num_interval = [0,inf)
MODEL_TYPE = ModelType.GENERAL
MODEL_INPUT_TYPE = InputType.PAIRWISE
eval_type = EvaluatorType.RANKING
single_spec = True
local_rank = 0
device = cuda
valid_neg_sample_args = {'distribution': 'uniform', 'sample_num': 'none'}
test_neg_sample_args = {'distribution': 'uniform', 'sample_num': 'none'}


Thu 29 May 2025 02:00:37 INFO  Amazon_Appliances
The number of users: 515651
Average actions of users: 1.1689653834965577
The number of items: 30253
Average actions of items: 19.925195028427872
The number of inters: 602777
The sparsity of the dataset: 99.99613604232134%
Remain Fields: ['user_id', 'item_id']
Thu 29 May 2025 02:00:46 INFO  [Training]: train_batch_size = [500] train_neg_sample_args: [{'distribution': 'uniform', 'sample_num': 1, 'alpha': 1.0, 'dynamic': False, 'candidate_num': 0}]
Thu 29 May 2025 02:00:46 INFO  [Evaluation]: eval_batch_size = [8196] eval_args: [{'split': {'RS': [0.8, 0.1, 0.1]}, 'order': 'RO', 'group_by': 'user', 'mode': {'valid': 'full', 'test': 'full'}}]
Thu 29 May 2025 02:00:46 INFO  LightGCN(
  (user_embedding): Embedding(515651, 64)
  (item_embedding): Embedding(30253, 64)
  (gcn_conv): LightGCNConv(64)
  (mf_loss): BPRLoss()
  (reg_loss): EmbLoss()
)
Trainable parameters: 34937856
Thu 29 May 2025 02:01:08 INFO  epoch 0 training [time: 21.88s, train loss: 234.3040]
Thu 29 May 2025 02:01:29 INFO  epoch 1 training [time: 20.81s, train loss: 80.5608]
Thu 29 May 2025 02:01:49 INFO  epoch 2 training [time: 19.96s, train loss: 48.8562]
Thu 29 May 2025 02:02:09 INFO  epoch 3 training [time: 20.01s, train loss: 33.9619]
Thu 29 May 2025 02:02:29 INFO  epoch 4 training [time: 19.95s, train loss: 25.1230]
Thu 29 May 2025 02:02:49 INFO  epoch 5 training [time: 19.98s, train loss: 19.1675]
Thu 29 May 2025 02:03:09 INFO  epoch 6 training [time: 19.98s, train loss: 15.1184]
Thu 29 May 2025 02:03:29 INFO  epoch 7 training [time: 19.96s, train loss: 12.0893]
Thu 29 May 2025 02:03:49 INFO  epoch 8 training [time: 19.99s, train loss: 9.7819]
Thu 29 May 2025 02:04:09 INFO  epoch 9 training [time: 20.00s, train loss: 7.9840]
Thu 29 May 2025 02:04:39 INFO  epoch 9 evaluating [time: 29.90s, valid_score: 0.070300]
Thu 29 May 2025 02:04:39 INFO  valid result: 
popular : OrderedDict([('recall@10', 0.0942), ('recall@20', 0.116), ('ndcg@10', 0.0814), ('ndcg@20', 0.0868), ('hit@10', 0.0954), ('hit@20', 0.1172), ('precision@10', 0.0099), ('precision@20', 0.006)])    unpopular : OrderedDict([('recall@10', 0.0827), ('recall@20', 0.0982), ('ndcg@10', 0.0703), ('ndcg@20', 0.0741), ('hit@10', 0.0827), ('hit@20', 0.0982), ('precision@10', 0.0083), ('precision@20', 0.0049)])
Thu 29 May 2025 02:04:40 INFO  Saving current: saved\LightGCN-May-29-2025_02-00-46.pth
Thu 29 May 2025 02:05:00 INFO  epoch 10 training [time: 20.29s, train loss: 6.5934]
Thu 29 May 2025 02:05:20 INFO  epoch 11 training [time: 20.08s, train loss: 5.4632]
Thu 29 May 2025 02:05:40 INFO  epoch 12 training [time: 20.06s, train loss: 4.4886]
Thu 29 May 2025 02:06:00 INFO  epoch 13 training [time: 20.02s, train loss: 3.7889]
Thu 29 May 2025 02:06:20 INFO  epoch 14 training [time: 20.03s, train loss: 3.2233]
Thu 29 May 2025 02:06:40 INFO  epoch 15 training [time: 20.03s, train loss: 2.7328]
Thu 29 May 2025 02:07:00 INFO  epoch 16 training [time: 20.03s, train loss: 2.3015]
Thu 29 May 2025 02:07:20 INFO  epoch 17 training [time: 20.00s, train loss: 2.0237]
Thu 29 May 2025 02:07:40 INFO  epoch 18 training [time: 20.04s, train loss: 1.6954]
Thu 29 May 2025 02:08:00 INFO  epoch 19 training [time: 20.05s, train loss: 1.5081]
Thu 29 May 2025 02:08:30 INFO  epoch 19 evaluating [time: 29.56s, valid_score: 0.071000]
Thu 29 May 2025 02:08:30 INFO  valid result: 
popular : OrderedDict([('recall@10', 0.1092), ('recall@20', 0.1205), ('ndcg@10', 0.0901), ('ndcg@20', 0.093), ('hit@10', 0.1104), ('hit@20', 0.1217), ('precision@10', 0.0114), ('precision@20', 0.0063)])    unpopular : OrderedDict([('recall@10', 0.084), ('recall@20', 0.0984), ('ndcg@10', 0.071), ('ndcg@20', 0.0746), ('hit@10', 0.084), ('hit@20', 0.0984), ('precision@10', 0.0084), ('precision@20', 0.0049)])
Thu 29 May 2025 02:08:31 INFO  Saving current: saved\LightGCN-May-29-2025_02-00-46.pth
Thu 29 May 2025 02:08:51 INFO  epoch 20 training [time: 20.17s, train loss: 1.3433]
Thu 29 May 2025 02:09:11 INFO  epoch 21 training [time: 19.99s, train loss: 1.2671]
Thu 29 May 2025 02:09:31 INFO  epoch 22 training [time: 19.98s, train loss: 1.1574]
Thu 29 May 2025 02:09:51 INFO  epoch 23 training [time: 20.00s, train loss: 1.0530]
Thu 29 May 2025 02:10:11 INFO  epoch 24 training [time: 19.98s, train loss: 0.9925]
Thu 29 May 2025 02:10:31 INFO  epoch 25 training [time: 20.01s, train loss: 0.9216]
Thu 29 May 2025 02:10:51 INFO  epoch 26 training [time: 20.00s, train loss: 0.8736]
Thu 29 May 2025 02:11:11 INFO  epoch 27 training [time: 19.98s, train loss: 0.8643]
Thu 29 May 2025 02:11:31 INFO  epoch 28 training [time: 19.96s, train loss: 0.8087]
Thu 29 May 2025 02:11:51 INFO  epoch 29 training [time: 19.98s, train loss: 0.7804]
Thu 29 May 2025 02:12:20 INFO  epoch 29 evaluating [time: 28.92s, valid_score: 0.073600]
Thu 29 May 2025 02:12:20 INFO  valid result: 
popular : OrderedDict([('recall@10', 0.1077), ('recall@20', 0.1205), ('ndcg@10', 0.0888), ('ndcg@20', 0.092), ('hit@10', 0.1089), ('hit@20', 0.1217), ('precision@10', 0.0113), ('precision@20', 0.0063)])    unpopular : OrderedDict([('recall@10', 0.0865), ('recall@20', 0.1048), ('ndcg@10', 0.0736), ('ndcg@20', 0.0782), ('hit@10', 0.0865), ('hit@20', 0.1048), ('precision@10', 0.0087), ('precision@20', 0.0052)])
Thu 29 May 2025 02:12:21 INFO  Saving current: saved\LightGCN-May-29-2025_02-00-46.pth
Thu 29 May 2025 02:12:41 INFO  epoch 30 training [time: 20.39s, train loss: 0.7880]
Thu 29 May 2025 02:13:01 INFO  epoch 31 training [time: 20.05s, train loss: 0.7395]
Thu 29 May 2025 02:13:21 INFO  epoch 32 training [time: 20.05s, train loss: 0.7313]
Thu 29 May 2025 02:13:41 INFO  epoch 33 training [time: 20.05s, train loss: 0.7195]
Thu 29 May 2025 02:14:01 INFO  epoch 34 training [time: 20.07s, train loss: 0.7378]
Thu 29 May 2025 02:14:22 INFO  epoch 35 training [time: 20.08s, train loss: 0.7421]
Thu 29 May 2025 02:14:42 INFO  epoch 36 training [time: 20.10s, train loss: 0.7142]
Thu 29 May 2025 02:15:02 INFO  epoch 37 training [time: 20.09s, train loss: 0.7736]
Thu 29 May 2025 02:15:22 INFO  epoch 38 training [time: 20.06s, train loss: 0.6731]
Thu 29 May 2025 02:15:42 INFO  epoch 39 training [time: 20.09s, train loss: 0.6763]
Thu 29 May 2025 02:16:11 INFO  epoch 39 evaluating [time: 29.09s, valid_score: 0.070900]
Thu 29 May 2025 02:16:11 INFO  valid result: 
popular : OrderedDict([('recall@10', 0.1032), ('recall@20', 0.1197), ('ndcg@10', 0.0852), ('ndcg@20', 0.0894), ('hit@10', 0.1044), ('hit@20', 0.121), ('precision@10', 0.0108), ('precision@20', 0.0062)])    unpopular : OrderedDict([('recall@10', 0.0838), ('recall@20', 0.0957), ('ndcg@10', 0.0709), ('ndcg@20', 0.0739), ('hit@10', 0.0838), ('hit@20', 0.0957), ('precision@10', 0.0084), ('precision@20', 0.0048)])
Thu 29 May 2025 02:16:31 INFO  epoch 40 training [time: 20.35s, train loss: 0.6444]
Thu 29 May 2025 02:16:51 INFO  epoch 41 training [time: 20.04s, train loss: 0.6382]
Thu 29 May 2025 02:17:12 INFO  epoch 42 training [time: 20.08s, train loss: 0.7073]
Thu 29 May 2025 02:17:32 INFO  epoch 43 training [time: 20.07s, train loss: 0.6412]
Thu 29 May 2025 02:17:52 INFO  epoch 44 training [time: 20.05s, train loss: 0.6399]
Thu 29 May 2025 02:18:12 INFO  epoch 45 training [time: 20.03s, train loss: 0.6688]
Thu 29 May 2025 02:18:32 INFO  epoch 46 training [time: 20.05s, train loss: 0.6100]
Thu 29 May 2025 02:18:52 INFO  epoch 47 training [time: 20.05s, train loss: 0.6626]
Thu 29 May 2025 02:19:12 INFO  epoch 48 training [time: 20.04s, train loss: 0.6194]
Thu 29 May 2025 02:19:32 INFO  epoch 49 training [time: 20.07s, train loss: 0.6392]
Thu 29 May 2025 02:20:01 INFO  epoch 49 evaluating [time: 28.97s, valid_score: 0.070100]
Thu 29 May 2025 02:20:01 INFO  valid result: 
popular : OrderedDict([('recall@10', 0.0912), ('recall@20', 0.1081), ('ndcg@10', 0.0814), ('ndcg@20', 0.0857), ('hit@10', 0.0924), ('hit@20', 0.1097), ('precision@10', 0.0096), ('precision@20', 0.0057)])    unpopular : OrderedDict([('recall@10', 0.0826), ('recall@20', 0.0949), ('ndcg@10', 0.0701), ('ndcg@20', 0.0731), ('hit@10', 0.0826), ('hit@20', 0.0949), ('precision@10', 0.0083), ('precision@20', 0.0047)])
Thu 29 May 2025 02:20:21 INFO  epoch 50 training [time: 20.31s, train loss: 0.5632]
Thu 29 May 2025 02:20:41 INFO  epoch 51 training [time: 20.03s, train loss: 0.6365]
Thu 29 May 2025 02:21:01 INFO  epoch 52 training [time: 20.13s, train loss: 0.6043]
Thu 29 May 2025 02:21:21 INFO  epoch 53 training [time: 20.09s, train loss: 0.6092]
Thu 29 May 2025 02:21:42 INFO  epoch 54 training [time: 20.10s, train loss: 0.5829]
Thu 29 May 2025 02:22:02 INFO  epoch 55 training [time: 20.04s, train loss: 0.6179]
Thu 29 May 2025 02:22:22 INFO  epoch 56 training [time: 20.06s, train loss: 0.5649]
Thu 29 May 2025 02:22:42 INFO  epoch 57 training [time: 20.07s, train loss: 0.5864]
Thu 29 May 2025 02:23:02 INFO  epoch 58 training [time: 20.06s, train loss: 0.5844]
Thu 29 May 2025 02:23:22 INFO  epoch 59 training [time: 20.00s, train loss: 0.6344]
Thu 29 May 2025 02:23:50 INFO  epoch 59 evaluating [time: 28.31s, valid_score: 0.070900]
Thu 29 May 2025 02:23:50 INFO  valid result: 
popular : OrderedDict([('recall@10', 0.087), ('recall@20', 0.1013), ('ndcg@10', 0.0788), ('ndcg@20', 0.0824), ('hit@10', 0.0879), ('hit@20', 0.1029), ('precision@10', 0.0092), ('precision@20', 0.0053)])    unpopular : OrderedDict([('recall@10', 0.0835), ('recall@20', 0.0973), ('ndcg@10', 0.0709), ('ndcg@20', 0.0744), ('hit@10', 0.0835), ('hit@20', 0.0973), ('precision@10', 0.0084), ('precision@20', 0.0049)])
Thu 29 May 2025 02:23:50 INFO  Finished training, best eval result in epoch 29
Thu 29 May 2025 02:23:51 INFO  Loading model structure and parameters from saved\LightGCN-May-29-2025_02-00-46.pth
Thu 29 May 2025 02:27:24 INFO  best valid : OrderedDict([('popular', OrderedDict([('recall@10', 0.1077), ('recall@20', 0.1205), ('ndcg@10', 0.0888), ('ndcg@20', 0.092), ('hit@10', 0.1089), ('hit@20', 0.1217), ('precision@10', 0.0113), ('precision@20', 0.0063)])), ('unpopular', OrderedDict([('recall@10', 0.0865), ('recall@20', 0.1048), ('ndcg@10', 0.0736), ('ndcg@20', 0.0782), ('hit@10', 0.0865), ('hit@20', 0.1048), ('precision@10', 0.0087), ('precision@20', 0.0052)]))])
Thu 29 May 2025 02:27:24 INFO  test result: OrderedDict([('popular', OrderedDict([('recall@10', 0.056), ('recall@20', 0.0667), ('ndcg@10', 0.0441), ('ndcg@20', 0.0468), ('hit@10', 0.0563), ('hit@20', 0.067), ('precision@10', 0.0057), ('precision@20', 0.0034)])), ('unpopular', OrderedDict([('recall@10', 0.1782), ('recall@20', 0.1994), ('ndcg@10', 0.1632), ('ndcg@20', 0.1686), ('hit@10', 0.1782), ('hit@20', 0.1994), ('precision@10', 0.0178), ('precision@20', 0.01)]))])
