Tue 27 May 2025 09:00:32 INFO  
General Hyper Parameters:
gpu_id = 0
use_gpu = True
seed = 2020
state = INFO
reproducibility = True
data_path = dataset/Amazon_Appliances
checkpoint_dir = saved
show_progress = True
save_dataset = False
dataset_save_path = None
save_dataloaders = False
dataloaders_save_path = None
log_wandb = False

Training Hyper Parameters:
epochs = 500
train_batch_size = 500
learner = adam
learning_rate = 0.001
train_neg_sample_args = {'distribution': 'uniform', 'sample_num': 1, 'alpha': 1.0, 'dynamic': False, 'candidate_num': 0}
eval_step = 10
stopping_step = 2
clip_grad_norm = None
weight_decay = 0.0
loss_decimal_place = 4

Evaluation Hyper Parameters:
eval_args = {'split': {'RS': [0.8, 0.1, 0.1]}, 'order': 'RO', 'group_by': 'user', 'mode': {'valid': 'full', 'test': 'full'}}
repeatable = False
metrics = ['Recall', 'NDCG', 'Hit', 'Precision']
topk = [10, 20]
valid_metric = ndcg@10
valid_metric_bigger = True
eval_batch_size = 8196
metric_decimal_place = 4

Dataset Hyper Parameters:
field_separator = 	
seq_separator =  
USER_ID_FIELD = user_id
ITEM_ID_FIELD = item_id
RATING_FIELD = rating
TIME_FIELD = timestamp
seq_len = None
LABEL_FIELD = label
threshold = None
NEG_PREFIX = neg_
load_col = {'inter': ['user_id', 'item_id']}
unload_col = None
unused_col = None
additional_feat_suffix = None
rm_dup_inter = None
val_interval = None
filter_inter_by_user_or_item = True
user_inter_num_interval = [0,inf)
item_inter_num_interval = [0,inf)
alias_of_user_id = None
alias_of_item_id = None
alias_of_entity_id = None
alias_of_relation_id = None
preload_weight = None
normalize_field = None
normalize_all = None
ITEM_LIST_LENGTH_FIELD = item_length
LIST_SUFFIX = _list
MAX_ITEM_LIST_LENGTH = 50
POSITION_FIELD = position_id
HEAD_ENTITY_ID_FIELD = head_id
TAIL_ENTITY_ID_FIELD = tail_id
RELATION_ID_FIELD = relation_id
ENTITY_ID_FIELD = entity_id
benchmark_filename = None

Other Hyper Parameters: 
worker = 0
wandb_project = recbole
shuffle = True
require_pow = True
enable_amp = False
enable_scaler = False
transform = None
embedding_size = 64
n_layers = 2
reg_weight = 0.0001
numerical_features = []
discretization = None
kg_reverse_r = False
entity_kg_num_interval = [0,inf)
relation_kg_num_interval = [0,inf)
MODEL_TYPE = ModelType.GENERAL
MODEL_INPUT_TYPE = InputType.PAIRWISE
eval_type = EvaluatorType.RANKING
single_spec = True
local_rank = 0
device = cuda
valid_neg_sample_args = {'distribution': 'uniform', 'sample_num': 'none'}
test_neg_sample_args = {'distribution': 'uniform', 'sample_num': 'none'}


Tue 27 May 2025 09:00:34 INFO  Amazon_Appliances
The number of users: 515651
Average actions of users: 1.1689653834965577
The number of items: 30253
Average actions of items: 19.925195028427872
The number of inters: 602777
The sparsity of the dataset: 99.99613604232134%
Remain Fields: ['user_id', 'item_id']
Tue 27 May 2025 09:00:35 INFO  Generated noise pairs: 5038
Tue 27 May 2025 09:00:35 INFO  First few noise pairs: [(1, 20305), (1, 20299), (56, 5718), (104, 21967), (121, 25181)]
Tue 27 May 2025 09:00:52 INFO  [Training]: train_batch_size = [500] train_neg_sample_args: [{'distribution': 'uniform', 'sample_num': 1, 'alpha': 1.0, 'dynamic': False, 'candidate_num': 0}]
Tue 27 May 2025 09:00:52 INFO  [Evaluation]: eval_batch_size = [8196] eval_args: [{'split': {'RS': [0.8, 0.1, 0.1]}, 'order': 'RO', 'group_by': 'user', 'mode': {'valid': 'full', 'test': 'full'}}]
Tue 27 May 2025 09:00:53 INFO  LightGCN(
  (user_embedding): Embedding(515651, 64)
  (item_embedding): Embedding(30253, 64)
  (gcn_conv): LightGCNConv(64)
  (mf_loss): BPRLoss()
  (reg_loss): EmbLoss()
)
Trainable parameters: 34937856
Tue 27 May 2025 09:01:15 INFO  epoch 0 training [time: 21.96s, train loss: 238.5735]
Tue 27 May 2025 09:01:37 INFO  epoch 1 training [time: 21.53s, train loss: 82.8806]
Tue 27 May 2025 09:01:59 INFO  epoch 2 training [time: 21.92s, train loss: 49.9901]
Tue 27 May 2025 09:02:20 INFO  epoch 3 training [time: 21.93s, train loss: 34.3205]
Tue 27 May 2025 09:02:42 INFO  epoch 4 training [time: 21.88s, train loss: 25.2074]
Tue 27 May 2025 09:03:04 INFO  epoch 5 training [time: 21.81s, train loss: 19.1409]
Tue 27 May 2025 09:03:26 INFO  epoch 6 training [time: 21.63s, train loss: 14.9586]
Tue 27 May 2025 09:03:46 INFO  epoch 7 training [time: 20.68s, train loss: 11.9856]
Tue 27 May 2025 09:04:07 INFO  epoch 8 training [time: 20.57s, train loss: 9.6330]
Tue 27 May 2025 09:04:28 INFO  epoch 9 training [time: 20.48s, train loss: 7.8325]
Tue 27 May 2025 09:04:56 INFO  valid result: 
recall@10 : 0.0975    recall@20 : 0.1105    ndcg@10 : 0.0831    ndcg@20 : 0.0864    hit@10 : 0.0981    hit@20 : 0.1111    precision@10 : 0.0098    precision@20 : 0.0056
Tue 27 May 2025 09:04:56 INFO  Received 5038 noise pairs for evaluation.
Tue 27 May 2025 09:04:57 INFO  Alignment on noise pairs: 2.4349
Tue 27 May 2025 09:04:57 INFO  epoch 9 evaluating [time: 29.05s, valid_score: 0.083100]
Tue 27 May 2025 09:04:57 INFO  Saving current: saved\LightGCN-May-27-2025_09-00-53.pth
Tue 27 May 2025 09:05:18 INFO  epoch 10 training [time: 20.90s, train loss: 6.5209]
Tue 27 May 2025 09:05:39 INFO  epoch 11 training [time: 20.55s, train loss: 5.3628]
Tue 27 May 2025 09:05:59 INFO  epoch 12 training [time: 20.52s, train loss: 4.4278]
Tue 27 May 2025 09:06:20 INFO  epoch 13 training [time: 20.57s, train loss: 3.7229]
Tue 27 May 2025 09:06:40 INFO  epoch 14 training [time: 20.54s, train loss: 3.2195]
Tue 27 May 2025 09:07:01 INFO  epoch 15 training [time: 20.55s, train loss: 2.6739]
Tue 27 May 2025 09:07:22 INFO  epoch 16 training [time: 20.57s, train loss: 2.3367]
Tue 27 May 2025 09:07:42 INFO  epoch 17 training [time: 20.56s, train loss: 2.1582]
Tue 27 May 2025 09:08:03 INFO  epoch 18 training [time: 20.67s, train loss: 1.8126]
Tue 27 May 2025 09:08:23 INFO  epoch 19 training [time: 20.60s, train loss: 1.5423]
Tue 27 May 2025 09:08:52 INFO  valid result: 
recall@10 : 0.0996    recall@20 : 0.112    ndcg@10 : 0.083    ndcg@20 : 0.0861    hit@10 : 0.1002    hit@20 : 0.1128    precision@10 : 0.01    precision@20 : 0.0057
Tue 27 May 2025 09:08:52 INFO  Received 5038 noise pairs for evaluation.
Tue 27 May 2025 09:08:53 INFO  Alignment on noise pairs: 2.6876
Tue 27 May 2025 09:08:53 INFO  epoch 19 evaluating [time: 29.12s, valid_score: 0.083000]
Tue 27 May 2025 09:09:13 INFO  epoch 20 training [time: 20.70s, train loss: 1.4649]
Tue 27 May 2025 09:09:34 INFO  epoch 21 training [time: 20.57s, train loss: 1.2815]
Tue 27 May 2025 09:09:54 INFO  epoch 22 training [time: 20.51s, train loss: 1.1728]
Tue 27 May 2025 09:10:15 INFO  epoch 23 training [time: 20.50s, train loss: 1.0981]
Tue 27 May 2025 09:10:35 INFO  epoch 24 training [time: 20.57s, train loss: 1.0756]
Tue 27 May 2025 09:10:56 INFO  epoch 25 training [time: 20.54s, train loss: 1.0331]
Tue 27 May 2025 09:11:16 INFO  epoch 26 training [time: 20.54s, train loss: 0.9763]
Tue 27 May 2025 09:11:37 INFO  epoch 27 training [time: 20.52s, train loss: 1.0160]
Tue 27 May 2025 09:11:58 INFO  epoch 28 training [time: 20.52s, train loss: 0.9302]
Tue 27 May 2025 09:12:18 INFO  epoch 29 training [time: 20.57s, train loss: 0.8815]
Tue 27 May 2025 09:12:47 INFO  valid result: 
recall@10 : 0.0986    recall@20 : 0.1113    ndcg@10 : 0.0806    ndcg@20 : 0.0838    hit@10 : 0.0993    hit@20 : 0.112    precision@10 : 0.0099    precision@20 : 0.0056
Tue 27 May 2025 09:12:47 INFO  Received 5038 noise pairs for evaluation.
Tue 27 May 2025 09:12:48 INFO  Alignment on noise pairs: 2.6496
Tue 27 May 2025 09:12:48 INFO  epoch 29 evaluating [time: 29.77s, valid_score: 0.080600]
Tue 27 May 2025 09:13:09 INFO  epoch 30 training [time: 20.70s, train loss: 0.8286]
Tue 27 May 2025 09:13:29 INFO  epoch 31 training [time: 20.55s, train loss: 0.8127]
Tue 27 May 2025 09:13:50 INFO  epoch 32 training [time: 20.56s, train loss: 0.8324]
Tue 27 May 2025 09:14:10 INFO  epoch 33 training [time: 20.55s, train loss: 0.7854]
Tue 27 May 2025 09:14:31 INFO  epoch 34 training [time: 20.56s, train loss: 0.7544]
Tue 27 May 2025 09:14:51 INFO  epoch 35 training [time: 20.54s, train loss: 0.7877]
Tue 27 May 2025 09:15:12 INFO  epoch 36 training [time: 20.51s, train loss: 0.7752]
Tue 27 May 2025 09:15:32 INFO  epoch 37 training [time: 20.49s, train loss: 0.7376]
Tue 27 May 2025 09:15:53 INFO  epoch 38 training [time: 20.53s, train loss: 0.7250]
Tue 27 May 2025 09:16:13 INFO  epoch 39 training [time: 20.55s, train loss: 0.7887]
Tue 27 May 2025 09:16:43 INFO  valid result: 
recall@10 : 0.0965    recall@20 : 0.109    ndcg@10 : 0.0798    ndcg@20 : 0.0829    hit@10 : 0.0972    hit@20 : 0.1098    precision@10 : 0.0097    precision@20 : 0.0055
Tue 27 May 2025 09:16:43 INFO  Received 5038 noise pairs for evaluation.
Tue 27 May 2025 09:16:43 INFO  Alignment on noise pairs: 2.5961
Tue 27 May 2025 09:16:43 INFO  epoch 39 evaluating [time: 29.66s, valid_score: 0.079800]
Tue 27 May 2025 09:16:43 INFO  Finished training, best eval result in epoch 9
Tue 27 May 2025 09:16:43 INFO  Loading model structure and parameters from saved\LightGCN-May-27-2025_09-00-53.pth
Tue 27 May 2025 09:20:16 INFO  valid result: 
recall@10 : 0.1834    recall@20 : 0.197    ndcg@10 : 0.1699    ndcg@20 : 0.1733    hit@10 : 0.1836    hit@20 : 0.1971    precision@10 : 0.0184    precision@20 : 0.0099
Tue 27 May 2025 09:20:16 INFO  Received 5038 noise pairs for evaluation.
Tue 27 May 2025 09:20:17 INFO  Alignment on noise pairs: 2.4349
Tue 27 May 2025 09:20:17 INFO  best valid : OrderedDict([('recall@10', 0.0975), ('recall@20', 0.1105), ('ndcg@10', 0.0831), ('ndcg@20', 0.0864), ('hit@10', 0.0981), ('hit@20', 0.1111), ('precision@10', 0.0098), ('precision@20', 0.0056)])
Tue 27 May 2025 09:20:17 INFO  test result: OrderedDict([('recall@10', 0.1834), ('recall@20', 0.197), ('ndcg@10', 0.1699), ('ndcg@20', 0.1733), ('hit@10', 0.1836), ('hit@20', 0.1971), ('precision@10', 0.0184), ('precision@20', 0.0099)])
