Sun 25 May 2025 05:40:31 INFO  
General Hyper Parameters:
gpu_id = 0
use_gpu = True
seed = 2020
state = INFO
reproducibility = True
data_path = dataset/Amazon_Appliances
checkpoint_dir = saved
show_progress = True
save_dataset = False
dataset_save_path = None
save_dataloaders = False
dataloaders_save_path = None
log_wandb = False

Training Hyper Parameters:
epochs = 500
train_batch_size = 500
learner = adam
learning_rate = 0.001
train_neg_sample_args = {'distribution': 'uniform', 'sample_num': 1, 'alpha': 1.0, 'dynamic': False, 'candidate_num': 0}
eval_step = 10
stopping_step = 2
clip_grad_norm = None
weight_decay = 0.0
loss_decimal_place = 4

Evaluation Hyper Parameters:
eval_args = {'split': {'RS': [0.8, 0.1, 0.1]}, 'order': 'RO', 'group_by': 'user', 'mode': {'valid': 'full', 'test': 'full'}}
repeatable = False
metrics = ['Recall', 'NDCG', 'Hit', 'Precision']
topk = [10, 20]
valid_metric = ndcg@10
valid_metric_bigger = True
eval_batch_size = 8196
metric_decimal_place = 4

Dataset Hyper Parameters:
field_separator = 	
seq_separator =  
USER_ID_FIELD = user_id
ITEM_ID_FIELD = item_id
RATING_FIELD = rating
TIME_FIELD = timestamp
seq_len = None
LABEL_FIELD = label
threshold = None
NEG_PREFIX = neg_
load_col = {'inter': ['user_id', 'item_id']}
unload_col = None
unused_col = None
additional_feat_suffix = None
rm_dup_inter = None
val_interval = None
filter_inter_by_user_or_item = True
user_inter_num_interval = [0,inf)
item_inter_num_interval = [0,inf)
alias_of_user_id = None
alias_of_item_id = None
alias_of_entity_id = None
alias_of_relation_id = None
preload_weight = None
normalize_field = None
normalize_all = None
ITEM_LIST_LENGTH_FIELD = item_length
LIST_SUFFIX = _list
MAX_ITEM_LIST_LENGTH = 50
POSITION_FIELD = position_id
HEAD_ENTITY_ID_FIELD = head_id
TAIL_ENTITY_ID_FIELD = tail_id
RELATION_ID_FIELD = relation_id
ENTITY_ID_FIELD = entity_id
benchmark_filename = None

Other Hyper Parameters: 
worker = 0
wandb_project = recbole
shuffle = True
require_pow = True
enable_amp = False
enable_scaler = False
transform = None
embedding_size = 64
n_layers = 2
reg_weight = 0.0001
numerical_features = []
discretization = None
kg_reverse_r = False
entity_kg_num_interval = [0,inf)
relation_kg_num_interval = [0,inf)
MODEL_TYPE = ModelType.GENERAL
MODEL_INPUT_TYPE = InputType.PAIRWISE
eval_type = EvaluatorType.RANKING
single_spec = True
local_rank = 0
device = cuda
valid_neg_sample_args = {'distribution': 'uniform', 'sample_num': 'none'}
test_neg_sample_args = {'distribution': 'uniform', 'sample_num': 'none'}


Sun 25 May 2025 05:40:34 INFO  Amazon_Appliances
The number of users: 515651
Average actions of users: 1.1689653834965577
The number of items: 30253
Average actions of items: 19.925195028427872
The number of inters: 602777
The sparsity of the dataset: 99.99613604232134%
Remain Fields: ['user_id', 'item_id']
Sun 25 May 2025 05:40:41 INFO  [Training]: train_batch_size = [500] train_neg_sample_args: [{'distribution': 'uniform', 'sample_num': 1, 'alpha': 1.0, 'dynamic': False, 'candidate_num': 0}]
Sun 25 May 2025 05:40:41 INFO  [Evaluation]: eval_batch_size = [8196] eval_args: [{'split': {'RS': [0.8, 0.1, 0.1]}, 'order': 'RO', 'group_by': 'user', 'mode': {'valid': 'full', 'test': 'full'}}]
Sun 25 May 2025 05:40:41 INFO  LightGCN(
  (user_embedding): Embedding(515651, 64)
  (item_embedding): Embedding(30253, 64)
  (gcn_conv): LightGCNConv(64)
  (mf_loss): BPRLoss()
  (reg_loss): EmbLoss()
)
Trainable parameters: 34937856
Sun 25 May 2025 05:41:02 INFO  epoch 0 training [time: 20.38s, train loss: 234.3040]
Sun 25 May 2025 05:41:22 INFO  epoch 1 training [time: 19.90s, train loss: 80.5608]
Sun 25 May 2025 05:41:42 INFO  epoch 2 training [time: 19.88s, train loss: 48.8562]
Sun 25 May 2025 05:42:01 INFO  epoch 3 training [time: 19.91s, train loss: 33.9619]
Sun 25 May 2025 05:42:21 INFO  epoch 4 training [time: 19.91s, train loss: 25.1230]
Sun 25 May 2025 05:42:41 INFO  epoch 5 training [time: 19.89s, train loss: 19.1675]
Sun 25 May 2025 05:43:01 INFO  epoch 6 training [time: 19.87s, train loss: 15.1184]
Sun 25 May 2025 05:43:21 INFO  epoch 7 training [time: 19.87s, train loss: 12.0893]
Sun 25 May 2025 05:43:41 INFO  epoch 8 training [time: 19.88s, train loss: 9.7819]
Sun 25 May 2025 05:44:01 INFO  epoch 9 training [time: 19.86s, train loss: 7.9840]
Sun 25 May 2025 05:44:29 INFO  valid result: 
recall@10 : 0.0838    recall@20 : 0.1    ndcg@10 : 0.0714    ndcg@20 : 0.0754    hit@10 : 0.084    hit@20 : 0.1001    precision@10 : 0.0084    precision@20 : 0.005
Sun 25 May 2025 05:44:29 INFO  epoch 9 evaluating [time: 28.33s, valid_score: 0.071400]
Sun 25 May 2025 05:44:30 INFO  Saving current: saved\LightGCN-May-25-2025_05-40-41.pth
Sun 25 May 2025 05:44:50 INFO  epoch 10 training [time: 20.12s, train loss: 6.5934]
Sun 25 May 2025 05:45:10 INFO  epoch 11 training [time: 19.87s, train loss: 5.4632]
Sun 25 May 2025 05:45:30 INFO  epoch 12 training [time: 19.90s, train loss: 4.4886]
Sun 25 May 2025 05:45:50 INFO  epoch 13 training [time: 20.03s, train loss: 3.7889]
Sun 25 May 2025 05:46:10 INFO  epoch 14 training [time: 19.95s, train loss: 3.2233]
Sun 25 May 2025 05:46:30 INFO  epoch 15 training [time: 20.00s, train loss: 2.7328]
Sun 25 May 2025 05:46:50 INFO  epoch 16 training [time: 19.99s, train loss: 2.3015]
Sun 25 May 2025 05:47:10 INFO  epoch 17 training [time: 19.96s, train loss: 2.0237]
Sun 25 May 2025 05:47:30 INFO  epoch 18 training [time: 19.88s, train loss: 1.6954]
Sun 25 May 2025 05:47:50 INFO  epoch 19 training [time: 19.89s, train loss: 1.5081]
Sun 25 May 2025 05:48:19 INFO  valid result: 
recall@10 : 0.0865    recall@20 : 0.1006    ndcg@10 : 0.0729    ndcg@20 : 0.0764    hit@10 : 0.0867    hit@20 : 0.1008    precision@10 : 0.0087    precision@20 : 0.0051
Sun 25 May 2025 05:48:19 INFO  epoch 19 evaluating [time: 29.22s, valid_score: 0.072900]
Sun 25 May 2025 05:48:20 INFO  Saving current: saved\LightGCN-May-25-2025_05-40-41.pth
Sun 25 May 2025 05:48:40 INFO  epoch 20 training [time: 20.25s, train loss: 1.3433]
Sun 25 May 2025 05:49:00 INFO  epoch 21 training [time: 19.93s, train loss: 1.2671]
Sun 25 May 2025 05:49:20 INFO  epoch 22 training [time: 19.96s, train loss: 1.1574]
Sun 25 May 2025 05:49:40 INFO  epoch 23 training [time: 19.93s, train loss: 1.0530]
Sun 25 May 2025 05:50:00 INFO  epoch 24 training [time: 19.94s, train loss: 0.9925]
Sun 25 May 2025 05:50:20 INFO  epoch 25 training [time: 19.97s, train loss: 0.9216]
Sun 25 May 2025 05:50:40 INFO  epoch 26 training [time: 19.96s, train loss: 0.8736]
Sun 25 May 2025 05:51:00 INFO  epoch 27 training [time: 19.95s, train loss: 0.8643]
Sun 25 May 2025 05:51:20 INFO  epoch 28 training [time: 19.94s, train loss: 0.8087]
Sun 25 May 2025 05:51:40 INFO  epoch 29 training [time: 19.97s, train loss: 0.7804]
Sun 25 May 2025 05:52:08 INFO  valid result: 
recall@10 : 0.0886    recall@20 : 0.1064    ndcg@10 : 0.0751    ndcg@20 : 0.0796    hit@10 : 0.0888    hit@20 : 0.1065    precision@10 : 0.0089    precision@20 : 0.0053
Sun 25 May 2025 05:52:08 INFO  epoch 29 evaluating [time: 27.86s, valid_score: 0.075100]
Sun 25 May 2025 05:52:09 INFO  Saving current: saved\LightGCN-May-25-2025_05-40-41.pth
Sun 25 May 2025 05:52:29 INFO  epoch 30 training [time: 20.13s, train loss: 0.7880]
Sun 25 May 2025 05:52:49 INFO  epoch 31 training [time: 19.96s, train loss: 0.7395]
Sun 25 May 2025 05:53:09 INFO  epoch 32 training [time: 19.97s, train loss: 0.7313]
Sun 25 May 2025 05:53:29 INFO  epoch 33 training [time: 19.95s, train loss: 0.7195]
Sun 25 May 2025 05:53:49 INFO  epoch 34 training [time: 19.96s, train loss: 0.7378]
Sun 25 May 2025 05:54:08 INFO  epoch 35 training [time: 19.94s, train loss: 0.7421]
Sun 25 May 2025 05:54:28 INFO  epoch 36 training [time: 19.98s, train loss: 0.7142]
Sun 25 May 2025 05:54:48 INFO  epoch 37 training [time: 19.94s, train loss: 0.7736]
Sun 25 May 2025 05:55:08 INFO  epoch 38 training [time: 19.96s, train loss: 0.6731]
Sun 25 May 2025 05:55:28 INFO  epoch 39 training [time: 19.94s, train loss: 0.6763]
Sun 25 May 2025 05:55:57 INFO  valid result: 
recall@10 : 0.0857    recall@20 : 0.0981    ndcg@10 : 0.0724    ndcg@20 : 0.0755    hit@10 : 0.0858    hit@20 : 0.0982    precision@10 : 0.0086    precision@20 : 0.0049
Sun 25 May 2025 05:55:57 INFO  epoch 39 evaluating [time: 28.46s, valid_score: 0.072400]
Sun 25 May 2025 05:56:17 INFO  epoch 40 training [time: 20.24s, train loss: 0.6444]
Sun 25 May 2025 05:56:37 INFO  epoch 41 training [time: 19.93s, train loss: 0.6382]
Sun 25 May 2025 05:56:57 INFO  epoch 42 training [time: 19.95s, train loss: 0.7073]
Sun 25 May 2025 05:57:17 INFO  epoch 43 training [time: 19.92s, train loss: 0.6412]
Sun 25 May 2025 05:57:37 INFO  epoch 44 training [time: 19.95s, train loss: 0.6399]
Sun 25 May 2025 05:57:57 INFO  epoch 45 training [time: 19.99s, train loss: 0.6688]
Sun 25 May 2025 05:58:17 INFO  epoch 46 training [time: 19.91s, train loss: 0.6100]
Sun 25 May 2025 05:58:37 INFO  epoch 47 training [time: 19.90s, train loss: 0.6626]
Sun 25 May 2025 05:58:57 INFO  epoch 48 training [time: 19.97s, train loss: 0.6194]
Sun 25 May 2025 05:59:16 INFO  epoch 49 training [time: 19.92s, train loss: 0.6392]
Sun 25 May 2025 05:59:44 INFO  valid result: 
recall@10 : 0.0835    recall@20 : 0.0962    ndcg@10 : 0.0712    ndcg@20 : 0.0744    hit@10 : 0.0836    hit@20 : 0.0963    precision@10 : 0.0084    precision@20 : 0.0048
Sun 25 May 2025 05:59:44 INFO  epoch 49 evaluating [time: 27.73s, valid_score: 0.071200]
Sun 25 May 2025 06:00:04 INFO  epoch 50 training [time: 20.15s, train loss: 0.5632]
Sun 25 May 2025 06:00:24 INFO  epoch 51 training [time: 19.91s, train loss: 0.6365]
Sun 25 May 2025 06:00:44 INFO  epoch 52 training [time: 19.92s, train loss: 0.6043]
Sun 25 May 2025 06:01:04 INFO  epoch 53 training [time: 19.97s, train loss: 0.6092]
Sun 25 May 2025 06:01:24 INFO  epoch 54 training [time: 19.94s, train loss: 0.5829]
Sun 25 May 2025 06:01:44 INFO  epoch 55 training [time: 19.95s, train loss: 0.6179]
Sun 25 May 2025 06:02:04 INFO  epoch 56 training [time: 19.98s, train loss: 0.5649]
Sun 25 May 2025 06:02:24 INFO  epoch 57 training [time: 19.93s, train loss: 0.5864]
Sun 25 May 2025 06:02:44 INFO  epoch 58 training [time: 19.96s, train loss: 0.5844]
Sun 25 May 2025 06:03:04 INFO  epoch 59 training [time: 19.99s, train loss: 0.6344]
Sun 25 May 2025 06:03:33 INFO  valid result: 
recall@10 : 0.0839    recall@20 : 0.0977    ndcg@10 : 0.0717    ndcg@20 : 0.0752    hit@10 : 0.084    hit@20 : 0.0978    precision@10 : 0.0084    precision@20 : 0.0049
Sun 25 May 2025 06:03:33 INFO  epoch 59 evaluating [time: 28.89s, valid_score: 0.071700]
Sun 25 May 2025 06:03:33 INFO  Finished training, best eval result in epoch 29
Sun 25 May 2025 06:03:33 INFO  Loading model structure and parameters from saved\LightGCN-May-25-2025_05-40-41.pth
Sun 25 May 2025 06:06:50 INFO  valid result: 
recall@10 : 0.1659    recall@20 : 0.1861    ndcg@10 : 0.1513    ndcg@20 : 0.1564    hit@10 : 0.166    hit@20 : 0.1862    precision@10 : 0.0166    precision@20 : 0.0093
Sun 25 May 2025 06:06:50 INFO  best valid : OrderedDict([('recall@10', 0.0886), ('recall@20', 0.1064), ('ndcg@10', 0.0751), ('ndcg@20', 0.0796), ('hit@10', 0.0888), ('hit@20', 0.1065), ('precision@10', 0.0089), ('precision@20', 0.0053)])
Sun 25 May 2025 06:06:50 INFO  test result: OrderedDict([('recall@10', 0.1659), ('recall@20', 0.1861), ('ndcg@10', 0.1513), ('ndcg@20', 0.1564), ('hit@10', 0.166), ('hit@20', 0.1862), ('precision@10', 0.0166), ('precision@20', 0.0093)])
