Sun 11 May 2025 08:06:32 INFO  
General Hyper Parameters:
gpu_id = 0
use_gpu = True
seed = 2020
state = INFO
reproducibility = True
data_path = dataset/Amazon_Toys_and_Games
checkpoint_dir = saved
show_progress = True
save_dataset = False
dataset_save_path = None
save_dataloaders = False
dataloaders_save_path = None
log_wandb = False

Training Hyper Parameters:
epochs = 500
train_batch_size = 500
learner = adam
learning_rate = 0.001
train_neg_sample_args = {'distribution': 'uniform', 'sample_num': 1, 'alpha': 1.0, 'dynamic': False, 'candidate_num': 0}
eval_step = 10
stopping_step = 2
clip_grad_norm = None
weight_decay = 0.0
loss_decimal_place = 4

Evaluation Hyper Parameters:
eval_args = {'split': {'RS': [0.8, 0.1, 0.1]}, 'order': 'RO', 'group_by': 'user', 'mode': {'valid': 'full', 'test': 'full'}}
repeatable = False
metrics = ['Recall', 'NDCG', 'Hit', 'Precision']
topk = [10, 20]
valid_metric = ndcg@10
valid_metric_bigger = True
eval_batch_size = 8196
metric_decimal_place = 4

Dataset Hyper Parameters:
field_separator = 	
seq_separator =  
USER_ID_FIELD = user_id
ITEM_ID_FIELD = item_id
RATING_FIELD = rating
TIME_FIELD = timestamp
seq_len = None
LABEL_FIELD = label
threshold = None
NEG_PREFIX = neg_
load_col = {'inter': ['user_id', 'item_id']}
unload_col = None
unused_col = None
additional_feat_suffix = None
rm_dup_inter = None
val_interval = None
filter_inter_by_user_or_item = True
user_inter_num_interval = [0,inf)
item_inter_num_interval = [0,inf)
alias_of_user_id = None
alias_of_item_id = None
alias_of_entity_id = None
alias_of_relation_id = None
preload_weight = None
normalize_field = None
normalize_all = None
ITEM_LIST_LENGTH_FIELD = item_length
LIST_SUFFIX = _list
MAX_ITEM_LIST_LENGTH = 50
POSITION_FIELD = position_id
HEAD_ENTITY_ID_FIELD = head_id
TAIL_ENTITY_ID_FIELD = tail_id
RELATION_ID_FIELD = relation_id
ENTITY_ID_FIELD = entity_id
benchmark_filename = None

Other Hyper Parameters: 
worker = 0
wandb_project = recbole
shuffle = True
require_pow = True
enable_amp = False
enable_scaler = False
transform = None
embedding_size = 64
n_layers = 2
reg_weight = 0.0001
numerical_features = []
discretization = None
kg_reverse_r = False
entity_kg_num_interval = [0,inf)
relation_kg_num_interval = [0,inf)
MODEL_TYPE = ModelType.GENERAL
MODEL_INPUT_TYPE = InputType.PAIRWISE
eval_type = EvaluatorType.RANKING
single_spec = True
local_rank = 0
device = cuda
valid_neg_sample_args = {'distribution': 'uniform', 'sample_num': 'none'}
test_neg_sample_args = {'distribution': 'uniform', 'sample_num': 'none'}


Sun 11 May 2025 08:06:40 INFO  Amazon_Toys_and_Games
The number of users: 1342912
Average actions of users: 1.677528145945636
The number of items: 327699
Average actions of items: 6.874533869599448
The number of inters: 2252771
The sparsity of the dataset: 99.99948808910104%
Remain Fields: ['user_id', 'item_id']
Sun 11 May 2025 08:06:59 INFO  [Training]: train_batch_size = [500] train_neg_sample_args: [{'distribution': 'uniform', 'sample_num': 1, 'alpha': 1.0, 'dynamic': False, 'candidate_num': 0}]
Sun 11 May 2025 08:06:59 INFO  [Evaluation]: eval_batch_size = [8196] eval_args: [{'split': {'RS': [0.8, 0.1, 0.1]}, 'order': 'RO', 'group_by': 'user', 'mode': {'valid': 'full', 'test': 'full'}}]
Sun 11 May 2025 08:07:00 INFO  LightGCN(
  (user_embedding): Embedding(1342912, 64)
  (item_embedding): Embedding(327699, 64)
  (gcn_conv): LightGCNConv(64)
  (mf_loss): BPRLoss()
  (reg_loss): EmbLoss()
)
Trainable parameters: 106919104
Sun 11 May 2025 08:10:11 INFO  epoch 0 training [time: 191.03s, train loss: 1124.8506]
Sun 11 May 2025 08:13:23 INFO  epoch 1 training [time: 191.32s, train loss: 435.4988]
Sun 11 May 2025 08:16:33 INFO  epoch 2 training [time: 190.76s, train loss: 250.2778]
Sun 11 May 2025 08:19:44 INFO  epoch 3 training [time: 190.65s, train loss: 163.8141]
Sun 11 May 2025 08:22:55 INFO  epoch 4 training [time: 190.62s, train loss: 116.0293]
Sun 11 May 2025 08:26:05 INFO  epoch 5 training [time: 190.68s, train loss: 84.9121]
Sun 11 May 2025 08:29:16 INFO  epoch 6 training [time: 190.86s, train loss: 64.2293]
Sun 11 May 2025 08:32:27 INFO  epoch 7 training [time: 190.67s, train loss: 48.8522]
Sun 11 May 2025 08:35:37 INFO  epoch 8 training [time: 190.45s, train loss: 36.8234]
Sun 11 May 2025 08:38:48 INFO  epoch 9 training [time: 190.68s, train loss: 28.6582]
Sun 11 May 2025 08:55:27 INFO  valid result: 
recall@10 : 0.0196    recall@20 : 0.0279    ndcg@10 : 0.0112    ndcg@20 : 0.0133    hit@10 : 0.02    hit@20 : 0.0286    precision@10 : 0.002    precision@20 : 0.0014
Sun 11 May 2025 08:55:27 INFO  epoch 9 evaluating [time: 998.60s, valid_score: 0.011200]
Sun 11 May 2025 08:55:29 INFO  Saving current: saved\LightGCN-May-11-2025_08-07-00.pth
Sun 11 May 2025 08:58:33 INFO  epoch 10 training [time: 183.16s, train loss: 21.8475]
Sun 11 May 2025 09:01:36 INFO  epoch 11 training [time: 183.23s, train loss: 17.2478]
Sun 11 May 2025 09:04:39 INFO  epoch 12 training [time: 183.23s, train loss: 13.6593]
Sun 11 May 2025 09:07:42 INFO  epoch 13 training [time: 182.93s, train loss: 11.1925]
Sun 11 May 2025 09:10:45 INFO  epoch 14 training [time: 183.16s, train loss: 9.7572]
Sun 11 May 2025 09:13:48 INFO  epoch 15 training [time: 183.17s, train loss: 8.3029]
Sun 11 May 2025 09:16:51 INFO  epoch 16 training [time: 183.00s, train loss: 7.7137]
Sun 11 May 2025 09:19:55 INFO  epoch 17 training [time: 183.51s, train loss: 7.1253]
Sun 11 May 2025 09:22:58 INFO  epoch 18 training [time: 183.56s, train loss: 6.6355]
Sun 11 May 2025 09:26:02 INFO  epoch 19 training [time: 183.60s, train loss: 6.4098]
Sun 11 May 2025 09:44:03 INFO  valid result: 
recall@10 : 0.0205    recall@20 : 0.0294    ndcg@10 : 0.0117    ndcg@20 : 0.0139    hit@10 : 0.0209    hit@20 : 0.0301    precision@10 : 0.0021    precision@20 : 0.0015
Sun 11 May 2025 09:44:03 INFO  epoch 19 evaluating [time: 1080.92s, valid_score: 0.011700]
Sun 11 May 2025 09:44:06 INFO  Saving current: saved\LightGCN-May-11-2025_08-07-00.pth
Sun 11 May 2025 09:47:10 INFO  epoch 20 training [time: 183.83s, train loss: 6.1964]
Sun 11 May 2025 09:50:17 INFO  epoch 21 training [time: 186.79s, train loss: 6.1300]
Sun 11 May 2025 09:53:27 INFO  epoch 22 training [time: 190.73s, train loss: 5.8274]
Sun 11 May 2025 09:56:38 INFO  epoch 23 training [time: 190.69s, train loss: 5.7308]
Sun 11 May 2025 09:59:49 INFO  epoch 24 training [time: 190.76s, train loss: 5.6648]
Sun 11 May 2025 10:02:59 INFO  epoch 25 training [time: 190.77s, train loss: 5.4646]
Sun 11 May 2025 10:06:10 INFO  epoch 26 training [time: 190.64s, train loss: 5.2300]
Sun 11 May 2025 10:09:21 INFO  epoch 27 training [time: 190.78s, train loss: 5.2010]
Sun 11 May 2025 10:12:32 INFO  epoch 28 training [time: 191.36s, train loss: 4.9955]
Sun 11 May 2025 10:15:43 INFO  epoch 29 training [time: 190.76s, train loss: 5.0034]
Sun 11 May 2025 10:31:44 INFO  valid result: 
recall@10 : 0.0212    recall@20 : 0.0301    ndcg@10 : 0.0118    ndcg@20 : 0.0141    hit@10 : 0.0217    hit@20 : 0.0309    precision@10 : 0.0022    precision@20 : 0.0016
Sun 11 May 2025 10:31:44 INFO  epoch 29 evaluating [time: 960.64s, valid_score: 0.011800]
Sun 11 May 2025 10:31:47 INFO  Saving current: saved\LightGCN-May-11-2025_08-07-00.pth
Sun 11 May 2025 10:34:57 INFO  epoch 30 training [time: 190.72s, train loss: 5.0016]
Sun 11 May 2025 10:38:08 INFO  epoch 31 training [time: 190.40s, train loss: 4.7298]
Sun 11 May 2025 10:41:18 INFO  epoch 32 training [time: 190.65s, train loss: 4.7827]
Sun 11 May 2025 10:44:29 INFO  epoch 33 training [time: 190.68s, train loss: 4.7127]
Sun 11 May 2025 10:47:40 INFO  epoch 34 training [time: 190.62s, train loss: 4.7297]
Sun 11 May 2025 10:50:50 INFO  epoch 35 training [time: 190.73s, train loss: 4.6050]
Sun 11 May 2025 10:54:01 INFO  epoch 36 training [time: 190.66s, train loss: 4.5544]
Sun 11 May 2025 10:57:12 INFO  epoch 37 training [time: 190.67s, train loss: 4.5700]
Sun 11 May 2025 11:00:23 INFO  epoch 38 training [time: 190.90s, train loss: 4.4284]
Sun 11 May 2025 11:03:33 INFO  epoch 39 training [time: 190.56s, train loss: 4.5526]
Sun 11 May 2025 11:18:15 INFO  valid result: 
recall@10 : 0.022    recall@20 : 0.0314    ndcg@10 : 0.0123    ndcg@20 : 0.0146    hit@10 : 0.0224    hit@20 : 0.0322    precision@10 : 0.0023    precision@20 : 0.0016
Sun 11 May 2025 11:18:15 INFO  epoch 39 evaluating [time: 881.36s, valid_score: 0.012300]
Sun 11 May 2025 11:18:18 INFO  Saving current: saved\LightGCN-May-11-2025_08-07-00.pth
Sun 11 May 2025 11:21:29 INFO  epoch 40 training [time: 191.02s, train loss: 4.4639]
Sun 11 May 2025 11:24:39 INFO  epoch 41 training [time: 190.59s, train loss: 4.4678]
Sun 11 May 2025 11:27:50 INFO  epoch 42 training [time: 190.66s, train loss: 4.4901]
Sun 11 May 2025 11:31:01 INFO  epoch 43 training [time: 190.64s, train loss: 4.3885]
Sun 11 May 2025 11:34:11 INFO  epoch 44 training [time: 190.88s, train loss: 4.3558]
Sun 11 May 2025 11:37:22 INFO  epoch 45 training [time: 190.80s, train loss: 4.2739]
Sun 11 May 2025 11:40:33 INFO  epoch 46 training [time: 190.68s, train loss: 4.2053]
Sun 11 May 2025 11:43:44 INFO  epoch 47 training [time: 190.93s, train loss: 4.1134]
Sun 11 May 2025 11:46:55 INFO  epoch 48 training [time: 190.88s, train loss: 4.3414]
Sun 11 May 2025 11:50:06 INFO  epoch 49 training [time: 191.00s, train loss: 4.1822]
Sun 11 May 2025 12:07:00 INFO  valid result: 
recall@10 : 0.0218    recall@20 : 0.0318    ndcg@10 : 0.0121    ndcg@20 : 0.0146    hit@10 : 0.0223    hit@20 : 0.0326    precision@10 : 0.0022    precision@20 : 0.0016
Sun 11 May 2025 12:07:00 INFO  epoch 49 evaluating [time: 1014.33s, valid_score: 0.012100]
Sun 11 May 2025 12:10:11 INFO  epoch 50 training [time: 190.95s, train loss: 4.3378]
Sun 11 May 2025 12:13:22 INFO  epoch 51 training [time: 190.73s, train loss: 4.2797]
Sun 11 May 2025 12:16:33 INFO  epoch 52 training [time: 190.93s, train loss: 4.2337]
Sun 11 May 2025 12:19:43 INFO  epoch 53 training [time: 190.59s, train loss: 4.2656]
Sun 11 May 2025 12:22:54 INFO  epoch 54 training [time: 190.93s, train loss: 4.0503]
Sun 11 May 2025 12:26:05 INFO  epoch 55 training [time: 190.49s, train loss: 4.1688]
Sun 11 May 2025 12:29:15 INFO  epoch 56 training [time: 190.45s, train loss: 4.1008]
Sun 11 May 2025 12:32:26 INFO  epoch 57 training [time: 190.67s, train loss: 4.2032]
Sun 11 May 2025 12:35:37 INFO  epoch 58 training [time: 190.78s, train loss: 4.2305]
Sun 11 May 2025 12:38:47 INFO  epoch 59 training [time: 190.87s, train loss: 4.0538]
Sun 11 May 2025 12:55:12 INFO  valid result: 
recall@10 : 0.0225    recall@20 : 0.0329    ndcg@10 : 0.0125    ndcg@20 : 0.0151    hit@10 : 0.0231    hit@20 : 0.0337    precision@10 : 0.0023    precision@20 : 0.0017
Sun 11 May 2025 12:55:12 INFO  epoch 59 evaluating [time: 984.05s, valid_score: 0.012500]
Sun 11 May 2025 12:55:14 INFO  Saving current: saved\LightGCN-May-11-2025_08-07-00.pth
Sun 11 May 2025 12:58:26 INFO  epoch 60 training [time: 191.08s, train loss: 4.0520]
Sun 11 May 2025 13:01:36 INFO  epoch 61 training [time: 190.78s, train loss: 4.0930]
Sun 11 May 2025 13:04:47 INFO  epoch 62 training [time: 190.73s, train loss: 4.0511]
Sun 11 May 2025 13:07:58 INFO  epoch 63 training [time: 190.62s, train loss: 4.0594]
Sun 11 May 2025 13:11:08 INFO  epoch 64 training [time: 190.45s, train loss: 3.9649]
Sun 11 May 2025 13:14:19 INFO  epoch 65 training [time: 190.47s, train loss: 4.0712]
Sun 11 May 2025 13:17:29 INFO  epoch 66 training [time: 190.40s, train loss: 3.9933]
Sun 11 May 2025 13:20:39 INFO  epoch 67 training [time: 190.08s, train loss: 4.0660]
Sun 11 May 2025 13:23:50 INFO  epoch 68 training [time: 190.40s, train loss: 4.0188]
Sun 11 May 2025 13:27:00 INFO  epoch 69 training [time: 190.79s, train loss: 3.9123]
Sun 11 May 2025 13:43:48 INFO  valid result: 
recall@10 : 0.0235    recall@20 : 0.0341    ndcg@10 : 0.0131    ndcg@20 : 0.0158    hit@10 : 0.0241    hit@20 : 0.035    precision@10 : 0.0024    precision@20 : 0.0018
Sun 11 May 2025 13:43:48 INFO  epoch 69 evaluating [time: 1007.45s, valid_score: 0.013100]
Sun 11 May 2025 13:43:51 INFO  Saving current: saved\LightGCN-May-11-2025_08-07-00.pth
Sun 11 May 2025 13:47:01 INFO  epoch 70 training [time: 190.76s, train loss: 4.0313]
Sun 11 May 2025 13:50:12 INFO  epoch 71 training [time: 190.82s, train loss: 4.0025]
Sun 11 May 2025 13:53:23 INFO  epoch 72 training [time: 190.69s, train loss: 3.9314]
Sun 11 May 2025 13:56:34 INFO  epoch 73 training [time: 191.00s, train loss: 4.0866]
Sun 11 May 2025 13:59:45 INFO  epoch 74 training [time: 190.77s, train loss: 3.9679]
Sun 11 May 2025 14:02:55 INFO  epoch 75 training [time: 190.58s, train loss: 3.9226]
Sun 11 May 2025 14:06:06 INFO  epoch 76 training [time: 190.90s, train loss: 4.1562]
Sun 11 May 2025 14:09:17 INFO  epoch 77 training [time: 190.64s, train loss: 3.9422]
Sun 11 May 2025 14:12:27 INFO  epoch 78 training [time: 190.48s, train loss: 3.9205]
Sun 11 May 2025 14:15:38 INFO  epoch 79 training [time: 190.45s, train loss: 4.0615]
Sun 11 May 2025 14:32:01 INFO  valid result: 
recall@10 : 0.0245    recall@20 : 0.0347    ndcg@10 : 0.0135    ndcg@20 : 0.0161    hit@10 : 0.025    hit@20 : 0.0356    precision@10 : 0.0025    precision@20 : 0.0018
Sun 11 May 2025 14:32:01 INFO  epoch 79 evaluating [time: 983.46s, valid_score: 0.013500]
Sun 11 May 2025 14:32:04 INFO  Saving current: saved\LightGCN-May-11-2025_08-07-00.pth
Sun 11 May 2025 14:35:15 INFO  epoch 80 training [time: 191.03s, train loss: 3.9461]
Sun 11 May 2025 14:38:26 INFO  epoch 81 training [time: 190.68s, train loss: 4.0036]
Sun 11 May 2025 14:41:37 INFO  epoch 82 training [time: 190.54s, train loss: 4.0152]
Sun 11 May 2025 14:44:48 INFO  epoch 83 training [time: 191.13s, train loss: 3.8774]
Sun 11 May 2025 14:47:59 INFO  epoch 84 training [time: 191.46s, train loss: 3.8970]
Sun 11 May 2025 14:51:11 INFO  epoch 85 training [time: 191.37s, train loss: 4.0543]
Sun 11 May 2025 14:54:22 INFO  epoch 86 training [time: 191.42s, train loss: 3.9546]
Sun 11 May 2025 14:57:33 INFO  epoch 87 training [time: 191.49s, train loss: 3.8983]
Sun 11 May 2025 15:00:45 INFO  epoch 88 training [time: 191.56s, train loss: 3.9076]
Sun 11 May 2025 15:03:57 INFO  epoch 89 training [time: 191.55s, train loss: 4.0172]
Sun 11 May 2025 15:20:48 INFO  valid result: 
recall@10 : 0.0249    recall@20 : 0.0354    ndcg@10 : 0.0136    ndcg@20 : 0.0163    hit@10 : 0.0255    hit@20 : 0.0363    precision@10 : 0.0025    precision@20 : 0.0018
Sun 11 May 2025 15:20:48 INFO  epoch 89 evaluating [time: 1011.00s, valid_score: 0.013600]
Sun 11 May 2025 15:20:51 INFO  Saving current: saved\LightGCN-May-11-2025_08-07-00.pth
Sun 11 May 2025 15:23:54 INFO  epoch 90 training [time: 183.84s, train loss: 3.8616]
Sun 11 May 2025 15:26:58 INFO  epoch 91 training [time: 183.45s, train loss: 3.9283]
Sun 11 May 2025 15:30:01 INFO  epoch 92 training [time: 183.47s, train loss: 3.9950]
Sun 11 May 2025 15:33:05 INFO  epoch 93 training [time: 183.67s, train loss: 3.8435]
Sun 11 May 2025 15:36:09 INFO  epoch 94 training [time: 183.75s, train loss: 3.7514]
Sun 11 May 2025 15:39:12 INFO  epoch 95 training [time: 183.29s, train loss: 3.8669]
Sun 11 May 2025 15:42:15 INFO  epoch 96 training [time: 183.46s, train loss: 3.8350]
Sun 11 May 2025 15:45:19 INFO  epoch 97 training [time: 183.52s, train loss: 4.0970]
Sun 11 May 2025 15:48:22 INFO  epoch 98 training [time: 183.43s, train loss: 3.8458]
Sun 11 May 2025 15:51:26 INFO  epoch 99 training [time: 183.69s, train loss: 4.0020]
Sun 11 May 2025 16:08:09 INFO  valid result: 
recall@10 : 0.0249    recall@20 : 0.0357    ndcg@10 : 0.0139    ndcg@20 : 0.0166    hit@10 : 0.0255    hit@20 : 0.0366    precision@10 : 0.0026    precision@20 : 0.0018
Sun 11 May 2025 16:08:09 INFO  epoch 99 evaluating [time: 1002.99s, valid_score: 0.013900]
Sun 11 May 2025 16:08:12 INFO  Saving current: saved\LightGCN-May-11-2025_08-07-00.pth
Sun 11 May 2025 16:11:16 INFO  epoch 100 training [time: 183.70s, train loss: 3.9021]
Sun 11 May 2025 16:14:19 INFO  epoch 101 training [time: 183.31s, train loss: 3.8020]
Sun 11 May 2025 16:17:22 INFO  epoch 102 training [time: 183.05s, train loss: 3.9269]
Sun 11 May 2025 16:20:25 INFO  epoch 103 training [time: 182.69s, train loss: 3.8582]
Sun 11 May 2025 16:23:28 INFO  epoch 104 training [time: 183.19s, train loss: 3.8450]
Sun 11 May 2025 16:26:32 INFO  epoch 105 training [time: 183.47s, train loss: 3.9862]
Sun 11 May 2025 16:29:35 INFO  epoch 106 training [time: 183.47s, train loss: 3.7981]
Sun 11 May 2025 16:32:38 INFO  epoch 107 training [time: 183.16s, train loss: 3.8437]
Sun 11 May 2025 16:35:41 INFO  epoch 108 training [time: 183.17s, train loss: 3.9194]
Sun 11 May 2025 16:38:45 INFO  epoch 109 training [time: 183.45s, train loss: 3.9401]
Sun 11 May 2025 16:56:56 INFO  valid result: 
recall@10 : 0.0253    recall@20 : 0.0361    ndcg@10 : 0.0139    ndcg@20 : 0.0166    hit@10 : 0.0259    hit@20 : 0.037    precision@10 : 0.0026    precision@20 : 0.0019
Sun 11 May 2025 16:56:56 INFO  epoch 109 evaluating [time: 1091.03s, valid_score: 0.013900]
Sun 11 May 2025 16:56:59 INFO  Saving current: saved\LightGCN-May-11-2025_08-07-00.pth
Sun 11 May 2025 17:00:03 INFO  epoch 110 training [time: 183.74s, train loss: 3.7539]
Sun 11 May 2025 17:03:06 INFO  epoch 111 training [time: 183.48s, train loss: 3.9218]
Sun 11 May 2025 17:06:09 INFO  epoch 112 training [time: 183.15s, train loss: 3.8841]
Sun 11 May 2025 17:09:13 INFO  epoch 113 training [time: 183.40s, train loss: 3.7907]
Sun 11 May 2025 17:12:16 INFO  epoch 114 training [time: 183.43s, train loss: 3.8711]
Sun 11 May 2025 17:15:19 INFO  epoch 115 training [time: 183.01s, train loss: 3.8498]
Sun 11 May 2025 17:18:22 INFO  epoch 116 training [time: 182.85s, train loss: 3.8638]
Sun 11 May 2025 17:21:26 INFO  epoch 117 training [time: 183.64s, train loss: 3.9554]
Sun 11 May 2025 17:24:29 INFO  epoch 118 training [time: 183.55s, train loss: 3.8671]
Sun 11 May 2025 17:27:32 INFO  epoch 119 training [time: 183.20s, train loss: 3.9320]
Sun 11 May 2025 17:44:23 INFO  valid result: 
recall@10 : 0.0261    recall@20 : 0.0368    ndcg@10 : 0.0144    ndcg@20 : 0.0171    hit@10 : 0.0266    hit@20 : 0.0377    precision@10 : 0.0027    precision@20 : 0.0019
Sun 11 May 2025 17:44:23 INFO  epoch 119 evaluating [time: 1010.30s, valid_score: 0.014400]
Sun 11 May 2025 17:44:26 INFO  Saving current: saved\LightGCN-May-11-2025_08-07-00.pth
Sun 11 May 2025 17:47:30 INFO  epoch 120 training [time: 183.91s, train loss: 3.8518]
Sun 11 May 2025 17:50:33 INFO  epoch 121 training [time: 183.20s, train loss: 3.9965]
Sun 11 May 2025 17:53:36 INFO  epoch 122 training [time: 183.35s, train loss: 3.8062]
Sun 11 May 2025 17:56:39 INFO  epoch 123 training [time: 183.36s, train loss: 3.8299]
Sun 11 May 2025 17:59:43 INFO  epoch 124 training [time: 183.65s, train loss: 3.8814]
Sun 11 May 2025 18:02:47 INFO  epoch 125 training [time: 183.66s, train loss: 3.9806]
Sun 11 May 2025 18:05:50 INFO  epoch 126 training [time: 183.49s, train loss: 3.9633]
Sun 11 May 2025 18:08:54 INFO  epoch 127 training [time: 183.36s, train loss: 3.8293]
Sun 11 May 2025 18:11:57 INFO  epoch 128 training [time: 183.29s, train loss: 3.9169]
Sun 11 May 2025 18:15:00 INFO  epoch 129 training [time: 183.47s, train loss: 3.8115]
Sun 11 May 2025 18:32:51 INFO  valid result: 
recall@10 : 0.0264    recall@20 : 0.0372    ndcg@10 : 0.0146    ndcg@20 : 0.0173    hit@10 : 0.027    hit@20 : 0.0381    precision@10 : 0.0027    precision@20 : 0.0019
Sun 11 May 2025 18:32:51 INFO  epoch 129 evaluating [time: 1070.63s, valid_score: 0.014600]
Sun 11 May 2025 18:32:54 INFO  Saving current: saved\LightGCN-May-11-2025_08-07-00.pth
Sun 11 May 2025 18:35:57 INFO  epoch 130 training [time: 183.30s, train loss: 3.7706]
Sun 11 May 2025 18:39:00 INFO  epoch 131 training [time: 182.86s, train loss: 3.7586]
Sun 11 May 2025 18:42:03 INFO  epoch 132 training [time: 182.64s, train loss: 3.8845]
Sun 11 May 2025 18:45:06 INFO  epoch 133 training [time: 183.34s, train loss: 3.8085]
Sun 11 May 2025 18:48:10 INFO  epoch 134 training [time: 183.54s, train loss: 3.7868]
Sun 11 May 2025 18:51:13 INFO  epoch 135 training [time: 183.61s, train loss: 3.8273]
Sun 11 May 2025 18:54:17 INFO  epoch 136 training [time: 183.33s, train loss: 3.7672]
Sun 11 May 2025 18:57:20 INFO  epoch 137 training [time: 183.40s, train loss: 3.7443]
Sun 11 May 2025 19:00:24 INFO  epoch 138 training [time: 183.57s, train loss: 3.9192]
Sun 11 May 2025 19:03:27 INFO  epoch 139 training [time: 183.44s, train loss: 3.9533]
Sun 11 May 2025 19:21:37 INFO  valid result: 
recall@10 : 0.0267    recall@20 : 0.0382    ndcg@10 : 0.0147    ndcg@20 : 0.0176    hit@10 : 0.0272    hit@20 : 0.0391    precision@10 : 0.0027    precision@20 : 0.002
Sun 11 May 2025 19:21:37 INFO  epoch 139 evaluating [time: 1089.56s, valid_score: 0.014700]
Sun 11 May 2025 19:21:40 INFO  Saving current: saved\LightGCN-May-11-2025_08-07-00.pth
Sun 11 May 2025 19:24:43 INFO  epoch 140 training [time: 183.94s, train loss: 3.7531]
Sun 11 May 2025 19:27:47 INFO  epoch 141 training [time: 183.46s, train loss: 3.8861]
Sun 11 May 2025 19:30:51 INFO  epoch 142 training [time: 183.63s, train loss: 3.8057]
Sun 11 May 2025 19:33:54 INFO  epoch 143 training [time: 183.44s, train loss: 3.8146]
Sun 11 May 2025 19:36:57 INFO  epoch 144 training [time: 183.46s, train loss: 3.7737]
Sun 11 May 2025 19:40:01 INFO  epoch 145 training [time: 183.58s, train loss: 3.8933]
Sun 11 May 2025 19:43:04 INFO  epoch 146 training [time: 183.09s, train loss: 3.8312]
Sun 11 May 2025 19:46:08 INFO  epoch 147 training [time: 183.51s, train loss: 3.7375]
Sun 11 May 2025 19:49:11 INFO  epoch 148 training [time: 183.44s, train loss: 3.7963]
Sun 11 May 2025 19:52:14 INFO  epoch 149 training [time: 182.76s, train loss: 3.7916]
Sun 11 May 2025 20:09:34 INFO  valid result: 
recall@10 : 0.0269    recall@20 : 0.0384    ndcg@10 : 0.0149    ndcg@20 : 0.0178    hit@10 : 0.0274    hit@20 : 0.0393    precision@10 : 0.0027    precision@20 : 0.002
Sun 11 May 2025 20:09:34 INFO  epoch 149 evaluating [time: 1039.80s, valid_score: 0.014900]
Sun 11 May 2025 20:09:37 INFO  Saving current: saved\LightGCN-May-11-2025_08-07-00.pth
Sun 11 May 2025 20:12:40 INFO  epoch 150 training [time: 183.24s, train loss: 3.8527]
Sun 11 May 2025 20:15:43 INFO  epoch 151 training [time: 183.47s, train loss: 3.8541]
Sun 11 May 2025 20:18:46 INFO  epoch 152 training [time: 182.81s, train loss: 3.8609]
Sun 11 May 2025 20:21:50 INFO  epoch 153 training [time: 183.49s, train loss: 3.9546]
Sun 11 May 2025 20:24:53 INFO  epoch 154 training [time: 183.30s, train loss: 3.8110]
Sun 11 May 2025 20:27:56 INFO  epoch 155 training [time: 183.49s, train loss: 3.7933]
Sun 11 May 2025 20:31:00 INFO  epoch 156 training [time: 183.52s, train loss: 3.8508]
Sun 11 May 2025 20:34:03 INFO  epoch 157 training [time: 183.07s, train loss: 3.8741]
Sun 11 May 2025 20:37:06 INFO  epoch 158 training [time: 182.62s, train loss: 3.8420]
Sun 11 May 2025 20:40:09 INFO  epoch 159 training [time: 183.07s, train loss: 3.6732]
Sun 11 May 2025 20:57:19 INFO  valid result: 
recall@10 : 0.0275    recall@20 : 0.0386    ndcg@10 : 0.0151    ndcg@20 : 0.018    hit@10 : 0.028    hit@20 : 0.0396    precision@10 : 0.0028    precision@20 : 0.002
Sun 11 May 2025 20:57:19 INFO  epoch 159 evaluating [time: 1030.78s, valid_score: 0.015100]
Sun 11 May 2025 20:57:22 INFO  Saving current: saved\LightGCN-May-11-2025_08-07-00.pth
Sun 11 May 2025 21:00:26 INFO  epoch 160 training [time: 183.24s, train loss: 3.7906]
Sun 11 May 2025 21:03:28 INFO  epoch 161 training [time: 182.88s, train loss: 3.7698]
Sun 11 May 2025 21:06:33 INFO  epoch 162 training [time: 184.40s, train loss: 3.8077]
Sun 11 May 2025 21:09:36 INFO  epoch 163 training [time: 183.32s, train loss: 3.7556]
Sun 11 May 2025 21:12:39 INFO  epoch 164 training [time: 183.27s, train loss: 3.8179]
Sun 11 May 2025 21:15:43 INFO  epoch 165 training [time: 183.75s, train loss: 3.8206]
Sun 11 May 2025 21:18:47 INFO  epoch 166 training [time: 183.40s, train loss: 3.8411]
Sun 11 May 2025 21:21:50 INFO  epoch 167 training [time: 183.12s, train loss: 3.9011]
Sun 11 May 2025 21:24:53 INFO  epoch 168 training [time: 183.26s, train loss: 3.7942]
Sun 11 May 2025 21:27:56 INFO  epoch 169 training [time: 183.02s, train loss: 3.7845]
Sun 11 May 2025 21:45:51 INFO  valid result: 
recall@10 : 0.0277    recall@20 : 0.0394    ndcg@10 : 0.0153    ndcg@20 : 0.0183    hit@10 : 0.0283    hit@20 : 0.0404    precision@10 : 0.0028    precision@20 : 0.002
Sun 11 May 2025 21:45:51 INFO  epoch 169 evaluating [time: 1074.66s, valid_score: 0.015300]
Sun 11 May 2025 21:45:54 INFO  Saving current: saved\LightGCN-May-11-2025_08-07-00.pth
Sun 11 May 2025 21:48:57 INFO  epoch 170 training [time: 183.61s, train loss: 3.8464]
Sun 11 May 2025 21:52:01 INFO  epoch 171 training [time: 183.63s, train loss: 3.8319]
Sun 11 May 2025 21:55:05 INFO  epoch 172 training [time: 183.55s, train loss: 3.8402]
Sun 11 May 2025 21:58:08 INFO  epoch 173 training [time: 183.42s, train loss: 3.9198]
Sun 11 May 2025 22:01:11 INFO  epoch 174 training [time: 183.08s, train loss: 3.8114]
Sun 11 May 2025 22:04:14 INFO  epoch 175 training [time: 183.00s, train loss: 3.8829]
Sun 11 May 2025 22:07:17 INFO  epoch 176 training [time: 182.91s, train loss: 3.6353]
Sun 11 May 2025 22:10:20 INFO  epoch 177 training [time: 183.47s, train loss: 3.7451]
Sun 11 May 2025 22:13:24 INFO  epoch 178 training [time: 183.59s, train loss: 3.8211]
Sun 11 May 2025 22:16:27 INFO  epoch 179 training [time: 183.43s, train loss: 3.8123]
Sun 11 May 2025 22:33:36 INFO  valid result: 
recall@10 : 0.028    recall@20 : 0.0397    ndcg@10 : 0.0155    ndcg@20 : 0.0185    hit@10 : 0.0286    hit@20 : 0.0406    precision@10 : 0.0029    precision@20 : 0.002
Sun 11 May 2025 22:33:36 INFO  epoch 179 evaluating [time: 1028.95s, valid_score: 0.015500]
Sun 11 May 2025 22:33:39 INFO  Saving current: saved\LightGCN-May-11-2025_08-07-00.pth
Sun 11 May 2025 22:36:43 INFO  epoch 180 training [time: 183.76s, train loss: 3.8969]
Sun 11 May 2025 22:39:47 INFO  epoch 181 training [time: 183.45s, train loss: 3.8666]
Sun 11 May 2025 22:42:50 INFO  epoch 182 training [time: 183.64s, train loss: 3.7307]
Sun 11 May 2025 22:45:54 INFO  epoch 183 training [time: 183.57s, train loss: 3.8202]
Sun 11 May 2025 22:48:57 INFO  epoch 184 training [time: 183.38s, train loss: 3.7611]
Sun 11 May 2025 22:52:01 INFO  epoch 185 training [time: 183.50s, train loss: 3.7046]
Sun 11 May 2025 22:55:04 INFO  epoch 186 training [time: 183.25s, train loss: 3.8537]
Sun 11 May 2025 22:58:07 INFO  epoch 187 training [time: 183.22s, train loss: 3.7832]
Sun 11 May 2025 23:01:10 INFO  epoch 188 training [time: 183.20s, train loss: 3.8088]
Sun 11 May 2025 23:04:14 INFO  epoch 189 training [time: 183.71s, train loss: 3.7842]
Sun 11 May 2025 23:21:49 INFO  valid result: 
recall@10 : 0.0281    recall@20 : 0.0398    ndcg@10 : 0.0154    ndcg@20 : 0.0184    hit@10 : 0.0287    hit@20 : 0.0408    precision@10 : 0.0029    precision@20 : 0.002
Sun 11 May 2025 23:21:49 INFO  epoch 189 evaluating [time: 1055.08s, valid_score: 0.015400]
Sun 11 May 2025 23:24:52 INFO  epoch 190 training [time: 182.97s, train loss: 3.8294]
Sun 11 May 2025 23:27:55 INFO  epoch 191 training [time: 183.24s, train loss: 3.7596]
Sun 11 May 2025 23:30:59 INFO  epoch 192 training [time: 183.64s, train loss: 3.7973]
Sun 11 May 2025 23:34:02 INFO  epoch 193 training [time: 183.32s, train loss: 3.8160]
Sun 11 May 2025 23:37:05 INFO  epoch 194 training [time: 182.93s, train loss: 3.6909]
Sun 11 May 2025 23:40:09 INFO  epoch 195 training [time: 183.23s, train loss: 3.8313]
Sun 11 May 2025 23:43:12 INFO  epoch 196 training [time: 183.41s, train loss: 3.7905]
Sun 11 May 2025 23:46:15 INFO  epoch 197 training [time: 183.38s, train loss: 3.8104]
Sun 11 May 2025 23:49:19 INFO  epoch 198 training [time: 183.50s, train loss: 3.7048]
Sun 11 May 2025 23:52:22 INFO  epoch 199 training [time: 183.19s, train loss: 3.7848]
Mon 12 May 2025 00:10:21 INFO  valid result: 
recall@10 : 0.0278    recall@20 : 0.0397    ndcg@10 : 0.0152    ndcg@20 : 0.0183    hit@10 : 0.0284    hit@20 : 0.0407    precision@10 : 0.0028    precision@20 : 0.002
Mon 12 May 2025 00:10:21 INFO  epoch 199 evaluating [time: 1079.32s, valid_score: 0.015200]
Mon 12 May 2025 00:13:25 INFO  epoch 200 training [time: 183.70s, train loss: 3.9307]
Mon 12 May 2025 00:16:28 INFO  epoch 201 training [time: 182.85s, train loss: 3.6873]
Mon 12 May 2025 00:19:31 INFO  epoch 202 training [time: 183.38s, train loss: 3.9009]
Mon 12 May 2025 00:22:34 INFO  epoch 203 training [time: 182.92s, train loss: 3.8521]
Mon 12 May 2025 00:25:38 INFO  epoch 204 training [time: 183.35s, train loss: 3.7825]
Mon 12 May 2025 00:28:41 INFO  epoch 205 training [time: 183.16s, train loss: 3.7815]
Mon 12 May 2025 00:31:44 INFO  epoch 206 training [time: 183.53s, train loss: 3.7603]
Mon 12 May 2025 00:34:48 INFO  epoch 207 training [time: 183.44s, train loss: 3.7563]
Mon 12 May 2025 00:37:51 INFO  epoch 208 training [time: 183.32s, train loss: 3.7193]
Mon 12 May 2025 00:40:54 INFO  epoch 209 training [time: 183.23s, train loss: 3.7714]
Mon 12 May 2025 00:58:31 INFO  valid result: 
recall@10 : 0.0279    recall@20 : 0.0398    ndcg@10 : 0.0153    ndcg@20 : 0.0183    hit@10 : 0.0286    hit@20 : 0.0408    precision@10 : 0.0029    precision@20 : 0.0021
Mon 12 May 2025 00:58:31 INFO  epoch 209 evaluating [time: 1056.97s, valid_score: 0.015300]
Mon 12 May 2025 00:58:31 INFO  Finished training, best eval result in epoch 179
Mon 12 May 2025 00:58:32 INFO  Loading model structure and parameters from saved\LightGCN-May-11-2025_08-07-00.pth
Mon 12 May 2025 02:06:30 INFO  valid result: 
recall@10 : 0.0297    recall@20 : 0.0411    ndcg@10 : 0.0174    ndcg@20 : 0.0202    hit@10 : 0.03    hit@20 : 0.0416    precision@10 : 0.003    precision@20 : 0.0021
Mon 12 May 2025 02:06:30 INFO  best valid : OrderedDict([('recall@10', 0.028), ('recall@20', 0.0397), ('ndcg@10', 0.0155), ('ndcg@20', 0.0185), ('hit@10', 0.0286), ('hit@20', 0.0406), ('precision@10', 0.0029), ('precision@20', 0.002)])
Mon 12 May 2025 02:06:30 INFO  test result: OrderedDict([('recall@10', 0.0297), ('recall@20', 0.0411), ('ndcg@10', 0.0174), ('ndcg@20', 0.0202), ('hit@10', 0.03), ('hit@20', 0.0416), ('precision@10', 0.003), ('precision@20', 0.0021)])
