Tue 27 May 2025 01:53:20 INFO  
General Hyper Parameters:
gpu_id = 0
use_gpu = True
seed = 2020
state = INFO
reproducibility = True
data_path = dataset/ml-1m
checkpoint_dir = saved
show_progress = True
save_dataset = False
dataset_save_path = None
save_dataloaders = False
dataloaders_save_path = None
log_wandb = False

Training Hyper Parameters:
epochs = 500
train_batch_size = 500
learner = adam
learning_rate = 0.001
train_neg_sample_args = {'distribution': 'uniform', 'sample_num': 1, 'alpha': 1.0, 'dynamic': False, 'candidate_num': 0}
eval_step = 10
stopping_step = 2
clip_grad_norm = None
weight_decay = 0.0
loss_decimal_place = 4

Evaluation Hyper Parameters:
eval_args = {'split': {'RS': [0.8, 0.1, 0.1]}, 'order': 'RO', 'group_by': 'user', 'mode': {'valid': 'full', 'test': 'full'}}
repeatable = False
metrics = ['Recall', 'NDCG', 'Hit', 'Precision']
topk = [10, 20]
valid_metric = ndcg@10
valid_metric_bigger = True
eval_batch_size = 8196
metric_decimal_place = 4

Dataset Hyper Parameters:
field_separator = 	
seq_separator =  
USER_ID_FIELD = user_id
ITEM_ID_FIELD = item_id
RATING_FIELD = rating
TIME_FIELD = timestamp
seq_len = None
LABEL_FIELD = label
threshold = None
NEG_PREFIX = neg_
load_col = {'inter': ['user_id', 'item_id']}
unload_col = None
unused_col = None
additional_feat_suffix = None
rm_dup_inter = None
val_interval = None
filter_inter_by_user_or_item = True
user_inter_num_interval = [0,inf)
item_inter_num_interval = [0,inf)
alias_of_user_id = None
alias_of_item_id = None
alias_of_entity_id = None
alias_of_relation_id = None
preload_weight = None
normalize_field = None
normalize_all = None
ITEM_LIST_LENGTH_FIELD = item_length
LIST_SUFFIX = _list
MAX_ITEM_LIST_LENGTH = 50
POSITION_FIELD = position_id
HEAD_ENTITY_ID_FIELD = head_id
TAIL_ENTITY_ID_FIELD = tail_id
RELATION_ID_FIELD = relation_id
ENTITY_ID_FIELD = entity_id
benchmark_filename = None

Other Hyper Parameters: 
worker = 0
wandb_project = recbole
shuffle = True
require_pow = True
enable_amp = False
enable_scaler = False
transform = None
embedding_size = 64
n_layers = 2
reg_weight = 0.0001
numerical_features = []
discretization = None
kg_reverse_r = False
entity_kg_num_interval = [0,inf)
relation_kg_num_interval = [0,inf)
MODEL_TYPE = ModelType.GENERAL
MODEL_INPUT_TYPE = InputType.PAIRWISE
eval_type = EvaluatorType.RANKING
single_spec = True
local_rank = 0
device = cuda
valid_neg_sample_args = {'distribution': 'uniform', 'sample_num': 'none'}
test_neg_sample_args = {'distribution': 'uniform', 'sample_num': 'none'}


Tue 27 May 2025 01:53:22 INFO  ml-1m
The number of users: 6041
Average actions of users: 165.5975165562914
The number of items: 3707
Average actions of items: 269.88909875876953
The number of inters: 1000209
The sparsity of the dataset: 95.53358229599758%
Remain Fields: ['user_id', 'item_id']
Tue 27 May 2025 01:53:24 INFO  [Training]: train_batch_size = [500] train_neg_sample_args: [{'distribution': 'uniform', 'sample_num': 1, 'alpha': 1.0, 'dynamic': False, 'candidate_num': 0}]
Tue 27 May 2025 01:53:24 INFO  [Evaluation]: eval_batch_size = [8196] eval_args: [{'split': {'RS': [0.8, 0.1, 0.1]}, 'order': 'RO', 'group_by': 'user', 'mode': {'valid': 'full', 'test': 'full'}}]
Tue 27 May 2025 01:53:24 INFO  LightGCN(
  (user_embedding): Embedding(6041, 64)
  (item_embedding): Embedding(3707, 64)
  (gcn_conv): LightGCNConv(64)
  (mf_loss): BPRLoss()
  (reg_loss): EmbLoss()
)
Trainable parameters: 623872
Tue 27 May 2025 01:53:44 INFO  epoch 0 training [time: 20.62s, train loss: 625.7402]
Tue 27 May 2025 01:54:02 INFO  epoch 1 training [time: 18.01s, train loss: 558.9795]
Tue 27 May 2025 01:54:20 INFO  epoch 2 training [time: 17.97s, train loss: 535.0832]
Tue 27 May 2025 01:54:38 INFO  epoch 3 training [time: 17.97s, train loss: 484.0836]
Tue 27 May 2025 01:54:56 INFO  epoch 4 training [time: 17.96s, train loss: 450.8478]
Tue 27 May 2025 01:55:14 INFO  epoch 5 training [time: 17.98s, train loss: 429.3150]
Tue 27 May 2025 01:55:32 INFO  epoch 6 training [time: 17.98s, train loss: 411.4896]
Tue 27 May 2025 01:55:50 INFO  epoch 7 training [time: 18.00s, train loss: 395.5637]
Tue 27 May 2025 01:56:08 INFO  epoch 8 training [time: 17.99s, train loss: 383.0538]
Tue 27 May 2025 01:56:26 INFO  epoch 9 training [time: 17.98s, train loss: 371.5534]
Tue 27 May 2025 01:56:31 INFO  valid result: 
recall@10 : 0.1161    recall@20 : 0.1829    ndcg@10 : 0.175    ndcg@20 : 0.1841    hit@10 : 0.651    hit@20 : 0.7652    precision@10 : 0.1379    precision@20 : 0.1138
Tue 27 May 2025 01:56:31 INFO  epoch 9 evaluating [time: 5.28s, valid_score: 0.175000]
Tue 27 May 2025 01:56:32 INFO  Saving current: saved\LightGCN-May-27-2025_01-53-24.pth
Tue 27 May 2025 01:56:50 INFO  epoch 10 training [time: 18.31s, train loss: 362.8967]
Tue 27 May 2025 01:57:08 INFO  epoch 11 training [time: 18.00s, train loss: 355.9679]
Tue 27 May 2025 01:57:26 INFO  epoch 12 training [time: 18.02s, train loss: 348.4665]
Tue 27 May 2025 01:57:44 INFO  epoch 13 training [time: 18.05s, train loss: 343.2762]
Tue 27 May 2025 01:58:02 INFO  epoch 14 training [time: 18.02s, train loss: 339.0390]
Tue 27 May 2025 01:58:20 INFO  epoch 15 training [time: 18.02s, train loss: 332.5490]
Tue 27 May 2025 01:58:38 INFO  epoch 16 training [time: 18.04s, train loss: 328.5001]
Tue 27 May 2025 01:58:56 INFO  epoch 17 training [time: 18.04s, train loss: 325.5562]
Tue 27 May 2025 01:59:14 INFO  epoch 18 training [time: 18.03s, train loss: 322.6132]
Tue 27 May 2025 01:59:32 INFO  epoch 19 training [time: 17.99s, train loss: 317.4235]
Tue 27 May 2025 01:59:37 INFO  valid result: 
recall@10 : 0.1349    recall@20 : 0.2121    ndcg@10 : 0.1943    ndcg@20 : 0.2062    hit@10 : 0.7    hit@20 : 0.8073    precision@10 : 0.1543    precision@20 : 0.1264
Tue 27 May 2025 01:59:37 INFO  epoch 19 evaluating [time: 5.06s, valid_score: 0.194300]
Tue 27 May 2025 01:59:37 INFO  Saving current: saved\LightGCN-May-27-2025_01-53-24.pth
Tue 27 May 2025 01:59:55 INFO  epoch 20 training [time: 18.24s, train loss: 315.8749]
Tue 27 May 2025 02:00:13 INFO  epoch 21 training [time: 17.99s, train loss: 312.0565]
Tue 27 May 2025 02:00:31 INFO  epoch 22 training [time: 17.98s, train loss: 309.7867]
Tue 27 May 2025 02:00:49 INFO  epoch 23 training [time: 18.03s, train loss: 305.7659]
Tue 27 May 2025 02:01:07 INFO  epoch 24 training [time: 17.97s, train loss: 303.6701]
Tue 27 May 2025 02:01:25 INFO  epoch 25 training [time: 17.99s, train loss: 301.4722]
Tue 27 May 2025 02:01:43 INFO  epoch 26 training [time: 17.98s, train loss: 299.2266]
Tue 27 May 2025 02:02:01 INFO  epoch 27 training [time: 17.97s, train loss: 296.0064]
Tue 27 May 2025 02:02:19 INFO  epoch 28 training [time: 18.01s, train loss: 294.3686]
Tue 27 May 2025 02:02:37 INFO  epoch 29 training [time: 18.01s, train loss: 292.7871]
Tue 27 May 2025 02:02:42 INFO  valid result: 
recall@10 : 0.1416    recall@20 : 0.2242    ndcg@10 : 0.2011    ndcg@20 : 0.2154    hit@10 : 0.7141    hit@20 : 0.8227    precision@10 : 0.1583    precision@20 : 0.1316
Tue 27 May 2025 02:02:42 INFO  epoch 29 evaluating [time: 5.14s, valid_score: 0.201100]
Tue 27 May 2025 02:02:42 INFO  Saving current: saved\LightGCN-May-27-2025_01-53-24.pth
Tue 27 May 2025 02:03:01 INFO  epoch 30 training [time: 18.24s, train loss: 290.4509]
Tue 27 May 2025 02:03:19 INFO  epoch 31 training [time: 17.99s, train loss: 287.9833]
Tue 27 May 2025 02:03:37 INFO  epoch 32 training [time: 18.01s, train loss: 285.1707]
Tue 27 May 2025 02:03:55 INFO  epoch 33 training [time: 17.99s, train loss: 284.0117]
Tue 27 May 2025 02:04:13 INFO  epoch 34 training [time: 17.99s, train loss: 279.9336]
Tue 27 May 2025 02:04:31 INFO  epoch 35 training [time: 18.03s, train loss: 277.5790]
Tue 27 May 2025 02:04:49 INFO  epoch 36 training [time: 17.98s, train loss: 276.4971]
Tue 27 May 2025 02:05:07 INFO  epoch 37 training [time: 18.01s, train loss: 274.5755]
Tue 27 May 2025 02:05:25 INFO  epoch 38 training [time: 17.98s, train loss: 273.1361]
Tue 27 May 2025 02:05:43 INFO  epoch 39 training [time: 17.97s, train loss: 270.1011]
Tue 27 May 2025 02:05:47 INFO  valid result: 
recall@10 : 0.1475    recall@20 : 0.2317    ndcg@10 : 0.2065    ndcg@20 : 0.2219    hit@10 : 0.7298    hit@20 : 0.8336    precision@10 : 0.1613    precision@20 : 0.1342
Tue 27 May 2025 02:05:47 INFO  epoch 39 evaluating [time: 4.61s, valid_score: 0.206500]
Tue 27 May 2025 02:05:47 INFO  Saving current: saved\LightGCN-May-27-2025_01-53-24.pth
Tue 27 May 2025 02:06:05 INFO  epoch 40 training [time: 18.16s, train loss: 269.2878]
Tue 27 May 2025 02:06:23 INFO  epoch 41 training [time: 18.03s, train loss: 266.5644]
Tue 27 May 2025 02:06:41 INFO  epoch 42 training [time: 18.01s, train loss: 264.6375]
Tue 27 May 2025 02:06:59 INFO  epoch 43 training [time: 17.99s, train loss: 263.8617]
Tue 27 May 2025 02:07:17 INFO  epoch 44 training [time: 18.01s, train loss: 261.1882]
Tue 27 May 2025 02:07:35 INFO  epoch 45 training [time: 17.99s, train loss: 258.0095]
Tue 27 May 2025 02:07:53 INFO  epoch 46 training [time: 17.97s, train loss: 257.3634]
Tue 27 May 2025 02:08:11 INFO  epoch 47 training [time: 18.02s, train loss: 254.0465]
Tue 27 May 2025 02:08:30 INFO  epoch 48 training [time: 18.03s, train loss: 252.4821]
Tue 27 May 2025 02:08:48 INFO  epoch 49 training [time: 18.00s, train loss: 251.1737]
Tue 27 May 2025 02:08:52 INFO  valid result: 
recall@10 : 0.1514    recall@20 : 0.24    ndcg@10 : 0.2095    ndcg@20 : 0.2268    hit@10 : 0.7369    hit@20 : 0.845    precision@10 : 0.1634    precision@20 : 0.137
Tue 27 May 2025 02:08:52 INFO  epoch 49 evaluating [time: 4.92s, valid_score: 0.209500]
Tue 27 May 2025 02:08:52 INFO  Saving current: saved\LightGCN-May-27-2025_01-53-24.pth
Tue 27 May 2025 02:09:11 INFO  epoch 50 training [time: 18.34s, train loss: 247.1980]
Tue 27 May 2025 02:09:29 INFO  epoch 51 training [time: 18.01s, train loss: 246.5976]
Tue 27 May 2025 02:09:47 INFO  epoch 52 training [time: 18.01s, train loss: 244.6297]
Tue 27 May 2025 02:10:05 INFO  epoch 53 training [time: 18.00s, train loss: 242.8228]
Tue 27 May 2025 02:10:23 INFO  epoch 54 training [time: 18.03s, train loss: 240.2109]
Tue 27 May 2025 02:10:41 INFO  epoch 55 training [time: 17.99s, train loss: 238.4128]
Tue 27 May 2025 02:10:59 INFO  epoch 56 training [time: 17.97s, train loss: 237.0280]
Tue 27 May 2025 02:11:17 INFO  epoch 57 training [time: 18.00s, train loss: 234.1392]
Tue 27 May 2025 02:11:35 INFO  epoch 58 training [time: 18.00s, train loss: 234.3999]
Tue 27 May 2025 02:11:53 INFO  epoch 59 training [time: 18.03s, train loss: 232.2637]
Tue 27 May 2025 02:11:58 INFO  valid result: 
recall@10 : 0.156    recall@20 : 0.2459    ndcg@10 : 0.2144    ndcg@20 : 0.2317    hit@10 : 0.7457    hit@20 : 0.8548    precision@10 : 0.167    precision@20 : 0.1391
Tue 27 May 2025 02:11:58 INFO  epoch 59 evaluating [time: 4.77s, valid_score: 0.214400]
Tue 27 May 2025 02:11:58 INFO  Saving current: saved\LightGCN-May-27-2025_01-53-24.pth
Tue 27 May 2025 02:12:16 INFO  epoch 60 training [time: 18.33s, train loss: 229.5034]
Tue 27 May 2025 02:12:34 INFO  epoch 61 training [time: 18.00s, train loss: 228.6970]
Tue 27 May 2025 02:12:52 INFO  epoch 62 training [time: 17.97s, train loss: 226.1653]
Tue 27 May 2025 02:13:10 INFO  epoch 63 training [time: 18.03s, train loss: 224.5782]
Tue 27 May 2025 02:13:28 INFO  epoch 64 training [time: 18.00s, train loss: 223.5175]
Tue 27 May 2025 02:13:46 INFO  epoch 65 training [time: 18.00s, train loss: 221.8599]
Tue 27 May 2025 02:14:04 INFO  epoch 66 training [time: 17.99s, train loss: 220.5726]
Tue 27 May 2025 02:14:22 INFO  epoch 67 training [time: 18.04s, train loss: 218.1859]
Tue 27 May 2025 02:14:40 INFO  epoch 68 training [time: 18.00s, train loss: 216.8370]
Tue 27 May 2025 02:14:58 INFO  epoch 69 training [time: 18.02s, train loss: 215.9115]
Tue 27 May 2025 02:15:03 INFO  valid result: 
recall@10 : 0.1577    recall@20 : 0.2479    ndcg@10 : 0.2152    ndcg@20 : 0.2324    hit@10 : 0.7467    hit@20 : 0.8561    precision@10 : 0.1682    precision@20 : 0.1396
Tue 27 May 2025 02:15:03 INFO  epoch 69 evaluating [time: 5.06s, valid_score: 0.215200]
Tue 27 May 2025 02:15:03 INFO  Saving current: saved\LightGCN-May-27-2025_01-53-24.pth
Tue 27 May 2025 02:15:21 INFO  epoch 70 training [time: 18.23s, train loss: 214.6698]
Tue 27 May 2025 02:15:39 INFO  epoch 71 training [time: 18.00s, train loss: 212.3092]
Tue 27 May 2025 02:15:57 INFO  epoch 72 training [time: 18.00s, train loss: 211.2769]
Tue 27 May 2025 02:16:15 INFO  epoch 73 training [time: 17.99s, train loss: 210.8480]
Tue 27 May 2025 02:16:33 INFO  epoch 74 training [time: 17.99s, train loss: 207.7503]
Tue 27 May 2025 02:16:51 INFO  epoch 75 training [time: 17.99s, train loss: 208.3415]
Tue 27 May 2025 02:17:09 INFO  epoch 76 training [time: 18.05s, train loss: 207.5414]
Tue 27 May 2025 02:17:27 INFO  epoch 77 training [time: 18.00s, train loss: 206.2770]
Tue 27 May 2025 02:17:45 INFO  epoch 78 training [time: 17.99s, train loss: 205.1207]
Tue 27 May 2025 02:18:03 INFO  epoch 79 training [time: 18.01s, train loss: 203.0944]
Tue 27 May 2025 02:18:08 INFO  valid result: 
recall@10 : 0.1578    recall@20 : 0.2489    ndcg@10 : 0.2142    ndcg@20 : 0.2319    hit@10 : 0.7502    hit@20 : 0.8555    precision@10 : 0.168    precision@20 : 0.1392
Tue 27 May 2025 02:18:08 INFO  epoch 79 evaluating [time: 4.95s, valid_score: 0.214200]
Tue 27 May 2025 02:18:27 INFO  epoch 80 training [time: 18.32s, train loss: 201.6996]
Tue 27 May 2025 02:18:45 INFO  epoch 81 training [time: 18.00s, train loss: 201.2545]
Tue 27 May 2025 02:19:03 INFO  epoch 82 training [time: 17.98s, train loss: 200.0474]
Tue 27 May 2025 02:19:21 INFO  epoch 83 training [time: 17.98s, train loss: 198.6191]
Tue 27 May 2025 02:19:39 INFO  epoch 84 training [time: 18.00s, train loss: 197.1406]
Tue 27 May 2025 02:19:57 INFO  epoch 85 training [time: 18.01s, train loss: 196.4028]
Tue 27 May 2025 02:20:15 INFO  epoch 86 training [time: 18.01s, train loss: 196.9504]
Tue 27 May 2025 02:20:33 INFO  epoch 87 training [time: 18.00s, train loss: 194.0713]
Tue 27 May 2025 02:20:51 INFO  epoch 88 training [time: 18.04s, train loss: 193.7625]
Tue 27 May 2025 02:21:09 INFO  epoch 89 training [time: 18.02s, train loss: 192.6403]
Tue 27 May 2025 02:21:13 INFO  valid result: 
recall@10 : 0.1585    recall@20 : 0.2489    ndcg@10 : 0.2152    ndcg@20 : 0.2331    hit@10 : 0.749    hit@20 : 0.8578    precision@10 : 0.1668    precision@20 : 0.1389
Tue 27 May 2025 02:21:13 INFO  epoch 89 evaluating [time: 4.81s, valid_score: 0.215200]
Tue 27 May 2025 02:21:13 INFO  Saving current: saved\LightGCN-May-27-2025_01-53-24.pth
Tue 27 May 2025 02:21:32 INFO  epoch 90 training [time: 18.14s, train loss: 191.2175]
Tue 27 May 2025 02:21:50 INFO  epoch 91 training [time: 18.01s, train loss: 192.1926]
Tue 27 May 2025 02:22:08 INFO  epoch 92 training [time: 18.00s, train loss: 190.1853]
Tue 27 May 2025 02:22:25 INFO  epoch 93 training [time: 17.33s, train loss: 190.1501]
Tue 27 May 2025 02:22:42 INFO  epoch 94 training [time: 17.08s, train loss: 188.3422]
Tue 27 May 2025 02:22:59 INFO  epoch 95 training [time: 17.18s, train loss: 187.8797]
Tue 27 May 2025 02:23:16 INFO  epoch 96 training [time: 17.22s, train loss: 186.9618]
Tue 27 May 2025 02:23:34 INFO  epoch 97 training [time: 17.23s, train loss: 186.2450]
Tue 27 May 2025 02:23:51 INFO  epoch 98 training [time: 17.22s, train loss: 185.3280]
Tue 27 May 2025 02:24:08 INFO  epoch 99 training [time: 17.17s, train loss: 184.6579]
Tue 27 May 2025 02:24:13 INFO  valid result: 
recall@10 : 0.1589    recall@20 : 0.2475    ndcg@10 : 0.2131    ndcg@20 : 0.2307    hit@10 : 0.7477    hit@20 : 0.854    precision@10 : 0.1657    precision@20 : 0.1376
Tue 27 May 2025 02:24:13 INFO  epoch 99 evaluating [time: 4.66s, valid_score: 0.213100]
Tue 27 May 2025 02:24:30 INFO  epoch 100 training [time: 17.34s, train loss: 183.4852]
Tue 27 May 2025 02:24:47 INFO  epoch 101 training [time: 17.17s, train loss: 184.9427]
Tue 27 May 2025 02:25:04 INFO  epoch 102 training [time: 17.13s, train loss: 184.2111]
Tue 27 May 2025 02:25:22 INFO  epoch 103 training [time: 17.17s, train loss: 181.9437]
Tue 27 May 2025 02:25:39 INFO  epoch 104 training [time: 17.17s, train loss: 181.5937]
Tue 27 May 2025 02:25:56 INFO  epoch 105 training [time: 17.25s, train loss: 181.0303]
Tue 27 May 2025 02:26:13 INFO  epoch 106 training [time: 17.22s, train loss: 180.6558]
Tue 27 May 2025 02:26:30 INFO  epoch 107 training [time: 17.19s, train loss: 180.9753]
Tue 27 May 2025 02:26:48 INFO  epoch 108 training [time: 17.18s, train loss: 180.9931]
Tue 27 May 2025 02:27:05 INFO  epoch 109 training [time: 17.28s, train loss: 179.3849]
Tue 27 May 2025 02:27:09 INFO  valid result: 
recall@10 : 0.1568    recall@20 : 0.2466    ndcg@10 : 0.2112    ndcg@20 : 0.2294    hit@10 : 0.744    hit@20 : 0.8531    precision@10 : 0.1646    precision@20 : 0.1375
Tue 27 May 2025 02:27:09 INFO  epoch 109 evaluating [time: 4.57s, valid_score: 0.211200]
Tue 27 May 2025 02:27:27 INFO  epoch 110 training [time: 17.30s, train loss: 178.9492]
Tue 27 May 2025 02:27:44 INFO  epoch 111 training [time: 17.19s, train loss: 178.9213]
Tue 27 May 2025 02:28:01 INFO  epoch 112 training [time: 17.18s, train loss: 179.1146]
Tue 27 May 2025 02:28:18 INFO  epoch 113 training [time: 17.15s, train loss: 177.8498]
Tue 27 May 2025 02:28:35 INFO  epoch 114 training [time: 17.08s, train loss: 177.7528]
Tue 27 May 2025 02:28:53 INFO  epoch 115 training [time: 17.17s, train loss: 176.5031]
Tue 27 May 2025 02:29:10 INFO  epoch 116 training [time: 17.22s, train loss: 175.4618]
Tue 27 May 2025 02:29:27 INFO  epoch 117 training [time: 17.27s, train loss: 174.8247]
Tue 27 May 2025 02:29:44 INFO  epoch 118 training [time: 17.27s, train loss: 176.3235]
Tue 27 May 2025 02:30:01 INFO  epoch 119 training [time: 17.13s, train loss: 175.2801]
Tue 27 May 2025 02:30:06 INFO  valid result: 
recall@10 : 0.1556    recall@20 : 0.2472    ndcg@10 : 0.2084    ndcg@20 : 0.2276    hit@10 : 0.7422    hit@20 : 0.8575    precision@10 : 0.1624    precision@20 : 0.1362
Tue 27 May 2025 02:30:06 INFO  epoch 119 evaluating [time: 4.63s, valid_score: 0.208400]
Tue 27 May 2025 02:30:06 INFO  Finished training, best eval result in epoch 89
Tue 27 May 2025 02:30:06 INFO  Loading model structure and parameters from saved\LightGCN-May-27-2025_01-53-24.pth
Tue 27 May 2025 02:30:12 INFO  valid result: 
recall@10 : 0.1768    recall@20 : 0.2709    ndcg@10 : 0.2658    ndcg@20 : 0.2749    hit@10 : 0.7714    hit@20 : 0.8659    precision@10 : 0.2061    precision@20 : 0.1658
Tue 27 May 2025 02:30:12 INFO  best valid : OrderedDict([('recall@10', 0.1585), ('recall@20', 0.2489), ('ndcg@10', 0.2152), ('ndcg@20', 0.2331), ('hit@10', 0.749), ('hit@20', 0.8578), ('precision@10', 0.1668), ('precision@20', 0.1389)])
Tue 27 May 2025 02:30:12 INFO  test result: OrderedDict([('recall@10', 0.1768), ('recall@20', 0.2709), ('ndcg@10', 0.2658), ('ndcg@20', 0.2749), ('hit@10', 0.7714), ('hit@20', 0.8659), ('precision@10', 0.2061), ('precision@20', 0.1658)])
